2025-11-03 17:45:17 | Basic information: device cpu, learning rate 0.001, num clients 5, epochs 100,noniid_method dirichlet,            isEnc True,isBatch True,sparsification topk, client selection False,topk 0.2, enc_batch_size 512
2025-11-03 17:45:18 | training weights: [0.2, 0.2, 0.2, 0.2, 0.2]
2025-11-03 17:45:18 | testing weights:[0.2, 0.2, 0.2, 0.2, 0.2]
2025-11-03 17:45:18 | client0, train samples 12000,test samples 2000
2025-11-03 17:45:18 | client1, train samples 12000,test samples 2000
2025-11-03 17:45:18 | client2, train samples 12000,test samples 2000
2025-11-03 17:45:18 | client3, train samples 12000,test samples 2000
2025-11-03 17:45:18 | client4, train samples 12000,test samples 2000
2025-11-03 17:45:18 | data split finished!
2025-11-03 17:45:18 | Batch num:87
2025-11-03 17:45:26 | id:0,train time:1.809168815612793
2025-11-03 17:45:26 | id:0,enc time:0.2850308418273926
2025-11-03 17:45:26 | client 0, mask ones: 18, len: 87
2025-11-03 17:45:29 | id:1,train time:1.771557331085205
2025-11-03 17:45:29 | id:1,enc time:0.27702760696411133
2025-11-03 17:45:29 | client 1, mask ones: 18, len: 87
2025-11-03 17:45:32 | id:2,train time:1.6426916122436523
2025-11-03 17:45:32 | id:2,enc time:0.2800261974334717
2025-11-03 17:45:32 | client 2, mask ones: 18, len: 87
2025-11-03 17:45:35 | id:3,train time:1.8376190662384033
2025-11-03 17:45:35 | id:3,enc time:0.28002071380615234
2025-11-03 17:45:35 | client 3, mask ones: 18, len: 87
2025-11-03 17:45:38 | id:4,train time:1.8166470527648926
2025-11-03 17:45:38 | id:4,enc time:0.28151702880859375
2025-11-03 17:45:38 | client 4, mask ones: 18, len: 87
2025-11-03 17:45:41 | enc=True, isSpars=topk, cipher_count=True
2025-11-03 17:45:41 | server receive: ciphertext size:30083280 bytes
2025-11-03 17:45:41 | server agg: epoch 0.
2025-11-03 17:45:41 | id:3,dec time:0.2020094394683838

2025-11-03 17:45:41 | id:0,dec time:0.19850993156433105
2025-11-03 17:45:41 | id:4,dec time:0.19651174545288086
2025-11-03 17:45:42 | [E0] acc=95.1500% loss=0.1300 time=21.3800s up=28.6897MB down=0.0000MB cum=28.6897MB (best@1:95.1500%)
2025-11-03 17:45:44 | id:1,train time:2.907318830490112322025-11-03 17:45:44 | id:2,train time:2.892820119857788
2025-11-03 17:45:44 | id:4,train time:2.960319757461548
2025-11-03 17:45:44 | id:0,enc time:0.28351879119873047
2025-11-03 17:45:44 | id:2,enc time:0.29201650619506836
2025-11-03 17:45:44 | client 0, mask ones: 18, len: 87
2025-11-03 17:45:44 | id:1,enc time:0.28801822662353516
2025-11-03 17:45:44 | client 3, mask ones: 18, len: 87
2025-11-03 17:45:44 | client 2, mask ones: 18, len: 87
2025-11-03 17:45:44 | client 1, mask ones: 18, len: 87
2025-11-03 17:45:45 | id:4,enc time:0.2805154323577881
2025-11-03 17:45:45 | client 4, mask ones: 18, len: 87
2025-11-03 17:45:46 | enc=True, isSpars=topk, cipher_count=True
2025-11-03 17:45:46 | server receive: ciphertext size:30086077 bytes
2025-11-03 17:45:46 | server agg: epoch 1.
2025-11-03 17:45:47 | id:0,dec time:0.20006561279296875
2025-11-03 17:45:47 | id:3,dec time:0.19356560707092285
2025-11-03 17:45:48 | [E1] acc=97.1100% loss=0.0700 time=5.4700s up=28.6923MB down=0.0000MB cum=57.3820MB (best@2:97.1100%)
2025-11-03 17:45:49 | id:2,train time:2.6842856407165527
2025-11-03 17:45:49 | id:0,train time:2.667299509048462025-11-03 17:45:49 | id:4,train time:2.69229793548584
2025-11-03 17:45:50 | id:1,enc time:0.2815260887145996
2025-11-03 17:45:50 | id:3,enc time:0.27402544021606445
2025-11-03 17:45:50 | id:4,enc time:0.2895328998565674
2025-11-03 17:45:50 | id:0,enc time:0.293032169342041
2025-11-03 17:45:50 | client 1, mask ones: 18, len: 87
2025-11-03 17:45:50 | client 3, mask ones: 18, len: 87
2025-11-03 17:45:50 | client 4, mask ones: 18, len: 87
2025-11-03 17:45:50 | client 0, mask ones: 18, len: 87
2025-11-03 17:45:52 | enc=True, isSpars=topk, cipher_count=True
2025-11-03 17:45:52 | server receive: ciphertext size:30086024 bytes
2025-11-03 17:45:52 | server agg: epoch 2.
2025-11-03 17:45:52 | id:0,dec time:0.20001864433288574
2025-11-03 17:45:52 | id:1,dec time:0.19751477241516113
2025-11-03 17:45:52 | id:4,dec time:0.19351625442504883
2025-11-03 17:45:53 | [E2] acc=97.8800% loss=0.0400 time=5.2100s up=28.6923MB down=0.0000MB cum=86.0742MB (best@3:97.8800%)
2025-11-03 17:45:55 | id:1,train time:2.866816759109497

2025-11-03 17:45:55 | id:2,train time:2.8548171520233154
2025-11-03 17:45:55 | id:3,train time:2.8583173751831055
2025-11-03 17:45:55 | id:4,train time:2.87731671333313
2025-11-03 17:45:55 | id:0,enc time:0.27301907539367676
2025-11-03 17:45:55 | client 0, mask ones: 18, len: 87
2025-11-03 17:45:55 | client 2, mask ones: 18, len: 87
2025-11-03 17:45:55 | id:4,enc time:0.28151845932006836
2025-11-03 17:45:55 | id:1,enc time:0.2960236072540283
2025-11-03 17:45:55 | client 3, mask ones: 18, len: 87
2025-11-03 17:45:55 | client 1, mask ones: 18, len: 87
2025-11-03 17:45:55 | client 4, mask ones: 18, len: 87
2025-11-03 17:45:57 | enc=True, isSpars=topk, cipher_count=True
2025-11-03 17:45:57 | server receive: ciphertext size:30085132 bytes
2025-11-03 17:45:57 | server agg: epoch 3.
2025-11-03 17:45:57 | id:3,dec time:0.19601106643676758
2025-11-03 17:45:57 | id:0,dec time:0.19601106643676758
2025-11-03 17:45:57 | id:2,dec time:0.19501185417175293
2025-11-03 17:45:57 | id:1,dec time:0.20451116561889648
2025-11-03 17:45:58 | [E3] acc=98.0800% loss=0.0300 time=5.4000s up=28.6914MB down=0.0000MB cum=114.7657MB (best@4:98.0800%)
2025-11-03 17:46:00 | id:2,train time:2.7599470615386963
2025-11-03 17:46:00 | id:1,train time:2.7089450359344482
2025-11-03 17:46:00 | id:0,train time:2.775947093963623

2025-11-03 17:46:00 | id:4,train time:2.706941604614258
2025-11-03 17:46:00 | id:1,enc time:0.2910606861114502
2025-11-03 17:46:00 | client 1, mask ones: 18, len: 87
2025-11-03 17:46:00 | id:2,enc time:0.3055601119995117
2025-11-03 17:46:00 | client 3, mask ones: 18, len: 87
2025-11-03 17:46:00 | id:0,enc time:0.3020641803741455
2025-11-03 17:46:00 | id:4,enc time:0.2865638732910156
2025-11-03 17:46:00 | client 2, mask ones: 18, len: 87
2025-11-03 17:46:00 | client 0, mask ones: 18, len: 87
2025-11-03 17:46:00 | client 4, mask ones: 18, len: 87
2025-11-03 17:46:02 | enc=True, isSpars=topk, cipher_count=True
2025-11-03 17:46:02 | server receive: ciphertext size:30086823 bytes
2025-11-03 17:46:02 | server agg: epoch 4.
2025-11-03 17:46:03 | id:0,dec time:0.1985185146331787

2025-11-03 17:46:03 | id:4,dec time:0.1990187168121338
2025-11-03 17:46:03 | id:3,dec time:0.19550657272338867
2025-11-03 17:46:04 | [E4] acc=97.7600% loss=0.0400 time=5.2400s up=28.6930MB down=0.0000MB cum=143.4587MB (best@4:98.0800%)
2025-11-03 17:46:06 | id:1,train time:3.349330425262451
2025-11-03 17:46:06 | id:2,train time:3.3628323078155518
2025-11-03 17:46:06 | id:4,train time:3.3803319931030273
2025-11-03 17:46:06 | id:0,train time:3.387329339981079
2025-11-03 17:46:06 | id:3,enc time:0.282029390335083
2025-11-03 17:46:06 | id:1,enc time:0.2915318012237549
2025-11-03 17:46:06 | id:2,enc time:0.28253173828125
2025-11-03 17:46:06 | client 1, mask ones: 18, len: 87
2025-11-03 17:46:06 | id:0,enc time:0.27503466606140137
2025-11-03 17:46:06 | client 2, mask ones: 18, len: 87
2025-11-03 17:46:06 | client 4, mask ones: 18, len: 87
2025-11-03 17:46:06 | client 0, mask ones: 18, len: 87
2025-11-03 17:46:08 | enc=True, isSpars=topk, cipher_count=True
2025-11-03 17:46:08 | server receive: ciphertext size:30087589 bytes
2025-11-03 17:46:08 | server agg: epoch 5.
2025-11-03 17:46:08 | id:2,dec time:0.19859004020690918
2025-11-03 17:46:08 | id:3,dec time:0.19909000396728516
2025-11-03 17:46:08 | id:4,dec time:0.19559049606323242
2025-11-03 17:46:10 | [E5] acc=98.2000% loss=0.0300 time=5.8800s up=28.6938MB down=0.0000MB cum=172.1524MB (best@6:98.2000%)
2025-11-03 17:46:12 | id:1,train time:2.896305561065674

2025-11-03 17:46:12 | id:2,train time:2.8938076496124268
2025-11-03 17:46:12 | id:1,enc time:0.28304076194763184
2025-11-03 17:46:12 | id:2,enc time:0.2840409278869629
2025-11-03 17:46:12 | id:0,enc time:0.29553651809692383
2025-11-03 17:46:12 | id:4,enc time:0.29553651809692383
2025-11-03 17:46:12 | client 2, mask ones: 18, len: 87
2025-11-03 17:46:12 | client 3, mask ones: 18, len: 87
2025-11-03 17:46:12 | client 0, mask ones: 18, len: 87
2025-11-03 17:46:12 | client 4, mask ones: 18, len: 87
2025-11-03 17:46:14 | enc=True, isSpars=topk, cipher_count=True
2025-11-03 17:46:14 | server receive: ciphertext size:30086331 bytes
2025-11-03 17:46:14 | server agg: epoch 6.
2025-11-03 17:46:14 | id:2,dec time:0.19652080535888672
2025-11-03 17:46:14 | id:1,dec time:0.19202423095703125
2025-11-03 17:46:14 | id:0,dec time:0.19952058792114258
2025-11-03 17:46:14 | id:4,dec time:0.1990196704864502

2025-11-03 17:46:15 | [E6] acc=98.1200% loss=0.0300 time=5.5000s up=28.6926MB down=0.0000MB cum=200.8450MB (best@6:98.2000%)
2025-11-03 17:46:17 | id:1,train time:3.178361177444458
2025-11-03 17:46:17 | id:3,train time:3.099844455718994
2025-11-03 17:46:17 | id:2,train time:3.192857265472412

2025-11-03 17:46:17 | id:4,train time:3.145353078842163
2025-11-03 17:46:18 | id:3,enc time:0.27402496337890625
2025-11-03 17:46:18 | client 3, mask ones: 18, len: 87
2025-11-03 17:46:18 | id:1,enc time:0.2910599708557129

2025-11-03 17:46:18 | id:4,enc time:0.281557559967041
2025-11-03 17:46:18 | client 1, mask ones: 18, len: 87
2025-11-03 17:46:18 | id:2,enc time:0.29355573654174805
2025-11-03 17:46:18 | client 4, mask ones: 18, len: 87
2025-11-03 17:46:18 | client 2, mask ones: 18, len: 87
2025-11-03 17:46:19 | enc=True, isSpars=topk, cipher_count=True
2025-11-03 17:46:19 | server receive: ciphertext size:30083262 bytes
2025-11-03 17:46:19 | server agg: epoch 7.
2025-11-03 17:46:20 | id:3,dec time:0.19901323318481445
2025-11-03 17:46:20 | id:2,dec time:0.19701218605041504
2025-11-03 17:46:20 | id:0,dec time:0.19901323318481445
2025-11-03 17:46:21 | [E7] acc=98.1500% loss=0.0300 time=5.7200s up=28.6896MB down=0.0000MB cum=229.5346MB (best@6:98.2000%)
2025-11-03 17:46:23 | id:3,train time:2.8853261470794678
2025-11-03 17:46:23 | id:1,train time:2.8798248767852783
2025-11-03 17:46:23 | id:4,train time:2.839818000793457
2025-11-03 17:46:23 | id:3,enc time:0.28201961517333984
2025-11-03 17:46:23 | id:0,enc time:0.2915186882019043
2025-11-03 17:46:23 | id:1,enc time:0.2810194492340088
2025-11-03 17:46:23 | client 3, mask ones: 18, len: 87
2025-11-03 17:46:23 | client 2, mask ones: 18, len: 87
2025-11-03 17:46:23 | id:4,enc time:0.29102134704589844
2025-11-03 17:46:23 | client 0, mask ones: 18, len: 87
2025-11-03 17:46:23 | client 1, mask ones: 18, len: 87
2025-11-03 17:46:23 | client 4, mask ones: 18, len: 87
2025-11-03 17:46:25 | enc=True, isSpars=topk, cipher_count=True
2025-11-03 17:46:25 | server receive: ciphertext size:30085742 bytes
2025-11-03 17:46:25 | server agg: epoch 8.
2025-11-03 17:46:25 | id:3,dec time:0.19851136207580566
2025-11-03 17:46:25 | id:4,dec time:0.198012113571167

2025-11-03 17:46:25 | id:2,dec time:0.19901108741760254
2025-11-03 17:46:26 | [E8] acc=98.1300% loss=0.0300 time=5.3700s up=28.6920MB down=0.0000MB cum=258.2266MB (best@6:98.2000%)
2025-11-03 17:46:28 | id:2,train time:2.7077958583831787
2025-11-03 17:46:28 | id:1,train time:2.7292938232421875
2025-11-03 17:46:28 | id:0,train time:2.7457938194274902
2025-11-03 17:46:28 | id:3,enc time:0.28203797340393066
2025-11-03 17:46:28 | id:2,enc time:0.2810368537902832
2025-11-03 17:46:28 | client 2, mask ones: 18, len: 87
2025-11-03 17:46:28 | client 3, mask ones: 18, len: 87
2025-11-03 17:46:28 | id:4,enc time:0.2820417881011963
2025-11-03 17:46:28 | client 4, mask ones: 18, len: 87
2025-11-03 17:46:28 | id:1,enc time:0.29404282569885254
2025-11-03 17:46:28 | id:0,enc time:0.28553295135498047
2025-11-03 17:46:28 | client 1, mask ones: 18, len: 87
2025-11-03 17:46:28 | client 0, mask ones: 18, len: 87
2025-11-03 17:46:30 | enc=True, isSpars=topk, cipher_count=True
2025-11-03 17:46:30 | server receive: ciphertext size:30082747 bytes
2025-11-03 17:46:30 | server agg: epoch 9.
2025-11-03 17:46:30 | id:1,dec time:0.20101499557495117
2025-11-03 17:46:30 | id:3,dec time:0.19951772689819336
2025-11-03 17:46:30 | id:0,dec time:0.19451618194580078
2025-11-03 17:46:32 | [E9] acc=98.0600% loss=0.0400 time=5.3200s up=28.6891MB down=0.0000MB cum=286.9158MB (best@6:98.2000%)
2025-11-03 17:46:34 | id:2,train time:3.0693156719207764
2025-11-03 17:46:34 | id:3,train time:3.111823558807373
2025-11-03 17:46:34 | id:1,train time:3.1498305797576904
2025-11-03 17:46:34 | id:4,train time:3.1248257160186768
2025-11-03 17:46:34 | id:2,enc time:0.275531530380249
2025-11-03 17:46:34 | client 2, mask ones: 18, len: 87
2025-11-03 17:46:34 | client 1, mask ones: 18, len: 87
2025-11-03 17:46:34 | id:3,enc time:0.2810404300689697
2025-11-03 17:46:34 | client 3, mask ones: 18, len: 87
2025-11-03 17:46:34 | id:4,enc time:0.2865426540374756
2025-11-03 17:46:34 | client 4, mask ones: 18, len: 87
2025-11-03 17:46:34 | client 0, mask ones: 18, len: 87
2025-11-03 17:46:36 | enc=True, isSpars=topk, cipher_count=True
2025-11-03 17:46:36 | server receive: ciphertext size:30088691 bytes
2025-11-03 17:46:36 | server agg: epoch 10.
2025-11-03 17:46:36 | id:3,dec time:0.19852662086486816
2025-11-03 17:46:36 | id:4,dec time:0.19652700424194336
2025-11-03 17:46:36 | id:0,dec time:0.1985321044921875
2025-11-03 17:46:36 | id:2,dec time:0.19402837753295898
2025-11-03 17:46:37 | [E10] acc=98.1100% loss=0.0400 time=5.6800s up=28.6948MB down=0.0000MB cum=315.6106MB (best@6:98.2000%)
2025-11-03 17:46:39 | id:1,train time:2.648820161819458
2025-11-03 17:46:39 | id:3,train time:2.67231702804565432025-11-03 17:46:39 | id:2,train time:2.636314630508423
2025-11-03 17:46:39 | id:0,train time:2.6683177947998047
2025-11-03 17:46:39 | id:1,enc time:0.28307509422302246
2025-11-03 17:46:39 | client 1, mask ones: 18, len: 87
2025-11-03 17:46:39 | id:4,enc time:0.2745685577392578
2025-11-03 17:46:39 | client 4, mask ones: 18, len: 87
2025-11-03 17:46:39 | id:2,enc time:0.28456878662109375
2025-11-03 17:46:39 | client 2, mask ones: 18, len: 87
2025-11-03 17:46:39 | client 3, mask ones: 18, len: 87
2025-11-03 17:46:39 | id:0,enc time:0.27956151962280273
2025-11-03 17:46:39 | client 0, mask ones: 18, len: 87
2025-11-03 17:46:41 | enc=True, isSpars=topk, cipher_count=True
2025-11-03 17:46:41 | server receive: ciphertext size:30086666 bytes
2025-11-03 17:46:41 | server agg: epoch 11.
2025-11-03 17:46:41 | id:0,dec time:0.19852280616760254
2025-11-03 17:46:41 | id:2,dec time:0.19552326202392578
2025-11-03 17:46:41 | id:3,dec time:0.19552326202392578
2025-11-03 17:46:42 | [E11] acc=98.1100% loss=0.0300 time=5.1300s up=28.6929MB down=0.0000MB cum=344.3035MB (best@6:98.2000%)
2025-11-03 17:46:45 | id:2,train time:3.058835506439209
2025-11-03 17:46:45 | id:0,train time:3.0788393020629883
2025-11-03 17:46:45 | id:3,train time:3.068336009979248
2025-11-03 17:46:45 | id:4,train time:3.0878424644470215
2025-11-03 17:46:45 | id:1,train time:3.0968456268310547
2025-11-03 17:46:45 | id:2,enc time:0.2795257568359375
2025-11-03 17:46:45 | client 2, mask ones: 18, len: 87
2025-11-03 17:46:45 | client 0, mask ones: 18, len: 87
2025-11-03 17:46:45 | id:4,enc time:0.2865173816680908
2025-11-03 17:46:45 | id:3,enc time:0.298525333404541
2025-11-03 17:46:45 | client 4, mask ones: 18, len: 87
2025-11-03 17:46:45 | id:1,enc time:0.2830188274383545
2025-11-03 17:46:45 | client 3, mask ones: 18, len: 87
2025-11-03 17:46:45 | client 1, mask ones: 18, len: 87
2025-11-03 17:46:47 | enc=True, isSpars=topk, cipher_count=True
2025-11-03 17:46:47 | server receive: ciphertext size:30084452 bytes
2025-11-03 17:46:47 | server agg: epoch 12.
2025-11-03 17:46:47 | id:1,dec time:0.2020106315612793
2025-11-03 17:46:47 | id:4,dec time:0.19401097297668457
2025-11-03 17:46:48 | [E12] acc=97.8300% loss=0.0500 time=5.6900s up=28.6908MB down=0.0000MB cum=372.9942MB (best@6:98.2000%)
2025-11-03 17:46:50 | id:3,train time:2.831329107284546

2025-11-03 17:46:50 | id:1,train time:2.8208255767822266
2025-11-03 17:46:50 | id:0,train time:2.841827869415283
2025-11-03 17:46:50 | id:4,train time:2.781327247619629
2025-11-03 17:46:50 | id:1,enc time:0.28803038597106934
2025-11-03 17:46:50 | client 1, mask ones: 18, len: 87
2025-11-03 17:46:50 | id:3,enc time:0.297529935836792
2025-11-03 17:46:50 | id:4,enc time:0.2845189571380615
2025-11-03 17:46:50 | client 2, mask ones: 18, len: 87

2025-11-03 17:46:50 | client 3, mask ones: 18, len: 87
2025-11-03 17:46:50 | client 4, mask ones: 18, len: 87
2025-11-03 17:46:50 | client 0, mask ones: 18, len: 87
2025-11-03 17:46:52 | enc=True, isSpars=topk, cipher_count=True
2025-11-03 17:46:52 | server receive: ciphertext size:30083986 bytes
2025-11-03 17:46:52 | server agg: epoch 13.
2025-11-03 17:46:52 | id:1,dec time:0.199012041091918952025-11-03 17:46:52 | id:3,dec time:0.19451260566711426
2025-11-03 17:46:52 | id:2,dec time:0.20601105690002441
2025-11-03 17:46:52 | id:0,dec time:0.20601105690002441
2025-11-03 17:46:54 | [E13] acc=98.2000% loss=0.0400 time=5.3300s up=28.6903MB down=0.0000MB cum=401.6846MB (best@6:98.2000%)
2025-11-03 17:46:56 | id:3,train time:3.116849184036255
2025-11-03 17:46:56 | id:4,train time:3.1498477458953857
2025-11-03 17:46:56 | id:2,train time:3.105348587036133
2025-11-03 17:46:56 | id:0,train time:3.1328513622283936
2025-11-03 17:46:56 | id:1,enc time:0.27702951431274414
2025-11-03 17:46:56 | id:4,enc time:0.2950313091278076
2025-11-03 17:46:56 | id:3,enc time:0.29602980613708496
2025-11-03 17:46:56 | client 1, mask ones: 18, len: 87
2025-11-03 17:46:56 | id:2,enc time:0.30252933502197266
2025-11-03 17:46:56 | client 3, mask ones: 18, len: 87
2025-11-03 17:46:56 | client 4, mask ones: 18, len: 87
2025-11-03 17:46:56 | client 2, mask ones: 18, len: 87
2025-11-03 17:46:56 | id:0,enc time:0.28602099418640137
2025-11-03 17:46:56 | client 0, mask ones: 18, len: 87
2025-11-03 17:46:58 | enc=True, isSpars=topk, cipher_count=True
2025-11-03 17:46:58 | server receive: ciphertext size:30087674 bytes
2025-11-03 17:46:58 | server agg: epoch 14.
2025-11-03 17:46:58 | id:0,dec time:0.2020103931427002
2025-11-03 17:46:58 | id:4,dec time:0.2040090560913086
2025-11-03 17:46:58 | id:1,dec time:0.20000982284545898
2025-11-03 17:46:58 | id:3,dec time:0.20151066780090332
2025-11-03 17:46:59 | [E14] acc=97.7600% loss=0.0500 time=5.7000s up=28.6938MB down=0.0000MB cum=430.3784MB (best@6:98.2000%)
2025-11-03 17:47:02 | id:1,train time:3.4894001483917236
2025-11-03 17:47:02 | id:0,train time:3.5069007873535156
2025-11-03 17:47:02 | id:3,train time:3.5024001598358154
2025-11-03 17:47:02 | id:4,train time:3.5084006786346436
2025-11-03 17:47:02 | id:1,enc time:0.28403139114379883
2025-11-03 17:47:02 | id:0,enc time:0.2890300750732422
2025-11-03 17:47:02 | client 1, mask ones: 18, len: 87
2025-11-03 17:47:02 | client 2, mask ones: 18, len: 87
2025-11-03 17:47:02 | id:3,enc time:0.29402756690979004
2025-11-03 17:47:02 | id:4,enc time:0.2865314483642578
2025-11-03 17:47:02 | client 0, mask ones: 18, len: 87
2025-11-03 17:47:02 | client 3, mask ones: 18, len: 87
2025-11-03 17:47:02 | client 4, mask ones: 18, len: 87
2025-11-03 17:47:04 | enc=True, isSpars=topk, cipher_count=True
2025-11-03 17:47:04 | server receive: ciphertext size:30089717 bytes
2025-11-03 17:47:04 | server agg: epoch 15.
2025-11-03 17:47:04 | id:4,dec time:0.19951295852661133
2025-11-03 17:47:04 | id:2,dec time:0.19901251792907715
2025-11-03 17:47:04 | id:3,dec time:0.19851231575012207
2025-11-03 17:47:04 | id:0,dec time:0.19651126861572266
2025-11-03 17:47:05 | [Converged] round=15, best_acc=98.2000 at round 5
2025-11-03 17:47:05 | server end!
2025-11-03 17:47:05 | [Summary] mode=enc-ckks-topk-0.2 | rounds_run=16 | best_acc=98.2000% (best@6) | time=104.4240s | up=459.0742MB | down=0.0000MB | total=459.0742MB | avg_up/participation=28.6919MB | 
2025-11-03 17:47:06 | Total ciphertext size: 481374193 bytes, size list: [30083280, 30086077, 30086024, 30085132, 30086823, 30087589, 30086331, 30083262, 30085742, 30082747, 30088691, 30086666, 30084452, 30083986, 30087674, 30089717].
2025-11-03 17:47:06 | Accuracy list: [95.15, 97.11, 97.88, 98.08, 97.76, 98.2, 98.12, 98.15, 98.13, 98.06, 98.11, 98.11, 97.83, 98.2, 97.76, 98.14]%.
2025-11-03 17:47:06 | Loss list:[0.13, 0.07, 0.04, 0.03, 0.04, 0.03, 0.03, 0.03, 0.03, 0.04, 0.04, 0.03, 0.05, 0.04, 0.05, 0.04]
2025-11-03 17:47:06 | time list:[21.38, 5.47, 5.21, 5.4, 5.24, 5.88, 5.5, 5.72, 5.37, 5.32, 5.68, 5.13, 5.69, 5.33, 5.7]s
2025-11-03 17:47:06 | Participate list: [16, 16, 16, 16, 16].
2025-11-03 17:47:06 | tmp_len_clusters:[]
2025-11-03 17:47:07 | id:2,train time:2.910820960998535
2025-11-03 17:47:07 | id:3,train time:2.9338219165802
5
2025-11-03 17:47:07 | id:0,train time:2.955332040786743
