2025-11-06 10:51:20 | Basic information: device cpu, learning rate 0.001, num clients 5, epochs 100,noniid_method dirichlet,            isEnc False,isBatch True,sparsification topk, client selection False,topk 1.0, enc_batch_size 2048
2025-11-06 10:51:20 | training weights: [0.2, 0.2, 0.2, 0.2, 0.2]
2025-11-06 10:51:20 | testing weights:[0.2, 0.2, 0.2, 0.2, 0.2]
2025-11-06 10:51:20 | client0, train samples 12000,test samples 2000
2025-11-06 10:51:20 | client1, train samples 12000,test samples 2000
2025-11-06 10:51:20 | client2, train samples 12000,test samples 2000
2025-11-06 10:51:20 | client3, train samples 12000,test samples 2000
2025-11-06 10:51:20 | client4, train samples 12000,test samples 2000
2025-11-06 10:51:20 | data split finished!
2025-11-06 10:51:28 | id:0,train time:1.759873867034912
2025-11-06 10:51:28 | [PT-PackSparse(mask+vals)] client 0 uplink ~180224 bytes (mask 1s: 22/22, vals: 45056)
2025-11-06 10:51:31 | id:1,train time:1.6074912548065186
2025-11-06 10:51:31 | [PT-PackSparse(mask+vals)] client 1 uplink ~180224 bytes (mask 1s: 22/22, vals: 45056)
2025-11-06 10:51:34 | id:2,train time:1.704258918762207
2025-11-06 10:51:34 | [PT-PackSparse(mask+vals)] client 2 uplink ~180224 bytes (mask 1s: 22/22, vals: 45056)
2025-11-06 10:51:37 | id:3,train time:1.7163591384887695
2025-11-06 10:51:37 | [PT-PackSparse(mask+vals)] client 3 uplink ~180224 bytes (mask 1s: 22/22, vals: 45056)
2025-11-06 10:51:40 | id:4,train time:1.7274703979492188
2025-11-06 10:51:40 | [PT-PackSparse(mask+vals)] client 4 uplink ~180224 bytes (mask 1s: 22/22, vals: 45056)
2025-11-06 10:51:41 | enc=False, isSpars=topk, cipher_count=True
2025-11-06 10:51:41 | server receive: plaintext size:901135 bytes
2025-11-06 10:51:41 | server agg: epoch 0.
2025-11-06 10:51:41 | [E0] acc=96.3700% loss=0.1160 time=17.7300s up=0.8594MB down=0.0000MB cum=0.8594MB (best@1:96.3700%)
2025-11-06 10:51:43 | id:4,train time:2.4185478687286377
2025-11-06 10:51:43 | [PT-PackSparse(mask+vals)] client 4 uplink ~180224 bytes (mask 1s: 22/22, vals: 45056)
2025-11-06 10:51:44 | id:2,train time:2.9445722103118896
2025-11-06 10:51:44 | [PT-PackSparse(mask+vals)] client 2 uplink ~180224 bytes (mask 1s: 22/22, vals: 45056)
2025-11-06 10:51:44 | id:0,train time:2.986707925796509

2025-11-06 10:51:44 | [PT-PackSparse(mask+vals)] client 1 uplink ~180224 bytes (mask 1s: 22/22, vals: 45056)
2025-11-06 10:51:44 | id:3,train time:2.995727777481079
2025-11-06 10:51:44 | [PT-PackSparse(mask+vals)] client 3 uplink ~180224 bytes (mask 1s: 22/22, vals: 45056)
2025-11-06 10:51:44 | enc=False, isSpars=topk, cipher_count=True
2025-11-06 10:51:44 | server receive: plaintext size:901135 bytes
2025-11-06 10:51:44 | server agg: epoch 1.
2025-11-06 10:51:44 | [E1] acc=97.7900% loss=0.0630 time=2.9600s up=0.8594MB down=0.0000MB cum=1.7188MB (best@2:97.7900%)
2025-11-06 10:51:46 | id:3,train time:2.726583957672119
2025-11-06 10:51:46 | id:4,train time:2.7467293739318848
2025-11-06 10:51:46 | [PT-PackSparse(mask+vals)] client 3 uplink ~180224 bytes (mask 1s: 22/22, vals: 45056)
2025-11-06 10:51:46 | [PT-PackSparse(mask+vals)] client 2 uplink ~180224 bytes (mask 1s: 22/22, vals: 45056)
2025-11-06 10:51:46 | id:1,train time:2.753983974456787
2025-11-06 10:51:46 | [PT-PackSparse(mask+vals)] client 4 uplink ~180224 bytes (mask 1s: 22/22, vals: 45056)
2025-11-06 10:51:46 | [PT-PackSparse(mask+vals)] client 0 uplink ~180224 bytes (mask 1s: 22/22, vals: 45056)
2025-11-06 10:51:46 | [PT-PackSparse(mask+vals)] client 1 uplink ~180224 bytes (mask 1s: 22/22, vals: 45056)
2025-11-06 10:51:46 | enc=False, isSpars=topk, cipher_count=True
2025-11-06 10:51:46 | server receive: plaintext size:901135 bytes
2025-11-06 10:51:46 | server agg: epoch 2.
2025-11-06 10:51:47 | [E2] acc=98.3000% loss=0.0490 time=2.7800s up=0.8594MB down=0.0000MB cum=2.5782MB (best@3:98.3000%)
2025-11-06 10:51:49 | id:1,train time:2.710369825363159

2025-11-06 10:51:49 | [PT-PackSparse(mask+vals)] client 3 uplink ~180224 bytes (mask 1s: 22/22, vals: 45056)
2025-11-06 10:51:49 | id:4,train time:2.7326881885528564
2025-11-06 10:51:49 | [PT-PackSparse(mask+vals)] client 2 uplink ~180224 bytes (mask 1s: 22/22, vals: 45056)
2025-11-06 10:51:49 | id:0,train time:2.735814332962036
 uplink ~180224 bytes (mask 1s: 22/22, vals: 45056)
2025-11-06 10:51:49 | [PT-PackSparse(mask+vals)] client 0 uplink ~180224 bytes (mask 1s: 22/22, vals: 45056)
2025-11-06 10:51:49 | enc=False, isSpars=topk, cipher_count=True
2025-11-06 10:51:49 | server receive: plaintext size:901135 bytes
2025-11-06 10:51:49 | server agg: epoch 3.
2025-11-06 10:51:50 | [E3] acc=98.6500% loss=0.0390 time=2.9700s up=0.8594MB down=0.0000MB cum=3.4376MB (best@4:98.6500%)
2025-11-06 10:51:52 | id:3,train time:3.0382680892944336
2025-11-06 10:51:52 | [PT-PackSparse(mask+vals)] client 3 uplink ~180224 bytes (mask 1s: 22/22, vals: 45056)
2025-11-06 10:51:52 | id:2,train time:3.0478949546813965
2025-11-06 10:51:52 | [PT-PackSparse(mask+vals)] client 1 uplink ~180224 bytes (mask 1s: 22/22, vals: 45056)
2025-11-06 10:51:52 | [PT-PackSparse(mask+vals)] client 2 uplink ~180224 bytes (mask 1s: 22/22, vals: 45056)
2025-11-06 10:51:52 | id:4,train time:3.064652919769287

2025-11-06 10:51:52 | [PT-PackSparse(mask+vals)] client 0 uplink ~180224 bytes (mask 1s: 22/22, vals: 45056)
2025-11-06 10:51:52 | [PT-PackSparse(mask+vals)] client 4 uplink ~180224 bytes (mask 1s: 22/22, vals: 45056)
2025-11-06 10:51:52 | enc=False, isSpars=topk, cipher_count=True
2025-11-06 10:51:52 | server receive: plaintext size:901135 bytes
2025-11-06 10:51:52 | server agg: epoch 4.
2025-11-06 10:51:53 | [E4] acc=98.6600% loss=0.0390 time=3.0900s up=0.8594MB down=0.0000MB cum=4.2969MB (best@4:98.6500%)
2025-11-06 10:51:56 | id:3,train time:3.1746888160705566
2025-11-06 10:51:56 | [PT-PackSparse(mask+vals)] client 2 uplink ~180224 bytes (mask 1s: 22/22, vals: 45056)
2025-11-06 10:51:56 | [PT-PackSparse(mask+vals)] client 3 uplink ~180224 bytes (mask 1s: 22/22, vals: 45056)
2025-11-06 10:51:56 | id:1,train time:3.1997978687286377
2025-11-06 10:51:56 | id:4,train time:3.1977977752685547
2025-11-06 10:51:56 | id:0,train time:3.2089221477508545
2025-11-06 10:51:56 | [PT-PackSparse(mask+vals)] client 4 uplink ~180224 bytes (mask 1s: 22/22, vals: 45056)
2025-11-06 10:51:56 | [PT-PackSparse(mask+vals)] client 1 uplink ~180224 bytes (mask 1s: 22/22, vals: 45056)
2025-11-06 10:51:56 | [PT-PackSparse(mask+vals)] client 0 uplink ~180224 bytes (mask 1s: 22/22, vals: 45056)
2025-11-06 10:51:56 | enc=False, isSpars=topk, cipher_count=True
2025-11-06 10:51:56 | server receive: plaintext size:901135 bytes
2025-11-06 10:51:56 | server agg: epoch 5.
2025-11-06 10:51:56 | [E5] acc=98.7200% loss=0.0330 time=3.0300s up=0.8594MB down=0.0000MB cum=5.1563MB (best@4:98.6500%)
2025-11-06 10:51:59 | id:3,train time:3.079533338546753

2025-11-06 10:51:59 | id:4,train time:3.072499990463257
2025-11-06 10:51:59 | [PT-PackSparse(mask+vals)] client 4 uplink ~180224 bytes (mask 1s: 22/22, vals: 45056)
2025-11-06 10:51:59 | [PT-PackSparse(mask+vals)] client 3 uplink ~180224 bytes (mask 1s: 22/22, vals: 45056)
2025-11-06 10:51:59 | [PT-PackSparse(mask+vals)] client 2 uplink ~180224 bytes (mask 1s: 22/22, vals: 45056)
2025-11-06 10:51:59 | [PT-PackSparse(mask+vals)] client 1 uplink ~180224 bytes (mask 1s: 22/22, vals: 45056)
2025-11-06 10:51:59 | [PT-PackSparse(mask+vals)] client 0 uplink ~180224 bytes (mask 1s: 22/22, vals: 45056)
2025-11-06 10:51:59 | enc=False, isSpars=topk, cipher_count=True
2025-11-06 10:51:59 | server receive: plaintext size:901135 bytes
2025-11-06 10:51:59 | server agg: epoch 6.
2025-11-06 10:52:00 | [E6] acc=98.6200% loss=0.0360 time=3.4200s up=0.8594MB down=0.0000MB cum=6.0157MB (best@4:98.6500%)
2025-11-06 10:52:02 | id:3,train time:3.078608751296997
2025-11-06 10:52:02 | id:2,train time:3.106936454772949
2025-11-06 10:52:02 | [PT-PackSparse(mask+vals)] client 3 uplink ~180224 bytes (mask 1s: 22/22, vals: 45056)
2025-11-06 10:52:02 | id:0,train time:3.104340076446533
2025-11-06 10:52:02 | id:1,train time:3.110292434692383
 uplink ~180224 bytes (mask 1s: 22/22, vals: 45056)
2025-11-06 10:52:02 | [PT-PackSparse(mask+vals)] client 2 uplink ~180224 bytes (mask 1s: 22/22, vals: 45056)
2025-11-06 10:52:02 | [PT-PackSparse(mask+vals)] client 4 uplink ~180224 bytes (mask 1s: 22/22, vals: 45056)
2025-11-06 10:52:02 | enc=False, isSpars=topk, cipher_count=True
2025-11-06 10:52:02 | server receive: plaintext size:901135 bytes
2025-11-06 10:52:02 | server agg: epoch 7.
2025-11-06 10:52:02 | [E7] acc=98.7500% loss=0.0330 time=2.9000s up=0.8594MB down=0.0000MB cum=6.8751MB (best@4:98.6500%)
2025-11-06 10:52:05 | id:2,train time:2.6878299713134766
2025-11-06 10:52:05 | id:1,train time:2.709980010986328
2025-11-06 10:52:05 | id:4,train time:2.70363187789917
2025-11-06 10:52:05 | [PT-PackSparse(mask+vals)] client 0 uplink ~180224 bytes (mask 1s: 22/22, vals: 45056)
2025-11-06 10:52:05 | [PT-PackSparse(mask+vals)] client 1 uplink ~180224 bytes (mask 1s: 22/22, vals: 45056)
2025-11-06 10:52:05 | [PT-PackSparse(mask+vals)] client 4 uplink ~180224 bytes (mask 1s: 22/22, vals: 45056)
2025-11-06 10:52:05 | enc=False, isSpars=topk, cipher_count=True
2025-11-06 10:52:05 | server receive: plaintext size:901135 bytes
2025-11-06 10:52:05 | server agg: epoch 8.
2025-11-06 10:52:05 | [E8] acc=98.8100% loss=0.0310 time=2.8300s up=0.8594MB down=0.0000MB cum=7.7345MB (best@9:98.8100%)
2025-11-06 10:52:07 | id:2,train time:2.718345880508423
2025-11-06 10:52:07 | [PT-PackSparse(mask+vals)] client 2 uplink ~180224 bytes (mask 1s: 22/22, vals: 45056)
2025-11-06 10:52:07 | id:3,train time:2.7300920486450195
2025-11-06 10:52:07 | [PT-PackSparse(mask+vals)] client 3 uplink ~180224 bytes (mask 1s: 22/22, vals: 45056)
2025-11-06 10:52:07 | [PT-PackSparse(mask+vals)] client 1 uplink ~180224 bytes (mask 1s: 22/22, vals: 45056)
2025-11-06 10:52:07 | id:0,train time:2.7552833557128906
2025-11-06 10:52:07 | id:4,train time:2.7593295574188232
2025-11-06 10:52:07 | [PT-PackSparse(mask+vals)] client 0 uplink ~180224 bytes (mask 1s: 22/22, vals: 45056)
2025-11-06 10:52:07 | [PT-PackSparse(mask+vals)] client 4 uplink ~180224 bytes (mask 1s: 22/22, vals: 45056)
2025-11-06 10:52:07 | enc=False, isSpars=topk, cipher_count=True
2025-11-06 10:52:07 | server receive: plaintext size:901135 bytes
2025-11-06 10:52:07 | server agg: epoch 9.
2025-11-06 10:52:08 | [E9] acc=98.8200% loss=0.0310 time=2.7100s up=0.8594MB down=0.0000MB cum=8.5939MB (best@9:98.8100%)
2025-11-06 10:52:10 | id:2,train time:2.6904988288879395
2025-11-06 10:52:10 | id:3,train time:2.7071847915649414
2025-11-06 10:52:10 | [PT-PackSparse(mask+vals)] client 2 uplink ~180224 bytes (mask 1s: 22/22, vals: 45056)
2025-11-06 10:52:10 | id:4,train time:2.7010703086853027
2025-11-06 10:52:10 | [PT-PackSparse(mask+vals)] client 1 uplink ~180224 bytes (mask 1s: 22/22, vals: 45056)
2025-11-06 10:52:10 | [PT-PackSparse(mask+vals)] client 4 uplink ~180224 bytes (mask 1s: 22/22, vals: 45056)
2025-11-06 10:52:10 | [PT-PackSparse(mask+vals)] client 3 uplink ~180224 bytes (mask 1s: 22/22, vals: 45056)
2025-11-06 10:52:10 | id:0,train time:2.7286853790283203
2025-11-06 10:52:10 | [PT-PackSparse(mask+vals)] client 0 uplink ~180224 bytes (mask 1s: 22/22, vals: 45056)
2025-11-06 10:52:10 | enc=False, isSpars=topk, cipher_count=True
2025-11-06 10:52:10 | server receive: plaintext size:901135 bytes
2025-11-06 10:52:10 | server agg: epoch 10.
2025-11-06 10:52:11 | [E10] acc=98.7800% loss=0.0360 time=2.7900s up=0.8594MB down=0.0000MB cum=9.4533MB (best@9:98.8100%)
2025-11-06 10:52:13 | id:2,train time:2.757305383682251
2025-11-06 10:52:13 | [PT-PackSparse(mask+vals)] client 2 uplink ~180224 bytes (mask 1s: 22/22, vals: 45056)
2025-11-06 10:52:13 | id:4,train time:2.7713236808776855
2025-11-06 10:52:13 | [PT-PackSparse(mask+vals)] client 4 uplink ~180224 bytes (mask 1s: 22/22, vals: 45056)
2025-11-06 10:52:13 | id:1,train time:2.798048734664917
2025-11-06 10:52:13 | id:0,train time:2.784585952758789
2025-11-06 10:52:13 | [PT-PackSparse(mask+vals)] client 1 uplink ~180224 bytes (mask 1s: 22/22, vals: 45056)
2025-11-06 10:52:13 | [PT-PackSparse(mask+vals)] client 0 uplink ~180224 bytes (mask 1s: 22/22, vals: 45056)
2025-11-06 10:52:13 | enc=False, isSpars=topk, cipher_count=True
2025-11-06 10:52:13 | server receive: plaintext size:901135 bytes
2025-11-06 10:52:13 | server agg: epoch 11.
2025-11-06 10:52:14 | [E11] acc=98.8200% loss=0.0350 time=2.9200s up=0.8594MB down=0.0000MB cum=10.3127MB (best@9:98.8100%)
2025-11-06 10:52:16 | id:3,train time:2.81143856048584


2025-11-06 10:52:16 | id:0,train time:2.814438581466675
2025-11-06 10:52:16 | id:2,train time:2.827481269836426
 uplink ~180224 bytes (mask 1s: 22/22, vals: 45056)
2025-11-06 10:52:16 | [PT-PackSparse(mask+vals)] client 1 uplink ~180224 bytes (mask 1s: 22/22, vals: 45056)
2025-11-06 10:52:16 | [PT-PackSparse(mask+vals)] client 4 uplink ~180224 bytes (mask 1s: 22/22, vals: 45056)
2025-11-06 10:52:16 | [PT-PackSparse(mask+vals)] client 2 uplink ~180224 bytes (mask 1s: 22/22, vals: 45056)
2025-11-06 10:52:16 | enc=False, isSpars=topk, cipher_count=True
2025-11-06 10:52:16 | server receive: plaintext size:901135 bytes
2025-11-06 10:52:16 | server agg: epoch 12.
2025-11-06 10:52:17 | [E12] acc=98.7500% loss=0.0400 time=2.8200s up=0.8594MB down=0.0000MB cum=11.1721MB (best@9:98.8100%)
2025-11-06 10:52:19 | id:3,train time:2.6301186084747314
2025-11-06 10:52:19 | [PT-PackSparse(mask+vals)] client 3 uplink ~180224 bytes (mask 1s: 22/22, vals: 45056)
2025-11-06 10:52:19 | id:4,train time:2.65736722946167
2025-11-06 10:52:19 | [PT-PackSparse(mask+vals)] client 4 uplink ~180224 bytes (mask 1s: 22/22, vals: 45056)
2025-11-06 10:52:19 | id:0,train time:2.663877248764038
2025-11-06 10:52:19 | id:1,train time:2.6633334159851074
2025-11-06 10:52:19 | [PT-PackSparse(mask+vals)] client 0 uplink ~180224 bytes (mask 1s: 22/22, vals: 45056)
2025-11-06 10:52:19 | [PT-PackSparse(mask+vals)] client 1 uplink ~180224 bytes (mask 1s: 22/22, vals: 45056)
2025-11-06 10:52:19 | enc=False, isSpars=topk, cipher_count=True
2025-11-06 10:52:19 | server receive: plaintext size:901135 bytes
2025-11-06 10:52:19 | server agg: epoch 13.
2025-11-06 10:52:19 | [E13] acc=98.8300% loss=0.0370 time=2.7900s up=0.8594MB down=0.0000MB cum=12.0315MB (best@9:98.8100%)
2025-11-06 10:52:22 | id:2,train time:2.7949981689453125
2025-11-06 10:52:22 | [PT-PackSparse(mask+vals)] client 2 uplink ~180224 bytes (mask 1s: 22/22, vals: 45056)
2025-11-06 10:52:22 | id:4,train time:2.8090546131134033
2025-11-06 10:52:22 | id:3,train time:2.807055711746216
2025-11-06 10:52:22 | [PT-PackSparse(mask+vals)] client 4 uplink ~180224 bytes (mask 1s: 22/22, vals: 45056)
2025-11-06 10:52:22 | [PT-PackSparse(mask+vals)] client 1 uplink ~180224 bytes (mask 1s: 22/22, vals: 45056)
2025-11-06 10:52:22 | id:0,train time:2.8356480598449707
2025-11-06 10:52:22 | [PT-PackSparse(mask+vals)] client 0 uplink ~180224 bytes (mask 1s: 22/22, vals: 45056)
2025-11-06 10:52:22 | enc=False, isSpars=topk, cipher_count=True
2025-11-06 10:52:22 | server receive: plaintext size:901135 bytes
2025-11-06 10:52:22 | server agg: epoch 14.
2025-11-06 10:52:22 | [E14] acc=98.8500% loss=0.0350 time=2.9600s up=0.8594MB down=0.0000MB cum=12.8908MB (best@9:98.8100%)
2025-11-06 10:52:24 | id:3,train time:2.8462603092193604
2025-11-06 10:52:25 | id:2,train time:2.862820625305176
2025-11-06 10:52:25 | [PT-PackSparse(mask+vals)] client 3 uplink ~180224 bytes (mask 1s: 22/22, vals: 45056)
2025-11-06 10:52:25 | id:1,train time:2.8748831748962402
2025-11-06 10:52:25 | [PT-PackSparse(mask+vals)] client 2 uplink ~180224 bytes (mask 1s: 22/22, vals: 45056)
2025-11-06 10:52:25 | [PT-PackSparse(mask+vals)] client 4 uplink ~180224 bytes (mask 1s: 22/22, vals: 45056)
2025-11-06 10:52:25 | [PT-PackSparse(mask+vals)] client 1 uplink ~180224 bytes (mask 1s: 22/22, vals: 45056)
2025-11-06 10:52:25 | [PT-PackSparse(mask+vals)] client 0 uplink ~180224 bytes (mask 1s: 22/22, vals: 45056)
2025-11-06 10:52:25 | enc=False, isSpars=topk, cipher_count=True
2025-11-06 10:52:25 | server receive: plaintext size:901135 bytes
2025-11-06 10:52:25 | server agg: epoch 15.
2025-11-06 10:52:25 | [E15] acc=98.9800% loss=0.0290 time=2.7400s up=0.8594MB down=0.0000MB cum=13.7502MB (best@16:98.9800%)
2025-11-06 10:52:27 | id:1,train time:2.8957197666168213
2025-11-06 10:52:27 | id:3,train time:2.887612819671631
2025-11-06 10:52:27 | [PT-PackSparse(mask+vals)] client 1 uplink ~180224 bytes (mask 1s: 22/22, vals: 45056)
2025-11-06 10:52:27 | [PT-PackSparse(mask+vals)] client 3 uplink ~180224 bytes (mask 1s: 22/22, vals: 45056)
2025-11-06 10:52:27 | id:4,train time:2.9007201194763184
2025-11-06 10:52:27 | id:0,train time:2.9143354892730713
2025-11-06 10:52:27 | [PT-PackSparse(mask+vals)] client 4 uplink ~180224 bytes (mask 1s: 22/22, vals: 45056)
2025-11-06 10:52:27 | [PT-PackSparse(mask+vals)] client 0 uplink ~180224 bytes (mask 1s: 22/22, vals: 45056)
2025-11-06 10:52:28 | enc=False, isSpars=topk, cipher_count=True
2025-11-06 10:52:28 | server receive: plaintext size:901135 bytes
2025-11-06 10:52:28 | server agg: epoch 16.
2025-11-06 10:52:28 | [E16] acc=99.0800% loss=0.0290 time=3.1400s up=0.8594MB down=0.0000MB cum=14.6096MB (best@16:98.9800%)
2025-11-06 10:52:31 | id:2,train time:2.9780125617980957
2025-11-06 10:52:31 | [PT-PackSparse(mask+vals)] client 2 uplink ~180224 bytes (mask 1s: 22/22, vals: 45056)
2025-11-06 10:52:31 | id:3,train time:3.0100600719451904
2025-11-06 10:52:31 | id:4,train time:2.9956886768341064
2025-11-06 10:52:31 | id:1,train time:3.003950357437134
2025-11-06 10:52:31 | [PT-PackSparse(mask+vals)] client 1 uplink ~180224 bytes (mask 1s: 22/22, vals: 45056)
2025-11-06 10:52:31 | [PT-PackSparse(mask+vals)] client 4 uplink ~180224 bytes (mask 1s: 22/22, vals: 45056)
2025-11-06 10:52:31 | [PT-PackSparse(mask+vals)] client 3 uplink ~180224 bytes (mask 1s: 22/22, vals: 45056)
2025-11-06 10:52:31 | enc=False, isSpars=topk, cipher_count=True
2025-11-06 10:52:31 | server receive: plaintext size:901135 bytes
2025-11-06 10:52:31 | server agg: epoch 17.
2025-11-06 10:52:31 | [E17] acc=98.5500% loss=0.0440 time=2.8800s up=0.8594MB down=0.0000MB cum=15.4690MB (best@16:98.9800%)
2025-11-06 10:52:33 | id:1,train time:2.8131256103515625
2025-11-06 10:52:33 | id:2,train time:2.8367538452148438
2025-11-06 10:52:33 | [PT-PackSparse(mask+vals)] client 4 uplink ~180224 bytes (mask 1s: 22/22, vals: 45056)
2025-11-06 10:52:33 | [PT-PackSparse(mask+vals)] client 1 uplink ~180224 bytes (mask 1s: 22/22, vals: 45056)
2025-11-06 10:52:33 | [PT-PackSparse(mask+vals)] client 2 uplink ~180224 bytes (mask 1s: 22/22, vals: 45056)
2025-11-06 10:52:33 | id:3,train time:2.8402621746063232
2025-11-06 10:52:33 | [PT-PackSparse(mask+vals)] client 0 uplink ~180224 bytes (mask 1s: 22/22, vals: 45056)
2025-11-06 10:52:33 | enc=False, isSpars=topk, cipher_count=True
2025-11-06 10:52:33 | server receive: plaintext size:901135 bytes
2025-11-06 10:52:33 | server agg: epoch 18.
2025-11-06 10:52:34 | [E18] acc=98.8600% loss=0.0340 time=2.8800s up=0.8594MB down=0.0000MB cum=16.3284MB (best@16:98.9800%)
2025-11-06 10:52:36 | id:3,train time:2.4833598136901855
2025-11-06 10:52:36 | id:0,train time:2.51203989982605

2025-11-06 10:52:36 | [PT-PackSparse(mask+vals)] client 3 uplink ~180224 bytes (mask 1s: 22/22, vals: 45056)
2025-11-06 10:52:36 | [PT-PackSparse(mask+vals)] client 0 uplink ~180224 bytes (mask 1s: 22/22, vals: 45056)
2025-11-06 10:52:36 | [PT-PackSparse(mask+vals)] client 4 uplink ~180224 bytes (mask 1s: 22/22, vals: 45056)
2025-11-06 10:52:36 | enc=False, isSpars=topk, cipher_count=True
2025-11-06 10:52:36 | server receive: plaintext size:901135 bytes
2025-11-06 10:52:36 | server agg: epoch 19.
2025-11-06 10:52:37 | [E19] acc=98.6800% loss=0.0450 time=2.4700s up=0.8594MB down=0.0000MB cum=17.1878MB (best@16:98.9800%)
2025-11-06 10:52:39 | id:3,train time:2.886089563369751
2025-11-06 10:52:39 | [PT-PackSparse(mask+vals)] client 3 uplink ~180224 bytes (mask 1s: 22/22, vals: 45056)
2025-11-06 10:52:39 | id:1,train time:2.893145799636841
2025-11-06 10:52:39 | id:4,train time:2.9011459350585938
uplink ~180224 bytes (mask 1s: 22/22, vals: 45056)
2025-11-06 10:52:39 | [PT-PackSparse(mask+vals)] client 4 uplink ~180224 bytes (mask 1s: 22/22, vals: 45056)
2025-11-06 10:52:39 | id:0,train time:2.9257638454437256
2025-11-06 10:52:39 | [PT-PackSparse(mask+vals)] client 0 uplink ~180224 bytes (mask 1s: 22/22, vals: 45056)
2025-11-06 10:52:39 | enc=False, isSpars=topk, cipher_count=True
2025-11-06 10:52:39 | server receive: plaintext size:901135 bytes
2025-11-06 10:52:39 | server agg: epoch 20.
2025-11-06 10:52:40 | [E20] acc=98.8900% loss=0.0370 time=3.1100s up=0.8594MB down=0.0000MB cum=18.0472MB (best@16:98.9800%)
2025-11-06 10:52:42 | id:2,train time:2.92099666595459

2025-11-06 10:52:42 | id:4,train time:2.9385335445404053
uplink ~180224 bytes (mask 1s: 22/22, vals: 45056)
2025-11-06 10:52:42 | id:3,train time:2.9315333366394043
2025-11-06 10:52:42 | [PT-PackSparse(mask+vals)] client 2 uplink ~180224 bytes (mask 1s: 22/22, vals: 45056)
2025-11-06 10:52:42 | [PT-PackSparse(mask+vals)] client 3 uplink ~180224 bytes (mask 1s: 22/22, vals: 45056)
2025-11-06 10:52:42 | id:0,train time:2.9465789794921875
uplink ~180224 bytes (mask 1s: 22/22, vals: 45056)
2025-11-06 10:52:42 | [PT-PackSparse(mask+vals)] client 0 uplink ~180224 bytes (mask 1s: 22/22, vals: 45056)
2025-11-06 10:52:42 | enc=False, isSpars=topk, cipher_count=True
2025-11-06 10:52:42 | server receive: plaintext size:901135 bytes
2025-11-06 10:52:42 | server agg: epoch 21.
2025-11-06 10:52:43 | [E21] acc=98.8600% loss=0.0410 time=2.9200s up=0.8594MB down=0.0000MB cum=18.9066MB (best@16:98.9800%)
2025-11-06 10:52:45 | id:3,train time:3.0334980487823486
2025-11-06 10:52:45 | id:0,train time:3.0475101470947266
uplink ~180224 bytes (mask 1s: 22/22, vals: 45056)
2025-11-06 10:52:45 | id:1,train time:3.062607526779175
 uplink ~180224 bytes (mask 1s: 22/22, vals: 45056)
2025-11-06 10:52:45 | [PT-PackSparse(mask+vals)] client 0 uplink ~180224 bytes (mask 1s: 22/22, vals: 45056)
2025-11-06 10:52:45 | [PT-PackSparse(mask+vals)] client 2 uplink ~180224 bytes (mask 1s: 22/22, vals: 45056)
2025-11-06 10:52:45 | [PT-PackSparse(mask+vals)] client 1 uplink ~180224 bytes (mask 1s: 22/22, vals: 45056)
2025-11-06 10:52:45 | enc=False, isSpars=topk, cipher_count=True
2025-11-06 10:52:45 | server receive: plaintext size:901135 bytes
2025-11-06 10:52:45 | server agg: epoch 22.
2025-11-06 10:52:46 | [E22] acc=98.8200% loss=0.0400 time=3.1800s up=0.8594MB down=0.0000MB cum=19.7660MB (best@16:98.9800%)
2025-11-06 10:52:48 | id:1,train time:2.889500141143799
2025-11-06 10:52:48 | id:4,train time:2.8934977054595947
2025-11-06 10:52:48 | id:0,train time:2.904136896133423

2025-11-06 10:52:48 | [PT-PackSparse(mask+vals)] client 1 uplink ~180224 bytes (mask 1s: 22/22, vals: 45056)
2025-11-06 10:52:48 | [PT-PackSparse(mask+vals)] client 4 uplink ~180224 bytes (mask 1s: 22/22, vals: 45056)
2025-11-06 10:52:48 | [PT-PackSparse(mask+vals)] client 0 uplink ~180224 bytes (mask 1s: 22/22, vals: 45056)
2025-11-06 10:52:48 | [PT-PackSparse(mask+vals)] client 2 uplink ~180224 bytes (mask 1s: 22/22, vals: 45056)
2025-11-06 10:52:48 | enc=False, isSpars=topk, cipher_count=True
2025-11-06 10:52:48 | server receive: plaintext size:901135 bytes
2025-11-06 10:52:48 | server agg: epoch 23.
2025-11-06 10:52:49 | [E23] acc=98.7900% loss=0.0480 time=2.9200s up=0.8594MB down=0.0000MB cum=20.6253MB (best@16:98.9800%)
2025-11-06 10:52:51 | id:3,train time:2.9382481575012207
2025-11-06 10:52:51 | id:1,train time:2.9392476081848145
2025-11-06 10:52:51 | id:2,train time:2.932156562805176
2025-11-06 10:52:51 | [PT-PackSparse(mask+vals)] client 1 uplink ~180224 bytes (mask 1s: 22/22, vals: 45056)
2025-11-06 10:52:51 | [PT-PackSparse(mask+vals)] client 2 uplink ~180224 bytes (mask 1s: 22/22, vals: 45056)
2025-11-06 10:52:51 | id:4,train time:2.9483261108398438
uplink ~180224 bytes (mask 1s: 22/22, vals: 45056)
2025-11-06 10:52:51 | [PT-PackSparse(mask+vals)] client 4 uplink ~180224 bytes (mask 1s: 22/22, vals: 45056)
2025-11-06 10:52:51 | id:0,train time:2.9684159755706787
2025-11-06 10:52:51 | [PT-PackSparse(mask+vals)] client 0 uplink ~180224 bytes (mask 1s: 22/22, vals: 45056)
2025-11-06 10:52:51 | enc=False, isSpars=topk, cipher_count=True
2025-11-06 10:52:51 | server receive: plaintext size:901135 bytes
2025-11-06 10:52:51 | server agg: epoch 24.
2025-11-06 10:52:52 | [E24] acc=98.9000% loss=0.0390 time=3.0000s up=0.8594MB down=0.0000MB cum=21.4847MB (best@16:98.9800%)
2025-11-06 10:52:54 | id:1,train time:2.722850799560547
2025-11-06 10:52:54 | id:3,train time:2.7359492778778076
2025-11-06 10:52:54 | id:4,train time:2.7312886714935303
2025-11-06 10:52:54 | [PT-PackSparse(mask+vals)] client 2 uplink ~180224 bytes (mask 1s: 22/22, vals: 45056)
2025-11-06 10:52:54 | [PT-PackSparse(mask+vals)] client 1 uplink ~180224 bytes (mask 1s: 22/22, vals: 45056)
2025-11-06 10:52:54 | id:0,train time:2.744353771209717
 uplink ~180224 bytes (mask 1s: 22/22, vals: 45056)
2025-11-06 10:52:54 | [PT-PackSparse(mask+vals)] client 4 uplink ~180224 bytes (mask 1s: 22/22, vals: 45056)
2025-11-06 10:52:54 | [PT-PackSparse(mask+vals)] client 0 uplink ~180224 bytes (mask 1s: 22/22, vals: 45056)
2025-11-06 10:52:54 | enc=False, isSpars=topk, cipher_count=True
2025-11-06 10:52:54 | server receive: plaintext size:901135 bytes
2025-11-06 10:52:54 | server agg: epoch 25.
2025-11-06 10:52:55 | [Converged] round=25, best_acc=98.9800 at round 15
2025-11-06 10:52:55 | server end!
2025-11-06 10:52:55 | [Summary] mode=plain-topk | rounds_run=26 | best_acc=98.9800% (best@16) | time=91.0431s | up=22.3441MB | down=0.0000MB | total=22.3441MB | avg_up/participation=0.8594MB | 
2025-11-06 10:52:55 | Total plaintext uplink: 23429510 bytes
2025-11-06 10:52:55 | Accuracy list: [96.37, 97.78999999999999, 98.3, 98.65, 98.66, 98.72, 98.61999999999999, 98.75, 98.81, 98.82, 98.78, 98.82, 98.75, 98.83, 98.85000000000001, 98.98, 99.08, 98.55000000000001, 98.86, 98.68, 98.89, 98.86, 98.82, 98.79, 98.9, 98.88]%.
2025-11-06 10:52:55 | Loss list:[0.116, 0.063, 0.049, 0.039, 0.039, 0.033, 0.036, 0.033, 0.031, 0.031, 0.036, 0.035, 0.04, 0.037, 0.035, 0.029, 0.029, 0.044, 0.034, 0.045, 0.037, 0.041, 0.04, 0.048, 0.039, 0.037]
2025-11-06 10:52:55 | time list:[17.73, 2.96, 2.78, 2.97, 3.09, 3.03, 3.42, 2.9, 2.83, 2.71, 2.79, 2.92, 2.82, 2.79, 2.96, 2.74, 3.14, 2.88, 2.88, 2.47, 3.11, 2.92, 3.18, 2.92, 3.0]s
2025-11-06 10:52:55 | Participate list: [26, 26, 26, 26, 26].
2025-11-06 10:52:55 | tmp_len_clusters:[]
2025-11-06 10:52:57 | id:3,train time:3.0707125663757324
2025-11-06 10:52:57 | id:2,train time:3.0840954780578613
uplink ~180224 bytes (mask 1s: 22/22, vals: 45056)
2025-11-06 10:52:57 | id:4,train time:3.1040499210357666
2025-11-06 10:52:57 | [PT-PackSparse(mask+vals)] client 2 uplink ~180224 bytes (mask 1s: 22/22, vals: 45056)
2025-11-06 10:52:57 | [PT-PackSparse(mask+vals)] client 4 uplink ~180224 bytes (mask 1s: 22/22, vals: 45056)
2025-11-06 10:52:57 | id:0,train time:3.1231203079223633
2025-11-06 10:52:57 | id:1,train time:3.125537157058716
2025-11-06 10:52:57 | [PT-PackSparse(mask+vals)] client 1 uplink ~180224 bytes (mask 1s: 22/22, vals: 45056)
2025-11-06 10:52:57 | [PT-PackSparse(mask+vals)] client 0 uplink ~180224 bytes (mask 1s: 22/22, vals: 45056)
