2025-11-03 17:34:23 | Basic information: device cpu, learning rate 0.001, num clients 5, epochs 100,noniid_method dirichlet,            isEnc True,isBatch True,sparsification topk, client selection False,topk 0.1, enc_batch_size 512
2025-11-03 17:34:24 | training weights: [0.2, 0.2, 0.2, 0.2, 0.2]
2025-11-03 17:34:24 | testing weights:[0.2, 0.2, 0.2, 0.2, 0.2]
2025-11-03 17:34:24 | client0, train samples 12000,test samples 2000
2025-11-03 17:34:24 | client1, train samples 12000,test samples 2000
2025-11-03 17:34:24 | client2, train samples 12000,test samples 2000
2025-11-03 17:34:24 | client3, train samples 12000,test samples 2000
2025-11-03 17:34:24 | client4, train samples 12000,test samples 2000
2025-11-03 17:34:24 | data split finished!
2025-11-03 17:34:24 | Batch num:87
2025-11-03 17:34:32 | id:0,train time:1.8178110122680664
2025-11-03 17:34:32 | id:0,enc time:0.24651861190795898
2025-11-03 17:34:32 | client 0, mask ones: 9, len: 87
2025-11-03 17:34:35 | id:1,train time:1.7483885288238525
2025-11-03 17:34:35 | id:1,enc time:0.23852992057800293
2025-11-03 17:34:35 | client 1, mask ones: 9, len: 87
2025-11-03 17:34:38 | id:2,train time:1.7435219287872314
2025-11-03 17:34:38 | id:2,enc time:0.23952937126159668
2025-11-03 17:34:38 | client 2, mask ones: 9, len: 87
2025-11-03 17:34:41 | id:3,train time:1.7136945724487305
2025-11-03 17:34:41 | id:3,enc time:0.23402118682861328
2025-11-03 17:34:41 | client 3, mask ones: 9, len: 87
2025-11-03 17:34:44 | id:4,train time:1.7916152477264404
2025-11-03 17:34:44 | id:4,enc time:0.23451828956604004
2025-11-03 17:34:44 | client 4, mask ones: 9, len: 87
2025-11-03 17:34:46 | enc=True, isSpars=topk, cipher_count=True
2025-11-03 17:34:46 | server receive: ciphertext size:15044450 bytes
2025-11-03 17:34:46 | server agg: epoch 0.
2025-11-03 17:34:46 | id:0,dec time:0.19651269912719727
2025-11-03 17:34:46 | id:3,dec time:0.19501185417175293
2025-11-03 17:34:46 | id:2,dec time:0.19601154327392578
2025-11-03 17:34:46 | id:1,dec time:0.19501185417175293
2025-11-03 17:34:47 | [E0] acc=94.6500% loss=0.1400 time=20.0400s up=14.3475MB down=0.0000MB cum=14.3475MB (best@1:94.6500%)
2025-11-03 17:34:50 | id:4,train time:3.303821086883545
2025-11-03 17:34:50 | id:2,train time:3.4043290615081787
2025-11-03 17:34:50 | id:1,train time:3.3808326721191406
2025-11-03 17:34:50 | id:0,train time:3.3773348331451416
2025-11-03 17:34:50 | id:3,train time:3.389333963394165
2025-11-03 17:34:50 | id:4,enc time:0.28402185440063477
2025-11-03 17:34:50 | client 4, mask ones: 9, len: 87
2025-11-03 17:34:50 | id:2,enc time:0.23702049255371094
2025-11-03 17:34:50 | client 2, mask ones: 9, len: 87
2025-11-03 17:34:50 | id:0,enc time:0.23151278495788574
2025-11-03 17:34:50 | client 0, mask ones: 9, len: 87
2025-11-03 17:34:50 | id:1,enc time:0.24451231956481934
2025-11-03 17:34:50 | id:3,enc time:0.22901630401611328
2025-11-03 17:34:50 | client 1, mask ones: 9, len: 87
2025-11-03 17:34:50 | client 3, mask ones: 9, len: 87
2025-11-03 17:34:51 | enc=True, isSpars=topk, cipher_count=True
2025-11-03 17:34:51 | server receive: ciphertext size:15042666 bytes
2025-11-03 17:34:51 | server agg: epoch 1.
2025-11-03 17:34:51 | id:3,dec time:0.19651007652282715
2025-11-03 17:34:51 | id:4,dec time:0.19601035118103027
2025-11-03 17:34:51 | id:2,dec time:0.1975102424621582

2025-11-03 17:34:51 | id:1,dec time:0.19651007652282715
2025-11-03 17:34:53 | [E1] acc=97.1500% loss=0.0600 time=5.4000s up=14.3458MB down=0.0000MB cum=28.6933MB (best@2:97.1500%)
2025-11-03 17:34:55 | id:2,train time:3.301903009414673
2025-11-03 17:34:55 | id:0,train time:3.3134043216705322
2025-11-03 17:34:55 | id:3,train time:3.302903413772583
2025-11-03 17:34:55 | id:4,train time:3.321904420852661
2025-11-03 17:34:55 | id:1,train time:3.333902597427368
2025-11-03 17:34:55 | id:2,enc time:0.23551630973815918
2025-11-03 17:34:55 | client 2, mask ones: 9, len: 87
2025-11-03 17:34:55 | id:4,enc time:0.23852205276489258
2025-11-03 17:34:55 | client 0, mask ones: 9, len: 87
2025-11-03 17:34:55 | client 3, mask ones: 9, len: 87
2025-11-03 17:34:55 | id:1,enc time:0.23452401161193848
2025-11-03 17:34:55 | client 1, mask ones: 9, len: 87
2025-11-03 17:34:57 | enc=True, isSpars=topk, cipher_count=True
2025-11-03 17:34:57 | server receive: ciphertext size:15042528 bytes
2025-11-03 17:34:57 | server agg: epoch 2.
2025-11-03 17:34:57 | id:0,dec time:0.2000112533569336

2025-11-03 17:34:57 | id:2,dec time:0.1955108642578125

2025-11-03 17:34:57 | id:4,dec time:0.19451165199279785
2025-11-03 17:34:58 | [E2] acc=97.9100% loss=0.0400 time=5.4400s up=14.3457MB down=0.0000MB cum=43.0390MB (best@3:97.9100%)
2025-11-03 17:35:00 | id:4,train time:3.1068100929260254
2025-11-03 17:35:00 | id:3,train time:3.211313247680664
2025-11-03 17:35:00 | id:1,train time:3.2228128910064697
2025-11-03 17:35:00 | id:0,train time:3.234814167022705
2025-11-03 17:35:00 | id:4,enc time:0.23601078987121582
2025-11-03 17:35:01 | client 4, mask ones: 9, len: 87
2025-11-03 17:35:01 | id:3,enc time:0.24851274490356445
2025-11-03 17:35:01 | id:2,enc time:0.25051307678222656
2025-11-03 17:35:01 | id:0,enc time:0.23901844024658203
2025-11-03 17:35:01 | client 2, mask ones: 9, len: 87
2025-11-03 17:35:01 | client 3, mask ones: 9, len: 87
2025-11-03 17:35:01 | client 0, mask ones: 9, len: 87
2025-11-03 17:35:02 | enc=True, isSpars=topk, cipher_count=True
2025-11-03 17:35:02 | server receive: ciphertext size:15043635 bytes
2025-11-03 17:35:02 | server agg: epoch 3.
2025-11-03 17:35:02 | id:1,dec time:0.197509765625
91
2025-11-03 17:35:02 | id:3,dec time:0.19601082801818848
2025-11-03 17:35:02 | id:2,dec time:0.19851040840148926
2025-11-03 17:35:02 | id:0,dec time:0.19401121139526367
2025-11-03 17:35:03 | [E3] acc=98.0300% loss=0.0400 time=5.1200s up=14.3467MB down=0.0000MB cum=57.3857MB (best@4:98.0300%)
2025-11-03 17:35:05 | id:4,train time:2.853790760040283
2025-11-03 17:35:05 | id:0,train time:2.8582913875579834
2025-11-03 17:35:05 | id:2,train time:2.8838016986846924
2025-11-03 17:35:05 | id:3,train time:2.8843026161193848
2025-11-03 17:35:05 | id:0,enc time:0.2410280704498291
2025-11-03 17:35:05 | id:4,enc time:0.23502874374389648
2025-11-03 17:35:05 | client 4, mask ones: 9, len: 87
2025-11-03 17:35:05 | client 0, mask ones: 9, len: 87
2025-11-03 17:35:05 | id:2,enc time:0.2395167350769043
2025-11-03 17:35:05 | id:3,enc time:0.23351764678955078
2025-11-03 17:35:05 | id:1,enc time:0.23701763153076172
2025-11-03 17:35:05 | client 2, mask ones: 9, len: 87
2025-11-03 17:35:05 | client 3, mask ones: 9, len: 87
2025-11-03 17:35:05 | client 1, mask ones: 9, len: 87
2025-11-03 17:35:07 | enc=True, isSpars=topk, cipher_count=True
2025-11-03 17:35:07 | server receive: ciphertext size:15043541 bytes
2025-11-03 17:35:07 | server agg: epoch 4.
2025-11-03 17:35:07 | id:4,dec time:0.19201254844665527
2025-11-03 17:35:07 | id:3,dec time:0.19700908660888672
2025-11-03 17:35:07 | id:1,dec time:0.19601082801818848
2025-11-03 17:35:08 | [E4] acc=97.9600% loss=0.0400 time=4.9000s up=14.3466MB down=0.0000MB cum=71.7323MB (best@4:98.0300%)
2025-11-03 17:35:10 | id:4,train time:2.7228403091430664
2025-11-03 17:35:10 | id:1,train time:2.7618422508239746
2025-11-03 17:35:10 | id:0,train time:2.7563414573669434
2025-11-03 17:35:10 | id:3,train time:2.7683446407318115
2025-11-03 17:35:10 | id:2,enc time:0.23751544952392578
2025-11-03 17:35:10 | client 4, mask ones: 9, len: 87
2025-11-03 17:35:10 | id:0,enc time:0.2290194034576416
2025-11-03 17:35:10 | client 2, mask ones: 9, len: 87
2025-11-03 17:35:10 | client 0, mask ones: 9, len: 87

2025-11-03 17:35:10 | client 1, mask ones: 9, len: 87
2025-11-03 17:35:10 | id:3,enc time:0.2295215129852295
2025-11-03 17:35:10 | client 3, mask ones: 9, len: 87
2025-11-03 17:35:12 | enc=True, isSpars=topk, cipher_count=True
2025-11-03 17:35:12 | server receive: ciphertext size:15042182 bytes
2025-11-03 17:35:12 | server agg: epoch 5.
2025-11-03 17:35:12 | id:0,dec time:0.1975102424621582
2025-11-03 17:35:12 | id:3,dec time:0.19451045989990234
2025-11-03 17:35:12 | id:2,dec time:0.19301056861877441
2025-11-03 17:35:13 | [E5] acc=98.2300% loss=0.0300 time=4.8200s up=14.3453MB down=0.0000MB cum=86.0777MB (best@6:98.2300%)
2025-11-03 17:35:15 | id:4,train time:2.771785259246826

2025-11-03 17:35:15 | id:2,train time:2.7957849502563477
2025-11-03 17:35:15 | id:0,train time:2.8052847385406494
2025-11-03 17:35:15 | id:4,enc time:0.24451088905334473
2025-11-03 17:35:15 | id:3,enc time:0.245011568069458
2025-11-03 17:35:15 | client 4, mask ones: 9, len: 87
2025-11-03 17:35:15 | id:1,enc time:0.23801016807556152
2025-11-03 17:35:15 | id:2,enc time:0.23351097106933594
2025-11-03 17:35:15 | client 3, mask ones: 9, len: 87
2025-11-03 17:35:15 | id:0,enc time:0.23301124572753906
2025-11-03 17:35:15 | client 1, mask ones: 9, len: 87
2025-11-03 17:35:15 | client 2, mask ones: 9, len: 87
2025-11-03 17:35:15 | client 0, mask ones: 9, len: 87
2025-11-03 17:35:17 | enc=True, isSpars=topk, cipher_count=True
2025-11-03 17:35:17 | server receive: ciphertext size:15042740 bytes
2025-11-03 17:35:17 | server agg: epoch 6.
2025-11-03 17:35:17 | id:0,dec time:0.19451189041137695
2025-11-03 17:35:17 | id:4,dec time:0.19201159477233887
2025-11-03 17:35:17 | id:2,dec time:0.1955108642578125
2025-11-03 17:35:18 | [E6] acc=98.0100% loss=0.0400 time=4.8400s up=14.3459MB down=0.0000MB cum=100.4236MB (best@6:98.2300%)
2025-11-03 17:35:20 | id:4,train time:2.8362927436828613
2025-11-03 17:35:20 | id:2,train time:2.861295461654663
2025-11-03 17:35:20 | id:0,train time:2.891794204711914
2025-11-03 17:35:20 | id:3,train time:2.8832905292510986
2025-11-03 17:35:20 | id:1,train time:2.8787877559661865
2025-11-03 17:35:20 | id:4,enc time:0.2430131435394287
2025-11-03 17:35:20 | client 4, mask ones: 9, len: 87
2025-11-03 17:35:20 | id:2,enc time:0.23002052307128906
2025-11-03 17:35:20 | client 2, mask ones: 9, len: 87
2025-11-03 17:35:20 | id:1,enc time:0.23402047157287598
2025-11-03 17:35:20 | id:3,enc time:0.22801876068115234
2025-11-03 17:35:20 | client 1, mask ones: 9, len: 87
2025-11-03 17:35:20 | id:0,enc time:0.23601937294006348
2025-11-03 17:35:20 | client 3, mask ones: 9, len: 87
2025-11-03 17:35:20 | client 0, mask ones: 9, len: 87
2025-11-03 17:35:21 | enc=True, isSpars=topk, cipher_count=True
2025-11-03 17:35:21 | server receive: ciphertext size:15041656 bytes
2025-11-03 17:35:21 | server agg: epoch 7.
2025-11-03 17:35:22 | id:1,dec time:0.19801020622253418
2025-11-03 17:35:22 | id:3,dec time:0.19901156425476074
2025-11-03 17:35:22 | id:4,dec time:0.19501042366027832
2025-11-03 17:35:22 | id:0,dec time:0.1935110092163086
2025-11-03 17:35:23 | [E7] acc=98.2000% loss=0.0300 time=4.9500s up=14.3448MB down=0.0000MB cum=114.7684MB (best@6:98.2300%)
2025-11-03 17:35:24 | id:4,train time:2.5882534980773926
2025-11-03 17:35:25 | id:2,train time:2.632754325866699
2025-11-03 17:35:25 | id:3,train time:2.5847513675689697
2025-11-03 17:35:25 | id:0,train time:2.6362528800964355
2025-11-03 17:35:25 | id:4,enc time:0.24154376983642578
2025-11-03 17:35:25 | client 4, mask ones: 9, len: 87

2025-11-03 17:35:25 | id:3,enc time:0.2440505027770996
2025-11-03 17:35:25 | client 2, mask ones: 9, len: 87
2025-11-03 17:35:25 | id:1,enc time:0.24355196952819824
2025-11-03 17:35:25 | client 3, mask ones: 9, len: 87
2025-11-03 17:35:25 | id:0,enc time:0.23955225944519043
2025-11-03 17:35:25 | client 1, mask ones: 9, len: 87
2025-11-03 17:35:25 | client 0, mask ones: 9, len: 87
2025-11-03 17:35:26 | enc=True, isSpars=topk, cipher_count=True
2025-11-03 17:35:26 | server receive: ciphertext size:15044062 bytes
2025-11-03 17:35:26 | server agg: epoch 8.
2025-11-03 17:35:26 | id:4,dec time:0.1945199966430664
2025-11-03 17:35:26 | id:2,dec time:0.19851970672607422
2025-11-03 17:35:26 | id:0,dec time:0.19501972198486328
2025-11-03 17:35:26 | id:3,dec time:0.195021390914917

2025-11-03 17:35:28 | [E8] acc=98.1500% loss=0.0300 time=4.6500s up=14.3471MB down=0.0000MB cum=129.1155MB (best@6:98.2300%)
2025-11-03 17:35:29 | id:4,train time:2.665900707244873
2025-11-03 17:35:29 | id:2,train time:2.7189102172851562
2025-11-03 17:35:29 | id:0,train time:2.712909460067749
2025-11-03 17:35:29 | id:4,enc time:0.23352456092834473
2025-11-03 17:35:29 | client 4, mask ones: 9, len: 87
2025-11-03 17:35:30 | id:3,enc time:0.23152565956115723
2025-11-03 17:35:30 | id:0,enc time:0.23152923583984375
2025-11-03 17:35:30 | client 3, mask ones: 9, len: 87
2025-11-03 17:35:30 | client 0, mask ones: 9, len: 87
2025-11-03 17:35:30 | id:1,enc time:0.24953603744506836
2025-11-03 17:35:30 | id:2,enc time:0.24903607368469238
2025-11-03 17:35:30 | client 2, mask ones: 9, len: 87
2025-11-03 17:35:30 | client 1, mask ones: 9, len: 87
2025-11-03 17:35:31 | enc=True, isSpars=topk, cipher_count=True
2025-11-03 17:35:31 | server receive: ciphertext size:15044678 bytes
2025-11-03 17:35:31 | server agg: epoch 9.
2025-11-03 17:35:31 | id:1,dec time:0.19354009628295898
2025-11-03 17:35:31 | id:0,dec time:0.19354009628295898
2025-11-03 17:35:31 | id:3,dec time:0.1935405731201172
2025-11-03 17:35:32 | [E9] acc=98.0500% loss=0.0400 time=4.7300s up=14.3477MB down=0.0000MB cum=143.4633MB (best@6:98.2300%)
2025-11-03 17:35:34 | id:4,train time:3.063410997390747
2025-11-03 17:35:34 | id:3,train time:3.0744152069091797
2025-11-03 17:35:34 | id:0,train time:3.092914342880249
2025-11-03 17:35:34 | id:2,train time:3.0859148502349854
2025-11-03 17:35:34 | id:1,train time:3.1019139289855957
2025-11-03 17:35:35 | id:3,enc time:0.23052263259887695
2025-11-03 17:35:35 | id:4,enc time:0.23352313041687012
2025-11-03 17:35:35 | client 4, mask ones: 9, len: 87
2025-11-03 17:35:35 | id:2,enc time:0.22953009605407715
2025-11-03 17:35:35 | client 3, mask ones: 9, len: 87
2025-11-03 17:35:35 | id:0,enc time:0.23803091049194336
2025-11-03 17:35:35 | client 0, mask ones: 9, len: 87
2025-11-03 17:35:35 | id:1,enc time:0.23502826690673828
2025-11-03 17:35:35 | client 1, mask ones: 9, len: 87
2025-11-03 17:35:36 | enc=True, isSpars=topk, cipher_count=True
2025-11-03 17:35:36 | server receive: ciphertext size:15043053 bytes
2025-11-03 17:35:36 | server agg: epoch 10.
2025-11-03 17:35:36 | id:3,dec time:0.19802045822143555
2025-11-03 17:35:36 | id:1,dec time:0.19751858711242676
2025-11-03 17:35:36 | id:0,dec time:0.19352030754089355
2025-11-03 17:35:37 | [E10] acc=98.0500% loss=0.0400 time=5.1000s up=14.3462MB down=0.0000MB cum=157.8094MB (best@6:98.2300%)
2025-11-03 17:35:39 | id:4,train time:2.794445753097534
2025-11-03 17:35:39 | id:0,train time:2.8559465408325195
2025-11-03 17:35:39 | id:1,train time:2.848945140838623
2025-11-03 17:35:39 | id:3,train time:2.868945837020874
2025-11-03 17:35:40 | id:4,enc time:0.24402713775634766
2025-11-03 17:35:40 | client 4, mask ones: 9, len: 87
2025-11-03 17:35:40 | id:2,enc time:0.24053382873535156
2025-11-03 17:35:40 | id:1,enc time:0.24303221702575684
2025-11-03 17:35:40 | id:0,enc time:0.23403406143188477
2025-11-03 17:35:40 | client 2, mask ones: 9, len: 87
2025-11-03 17:35:40 | id:3,enc time:0.2370290756225586
2025-11-03 17:35:40 | client 1, mask ones: 9, len: 87
2025-11-03 17:35:40 | client 0, mask ones: 9, len: 87
2025-11-03 17:35:40 | client 3, mask ones: 9, len: 87
2025-11-03 17:35:41 | enc=True, isSpars=topk, cipher_count=True
2025-11-03 17:35:41 | server receive: ciphertext size:15044282 bytes
2025-11-03 17:35:41 | server agg: epoch 11.
2025-11-03 17:35:41 | id:1,dec time:0.1970198154449463

2025-11-03 17:35:41 | id:0,dec time:0.19302129745483398
2025-11-03 17:35:41 | id:3,dec time:0.19102072715759277
2025-11-03 17:35:42 | [E11] acc=98.1200% loss=0.0400 time=4.8800s up=14.3473MB down=0.0000MB cum=172.1568MB (best@6:98.2300%)
2025-11-03 17:35:44 | id:4,train time:2.860868215560913

2025-11-03 17:35:44 | id:3,train time:2.8803722858428955
2025-11-03 17:35:44 | id:0,train time:2.8978891372680664
2025-11-03 17:35:44 | id:2,enc time:0.23404383659362793
2025-11-03 17:35:44 | id:4,enc time:0.2370433807373047
2025-11-03 17:35:44 | client 4, mask ones: 9, len: 87
2025-11-03 17:35:44 | id:3,enc time:0.23253202438354492
2025-11-03 17:35:44 | client 2, mask ones: 9, len: 87
2025-11-03 17:35:44 | client 3, mask ones: 9, len: 87
2025-11-03 17:35:44 | id:1,enc time:0.2360215187072754
2025-11-03 17:35:44 | id:0,enc time:0.23502230644226074
2025-11-03 17:35:44 | client 0, mask ones: 9, len: 87
2025-11-03 17:35:44 | client 1, mask ones: 9, len: 87
2025-11-03 17:35:46 | enc=True, isSpars=topk, cipher_count=True
2025-11-03 17:35:46 | server receive: ciphertext size:15044369 bytes
2025-11-03 17:35:46 | server agg: epoch 12.
2025-11-03 17:35:46 | id:1,dec time:0.19600939750671387
2025-11-03 17:35:46 | id:3,dec time:0.19500970840454102
2025-11-03 17:35:46 | id:0,dec time:0.19401049613952637
2025-11-03 17:35:47 | [E12] acc=98.0800% loss=0.0400 time=4.9200s up=14.3474MB down=0.0000MB cum=186.5042MB (best@6:98.2300%)
2025-11-03 17:35:49 | id:4,train time:2.497802734375
2025-11-03 17:35:49 | id:3,train time:2.5168020725250244
2025-11-03 17:35:49 | id:2,train time:2.5063023567199707
2025-11-03 17:35:49 | id:1,train time:2.508802652359009
2025-11-03 17:35:49 | id:0,train time:2.5273027420043945
2025-11-03 17:35:49 | id:4,enc time:0.24551129341125488
2025-11-03 17:35:49 | id:2,enc time:0.23350954055786133
2025-11-03 17:35:49 | id:0,enc time:0.24151372909545898
2025-11-03 17:35:49 | id:1,enc time:0.24451231956481934
2025-11-03 17:35:49 | id:3,enc time:0.24201273918151855
2025-11-03 17:35:49 | client 2, mask ones: 9, len: 87
2025-11-03 17:35:49 | client 0, mask ones: 9, len: 87
2025-11-03 17:35:49 | client 1, mask ones: 9, len: 87
2025-11-03 17:35:49 | client 3, mask ones: 9, len: 87
2025-11-03 17:35:50 | enc=True, isSpars=topk, cipher_count=True
2025-11-03 17:35:50 | server receive: ciphertext size:15044789 bytes
2025-11-03 17:35:50 | server agg: epoch 13.
2025-11-03 17:35:51 | id:3,dec time:0.19601154327392578
2025-11-03 17:35:51 | id:4,dec time:0.1955108642578125
2025-11-03 17:35:51 | id:2,dec time:0.1935107707977295

2025-11-03 17:35:51 | id:0,dec time:0.1935105323791504
2025-11-03 17:35:52 | [E13] acc=97.9600% loss=0.0400 time=4.5200s up=14.3478MB down=0.0000MB cum=200.8520MB (best@6:98.2300%)
2025-11-03 17:35:53 | id:4,train time:2.5172810554504395
2025-11-03 17:35:53 | id:2,train time:2.5367884635925293
2025-11-03 17:35:53 | id:1,train time:2.5422890186309814
2025-11-03 17:35:53 | id:0,train time:2.54178786277771
2025-11-03 17:35:54 | id:4,enc time:0.24201273918151855
2025-11-03 17:35:54 | client 4, mask ones: 9, len: 87
2025-11-03 17:35:54 | id:0,enc time:0.2320115566253662
2025-11-03 17:35:54 | id:1,enc time:0.2390127182006836
2025-11-03 17:35:54 | id:2,enc time:0.24401283264160156
2025-11-03 17:35:54 | client 3, mask ones: 9, len: 87
2025-11-03 17:35:54 | client 0, mask ones: 9, len: 87
2025-11-03 17:35:54 | client 1, mask ones: 9, len: 87
2025-11-03 17:35:54 | client 2, mask ones: 9, len: 87
2025-11-03 17:35:55 | enc=True, isSpars=topk, cipher_count=True
2025-11-03 17:35:55 | server receive: ciphertext size:15043798 bytes
2025-11-03 17:35:55 | server agg: epoch 14.
2025-11-03 17:35:55 | id:2,dec time:0.1950228214263916
2025-11-03 17:35:55 | id:0,dec time:0.19452190399169922
2025-11-03 17:35:55 | id:3,dec time:0.19302129745483398
2025-11-03 17:35:56 | [E14] acc=98.2200% loss=0.0400 time=4.5100s up=14.3469MB down=0.0000MB cum=215.1989MB (best@6:98.2300%)
2025-11-03 17:35:58 | id:0,train time:2.734811782836914
2025-11-03 17:35:58 | id:2,train time:2.741811513900757

2025-11-03 17:35:58 | id:3,train time:2.744311571121216
2025-11-03 17:35:58 | id:3,enc time:0.2325296401977539
2025-11-03 17:35:58 | id:0,enc time:0.2445359230041504
2025-11-03 17:35:58 | id:4,enc time:0.2405388355255127
2025-11-03 17:35:58 | id:2,enc time:0.24502944946289062
2025-11-03 17:35:58 | id:1,enc time:0.24353384971618652
2025-11-03 17:35:58 | client 3, mask ones: 9, len: 87
2025-11-03 17:35:58 | client 4, mask ones: 9, len: 87
2025-11-03 17:35:58 | client 2, mask ones: 9, len: 87
2025-11-03 17:35:58 | client 1, mask ones: 9, len: 87
2025-11-03 17:36:00 | enc=True, isSpars=topk, cipher_count=True
2025-11-03 17:36:00 | server receive: ciphertext size:15045284 bytes
2025-11-03 17:36:00 | server agg: epoch 15.
2025-11-03 17:36:00 | id:4,dec time:0.19851946830749512
2025-11-03 17:36:00 | id:3,dec time:0.19801974296569824
2025-11-03 17:36:00 | id:2,dec time:0.1965196132659912
2025-11-03 17:36:01 | [Converged] round=15, best_acc=98.2300 at round 5
2025-11-03 17:36:01 | server end!
2025-11-03 17:36:01 | [Summary] mode=enc-ckks-topk-0.1 | rounds_run=16 | best_acc=98.2300% (best@6) | time=93.9934s | up=229.5472MB | down=0.0000MB | total=229.5472MB | avg_up/participation=14.3466MB | 
2025-11-03 17:36:02 | Total ciphertext size: 240697713 bytes, size list: [15044450, 15042666, 15042528, 15043635, 15043541, 15042182, 15042740, 15041656, 15044062, 15044678, 15043053, 15044282, 15044369, 15044789, 15043798, 15045284].
2025-11-03 17:36:02 | Accuracy list: [94.65, 97.15, 97.91, 98.03, 97.96, 98.23, 98.01, 98.2, 98.15, 98.05, 98.05, 98.12, 98.08, 97.96, 98.22, 98.22]%.
2025-11-03 17:36:02 | Loss list:[0.14, 0.06, 0.04, 0.04, 0.04, 0.03, 0.04, 0.03, 0.03, 0.04, 0.04, 0.04, 0.04, 0.04, 0.04, 0.04]
2025-11-03 17:36:02 | time list:[20.04, 5.4, 5.44, 5.12, 4.9, 4.82, 4.84, 4.95, 4.65, 4.73, 5.1, 4.88, 4.92, 4.52, 4.51]s
2025-11-03 17:36:02 | Participate list: [16, 16, 16, 16, 16].
2025-11-03 17:36:02 | tmp_len_clusters:[]
2025-11-03 17:36:03 | id:4,train time:2.567800521850586
2025-11-03 17:36:03 | id:0,train time:2.5937998294830322
2025-11-03 17:36:03 | id:2,train time:2.5978007316589355
2025-11-03 17:36:03 | id:1,train time:2.5908007621765137
2025-11-03 17:36:03 | id:3,train time:2.604299783706665
