2025-11-03 17:42:29 | Basic information: device cpu, learning rate 0.001, num clients 5, epochs 100,noniid_method dirichlet,            isEnc True,isBatch True,sparsification topk, client selection False,topk 0.2, enc_batch_size 1024
2025-11-03 17:42:29 | training weights: [0.2, 0.2, 0.2, 0.2, 0.2]
2025-11-03 17:42:29 | testing weights:[0.2, 0.2, 0.2, 0.2, 0.2]
2025-11-03 17:42:29 | client0, train samples 12000,test samples 2000
2025-11-03 17:42:29 | client1, train samples 12000,test samples 2000
2025-11-03 17:42:29 | client2, train samples 12000,test samples 2000
2025-11-03 17:42:29 | client3, train samples 12000,test samples 2000
2025-11-03 17:42:29 | client4, train samples 12000,test samples 2000
2025-11-03 17:42:29 | data split finished!
2025-11-03 17:42:29 | Batch num:44
2025-11-03 17:42:37 | id:0,train time:1.7919201850891113
2025-11-03 17:42:37 | id:0,enc time:0.23853015899658203
2025-11-03 17:42:37 | client 0, mask ones: 9, len: 44
2025-11-03 17:42:40 | id:1,train time:1.751871109008789
2025-11-03 17:42:40 | id:1,enc time:0.23651981353759766
2025-11-03 17:42:40 | client 1, mask ones: 9, len: 44
2025-11-03 17:42:43 | id:2,train time:1.7775812149047852
2025-11-03 17:42:43 | id:2,enc time:0.23502564430236816
2025-11-03 17:42:43 | client 2, mask ones: 9, len: 44
2025-11-03 17:42:46 | id:3,train time:1.820237159729004
2025-11-03 17:42:46 | id:3,enc time:0.2370297908782959
2025-11-03 17:42:46 | client 3, mask ones: 9, len: 44
2025-11-03 17:42:49 | id:4,train time:1.7762196063995361
2025-11-03 17:42:49 | id:4,enc time:0.23501992225646973
2025-11-03 17:42:49 | client 4, mask ones: 9, len: 44
2025-11-03 17:42:51 | enc=True, isSpars=topk, cipher_count=True
2025-11-03 17:42:51 | server receive: ciphertext size:15043255 bytes
2025-11-03 17:42:51 | server agg: epoch 0.
2025-11-03 17:42:51 | id:4,dec time:0.19501090049743652
2025-11-03 17:42:51 | id:0,dec time:0.19401097297668457
2025-11-03 17:42:51 | id:2,dec time:0.19651055335998535
2025-11-03 17:42:52 | [E0] acc=94.7200% loss=0.1400 time=19.9200s up=14.3464MB down=0.0000MB cum=14.3464MB (best@1:94.7200%)
2025-11-03 17:42:54 | id:4,train time:2.348764419555664
2025-11-03 17:42:54 | id:0,train time:2.5477795600891113
2025-11-03 17:42:54 | id:2,train time:2.5587801933288574
2025-11-03 17:42:54 | id:1,train time:2.510782241821289
2025-11-03 17:42:54 | id:3,train time:2.5317811965942383
2025-11-03 17:42:54 | id:4,enc time:0.2875247001647949
2025-11-03 17:42:54 | client 4, mask ones: 9, len: 44
2025-11-03 17:42:54 | id:1,enc time:0.24251937866210938
025-11-03 17:42:54 | id:2,enc time:0.2510182857513428
2025-11-03 17:42:54 | client 2, mask ones: 9, len: 44
2025-11-03 17:42:54 | client 0, mask ones: 9, len: 44
2025-11-03 17:42:54 | client 1, mask ones: 9, len: 44
2025-11-03 17:42:54 | id:3,enc time:0.23301362991333008
2025-11-03 17:42:54 | client 3, mask ones: 9, len: 44
2025-11-03 17:42:56 | enc=True, isSpars=topk, cipher_count=True
2025-11-03 17:42:56 | server receive: ciphertext size:15042956 bytes
2025-11-03 17:42:56 | server agg: epoch 1.
2025-11-03 17:42:56 | id:0,dec time:0.19701027870178223
2025-11-03 17:42:56 | id:3,dec time:0.1935100555419922
2025-11-03 17:42:56 | id:1,dec time:0.19250941276550293
2025-11-03 17:42:56 | id:4,dec time:0.1935102939605713
2025-11-03 17:42:56 | id:2,dec time:0.19251036643981934
2025-11-03 17:42:57 | [E1] acc=97.3800% loss=0.0600 time=4.6400s up=14.3461MB down=0.0000MB cum=28.6924MB (best@2:97.3800%)
2025-11-03 17:42:59 | id:1,train time:2.7902870178222656
2025-11-03 17:42:59 | id:3,train time:2.7872872352600098
2025-11-03 17:42:59 | id:2,train time:2.7182836532592773
2025-11-03 17:42:59 | id:4,train time:2.809786558151245
2025-11-03 17:42:59 | id:1,enc time:0.24053072929382324
2025-11-03 17:42:59 | id:0,enc time:0.24903202056884766
2025-11-03 17:42:59 | id:2,enc time:0.23153138160705566
2025-11-03 17:42:59 | client 3, mask ones: 9, len: 44
2025-11-03 17:42:59 | client 0, mask ones: 9, len: 44
2025-11-03 17:42:59 | client 1, mask ones: 9, len: 44
2025-11-03 17:42:59 | client 4, mask ones: 9, len: 44
2025-11-03 17:42:59 | client 2, mask ones: 9, len: 44
2025-11-03 17:43:00 | enc=True, isSpars=topk, cipher_count=True
2025-11-03 17:43:00 | server receive: ciphertext size:15044582 bytes
2025-11-03 17:43:00 | server agg: epoch 2.
2025-11-03 17:43:01 | id:1,dec time:0.1955256462097168

2025-11-03 17:43:01 | id:2,dec time:0.19802236557006836
2025-11-03 17:43:01 | id:4,dec time:0.19352316856384277
2025-11-03 17:43:01 | id:3,dec time:0.1930253505706787
2025-11-03 17:43:02 | [E2] acc=97.8000% loss=0.0400 time=4.8200s up=14.3476MB down=0.0000MB cum=43.0401MB (best@3:97.8000%)
2025-11-03 17:43:04 | id:4,train time:3.168757677078247
2025-11-03 17:43:04 | id:1,train time:3.1662588119506836
2025-11-03 17:43:04 | id:3,train time:3.168760299682617
2025-11-03 17:43:04 | id:0,train time:3.1817657947540283
2025-11-03 17:43:04 | id:2,train time:3.147261619567871
2025-11-03 17:43:04 | id:4,enc time:0.24154329299926758
2025-11-03 17:43:04 | id:1,enc time:0.2435457706451416
2025-11-03 17:43:04 | client 4, mask ones: 9, len: 44
2025-11-03 17:43:04 | id:0,enc time:0.24903512001037598
2025-11-03 17:43:04 | id:2,enc time:0.24654030799865723
2025-11-03 17:43:04 | client 3, mask ones: 9, len: 44
2025-11-03 17:43:04 | client 1, mask ones: 9, len: 44
2025-11-03 17:43:04 | client 0, mask ones: 9, len: 44
2025-11-03 17:43:04 | client 2, mask ones: 9, len: 44
2025-11-03 17:43:06 | enc=True, isSpars=topk, cipher_count=True
2025-11-03 17:43:06 | server receive: ciphertext size:15045384 bytes
2025-11-03 17:43:06 | server agg: epoch 3.
2025-11-03 17:43:06 | id:0,dec time:0.1975100040435791
2025-11-03 17:43:06 | id:2,dec time:0.19851016998291016
2025-11-03 17:43:06 | id:3,dec time:0.1955103874206543

2025-11-03 17:43:07 | [E3] acc=97.9600% loss=0.0400 time=5.3000s up=14.3484MB down=0.0000MB cum=57.3885MB (best@4:97.9600%)
2025-11-03 17:43:09 | id:4,train time:2.762274742126465

2025-11-03 17:43:09 | id:3,train time:2.777768850326538
2025-11-03 17:43:09 | id:0,train time:2.732276678085327
2025-11-03 17:43:09 | id:4,enc time:0.23451590538024902
2025-11-03 17:43:09 | id:1,enc time:0.24101591110229492
2025-11-03 17:43:09 | client 4, mask ones: 9, len: 44
2025-11-03 17:43:09 | id:2,enc time:0.23551678657531738
2025-11-03 17:43:09 | id:3,enc time:0.24001717567443848
2025-11-03 17:43:09 | client 1, mask ones: 9, len: 44
2025-11-03 17:43:09 | client 2, mask ones: 9, len: 44
2025-11-03 17:43:09 | id:0,enc time:0.23601794242858887
2025-11-03 17:43:09 | client 3, mask ones: 9, len: 44
2025-11-03 17:43:09 | client 0, mask ones: 9, len: 44
2025-11-03 17:43:11 | enc=True, isSpars=topk, cipher_count=True
2025-11-03 17:43:11 | server receive: ciphertext size:15045155 bytes
2025-11-03 17:43:11 | server agg: epoch 4.
2025-11-03 17:43:11 | id:3,dec time:0.19806718826293945
2025-11-03 17:43:11 | id:4,dec time:0.19806671142578125
2025-11-03 17:43:11 | id:2,dec time:0.19051051139831543
2025-11-03 17:43:11 | id:1,dec time:0.1950674057006836
2025-11-03 17:43:12 | [E4] acc=98.0400% loss=0.0400 time=4.8300s up=14.3482MB down=0.0000MB cum=71.7367MB (best@4:97.9600%)
2025-11-03 17:43:15 | id:4,train time:3.6963515281677246
2025-11-03 17:43:15 | id:0,train time:3.732361078262329
2025-11-03 17:43:15 | id:3,train time:3.7258574962615967
2025-11-03 17:43:15 | id:1,train time:3.747861862182617
2025-11-03 17:43:15 | id:2,enc time:0.2385237216949463
2025-11-03 17:43:15 | id:4,enc time:0.2360224723815918
2025-11-03 17:43:15 | client 2, mask ones: 9, len: 44
2025-11-03 17:43:15 | client 4, mask ones: 9, len: 44
2025-11-03 17:43:15 | id:3,enc time:0.23351407051086426
2025-11-03 17:43:15 | id:0,enc time:0.22901511192321777
2025-11-03 17:43:15 | client 3, mask ones: 9, len: 44
2025-11-03 17:43:15 | client 0, mask ones: 9, len: 44
2025-11-03 17:43:15 | id:1,enc time:0.23551416397094727
2025-11-03 17:43:15 | client 1, mask ones: 9, len: 44
2025-11-03 17:43:16 | enc=True, isSpars=topk, cipher_count=True
2025-11-03 17:43:16 | server receive: ciphertext size:15044525 bytes
2025-11-03 17:43:16 | server agg: epoch 5.
2025-11-03 17:43:17 | id:1,dec time:0.194528579711914062025-11-03 17:43:17 | id:2,dec time:0.19202899932861328
2025-11-03 17:43:17 | id:0,dec time:0.1935288906097412
2025-11-03 17:43:18 | [E5] acc=98.2000% loss=0.0300 time=5.7800s up=14.3476MB down=0.0000MB cum=86.0842MB (best@6:98.2000%)
2025-11-03 17:43:20 | id:3,train time:2.69026780128479

2025-11-03 17:43:20 | id:1,train time:2.6887600421905518
2025-11-03 17:43:20 | id:4,train time:2.684260845184326
2025-11-03 17:43:20 | id:0,train time:2.697768211364746
2025-11-03 17:43:20 | id:2,enc time:0.23801231384277344
2025-11-03 17:43:20 | id:4,enc time:0.2345123291015625
2025-11-03 17:43:20 | id:1,enc time:0.23401331901550293
2025-11-03 17:43:20 | id:0,enc time:0.23601341247558594
2025-11-03 17:43:20 | client 3, mask ones: 9, len: 44
2025-11-03 17:43:20 | client 2, mask ones: 9, len: 44
2025-11-03 17:43:20 | client 4, mask ones: 9, len: 44
2025-11-03 17:43:20 | client 1, mask ones: 9, len: 44
2025-11-03 17:43:20 | client 0, mask ones: 9, len: 44
2025-11-03 17:43:21 | enc=True, isSpars=topk, cipher_count=True
2025-11-03 17:43:21 | server receive: ciphertext size:15043102 bytes
2025-11-03 17:43:21 | server agg: epoch 6.
2025-11-03 17:43:21 | id:1,dec time:0.1955111026763916
2025-11-03 17:43:21 | id:2,dec time:0.19601202011108398
2025-11-03 17:43:21 | id:4,dec time:0.1935102939605713

2025-11-03 17:43:23 | [E6] acc=98.0200% loss=0.0400 time=4.8300s up=14.3462MB down=0.0000MB cum=100.4304MB (best@6:98.2000%)
2025-11-03 17:43:25 | id:1,train time:3.4078376293182373
2025-11-03 17:43:25 | id:2,train time:3.4283382892608643
2025-11-03 17:43:25 | id:3,train time:3.436338424682617
2025-11-03 17:43:25 | id:0,train time:3.4368391036987305
2025-11-03 17:43:25 | id:4,enc time:0.2335214614868164
2025-11-03 17:43:25 | id:1,enc time:0.23502159118652344
2025-11-03 17:43:25 | client 1, mask ones: 9, len: 44
2025-11-03 17:43:25 | client 4, mask ones: 9, len: 44

2025-11-03 17:43:25 | id:3,enc time:0.233534574508667
2025-11-03 17:43:25 | id:0,enc time:0.2355334758758545
2025-11-03 17:43:25 | client 3, mask ones: 9, len: 44
2025-11-03 17:43:25 | client 0, mask ones: 9, len: 44
2025-11-03 17:43:27 | enc=True, isSpars=topk, cipher_count=True
2025-11-03 17:43:27 | server receive: ciphertext size:15044572 bytes
2025-11-03 17:43:27 | server agg: epoch 7.
2025-11-03 17:43:27 | id:0,dec time:0.19850921630859375
2025-11-03 17:43:27 | id:3,dec time:0.19601035118103027
2025-11-03 17:43:27 | id:1,dec time:0.19701123237609863
2025-11-03 17:43:28 | [E7] acc=98.1900% loss=0.0300 time=5.3300s up=14.3476MB down=0.0000MB cum=114.7781MB (best@6:98.2000%)
2025-11-03 17:43:30 | id:2,train time:2.7513487339019775
2025-11-03 17:43:30 | id:1,train time:2.7868573665618896
2025-11-03 17:43:30 | id:4,train time:2.790855884552002
2025-11-03 17:43:30 | id:3,train time:2.7903566360473633
2025-11-03 17:43:30 | id:0,train time:2.7958574295043945
2025-11-03 17:43:30 | id:2,enc time:0.23453259468078613
2025-11-03 17:43:30 | client 2, mask ones: 9, len: 44
2025-11-03 17:43:30 | id:1,enc time:0.23452544212341309
2025-11-03 17:43:30 | id:4,enc time:0.23352789878845215
2025-11-03 17:43:30 | id:0,enc time:0.23552751541137695
2025-11-03 17:43:30 | client 3, mask ones: 9, len: 44
2025-11-03 17:43:30 | client 4, mask ones: 9, len: 44
2025-11-03 17:43:30 | client 1, mask ones: 9, len: 44
2025-11-03 17:43:30 | client 0, mask ones: 9, len: 44
2025-11-03 17:43:32 | enc=True, isSpars=topk, cipher_count=True
2025-11-03 17:43:32 | server receive: ciphertext size:15044829 bytes
2025-11-03 17:43:32 | server agg: epoch 8.
2025-11-03 17:43:32 | id:3,dec time:0.20003938674926758
2025-11-03 17:43:32 | id:4,dec time:0.20403766632080078
2025-11-03 17:43:32 | id:0,dec time:0.19654035568237305
2025-11-03 17:43:33 | [E8] acc=98.2600% loss=0.0300 time=4.9500s up=14.3479MB down=0.0000MB cum=129.1259MB (best@6:98.2000%)
2025-11-03 17:43:35 | id:4,train time:2.72281813621521
2025-11-03 17:43:35 | id:1,train time:2.719318389892578
2025-11-03 17:43:35 | id:2,train time:2.6933155059814453
2025-11-03 17:43:35 | id:3,train time:2.754326105117798
2025-11-03 17:43:35 | id:2,enc time:0.24352669715881348
2025-11-03 17:43:35 | id:4,enc time:0.26403045654296875
2025-11-03 17:43:35 | client 1, mask ones: 9, len: 44
2025-11-03 17:43:35 | client 2, mask ones: 9, len: 44
2025-11-03 17:43:35 | id:0,enc time:0.2555272579193115
2025-11-03 17:43:35 | client 4, mask ones: 9, len: 44
2025-11-03 17:43:35 | client 0, mask ones: 9, len: 44
2025-11-03 17:43:35 | id:3,enc time:0.2530210018157959
2025-11-03 17:43:35 | client 3, mask ones: 9, len: 44
2025-11-03 17:43:37 | enc=True, isSpars=topk, cipher_count=True
2025-11-03 17:43:37 | server receive: ciphertext size:15044059 bytes
2025-11-03 17:43:37 | server agg: epoch 9.
2025-11-03 17:43:37 | id:4,dec time:0.19901084899902344
2025-11-03 17:43:37 | id:3,dec time:0.1980133056640625

2025-11-03 17:43:37 | id:1,dec time:0.19202017784118652
2025-11-03 17:43:38 | [E9] acc=98.0600% loss=0.0400 time=4.8200s up=14.3471MB down=0.0000MB cum=143.4731MB (best@6:98.2000%)
2025-11-03 17:43:40 | id:2,train time:2.98683404922485352025-11-03 17:43:40 | id:3,train time:2.9823336601257324
2025-11-03 17:43:40 | id:4,train time:2.9768338203430176
2025-11-03 17:43:40 | id:0,train time:3.028834104537964
2025-11-03 17:43:40 | id:3,enc time:0.2410275936126709

2025-11-03 17:43:40 | client 3, mask ones: 9, len: 44

2025-11-03 17:43:40 | id:4,enc time:0.2500283718109131
2025-11-03 17:43:40 | client 1, mask ones: 9, len: 44
2025-11-03 17:43:40 | client 2, mask ones: 9, len: 44
2025-11-03 17:43:40 | client 4, mask ones: 9, len: 44
2025-11-03 17:43:40 | id:0,enc time:0.23803448677062988
2025-11-03 17:43:40 | client 0, mask ones: 9, len: 44
2025-11-03 17:43:42 | enc=True, isSpars=topk, cipher_count=True
2025-11-03 17:43:42 | server receive: ciphertext size:15042716 bytes
2025-11-03 17:43:42 | server agg: epoch 10.
2025-11-03 17:43:42 | id:0,dec time:0.1950206756591797
2025-11-03 17:43:42 | id:1,dec time:0.1920166015625
2025-11-03 17:43:42 | id:4,dec time:0.19101929664611816
2025-11-03 17:43:42 | id:3,dec time:0.20651602745056152
2025-11-03 17:43:43 | [E10] acc=98.2300% loss=0.0400 time=5.0300s up=14.3459MB down=0.0000MB cum=157.8189MB (best@6:98.2000%)
2025-11-03 17:43:45 | id:4,train time:3.3864567279815674
2025-11-03 17:43:45 | id:3,train time:3.3959572315216064
2025-11-03 17:43:45 | id:1,train time:3.3884570598602295
2025-11-03 17:43:45 | id:2,train time:3.400456190109253
2025-11-03 17:43:45 | id:0,train time:3.415956497192383
2025-11-03 17:43:46 | id:4,enc time:0.25851964950561523
2025-11-03 17:43:46 | id:0,enc time:0.24502229690551758
2025-11-03 17:43:46 | id:1,enc time:0.25401973724365234
2025-11-03 17:43:46 | id:2,enc time:0.24552202224731445
2025-11-03 17:43:46 | client 4, mask ones: 9, len: 44
2025-11-03 17:43:46 | client 1, mask ones: 9, len: 44
2025-11-03 17:43:46 | client 0, mask ones: 9, len: 44

2025-11-03 17:43:46 | client 2, mask ones: 9, len: 44
2025-11-03 17:43:46 | client 3, mask ones: 9, len: 44
2025-11-03 17:43:47 | enc=True, isSpars=topk, cipher_count=True
2025-11-03 17:43:47 | server receive: ciphertext size:15044122 bytes
2025-11-03 17:43:47 | server agg: epoch 11.
2025-11-03 17:43:47 | id:1,dec time:0.1980133056640625
2025-11-03 17:43:47 | id:2,dec time:0.1980133056640625
2025-11-03 17:43:47 | id:4,dec time:0.19151878356933594
2025-11-03 17:43:47 | id:3,dec time:0.22052240371704102
2025-11-03 17:43:49 | [E11] acc=97.9600% loss=0.0400 time=5.5700s up=14.3472MB down=0.0000MB cum=172.1661MB (best@6:98.2000%)
2025-11-03 17:43:51 | id:1,train time:3.155824899673462
2025-11-03 17:43:51 | id:3,train time:3.176826238632202
2025-11-03 17:43:51 | id:2,train time:3.1818270683288574
2025-11-03 17:43:51 | id:4,train time:3.1748275756835938
2025-11-03 17:43:51 | id:0,train time:3.1908347606658936
2025-11-03 17:43:51 | id:1,enc time:0.2500491142272949
2025-11-03 17:43:51 | id:3,enc time:0.23404741287231445
2025-11-03 17:43:51 | id:4,enc time:0.2435441017150879
2025-11-03 17:43:51 | client 4, mask ones: 9, len: 44

2025-11-03 17:43:51 | client 2, mask ones: 9, len: 44
2025-11-03 17:43:51 | id:0,enc time:0.24853968620300293
2025-11-03 17:43:51 | client 0, mask ones: 9, len: 44
2025-11-03 17:43:53 | enc=True, isSpars=topk, cipher_count=True
2025-11-03 17:43:53 | server receive: ciphertext size:15044252 bytes
2025-11-03 17:43:53 | server agg: epoch 12.
2025-11-03 17:43:53 | id:4,dec time:0.19404387474060059
2025-11-03 17:43:53 | id:1,dec time:0.21454358100891113
2025-11-03 17:43:53 | id:2,dec time:0.21254229545593262
2025-11-03 17:43:54 | [E12] acc=97.7700% loss=0.0500 time=5.3300s up=14.3473MB down=0.0000MB cum=186.5134MB (best@6:98.2000%)
2025-11-03 17:43:56 | id:4,train time:3.2039058208465576
2025-11-03 17:43:56 | id:3,train time:3.1799070835113525
2025-11-03 17:43:56 | id:1,train time:3.1979029178619385
2025-11-03 17:43:56 | id:2,train time:3.2044074535369873
2025-11-03 17:43:56 | id:0,train time:3.2119085788726807
2025-11-03 17:43:56 | id:4,enc time:0.25002360343933105
2025-11-03 17:43:56 | client 4, mask ones: 9, len: 44
2025-11-03 17:43:56 | id:1,enc time:0.243539094924926762025-11-03 17:43:56 | id:2,enc time:0.24103641510009766
2025-11-03 17:43:56 | client 3, mask ones: 9, len: 44
2025-11-03 17:43:56 | id:0,enc time:0.23803234100341797
2025-11-03 17:43:56 | client 2, mask ones: 9, len: 44
2025-11-03 17:43:56 | client 1, mask ones: 9, len: 44
2025-11-03 17:43:56 | client 0, mask ones: 9, len: 44
2025-11-03 17:43:58 | enc=True, isSpars=topk, cipher_count=True
2025-11-03 17:43:58 | server receive: ciphertext size:15041716 bytes
2025-11-03 17:43:58 | server agg: epoch 13.
2025-11-03 17:43:58 | id:1,dec time:0.19602560997009277
2025-11-03 17:43:58 | id:2,dec time:0.19852948188781738
2025-11-03 17:43:59 | [E13] acc=98.0000% loss=0.0400 time=5.3700s up=14.3449MB down=0.0000MB cum=200.8583MB (best@6:98.2000%)
2025-11-03 17:44:01 | id:1,train time:3.1238303184509277
2025-11-03 17:44:01 | id:4,train time:3.133831262588501
2025-11-03 17:44:01 | id:2,train time:3.0798280239105225
2025-11-03 17:44:01 | id:0,train time:3.154829502105713
2025-11-03 17:44:02 | id:1,enc time:0.27251505851745605
2025-11-03 17:44:02 | client 1, mask ones: 9, len: 44
2025-11-03 17:44:02 | id:2,enc time:0.2860219478607178

2025-11-03 17:44:02 | id:3,enc time:0.286024808883667
2025-11-03 17:44:02 | client 3, mask ones: 9, len: 44
2025-11-03 17:44:02 | client 2, mask ones: 9, len: 44
2025-11-03 17:44:02 | id:0,enc time:0.2790243625640869
2025-11-03 17:44:02 | client 4, mask ones: 9, len: 44
2025-11-03 17:44:02 | client 0, mask ones: 9, len: 44
2025-11-03 17:44:03 | enc=True, isSpars=topk, cipher_count=True
2025-11-03 17:44:03 | server receive: ciphertext size:15043193 bytes
2025-11-03 17:44:03 | server agg: epoch 14.
2025-11-03 17:44:03 | id:4,dec time:0.20002317428588867
2025-11-03 17:44:03 | id:2,dec time:0.20002317428588867
2025-11-03 17:44:03 | id:1,dec time:0.20502829551696777
2025-11-03 17:44:05 | [E14] acc=98.0100% loss=0.0400 time=5.2300s up=14.3463MB down=0.0000MB cum=215.2046MB (best@6:98.2000%)
2025-11-03 17:44:07 | id:2,train time:3.576403856277466
2025-11-03 17:44:07 | id:0,train time:3.605408191680908
2025-11-03 17:44:07 | id:1,train time:3.6099092960357666
2025-11-03 17:44:07 | id:3,enc time:0.24553298950195312
2025-11-03 17:44:07 | id:2,enc time:0.24553298950195312
2025-11-03 17:44:07 | client 2, mask ones: 9, len: 44
2025-11-03 17:44:07 | id:4,enc time:0.24702811241149902
2025-11-03 17:44:07 | id:0,enc time:0.2430248260498047
2025-11-03 17:44:07 | client 3, mask ones: 9, len: 44
2025-11-03 17:44:07 | client 0, mask ones: 9, len: 44

2025-11-03 17:44:07 | client 4, mask ones: 9, len: 44
2025-11-03 17:44:07 | client 1, mask ones: 9, len: 44
2025-11-03 17:44:09 | enc=True, isSpars=topk, cipher_count=True
2025-11-03 17:44:09 | server receive: ciphertext size:15044611 bytes
2025-11-03 17:44:09 | server agg: epoch 15.
2025-11-03 17:44:09 | id:3,dec time:0.19851016998291016
2025-11-03 17:44:09 | id:2,dec time:0.19651150703430176
2025-11-03 17:44:09 | id:0,dec time:0.19701051712036133
2025-11-03 17:44:10 | [Converged] round=15, best_acc=98.2000 at round 5
2025-11-03 17:44:10 | server end!
2025-11-03 17:44:10 | [Summary] mode=enc-ckks-topk-0.2 | rounds_run=16 | best_acc=98.2000% (best@6) | time=97.9272s | up=229.5523MB | down=0.0000MB | total=229.5523MB | avg_up/participation=14.3470MB | 
2025-11-03 17:44:11 | Total ciphertext size: 240703029 bytes, size list: [15043255, 15042956, 15044582, 15045384, 15045155, 15044525, 15043102, 15044572, 15044829, 15044059, 15042716, 15044122, 15044252, 15041716, 15043193, 15044611].
2025-11-03 17:44:11 | Accuracy list: [94.72, 97.38, 97.8, 97.96, 98.04, 98.2, 98.02, 98.19, 98.26, 98.06, 98.23, 97.96, 97.77, 98.0, 98.01, 98.13]%.
2025-11-03 17:44:11 | Loss list:[0.14, 0.06, 0.04, 0.04, 0.04, 0.03, 0.04, 0.03, 0.03, 0.04, 0.04, 0.04, 0.05, 0.04, 0.04, 0.04]
2025-11-03 17:44:11 | time list:[19.92, 4.64, 4.82, 5.3, 4.83, 5.78, 4.83, 5.33, 4.95, 4.82, 5.03, 5.57, 5.33, 5.37, 5.23]s
2025-11-03 17:44:11 | Participate list: [16, 16, 16, 16, 16].
2025-11-03 17:44:11 | tmp_len_clusters:[]
2025-11-03 17:44:12 | id:1,train time:3.183711290359497

2025-11-03 17:44:12 | id:0,train time:3.1582083702087402
2025-11-03 17:44:12 | id:4,train time:3.1772100925445557
2025-11-03 17:44:13 | id:3,train time:3.1847102642059326
