2025-11-03 17:39:51 | Basic information: device cpu, learning rate 0.001, num clients 5, epochs 100,noniid_method dirichlet,            isEnc True,isBatch True,sparsification topk, client selection False,topk 0.2, enc_batch_size 2048
2025-11-03 17:39:51 | training weights: [0.2, 0.2, 0.2, 0.2, 0.2]
2025-11-03 17:39:51 | testing weights:[0.2, 0.2, 0.2, 0.2, 0.2]
2025-11-03 17:39:51 | client0, train samples 12000,test samples 2000
2025-11-03 17:39:51 | client1, train samples 12000,test samples 2000
2025-11-03 17:39:51 | client2, train samples 12000,test samples 2000
2025-11-03 17:39:51 | client3, train samples 12000,test samples 2000
2025-11-03 17:39:51 | client4, train samples 12000,test samples 2000
2025-11-03 17:39:51 | data split finished!
2025-11-03 17:39:51 | Batch num:22
2025-11-03 17:39:59 | id:0,train time:1.826512098312378
2025-11-03 17:39:59 | id:0,enc time:0.22153306007385254
2025-11-03 17:39:59 | client 0, mask ones: 5, len: 22
2025-11-03 17:40:02 | id:1,train time:1.7295751571655273
2025-11-03 17:40:02 | id:1,enc time:0.21902680397033691
2025-11-03 17:40:02 | client 1, mask ones: 5, len: 22
2025-11-03 17:40:05 | id:2,train time:1.780613899230957
2025-11-03 17:40:06 | id:2,enc time:0.2225186824798584
2025-11-03 17:40:06 | client 2, mask ones: 5, len: 22
2025-11-03 17:40:08 | id:3,train time:1.8937225341796875
2025-11-03 17:40:09 | id:3,enc time:0.21901965141296387
2025-11-03 17:40:09 | client 3, mask ones: 5, len: 22
2025-11-03 17:40:11 | id:4,train time:1.784775972366333
2025-11-03 17:40:12 | id:4,enc time:0.22951912879943848
2025-11-03 17:40:12 | client 4, mask ones: 5, len: 22
2025-11-03 17:40:13 | enc=True, isSpars=topk, cipher_count=True
2025-11-03 17:40:13 | server receive: ciphertext size:8356291 bytes
2025-11-03 17:40:13 | server agg: epoch 0.
2025-11-03 17:40:13 | id:4,dec time:0.19350886344909668
2025-11-03 17:40:13 | id:2,dec time:0.1950085163116455

2025-11-03 17:40:13 | id:1,dec time:0.19801115989685059
2025-11-03 17:40:14 | [E0] acc=95.0700% loss=0.1200 time=19.9300s up=7.9692MB down=0.0000MB cum=7.9692MB (best@1:95.0700%)
2025-11-03 17:40:16 | id:4,train time:2.5727763175964355
2025-11-03 17:40:16 | id:3,train time:2.767806053161621
2025-11-03 17:40:16 | id:0,train time:2.807304620742798

2025-11-03 17:40:16 | id:4,enc time:0.30253028869628906
2025-11-03 17:40:16 | client 4, mask ones: 5, len: 22
2025-11-03 17:40:16 | id:1,enc time:0.2170116901397705
2025-11-03 17:40:16 | id:3,enc time:0.2130129337310791
2025-11-03 17:40:16 | client 3, mask ones: 5, len: 22
2025-11-03 17:40:16 | client 1, mask ones: 5, len: 22
2025-11-03 17:40:16 | id:2,enc time:0.21151518821716309
2025-11-03 17:40:16 | id:0,enc time:0.21451544761657715
2025-11-03 17:40:16 | client 0, mask ones: 5, len: 22
2025-11-03 17:40:16 | client 2, mask ones: 5, len: 22
2025-11-03 17:40:18 | enc=True, isSpars=topk, cipher_count=True
2025-11-03 17:40:18 | server receive: ciphertext size:8357461 bytes
2025-11-03 17:40:18 | server agg: epoch 1.
2025-11-03 17:40:18 | id:3,dec time:0.19051122665405273
2025-11-03 17:40:18 | id:4,dec time:0.18751096725463867
2025-11-03 17:40:18 | id:2,dec time:0.20701074600219727
2025-11-03 17:40:18 | id:0,dec time:0.2035081386566162
2025-11-03 17:40:18 | id:1,dec time:0.204010009765625
2025-11-03 17:40:19 | [E1] acc=97.3900% loss=0.0600 time=4.6600s up=7.9703MB down=0.0000MB cum=15.9395MB (best@2:97.3900%)
2025-11-03 17:40:21 | id:3,train time:2.6542701721191406
2025-11-03 17:40:21 | id:2,train time:2.6132729053497314
2025-11-03 17:40:21 | id:1,train time:2.6137726306915283
2025-11-03 17:40:21 | id:3,enc time:0.21652007102966309
2025-11-03 17:40:21 | id:4,enc time:0.2245194911956787
2025-11-03 17:40:21 | client 4, mask ones: 5, len: 22
2025-11-03 17:40:21 | id:1,enc time:0.2265167236328125
2025-11-03 17:40:21 | id:0,enc time:0.22801947593688965
2025-11-03 17:40:21 | id:2,enc time:0.22501683235168457
2025-11-03 17:40:21 | client 1, mask ones: 5, len: 22
2025-11-03 17:40:21 | client 0, mask ones: 5, len: 22
2025-11-03 17:40:21 | client 2, mask ones: 5, len: 22
2025-11-03 17:40:22 | enc=True, isSpars=topk, cipher_count=True
2025-11-03 17:40:22 | server receive: ciphertext size:8357998 bytes
2025-11-03 17:40:22 | server agg: epoch 2.
2025-11-03 17:40:22 | id:1,dec time:0.19250941276550293
2025-11-03 17:40:22 | id:4,dec time:0.19350004196166992
2025-11-03 17:40:22 | id:3,dec time:0.18949556350708008
2025-11-03 17:40:22 | id:0,dec time:0.20650935173034668
2025-11-03 17:40:24 | [E2] acc=97.8800% loss=0.0400 time=4.5900s up=7.9708MB down=0.0000MB cum=23.9103MB (best@3:97.8800%)
2025-11-03 17:40:25 | id:4,train time:2.6447746753692627
2025-11-03 17:40:25 | id:3,train time:2.663774251937866
2025-11-03 17:40:25 | id:0,train time:2.5712666511535645
2025-11-03 17:40:26 | id:4,enc time:0.22501206398010254
2025-11-03 17:40:26 | client 4, mask ones: 5, len: 22

2025-11-03 17:40:26 | client 1, mask ones: 5, len: 22
2025-11-03 17:40:26 | id:3,enc time:0.2235126495361328
2025-11-03 17:40:26 | client 3, mask ones: 5, len: 22
2025-11-03 17:40:26 | id:0,enc time:0.21851301193237305
2025-11-03 17:40:26 | client 0, mask ones: 5, len: 22
2025-11-03 17:40:26 | client 2, mask ones: 5, len: 22
2025-11-03 17:40:27 | enc=True, isSpars=topk, cipher_count=True
2025-11-03 17:40:27 | server receive: ciphertext size:8356476 bytes
2025-11-03 17:40:27 | server agg: epoch 3.
2025-11-03 17:40:27 | id:3,dec time:0.20400714874267578
2025-11-03 17:40:27 | id:4,dec time:0.22250962257385254
2025-11-03 17:40:27 | id:2,dec time:0.22000980377197266
2025-11-03 17:40:27 | id:0,dec time:0.22050714492797852
2025-11-03 17:40:28 | [E3] acc=97.9300% loss=0.0400 time=4.5300s up=7.9694MB down=0.0000MB cum=31.8796MB (best@3:97.8800%)
2025-11-03 17:40:30 | id:4,train time:2.8683016300201416
2025-11-03 17:40:30 | id:3,train time:2.929800271987915
2025-11-03 17:40:30 | id:0,train time:2.8908026218414307
2025-11-03 17:40:30 | id:4,enc time:0.2230212688446045
2025-11-03 17:40:30 | id:2,enc time:0.23552322387695312
2025-11-03 17:40:30 | client 4, mask ones: 5, len: 22
2025-11-03 17:40:30 | client 2, mask ones: 5, len: 22
2025-11-03 17:40:30 | id:3,enc time:0.21752309799194336
2025-11-03 17:40:30 | client 3, mask ones: 5, len: 22
2025-11-03 17:40:30 | id:1,enc time:0.22702980041503906
2025-11-03 17:40:30 | client 1, mask ones: 5, len: 22
2025-11-03 17:40:30 | id:0,enc time:0.20852422714233398
2025-11-03 17:40:30 | client 0, mask ones: 5, len: 22
2025-11-03 17:40:32 | enc=True, isSpars=topk, cipher_count=True
2025-11-03 17:40:32 | server receive: ciphertext size:8356544 bytes
2025-11-03 17:40:32 | server agg: epoch 4.
2025-11-03 17:40:32 | id:0,dec time:0.19701695442199707
2025-11-03 17:40:32 | id:4,dec time:0.2000265121459961
2025-11-03 17:40:32 | id:2,dec time:0.19602322578430176
2025-11-03 17:40:32 | id:1,dec time:0.20652174949645996
2025-11-03 17:40:33 | [E4] acc=97.9500% loss=0.0400 time=4.8000s up=7.9694MB down=0.0000MB cum=39.8491MB (best@3:97.8800%)
2025-11-03 17:40:35 | id:4,train time:2.706270217895508
2025-11-03 17:40:35 | id:2,train time:2.735778331756592
2025-11-03 17:40:35 | id:0,train time:2.7627880573272705
2025-11-03 17:40:35 | id:1,train time:2.703775644302368
2025-11-03 17:40:35 | id:2,enc time:0.22403240203857422
2025-11-03 17:40:35 | id:4,enc time:0.21853017807006836
2025-11-03 17:40:35 | client 3, mask ones: 5, len: 22
2025-11-03 17:40:35 | id:0,enc time:0.21603941917419434
2025-11-03 17:40:35 | client 4, mask ones: 5, len: 22
2025-11-03 17:40:35 | client 2, mask ones: 5, len: 22
2025-11-03 17:40:35 | client 0, mask ones: 5, len: 22
2025-11-03 17:40:35 | id:1,enc time:0.21452569961547852
2025-11-03 17:40:35 | client 1, mask ones: 5, len: 22
2025-11-03 17:40:36 | enc=True, isSpars=topk, cipher_count=True
2025-11-03 17:40:36 | server receive: ciphertext size:8356216 bytes
2025-11-03 17:40:36 | server agg: epoch 5.
2025-11-03 17:40:36 | id:1,dec time:0.19751548767089844
2025-11-03 17:40:36 | id:4,dec time:0.194016695022583
2025-11-03 17:40:36 | id:0,dec time:0.19351816177368164
2025-11-03 17:40:38 | [E5] acc=98.1100% loss=0.0300 time=4.5500s up=7.9691MB down=0.0000MB cum=47.8182MB (best@6:98.1100%)
2025-11-03 17:40:40 | id:4,train time:3.2603251934051514
2025-11-03 17:40:40 | id:1,train time:3.282327651977539

2025-11-03 17:40:40 | id:2,train time:3.270328998565674
2025-11-03 17:40:40 | id:0,train time:3.2973380088806152
2025-11-03 17:40:40 | id:4,enc time:0.22754645347595215
2025-11-03 17:40:40 | client 4, mask ones: 5, len: 22

2025-11-03 17:40:40 | id:3,enc time:0.22204184532165527
2025-11-03 17:40:40 | client 2, mask ones: 5, len: 22
2025-11-03 17:40:40 | client 3, mask ones: 5, len: 22
2025-11-03 17:40:40 | id:1,enc time:0.2260453701019287
2025-11-03 17:40:40 | id:0,enc time:0.22203516960144043
2025-11-03 17:40:40 | client 1, mask ones: 5, len: 22
2025-11-03 17:40:40 | client 0, mask ones: 5, len: 22
2025-11-03 17:40:41 | enc=True, isSpars=topk, cipher_count=True
2025-11-03 17:40:41 | server receive: ciphertext size:8357699 bytes
2025-11-03 17:40:41 | server agg: epoch 6.
2025-11-03 17:40:42 | id:3,dec time:0.19901823997497559
2025-11-03 17:40:42 | id:4,dec time:0.19701910018920898
2025-11-03 17:40:42 | id:0,dec time:0.196519136428833
2025-11-03 17:40:42 | id:2,dec time:0.1925203800201416

2025-11-03 17:40:43 | [E6] acc=98.1600% loss=0.0300 time=5.1300s up=7.9705MB down=0.0000MB cum=55.7887MB (best@6:98.1100%)
2025-11-03 17:40:45 | id:4,train time:2.7482876777648926
2025-11-03 17:40:45 | id:0,train time:2.757296562194824
2025-11-03 17:40:45 | id:2,train time:2.7677948474884033
2025-11-03 17:40:45 | id:1,train time:2.7667973041534424
2025-11-03 17:40:45 | id:0,enc time:0.2205214500427246

2025-11-03 17:40:45 | id:4,enc time:0.22152018547058105
2025-11-03 17:40:45 | client 4, mask ones: 5, len: 22
2025-11-03 17:40:45 | client 3, mask ones: 5, len: 22
2025-11-03 17:40:45 | client 0, mask ones: 5, len: 22
2025-11-03 17:40:45 | id:2,enc time:0.21802115440368652
2025-11-03 17:40:45 | client 2, mask ones: 5, len: 22
2025-11-03 17:40:45 | id:1,enc time:0.22352123260498047
2025-11-03 17:40:45 | client 1, mask ones: 5, len: 22
2025-11-03 17:40:46 | enc=True, isSpars=topk, cipher_count=True
2025-11-03 17:40:46 | server receive: ciphertext size:8357596 bytes
2025-11-03 17:40:46 | server agg: epoch 7.
2025-11-03 17:40:46 | id:2,dec time:0.1930253505706787

2025-11-03 17:40:46 | id:4,dec time:0.19502711296081543
2025-11-03 17:40:46 | id:3,dec time:0.19702529907226562
2025-11-03 17:40:47 | [E7] acc=98.1100% loss=0.0300 time=4.6100s up=7.9704MB down=0.0000MB cum=63.7591MB (best@6:98.1100%)
2025-11-03 17:40:49 | id:3,train time:2.617793321609497

2025-11-03 17:40:49 | id:2,train time:2.632793426513672

2025-11-03 17:40:49 | id:0,train time:2.6562931537628174
2025-11-03 17:40:49 | id:4,enc time:0.22402429580688477
2025-11-03 17:40:49 | id:2,enc time:0.22302675247192383
2025-11-03 17:40:49 | client 3, mask ones: 5, len: 22
2025-11-03 17:40:49 | client 4, mask ones: 5, len: 22
2025-11-03 17:40:49 | id:1,enc time:0.2250230312347412
2025-11-03 17:40:49 | client 2, mask ones: 5, len: 22
2025-11-03 17:40:49 | client 1, mask ones: 5, len: 22

2025-11-03 17:40:49 | client 0, mask ones: 5, len: 22
2025-11-03 17:40:51 | enc=True, isSpars=topk, cipher_count=True
2025-11-03 17:40:51 | server receive: ciphertext size:8356657 bytes
2025-11-03 17:40:51 | server agg: epoch 8.
2025-11-03 17:40:51 | id:1,dec time:0.19551777839660645
2025-11-03 17:40:51 | id:3,dec time:0.1940171718597412
2025-11-03 17:40:51 | id:2,dec time:0.19601726531982422
2025-11-03 17:40:52 | [E8] acc=98.1000% loss=0.0300 time=4.5000s up=7.9695MB down=0.0000MB cum=71.7286MB (best@6:98.1100%)
2025-11-03 17:40:54 | id:0,train time:2.7523932456970215
2025-11-03 17:40:54 | id:1,train time:2.7633936405181885
2025-11-03 17:40:54 | id:2,train time:2.7358927726745605
2025-11-03 17:40:54 | id:3,train time:2.7718918323516846
2025-11-03 17:40:54 | id:0,enc time:0.21951985359191895
2025-11-03 17:40:54 | id:2,enc time:0.21501874923706055
2025-11-03 17:40:54 | id:1,enc time:0.223020076751708982025-11-03 17:40:54 | client 4, mask ones: 5, len: 22
2025-11-03 17:40:54 | client 2, mask ones: 5, len: 22
2025-11-03 17:40:54 | client 0, mask ones: 5, len: 22
2025-11-03 17:40:54 | client 1, mask ones: 5, len: 22
2025-11-03 17:40:54 | client 3, mask ones: 5, len: 22
2025-11-03 17:40:55 | enc=True, isSpars=topk, cipher_count=True
2025-11-03 17:40:55 | server receive: ciphertext size:8358905 bytes
2025-11-03 17:40:55 | server agg: epoch 9.
2025-11-03 17:40:55 | id:2,dec time:0.1920163631439209
2025-11-03 17:40:55 | id:0,dec time:0.19501709938049316
2025-11-03 17:40:55 | id:3,dec time:0.19401931762695312
2025-11-03 17:40:55 | id:4,dec time:0.19151639938354492
2025-11-03 17:40:55 | id:1,dec time:0.1945171356201172
2025-11-03 17:40:57 | [E9] acc=98.0900% loss=0.0400 time=4.5400s up=7.9717MB down=0.0000MB cum=79.7003MB (best@6:98.1100%)
2025-11-03 17:40:59 | id:4,train time:3.3349430561065674
2025-11-03 17:40:59 | id:2,train time:3.361943006515503
2025-11-03 17:40:59 | id:1,train time:3.375943899154663
2025-11-03 17:40:59 | id:4,enc time:0.2225208282470703
2025-11-03 17:40:59 | client 4, mask ones: 5, len: 22
2025-11-03 17:40:59 | id:3,enc time:0.22102141380310059
2025-11-03 17:40:59 | id:1,enc time:0.2120194435119629
2025-11-03 17:40:59 | id:2,enc time:0.22002124786376953
2025-11-03 17:40:59 | client 0, mask ones: 5, len: 22
2025-11-03 17:40:59 | client 3, mask ones: 5, len: 22
2025-11-03 17:40:59 | client 1, mask ones: 5, len: 22
2025-11-03 17:40:59 | client 2, mask ones: 5, len: 22
2025-11-03 17:41:00 | enc=True, isSpars=topk, cipher_count=True
2025-11-03 17:41:00 | server receive: ciphertext size:8354508 bytes
2025-11-03 17:41:00 | server agg: epoch 10.
2025-11-03 17:41:01 | id:2,dec time:0.19401955604553223
2025-11-03 17:41:01 | id:0,dec time:0.19601941108703613
2025-11-03 17:41:01 | id:1,dec time:0.19351935386657715
2025-11-03 17:41:02 | [E10] acc=98.1100% loss=0.0400 time=5.2100s up=7.9675MB down=0.0000MB cum=87.6678MB (best@6:98.1100%)
2025-11-03 17:41:04 | id:4,train time:2.988877058029175

2025-11-03 17:41:04 | id:3,train time:3.006877899169922
2025-11-03 17:41:04 | id:1,train time:3.0218777656555176
2025-11-03 17:41:04 | id:4,enc time:0.21551942825317383
2025-11-03 17:41:04 | id:2,enc time:0.2140204906463623
2025-11-03 17:41:04 | client 4, mask ones: 5, len: 22
2025-11-03 17:41:04 | id:3,enc time:0.2120215892791748
2025-11-03 17:41:04 | id:0,enc time:0.20801877975463867
2025-11-03 17:41:04 | client 2, mask ones: 5, len: 22
2025-11-03 17:41:04 | client 3, mask ones: 5, len: 22
2025-11-03 17:41:04 | id:1,enc time:0.21252012252807617
2025-11-03 17:41:04 | client 0, mask ones: 5, len: 22
2025-11-03 17:41:04 | client 1, mask ones: 5, len: 22
2025-11-03 17:41:05 | enc=True, isSpars=topk, cipher_count=True
2025-11-03 17:41:05 | server receive: ciphertext size:8358472 bytes
2025-11-03 17:41:05 | server agg: epoch 11.
2025-11-03 17:41:05 | id:0,dec time:0.19601082801818848
2025-11-03 17:41:05 | id:4,dec time:0.1935107707977295
2025-11-03 17:41:05 | id:3,dec time:0.19601082801818848
2025-11-03 17:41:05 | id:1,dec time:0.19251084327697754
2025-11-03 17:41:05 | id:2,dec time:0.19150972366333008
2025-11-03 17:41:07 | [E11] acc=98.0000% loss=0.0400 time=4.8600s up=7.9713MB down=0.0000MB cum=95.6391MB (best@6:98.1100%)
2025-11-03 17:41:08 | id:4,train time:2.763280153274536
2025-11-03 17:41:08 | id:3,train time:2.788285732269287
2025-11-03 17:41:08 | id:2,train time:2.785285234451294
2025-11-03 17:41:08 | id:0,train time:2.7852847576141357
2025-11-03 17:41:08 | id:1,train time:2.808795213699341
2025-11-03 17:41:09 | id:4,enc time:0.22902464866638184
2025-11-03 17:41:09 | id:0,enc time:0.21301960945129395
2025-11-03 17:41:09 | client 2, mask ones: 5, len: 22
2025-11-03 17:41:09 | id:3,enc time:0.22102022171020508
2025-11-03 17:41:09 | id:1,enc time:0.21001625061035156
2025-11-03 17:41:09 | client 4, mask ones: 5, len: 22
2025-11-03 17:41:09 | client 0, mask ones: 5, len: 22
2025-11-03 17:41:09 | client 3, mask ones: 5, len: 22
2025-11-03 17:41:09 | client 1, mask ones: 5, len: 22
2025-11-03 17:41:10 | enc=True, isSpars=topk, cipher_count=True
2025-11-03 17:41:10 | server receive: ciphertext size:8358135 bytes
2025-11-03 17:41:10 | server agg: epoch 12.
2025-11-03 17:41:10 | id:1,dec time:0.19451379776000977
2025-11-03 17:41:10 | id:2,dec time:0.19551539421081543
2025-11-03 17:41:10 | id:3,dec time:0.19301462173461914
2025-11-03 17:41:10 | id:4,dec time:0.19351577758789062
2025-11-03 17:41:11 | [E12] acc=98.2300% loss=0.0300 time=4.6500s up=7.9709MB down=0.0000MB cum=103.6100MB (best@13:98.2300%)
2025-11-03 17:41:13 | id:4,train time:2.665328025817871

2025-11-03 17:41:13 | id:3,train time:2.6713266372680664
2025-11-03 17:41:13 | id:1,train time:2.6828272342681885
2025-11-03 17:41:13 | id:3,enc time:0.2175130844116211
2025-11-03 17:41:13 | id:0,enc time:0.21051335334777832
2025-11-03 17:41:13 | id:4,enc time:0.22401070594787598
2025-11-03 17:41:13 | client 3, mask ones: 5, len: 22

2025-11-03 17:41:13 | client 0, mask ones: 5, len: 22
2025-11-03 17:41:13 | id:1,enc time:0.2155139446258545
2025-11-03 17:41:13 | client 4, mask ones: 5, len: 22
2025-11-03 17:41:13 | client 2, mask ones: 5, len: 22
2025-11-03 17:41:13 | client 1, mask ones: 5, len: 22
2025-11-03 17:41:15 | enc=True, isSpars=topk, cipher_count=True
2025-11-03 17:41:15 | server receive: ciphertext size:8357324 bytes
2025-11-03 17:41:15 | server agg: epoch 13.
2025-11-03 17:41:15 | id:0,dec time:0.19650959968566895
2025-11-03 17:41:15 | id:1,dec time:0.19501066207885742
2025-11-03 17:41:15 | id:2,dec time:0.19200992584228516
2025-11-03 17:41:15 | id:3,dec time:0.1955091953277588
2025-11-03 17:41:16 | [E13] acc=98.1300% loss=0.0400 time=4.5900s up=7.9702MB down=0.0000MB cum=111.5802MB (best@13:98.2300%)
2025-11-03 17:41:18 | id:3,train time:2.723827600479126
2025-11-03 17:41:18 | id:0,train time:2.6833245754241943
2025-11-03 17:41:18 | id:2,train time:2.742825508117676
2025-11-03 17:41:18 | id:1,train time:2.7433252334594727
2025-11-03 17:41:18 | id:4,train time:2.7998316287994385
2025-11-03 17:41:18 | id:3,enc time:0.21851277351379395
2025-11-03 17:41:18 | client 3, mask ones: 5, len: 22
2025-11-03 17:41:18 | id:2,enc time:0.22251486778259277
2025-11-03 17:41:18 | id:0,enc time:0.2270216941833496
2025-11-03 17:41:18 | id:1,enc time:0.22051548957824707
2025-11-03 17:41:18 | client 2, mask ones: 5, len: 22
2025-11-03 17:41:18 | client 0, mask ones: 5, len: 22
2025-11-03 17:41:18 | client 1, mask ones: 5, len: 22
2025-11-03 17:41:18 | id:4,enc time:0.2175142765045166
2025-11-03 17:41:18 | client 4, mask ones: 5, len: 22
2025-11-03 17:41:19 | enc=True, isSpars=topk, cipher_count=True
2025-11-03 17:41:19 | server receive: ciphertext size:8358364 bytes
2025-11-03 17:41:19 | server agg: epoch 14.
2025-11-03 17:41:19 | id:0,dec time:0.1980113983154297
2025-11-03 17:41:19 | id:3,dec time:0.1955106258392334
2025-11-03 17:41:19 | id:2,dec time:0.1955106258392334
2025-11-03 17:41:19 | id:4,dec time:0.19651103019714355
2025-11-03 17:41:21 | [E14] acc=97.9900% loss=0.0400 time=4.6700s up=7.9712MB down=0.0000MB cum=119.5513MB (best@13:98.2300%)
2025-11-03 17:41:22 | id:4,train time:2.6712639331817627
2025-11-03 17:41:22 | id:1,train time:2.6922736167907715
2025-11-03 17:41:22 | id:2,train time:2.6937735080718994
2025-11-03 17:41:22 | id:0,train time:2.7012741565704346
2025-11-03 17:41:23 | id:3,enc time:0.22603583335876465
2025-11-03 17:41:23 | client 3, mask ones: 5, len: 22
2025-11-03 17:41:23 | id:2,enc time:0.22753453254699707
2025-11-03 17:41:23 | id:1,enc time:0.22603487968444824
2025-11-03 17:41:23 | client 4, mask ones: 5, len: 22

2025-11-03 17:41:23 | client 2, mask ones: 5, len: 22
2025-11-03 17:41:23 | client 0, mask ones: 5, len: 22
2025-11-03 17:41:23 | client 1, mask ones: 5, len: 22
2025-11-03 17:41:24 | enc=True, isSpars=topk, cipher_count=True
2025-11-03 17:41:24 | server receive: ciphertext size:8357203 bytes
2025-11-03 17:41:24 | server agg: epoch 15.
2025-11-03 17:41:24 | id:3,dec time:0.1975090503692627
2025-11-03 17:41:24 | id:1,dec time:0.19450998306274414
2025-11-03 17:41:24 | id:2,dec time:0.1910088062286377

2025-11-03 17:41:24 | id:0,dec time:0.19250941276550293
2025-11-03 17:41:25 | [E15] acc=98.0700% loss=0.0400 time=4.5100s up=7.9700MB down=0.0000MB cum=127.5214MB (best@13:98.2300%)
2025-11-03 17:41:27 | id:4,train time:2.8147988319396973
025-11-03 17:41:27 | id:3,train time:2.8193020820617676
2025-11-03 17:41:27 | id:2,train time:2.8207993507385254
2025-11-03 17:41:27 | id:0,train time:2.8322978019714355
2025-11-03 17:41:27 | id:1,enc time:0.21401119232177734
2025-11-03 17:41:27 | id:3,enc time:0.2150096893310547
2025-11-03 17:41:27 | id:4,enc time:0.2170107364654541
2025-11-03 17:41:27 | client 3, mask ones: 5, len: 22
2025-11-03 17:41:27 | id:2,enc time:0.22500967979431152
2025-11-03 17:41:27 | client 1, mask ones: 5, len: 22
2025-11-03 17:41:27 | client 4, mask ones: 5, len: 22
2025-11-03 17:41:27 | id:0,enc time:0.21951007843017578
2025-11-03 17:41:27 | client 2, mask ones: 5, len: 22
2025-11-03 17:41:27 | client 0, mask ones: 5, len: 22
2025-11-03 17:41:28 | enc=True, isSpars=topk, cipher_count=True
2025-11-03 17:41:28 | server receive: ciphertext size:8358209 bytes
2025-11-03 17:41:28 | server agg: epoch 16.
2025-11-03 17:41:29 | id:0,dec time:0.19653654098510742
2025-11-03 17:41:29 | id:2,dec time:0.19403648376464844
2025-11-03 17:41:29 | id:4,dec time:0.19203853607177734
2025-11-03 17:41:30 | [E16] acc=98.1800% loss=0.0400 time=4.6900s up=7.9710MB down=0.0000MB cum=135.4924MB (best@13:98.2300%)
2025-11-03 17:41:32 | id:4,train time:2.7908010482788086
2025-11-03 17:41:32 | id:3,train time:2.801804780960083
2025-11-03 17:41:32 | id:1,train time:2.8143093585968018
2025-11-03 17:41:32 | id:0,train time:2.8078017234802246
2025-11-03 17:41:32 | id:2,train time:2.8153088092803955
2025-11-03 17:41:32 | id:0,enc time:0.21402287483215332
2025-11-03 17:41:32 | id:4,enc time:0.22252798080444336
2025-11-03 17:41:32 | id:3,enc time:0.22201895713806152
2025-11-03 17:41:32 | client 0, mask ones: 5, len: 22
2025-11-03 17:41:32 | id:1,enc time:0.22652125358581543
2025-11-03 17:41:32 | id:2,enc time:0.22001886367797852
2025-11-03 17:41:32 | client 4, mask ones: 5, len: 22
2025-11-03 17:41:32 | client 3, mask ones: 5, len: 22
2025-11-03 17:41:32 | client 1, mask ones: 5, len: 22
2025-11-03 17:41:32 | client 2, mask ones: 5, len: 22
2025-11-03 17:41:33 | enc=True, isSpars=topk, cipher_count=True
2025-11-03 17:41:33 | server receive: ciphertext size:8356770 bytes
2025-11-03 17:41:33 | server agg: epoch 17.
2025-11-03 17:41:33 | id:1,dec time:0.19553899765014648
2025-11-03 17:41:33 | id:3,dec time:0.19453024864196777
2025-11-03 17:41:33 | id:0,dec time:0.19453883171081543
2025-11-03 17:41:33 | id:4,dec time:0.19353079795837402
2025-11-03 17:41:33 | id:2,dec time:0.1930391788482666
2025-11-03 17:41:35 | [E17] acc=98.2300% loss=0.0400 time=4.6500s up=7.9696MB down=0.0000MB cum=143.4620MB (best@13:98.2300%)
2025-11-03 17:41:37 | id:4,train time:3.0273492336273193
2025-11-03 17:41:37 | id:2,train time:3.029846429824829
2025-11-03 17:41:37 | id:0,train time:3.032848358154297

2025-11-03 17:41:37 | id:0,enc time:0.21802330017089844
2025-11-03 17:41:37 | id:4,enc time:0.2185201644897461
2025-11-03 17:41:37 | id:2,enc time:0.21502447128295898
2025-11-03 17:41:37 | id:1,enc time:0.21602368354797363
2025-11-03 17:41:37 | client 0, mask ones: 5, len: 22
2025-11-03 17:41:37 | client 4, mask ones: 5, len: 22
2025-11-03 17:41:37 | client 3, mask ones: 5, len: 22
2025-11-03 17:41:37 | client 1, mask ones: 5, len: 22
2025-11-03 17:41:37 | client 2, mask ones: 5, len: 22
2025-11-03 17:41:38 | enc=True, isSpars=topk, cipher_count=True
2025-11-03 17:41:38 | server receive: ciphertext size:8356870 bytes
2025-11-03 17:41:38 | server agg: epoch 18.
2025-11-03 17:41:38 | id:4,dec time:0.18752455711364746
2025-11-03 17:41:38 | id:3,dec time:0.19002318382263184
2025-11-03 17:41:38 | id:0,dec time:0.20652151107788086
2025-11-03 17:41:38 | id:2,dec time:0.20902299880981445
2025-11-03 17:41:38 | id:1,dec time:0.20303082466125488
2025-11-03 17:41:40 | [E18] acc=98.1000% loss=0.0400 time=4.9300s up=7.9697MB down=0.0000MB cum=151.4317MB (best@13:98.2300%)
2025-11-03 17:41:41 | id:3,train time:2.717798948287964
2025-11-03 17:41:41 | id:4,train time:2.7357981204986572
2025-11-03 17:41:41 | id:1,train time:2.6812920570373535
2025-11-03 17:41:41 | id:0,train time:2.6952974796295166
2025-11-03 17:41:41 | id:3,enc time:0.2210221290588379
2025-11-03 17:41:41 | client 3, mask ones: 5, len: 22
2025-11-03 17:41:41 | id:2,enc time:0.21852636337280273
2025-11-03 17:41:41 | id:4,enc time:0.2245335578918457
2025-11-03 17:41:41 | client 2, mask ones: 5, len: 22
2025-11-03 17:41:41 | client 4, mask ones: 5, len: 22
2025-11-03 17:41:41 | id:1,enc time:0.21703076362609863
2025-11-03 17:41:41 | id:0,enc time:0.21202683448791504
2025-11-03 17:41:41 | client 0, mask ones: 5, len: 22
2025-11-03 17:41:43 | enc=True, isSpars=topk, cipher_count=True
2025-11-03 17:41:43 | server receive: ciphertext size:8356646 bytes
2025-11-03 17:41:43 | server agg: epoch 19.
2025-11-03 17:41:43 | id:3,dec time:0.19552922248840332
2025-11-03 17:41:43 | id:4,dec time:0.1960277557373047
2025-11-03 17:41:43 | id:1,dec time:0.19302678108215332
2025-11-03 17:41:43 | id:0,dec time:0.19152283668518066
2025-11-03 17:41:43 | id:2,dec time:0.19152402877807617
2025-11-03 17:41:44 | [E19] acc=98.0600% loss=0.0400 time=4.5600s up=7.9695MB down=0.0000MB cum=159.4013MB (best@13:98.2300%)
2025-11-03 17:41:46 | id:3,train time:2.7210988998413086
2025-11-03 17:41:46 | id:0,train time:2.7386040687561035
2025-11-03 17:41:46 | id:2,train time:2.7146048545837402
2025-11-03 17:41:46 | id:1,train time:2.7466132640838623
2025-11-03 17:41:46 | id:4,enc time:0.22552919387817383
2025-11-03 17:41:46 | id:3,enc time:0.2215282917022705
2025-11-03 17:41:46 | id:0,enc time:0.21402192115783691
2025-11-03 17:41:46 | id:2,enc time:0.22002148628234863
2025-11-03 17:41:46 | client 3, mask ones: 5, len: 22
2025-11-03 17:41:46 | client 0, mask ones: 5, len: 22
2025-11-03 17:41:46 | client 2, mask ones: 5, len: 22
2025-11-03 17:41:46 | id:1,enc time:0.20952057838439941
2025-11-03 17:41:46 | client 1, mask ones: 5, len: 22
2025-11-03 17:41:47 | enc=True, isSpars=topk, cipher_count=True
2025-11-03 17:41:47 | server receive: ciphertext size:8356733 bytes
2025-11-03 17:41:47 | server agg: epoch 20.
2025-11-03 17:41:47 | id:1,dec time:0.19550633430480957
2025-11-03 17:41:47 | id:0,dec time:0.1945204734802246
2025-11-03 17:41:47 | id:2,dec time:0.1950209140777588
2025-11-03 17:41:47 | id:3,dec time:0.1945204734802246

2025-11-03 17:41:49 | [E20] acc=98.2000% loss=0.0400 time=4.6200s up=7.9696MB down=0.0000MB cum=167.3709MB (best@13:98.2300%)
2025-11-03 17:41:50 | id:3,train time:2.5173349380493164
2025-11-03 17:41:50 | id:4,train time:2.4888319969177246
2025-11-03 17:41:50 | id:1,train time:2.5173327922821045
2025-11-03 17:41:50 | id:2,train time:2.4738314151763916
2025-11-03 17:41:50 | id:3,enc time:0.21852850914001465
2025-11-03 17:41:50 | id:1,enc time:0.21703338623046875
2025-11-03 17:41:50 | client 3, mask ones: 5, len: 22

2025-11-03 17:41:50 | client 1, mask ones: 5, len: 22
2025-11-03 17:41:50 | id:2,enc time:0.2170248031616211
2025-11-03 17:41:50 | client 4, mask ones: 5, len: 22
2025-11-03 17:41:50 | client 2, mask ones: 5, len: 22
2025-11-03 17:41:50 | id:0,enc time:0.21852493286132812
2025-11-03 17:41:50 | client 0, mask ones: 5, len: 22
2025-11-03 17:41:52 | enc=True, isSpars=topk, cipher_count=True
2025-11-03 17:41:52 | server receive: ciphertext size:8355959 bytes
2025-11-03 17:41:52 | server agg: epoch 21.
2025-11-03 17:41:52 | id:1,dec time:0.19500970840454102
2025-11-03 17:41:52 | id:0,dec time:0.19751262664794922
2025-11-03 17:41:52 | id:2,dec time:0.19151043891906738
2025-11-03 17:41:52 | id:4,dec time:0.1930093765258789
2025-11-03 17:41:53 | [E21] acc=98.3200% loss=0.0400 time=4.3300s up=7.9689MB down=0.0000MB cum=175.3397MB (best@13:98.2300%)
2025-11-03 17:41:55 | id:3,train time:2.8798484802246094
2025-11-03 17:41:55 | id:1,train time:2.897348165512085
2025-11-03 17:41:55 | id:2,train time:2.9038496017456055
2025-11-03 17:41:55 | id:0,train time:2.8968491554260254
2025-11-03 17:41:55 | id:4,enc time:0.2195115089416504
2025-11-03 17:41:55 | id:3,enc time:0.22251319885253906
2025-11-03 17:41:55 | client 4, mask ones: 5, len: 22
2025-11-03 17:41:55 | client 3, mask ones: 5, len: 22
2025-11-03 17:41:55 | id:0,enc time:0.22301626205444336
2025-11-03 17:41:55 | id:2,enc time:0.2225170135498047
2025-11-03 17:41:55 | id:1,enc time:0.22401642799377441
2025-11-03 17:41:55 | client 0, mask ones: 5, len: 22
2025-11-03 17:41:55 | client 2, mask ones: 5, len: 22
2025-11-03 17:41:55 | client 1, mask ones: 5, len: 22
2025-11-03 17:41:56 | enc=True, isSpars=topk, cipher_count=True
2025-11-03 17:41:56 | server receive: ciphertext size:8357375 bytes
2025-11-03 17:41:56 | server agg: epoch 22.
2025-11-03 17:41:57 | id:1,dec time:0.19600987434387207
2025-11-03 17:41:57 | id:2,dec time:0.19600987434387207
2025-11-03 17:41:57 | id:3,dec time:0.1955101490020752
2025-11-03 17:41:57 | id:0,dec time:0.19451022148132324
2025-11-03 17:41:58 | [Converged] round=22, best_acc=98.2300 at round 12
2025-11-03 17:41:58 | server end!
2025-11-03 17:41:58 | [Summary] mode=enc-ckks-topk-0.2 | rounds_run=23 | best_acc=98.2300% (best@13) | time=123.3375s | up=183.3099MB | down=0.0000MB | total=183.3099MB | avg_up/participation=7.9700MB | 
2025-11-03 17:41:58 | Total ciphertext size: 192214411 bytes, size list: [8356291, 8357461, 8357998, 8356476, 8356544, 8356216, 8357699, 8357596, 8356657, 8358905, 8354508, 8358472, 8358135, 8357324, 8358364, 8357203, 8358209, 8356770, 8356870, 8356646, 8356733, 8355959, 8357375].
2025-11-03 17:41:58 | Accuracy list: [95.07, 97.39, 97.88, 97.93, 97.95, 98.11, 98.16, 98.11, 98.1, 98.09, 98.11, 98.0, 98.23, 98.13, 97.99, 98.07, 98.18, 98.23, 98.1, 98.06, 98.2, 98.32, 98.17]%.
2025-11-03 17:41:58 | Loss list:[0.12, 0.06, 0.04, 0.04, 0.04, 0.03, 0.03, 0.03, 0.03, 0.04, 0.04, 0.04, 0.03, 0.04, 0.04, 0.04, 0.04, 0.04, 0.04, 0.04, 0.04, 0.04, 0.05]
2025-11-03 17:41:58 | time list:[19.93, 4.66, 4.59, 4.53, 4.8, 4.55, 5.13, 4.61, 4.5, 4.54, 5.21, 4.86, 4.65, 4.59, 4.67, 4.51, 4.69, 4.65, 4.93, 4.56, 4.62, 4.33]s
2025-11-03 17:41:58 | Participate list: [23, 23, 23, 23, 23].
2025-11-03 17:41:58 | tmp_len_clusters:[]
2025-11-03 17:42:00 | id:3,train time:2.901235818862915

2025-11-03 17:42:00 | id:4,train time:2.893235921859741
2025-11-03 17:42:00 | id:1,train time:2.9152352809906006
2025-11-03 17:42:00 | id:0,train time:2.929234743118286
