2025-11-03 17:30:57 | Basic information: device cpu, learning rate 0.001, num clients 5, epochs 100,noniid_method dirichlet,            isEnc True,isBatch True,sparsification topk, client selection False,topk 0.1, enc_batch_size 1024
2025-11-03 17:30:57 | training weights: [0.2, 0.2, 0.2, 0.2, 0.2]
2025-11-03 17:30:57 | testing weights:[0.2, 0.2, 0.2, 0.2, 0.2]
2025-11-03 17:30:57 | client0, train samples 12000,test samples 2000
2025-11-03 17:30:57 | client1, train samples 12000,test samples 2000
2025-11-03 17:30:57 | client2, train samples 12000,test samples 2000
2025-11-03 17:30:57 | client3, train samples 12000,test samples 2000
2025-11-03 17:30:57 | client4, train samples 12000,test samples 2000
2025-11-03 17:30:57 | data split finished!
2025-11-03 17:30:57 | Batch num:44
2025-11-03 17:31:05 | id:0,train time:1.68955397605896
2025-11-03 17:31:05 | id:0,enc time:0.22602558135986328
2025-11-03 17:31:05 | client 0, mask ones: 5, len: 44
2025-11-03 17:31:08 | id:1,train time:1.7111263275146484
2025-11-03 17:31:08 | id:1,enc time:0.21952462196350098
2025-11-03 17:31:08 | client 1, mask ones: 5, len: 44
2025-11-03 17:31:11 | id:2,train time:1.740243911743164
2025-11-03 17:31:11 | id:2,enc time:0.21702003479003906
2025-11-03 17:31:11 | client 2, mask ones: 5, len: 44
2025-11-03 17:31:14 | id:3,train time:1.8207292556762695
2025-11-03 17:31:14 | id:3,enc time:0.22101902961730957
2025-11-03 17:31:14 | client 3, mask ones: 5, len: 44
2025-11-03 17:31:17 | id:4,train time:1.7143287658691406
2025-11-03 17:31:17 | id:4,enc time:0.22252154350280762
2025-11-03 17:31:17 | client 4, mask ones: 5, len: 44
2025-11-03 17:31:19 | enc=True, isSpars=topk, cipher_count=True
2025-11-03 17:31:19 | server receive: ciphertext size:8357391 bytes
2025-11-03 17:31:19 | server agg: epoch 0.
2025-11-03 17:31:19 | id:3,dec time:0.19701409339904785
2025-11-03 17:31:19 | id:1,dec time:0.19751310348510742
2025-11-03 17:31:19 | id:4,dec time:0.1915125846862793
2025-11-03 17:31:19 | id:0,dec time:0.19701147079467773
2025-11-03 17:31:20 | [E0] acc=94.4000% loss=0.1500 time=19.8000s up=7.9702MB down=0.0000MB cum=7.9702MB (best@1:94.4000%)
2025-11-03 17:31:21 | id:4,train time:2.398714542388916
2025-11-03 17:31:22 | id:2,train time:2.6567792892456055
2025-11-03 17:31:22 | id:0,train time:2.713780164718628
2025-11-03 17:31:22 | id:1,train time:2.736279249191284
2025-11-03 17:31:22 | id:4,enc time:0.32753753662109375
2025-11-03 17:31:22 | client 4, mask ones: 5, len: 44
2025-11-03 17:31:22 | id:3,enc time:0.21851420402526855
2025-11-03 17:31:22 | id:0,enc time:0.2175121307373047
2025-11-03 17:31:22 | client 2, mask ones: 5, len: 44
2025-11-03 17:31:22 | client 3, mask ones: 5, len: 44
2025-11-03 17:31:22 | id:1,enc time:0.22001433372497559
2025-11-03 17:31:22 | client 0, mask ones: 5, len: 44
2025-11-03 17:31:22 | client 1, mask ones: 5, len: 44
2025-11-03 17:31:23 | enc=True, isSpars=topk, cipher_count=True
2025-11-03 17:31:23 | server receive: ciphertext size:8357964 bytes
2025-11-03 17:31:23 | server agg: epoch 1.
2025-11-03 17:31:23 | id:2,dec time:0.1960604190826416

2025-11-03 17:31:23 | id:3,dec time:0.19356107711791992
2025-11-03 17:31:23 | id:1,dec time:0.1940624713897705
2025-11-03 17:31:23 | id:4,dec time:0.19256114959716797
2025-11-03 17:31:25 | [E1] acc=97.2900% loss=0.0500 time=4.5300s up=7.9708MB down=0.0000MB cum=15.9410MB (best@2:97.2900%)
2025-11-03 17:31:26 | id:4,train time:2.6927967071533203
2025-11-03 17:31:26 | id:0,train time:2.7027971744537354
2025-11-03 17:31:27 | id:2,enc time:0.22451305389404297
2025-11-03 17:31:27 | id:3,enc time:0.22751331329345703
2025-11-03 17:31:27 | id:1,enc time:0.21851253509521484
2025-11-03 17:31:27 | client 0, mask ones: 5, len: 44
2025-11-03 17:31:27 | id:4,enc time:0.23351287841796875
2025-11-03 17:31:27 | client 2, mask ones: 5, len: 44
2025-11-03 17:31:27 | client 3, mask ones: 5, len: 44
2025-11-03 17:31:27 | client 1, mask ones: 5, len: 44
2025-11-03 17:31:27 | client 4, mask ones: 5, len: 44
2025-11-03 17:31:28 | enc=True, isSpars=topk, cipher_count=True
2025-11-03 17:31:28 | server receive: ciphertext size:8357778 bytes
2025-11-03 17:31:28 | server agg: epoch 2.
2025-11-03 17:31:28 | id:4,dec time:0.18952322006225586
2025-11-03 17:31:28 | id:2,dec time:0.18751883506774902
2025-11-03 17:31:28 | id:0,dec time:0.2155311107635498
2025-11-03 17:31:28 | id:1,dec time:0.2330317497253418
2025-11-03 17:31:28 | id:3,dec time:0.258542537689209
2025-11-03 17:31:29 | [E2] acc=97.7800% loss=0.0400 time=4.6900s up=7.9706MB down=0.0000MB cum=23.9116MB (best@3:97.7800%)
2025-11-03 17:31:31 | id:2,train time:2.672762870788574
2025-11-03 17:31:31 | id:4,train time:2.682262897491455
2025-11-03 17:31:31 | id:1,train time:2.6192562580108643
2025-11-03 17:31:31 | id:3,train time:2.6007494926452637
2025-11-03 17:31:31 | id:4,enc time:0.22552037239074707
2025-11-03 17:31:31 | client 4, mask ones: 5, len: 44
2025-11-03 17:31:31 | client 2, mask ones: 5, len: 44
2025-11-03 17:31:31 | id:1,enc time:0.21302247047424316
2025-11-03 17:31:31 | client 0, mask ones: 5, len: 44
2025-11-03 17:31:31 | client 1, mask ones: 5, len: 44
2025-11-03 17:31:31 | id:3,enc time:0.2080240249633789
2025-11-03 17:31:31 | client 3, mask ones: 5, len: 44
2025-11-03 17:31:32 | enc=True, isSpars=topk, cipher_count=True
2025-11-03 17:31:32 | server receive: ciphertext size:8357666 bytes
2025-11-03 17:31:32 | server agg: epoch 3.
2025-11-03 17:31:33 | id:1,dec time:0.19600701332092285
2025-11-03 17:31:33 | id:0,dec time:0.19350886344909668
2025-11-03 17:31:33 | id:4,dec time:0.19550609588623047
2025-11-03 17:31:33 | id:3,dec time:0.19250869750976562
2025-11-03 17:31:34 | [E3] acc=98.0200% loss=0.0400 time=4.4200s up=7.9705MB down=0.0000MB cum=31.8821MB (best@4:98.0200%)
2025-11-03 17:31:36 | id:4,train time:2.6706783771514893
2025-11-03 17:31:36 | id:3,train time:2.70067811012268072025-11-03 17:31:36 | id:2,train time:2.6946730613708496
2025-11-03 17:31:36 | id:0,train time:2.7146899700164795
2025-11-03 17:31:36 | id:4,enc time:0.21752429008483887
2025-11-03 17:31:36 | client 4, mask ones: 5, len: 44
2025-11-03 17:31:36 | id:2,enc time:0.2185204029083252
2025-11-03 17:31:36 | id:0,enc time:0.20902180671691895
2025-11-03 17:31:36 | client 1, mask ones: 5, len: 44
2025-11-03 17:31:36 | client 2, mask ones: 5, len: 44
2025-11-03 17:31:36 | client 3, mask ones: 5, len: 44
2025-11-03 17:31:36 | client 0, mask ones: 5, len: 44
2025-11-03 17:31:37 | enc=True, isSpars=topk, cipher_count=True
2025-11-03 17:31:37 | server receive: ciphertext size:8359650 bytes
2025-11-03 17:31:37 | server agg: epoch 4.
2025-11-03 17:31:37 | id:1,dec time:0.19501996040344238
2025-11-03 17:31:37 | id:3,dec time:0.19801974296569824
2025-11-03 17:31:37 | id:0,dec time:0.19301962852478027
2025-11-03 17:31:37 | id:4,dec time:0.1945209503173828

2025-11-03 17:31:38 | [E4] acc=97.8600% loss=0.0400 time=4.5500s up=7.9724MB down=0.0000MB cum=39.8545MB (best@4:98.0200%)
2025-11-03 17:31:40 | id:0,train time:2.69485616683959962025-11-03 17:31:40 | id:2,train time:2.69035267829895
2025-11-03 17:31:40 | id:3,train time:2.692356824874878
2025-11-03 17:31:40 | id:1,train time:2.7243549823760986
2025-11-03 17:31:40 | id:0,enc time:0.22002196311950684
2025-11-03 17:31:40 | id:2,enc time:0.21551942825317383
2025-11-03 17:31:40 | client 0, mask ones: 5, len: 44
2025-11-03 17:31:40 | client 4, mask ones: 5, len: 44
2025-11-03 17:31:40 | id:3,enc time:0.2165210247039795
2025-11-03 17:31:40 | client 2, mask ones: 5, len: 44
2025-11-03 17:31:40 | client 3, mask ones: 5, len: 44
2025-11-03 17:31:40 | id:1,enc time:0.217024564743042
2025-11-03 17:31:40 | client 1, mask ones: 5, len: 44
2025-11-03 17:31:42 | enc=True, isSpars=topk, cipher_count=True
2025-11-03 17:31:42 | server receive: ciphertext size:8357831 bytes
2025-11-03 17:31:42 | server agg: epoch 5.
2025-11-03 17:31:42 | id:2,dec time:0.1885218620300293
2025-11-03 17:31:42 | id:4,dec time:0.18902158737182617
2025-11-03 17:31:42 | id:0,dec time:0.24302148818969727
2025-11-03 17:31:43 | [E5] acc=98.0900% loss=0.0300 time=4.7100s up=7.9706MB down=0.0000MB cum=47.8251MB (best@4:98.0200%)
2025-11-03 17:31:45 | id:2,train time:2.8033838272094727
2025-11-03 17:31:45 | id:4,train time:2.821384906768799
2025-11-03 17:31:45 | id:1,train time:2.7113800048828125
2025-11-03 17:31:45 | id:3,enc time:0.23302459716796875
2025-11-03 17:31:45 | id:2,enc time:0.23102355003356934
2025-11-03 17:31:45 | client 4, mask ones: 5, len: 44
2025-11-03 17:31:45 | client 2, mask ones: 5, len: 44
2025-11-03 17:31:45 | client 3, mask ones: 5, len: 44
2025-11-03 17:31:45 | id:1,enc time:0.21301937103271484
2025-11-03 17:31:45 | client 1, mask ones: 5, len: 44
2025-11-03 17:31:45 | id:0,enc time:0.2225196361541748
2025-11-03 17:31:45 | client 0, mask ones: 5, len: 44
2025-11-03 17:31:46 | enc=True, isSpars=topk, cipher_count=True
2025-11-03 17:31:46 | server receive: ciphertext size:8355706 bytes
2025-11-03 17:31:46 | server agg: epoch 6.
2025-11-03 17:31:47 | id:2,dec time:0.19602108001708984
2025-11-03 17:31:47 | id:0,dec time:0.19602108001708984
2025-11-03 17:31:47 | id:1,dec time:0.19252324104309082
2025-11-03 17:31:47 | id:4,dec time:0.19352221488952637
2025-11-03 17:31:47 | id:3,dec time:0.19252324104309082
2025-11-03 17:31:48 | [E6] acc=98.1500% loss=0.0300 time=4.5400s up=7.9686MB down=0.0000MB cum=55.7937MB (best@7:98.1500%)
2025-11-03 17:31:49 | id:3,train time:2.7550084590911865
2025-11-03 17:31:49 | id:4,train time:2.7740230560302734
2025-11-03 17:31:49 | id:2,train time:2.786522626876831

2025-11-03 17:31:49 | id:0,train time:2.811021089553833
2025-11-03 17:31:50 | id:3,enc time:0.22304439544677734
2025-11-03 17:31:50 | client 4, mask ones: 5, len: 44
2025-11-03 17:31:50 | client 3, mask ones: 5, len: 44
2025-11-03 17:31:50 | id:1,enc time:0.22153472900390625
2025-11-03 17:31:50 | id:2,enc time:0.2160353660583496
2025-11-03 17:31:50 | client 1, mask ones: 5, len: 44
2025-11-03 17:31:50 | client 2, mask ones: 5, len: 44
2025-11-03 17:31:50 | id:0,enc time:0.214036226272583
2025-11-03 17:31:50 | client 0, mask ones: 5, len: 44
2025-11-03 17:31:51 | enc=True, isSpars=topk, cipher_count=True
2025-11-03 17:31:51 | server receive: ciphertext size:8355958 bytes
2025-11-03 17:31:51 | server agg: epoch 7.
2025-11-03 17:31:51 | id:1,dec time:0.19752025604248047
2025-11-03 17:31:51 | id:0,dec time:0.19501948356628418
2025-11-03 17:31:51 | id:2,dec time:0.19552183151245117
2025-11-03 17:31:51 | id:4,dec time:0.19301939010620117
2025-11-03 17:31:52 | [E7] acc=98.2900% loss=0.0300 time=4.6200s up=7.9689MB down=0.0000MB cum=63.7626MB (best@8:98.2900%)
2025-11-03 17:31:55 | id:2,train time:3.20243072509765622025-11-03 17:31:55 | id:4,train time:3.192931652069092
2025-11-03 17:31:55 | id:1,train time:3.2224366664886475
2025-11-03 17:31:55 | id:2,enc time:0.22503376007080078
2025-11-03 17:31:55 | client 4, mask ones: 5, len: 44
2025-11-03 17:31:55 | id:0,enc time:0.2225189208984375
2025-11-03 17:31:55 | id:1,enc time:0.2185196876525879
2025-11-03 17:31:55 | client 2, mask ones: 5, len: 44
2025-11-03 17:31:55 | client 3, mask ones: 5, len: 44
2025-11-03 17:31:55 | client 0, mask ones: 5, len: 44
2025-11-03 17:31:55 | client 1, mask ones: 5, len: 44
2025-11-03 17:31:56 | enc=True, isSpars=topk, cipher_count=True
2025-11-03 17:31:56 | server receive: ciphertext size:8356758 bytes
2025-11-03 17:31:56 | server agg: epoch 8.
2025-11-03 17:31:56 | id:0,dec time:0.19652795791625977
2025-11-03 17:31:56 | id:3,dec time:0.19502758979797363
2025-11-03 17:31:56 | id:4,dec time:0.1935286521911621

2025-11-03 17:31:56 | id:2,dec time:0.19202780723571777
2025-11-03 17:31:57 | [E8] acc=98.2200% loss=0.0300 time=5.0600s up=7.9696MB down=0.0000MB cum=71.7322MB (best@8:98.2900%)
2025-11-03 17:31:59 | id:3,train time:2.8333756923675537
2025-11-03 17:31:59 | id:4,train time:2.818376302719116
2025-11-03 17:31:59 | id:1,train time:2.87088942527771
2025-11-03 17:31:59 | id:0,train time:2.859881639480591
2025-11-03 17:31:59 | id:2,train time:2.861881732940674
2025-11-03 17:31:59 | id:3,enc time:0.22653651237487793
2025-11-03 17:31:59 | id:4,enc time:0.22103047370910645
2025-11-03 17:31:59 | client 3, mask ones: 5, len: 44

2025-11-03 17:31:59 | client 4, mask ones: 5, len: 44
2025-11-03 17:31:59 | id:2,enc time:0.22152185440063477
2025-11-03 17:31:59 | id:0,enc time:0.22252368927001953
2025-11-03 17:31:59 | client 1, mask ones: 5, len: 44
2025-11-03 17:31:59 | client 2, mask ones: 5, len: 44
2025-11-03 17:31:59 | client 0, mask ones: 5, len: 44
2025-11-03 17:32:01 | enc=True, isSpars=topk, cipher_count=True
2025-11-03 17:32:01 | server receive: ciphertext size:8357746 bytes
2025-11-03 17:32:01 | server agg: epoch 9.
2025-11-03 17:32:01 | id:1,dec time:0.1966545581817627
2025-11-03 17:32:01 | id:0,dec time:0.19615554809570312
2025-11-03 17:32:01 | id:3,dec time:0.1971440315246582
2025-11-03 17:32:01 | id:4,dec time:0.19614577293395996
2025-11-03 17:32:01 | id:2,dec time:0.1966545581817627
2025-11-03 17:32:02 | [E9] acc=98.0700% loss=0.0400 time=4.7000s up=7.9706MB down=0.0000MB cum=79.7028MB (best@8:98.2900%)
2025-11-03 17:32:04 | id:3,train time:2.652775526046753
2025-11-03 17:32:04 | id:2,train time:2.650765895843506
2025-11-03 17:32:04 | id:1,train time:2.667276382446289
2025-11-03 17:32:04 | id:4,train time:2.663276195526123
2025-11-03 17:32:04 | id:0,enc time:0.2230231761932373

2025-11-03 17:32:04 | id:2,enc time:0.21752285957336426
2025-11-03 17:32:04 | client 3, mask ones: 5, len: 44
2025-11-03 17:32:04 | id:1,enc time:0.21852326393127441
2025-11-03 17:32:04 | id:4,enc time:0.21852326393127441
2025-11-03 17:32:04 | client 2, mask ones: 5, len: 44
2025-11-03 17:32:04 | client 4, mask ones: 5, len: 44
2025-11-03 17:32:04 | client 1, mask ones: 5, len: 44
2025-11-03 17:32:05 | enc=True, isSpars=topk, cipher_count=True
2025-11-03 17:32:05 | server receive: ciphertext size:8357805 bytes
2025-11-03 17:32:05 | server agg: epoch 10.
2025-11-03 17:32:05 | id:4,dec time:0.1970219612121582

2025-11-03 17:32:05 | id:0,dec time:0.19402480125427246
2025-11-03 17:32:05 | id:2,dec time:0.19402480125427246
2025-11-03 17:32:07 | [E10] acc=98.1100% loss=0.0300 time=4.4900s up=7.9706MB down=0.0000MB cum=87.6734MB (best@8:98.2900%)
2025-11-03 17:32:09 | id:3,train time:3.0518691539764404
2025-11-03 17:32:09 | id:4,train time:3.0433716773986816
2025-11-03 17:32:09 | id:1,train time:3.071870803833008
2025-11-03 17:32:09 | id:2,enc time:0.2270197868347168

2025-11-03 17:32:09 | client 4, mask ones: 5, len: 44
2025-11-03 17:32:09 | id:1,enc time:0.2195267677307129
2025-11-03 17:32:09 | client 3, mask ones: 5, len: 44
2025-11-03 17:32:09 | id:0,enc time:0.21602725982666016
2025-11-03 17:32:09 | client 2, mask ones: 5, len: 44
2025-11-03 17:32:09 | client 1, mask ones: 5, len: 44
2025-11-03 17:32:09 | client 0, mask ones: 5, len: 44
2025-11-03 17:32:10 | enc=True, isSpars=topk, cipher_count=True
2025-11-03 17:32:10 | server receive: ciphertext size:8358789 bytes
2025-11-03 17:32:10 | server agg: epoch 11.
2025-11-03 17:32:10 | id:1,dec time:0.1955111026763916
2025-11-03 17:32:10 | id:4,dec time:0.19251108169555664
2025-11-03 17:32:10 | id:2,dec time:0.19251108169555664
2025-11-03 17:32:12 | [E11] acc=98.2800% loss=0.0300 time=4.9100s up=7.9716MB down=0.0000MB cum=95.6450MB (best@8:98.2900%)
2025-11-03 17:32:13 | id:4,train time:2.6797831058502197
2025-11-03 17:32:13 | id:2,train time:2.683784246444702
2025-11-03 17:32:13 | id:3,train time:2.6822829246520996
2025-11-03 17:32:13 | id:0,train time:2.697287082672119
2025-11-03 17:32:13 | id:1,train time:2.7062861919403076
2025-11-03 17:32:13 | id:3,enc time:0.2125229835510254
2025-11-03 17:32:13 | id:2,enc time:0.21752166748046875
2025-11-03 17:32:13 | client 4, mask ones: 5, len: 44
2025-11-03 17:32:13 | id:0,enc time:0.2190256118774414
2025-11-03 17:32:13 | client 3, mask ones: 5, len: 44
2025-11-03 17:32:13 | client 2, mask ones: 5, len: 44
2025-11-03 17:32:13 | id:1,enc time:0.21751976013183594
2025-11-03 17:32:13 | client 0, mask ones: 5, len: 44
2025-11-03 17:32:13 | client 1, mask ones: 5, len: 44
2025-11-03 17:32:15 | enc=True, isSpars=topk, cipher_count=True
2025-11-03 17:32:15 | server receive: ciphertext size:8356578 bytes
2025-11-03 17:32:15 | server agg: epoch 12.
2025-11-03 17:32:15 | id:4,dec time:0.1910099983215332
2025-11-03 17:32:15 | id:0,dec time:0.19251155853271484
2025-11-03 17:32:15 | id:2,dec time:0.19350886344909668
2025-11-03 17:32:15 | id:1,dec time:0.19850969314575195
2025-11-03 17:32:15 | id:3,dec time:0.20101022720336914
2025-11-03 17:32:16 | [E12] acc=98.0200% loss=0.0400 time=4.5500s up=7.9695MB down=0.0000MB cum=103.6144MB (best@8:98.2900%)
2025-11-03 17:32:18 | id:2,train time:2.7108170986175537
2025-11-03 17:32:18 | id:0,train time:2.7288172245025635
2025-11-03 17:32:18 | id:3,train time:2.7298226356506348
2025-11-03 17:32:18 | id:4,enc time:0.2160203456878662
2025-11-03 17:32:18 | id:2,enc time:0.2255237102508545
2025-11-03 17:32:18 | id:1,enc time:0.22251653671264648
2025-11-03 17:32:18 | client 2, mask ones: 5, len: 44
2025-11-03 17:32:18 | id:0,enc time:0.22301721572875977
2025-11-03 17:32:18 | id:3,enc time:0.22301459312438965
2025-11-03 17:32:18 | client 1, mask ones: 5, len: 44
2025-11-03 17:32:18 | client 0, mask ones: 5, len: 44
2025-11-03 17:32:18 | client 3, mask ones: 5, len: 44
2025-11-03 17:32:19 | enc=True, isSpars=topk, cipher_count=True
2025-11-03 17:32:19 | server receive: ciphertext size:8357627 bytes
2025-11-03 17:32:19 | server agg: epoch 13.
2025-11-03 17:32:20 | id:1,dec time:0.19650983810424805
2025-11-03 17:32:20 | id:2,dec time:0.19251036643981934
2025-11-03 17:32:20 | id:3,dec time:0.19150996208190918
2025-11-03 17:32:20 | id:0,dec time:0.1930103302001953
2025-11-03 17:32:21 | [E13] acc=98.1600% loss=0.0400 time=4.5400s up=7.9705MB down=0.0000MB cum=111.5849MB (best@8:98.2900%)
2025-11-03 17:32:22 | id:4,train time:2.4778027534484863
2025-11-03 17:32:22 | id:1,train time:2.490302562713623
2025-11-03 17:32:22 | id:0,train time:2.5003013610839844
2025-11-03 17:32:22 | id:2,train time:2.4938018321990967
2025-11-03 17:32:22 | id:0,enc time:0.21251177787780762
2025-11-03 17:32:22 | id:4,enc time:0.2280120849609375
2025-11-03 17:32:22 | id:3,enc time:0.2215118408203125
2025-11-03 17:32:22 | client 0, mask ones: 5, len: 44
2025-11-03 17:32:22 | id:1,enc time:0.22551417350769043
2025-11-03 17:32:22 | id:2,enc time:0.22601056098937988
2025-11-03 17:32:22 | client 4, mask ones: 5, len: 44
2025-11-03 17:32:22 | client 3, mask ones: 5, len: 44
2025-11-03 17:32:22 | client 1, mask ones: 5, len: 44
2025-11-03 17:32:22 | client 2, mask ones: 5, len: 44
2025-11-03 17:32:24 | enc=True, isSpars=topk, cipher_count=True
2025-11-03 17:32:24 | server receive: ciphertext size:8356311 bytes
2025-11-03 17:32:24 | server agg: epoch 14.
2025-11-03 17:32:24 | id:4,dec time:0.1975102424621582
2025-11-03 17:32:24 | id:2,dec time:0.19450974464416504
2025-11-03 17:32:24 | id:0,dec time:0.19000983238220215
2025-11-03 17:32:24 | id:3,dec time:0.1975102424621582
2025-11-03 17:32:24 | id:1,dec time:0.1935102939605713
2025-11-03 17:32:25 | [E14] acc=98.0700% loss=0.0400 time=4.3800s up=7.9692MB down=0.0000MB cum=119.5541MB (best@8:98.2900%)
2025-11-03 17:32:27 | id:4,train time:2.7862765789031982
2025-11-03 17:32:27 | id:0,train time:2.7957773208618164
2025-11-03 17:32:27 | id:2,train time:2.8107776641845703
2025-11-03 17:32:27 | id:1,train time:2.8437771797180176
2025-11-03 17:32:27 | id:4,enc time:0.2150111198425293

2025-11-03 17:32:27 | id:2,enc time:0.2125101089477539
2025-11-03 17:32:27 | id:3,enc time:0.21500682830810547
2025-11-03 17:32:27 | client 0, mask ones: 5, len: 44
2025-11-03 17:32:27 | client 4, mask ones: 5, len: 44
2025-11-03 17:32:27 | client 3, mask ones: 5, len: 44
2025-11-03 17:32:27 | client 2, mask ones: 5, len: 44
2025-11-03 17:32:27 | id:1,enc time:0.20801591873168945
2025-11-03 17:32:27 | client 1, mask ones: 5, len: 44
2025-11-03 17:32:28 | enc=True, isSpars=topk, cipher_count=True
2025-11-03 17:32:28 | server receive: ciphertext size:8357648 bytes
2025-11-03 17:32:28 | server agg: epoch 15.
2025-11-03 17:32:29 | id:3,dec time:0.196020841598510742025-11-03 17:32:29 | id:0,dec time:0.19502043724060059
2025-11-03 17:32:29 | id:2,dec time:0.19202232360839844
2025-11-03 17:32:30 | [E15] acc=98.3400% loss=0.0300 time=4.7000s up=7.9705MB down=0.0000MB cum=127.5246MB (best@8:98.2900%)
2025-11-03 17:32:32 | id:4,train time:2.860779047012329
2025-11-03 17:32:32 | id:2,train time:2.8842859268188477
2025-11-03 17:32:32 | id:3,train time:2.9002861976623535
2025-11-03 17:32:32 | id:1,train time:2.866786479949951
2025-11-03 17:32:32 | id:0,train time:2.9147865772247314
2025-11-03 17:32:32 | id:4,enc time:0.22603607177734375
2025-11-03 17:32:32 | client 4, mask ones: 5, len: 44
2025-11-03 17:32:32 | id:2,enc time:0.22602081298828125
2025-11-03 17:32:32 | client 2, mask ones: 5, len: 44
2025-11-03 17:32:32 | id:3,enc time:0.22652339935302734
2025-11-03 17:32:32 | id:0,enc time:0.21552085876464844
2025-11-03 17:32:32 | client 3, mask ones: 5, len: 44
2025-11-03 17:32:32 | id:1,enc time:0.22152400016784668
2025-11-03 17:32:32 | client 0, mask ones: 5, len: 44
2025-11-03 17:32:32 | client 1, mask ones: 5, len: 44
2025-11-03 17:32:33 | enc=True, isSpars=topk, cipher_count=True
2025-11-03 17:32:33 | server receive: ciphertext size:8357435 bytes
2025-11-03 17:32:33 | server agg: epoch 16.
2025-11-03 17:32:33 | id:4,dec time:0.19350814819335938
2025-11-03 17:32:33 | id:0,dec time:0.19601655006408691
2025-11-03 17:32:33 | id:1,dec time:0.19351720809936523
2025-11-03 17:32:33 | id:2,dec time:0.19051027297973633
2025-11-03 17:32:35 | [E16] acc=98.2100% loss=0.0300 time=4.7000s up=7.9703MB down=0.0000MB cum=135.4948MB (best@8:98.2900%)
2025-11-03 17:32:36 | id:2,train time:2.7162866592407227
2025-11-03 17:32:36 | id:4,train time:2.735785961151123
2025-11-03 17:32:36 | id:0,train time:2.7477896213531494
2025-11-03 17:32:36 | id:1,train time:2.756291151046753
2025-11-03 17:32:36 | id:2,enc time:0.2245337963104248
2025-11-03 17:32:36 | client 2, mask ones: 5, len: 44

2025-11-03 17:32:36 | client 3, mask ones: 5, len: 44

2025-11-03 17:32:36 | client 4, mask ones: 5, len: 44

2025-11-03 17:32:36 | client 1, mask ones: 5, len: 44
2025-11-03 17:32:36 | id:0,enc time:0.22403430938720703
2025-11-03 17:32:36 | client 0, mask ones: 5, len: 44
2025-11-03 17:32:38 | enc=True, isSpars=topk, cipher_count=True
2025-11-03 17:32:38 | server receive: ciphertext size:8355569 bytes
2025-11-03 17:32:38 | server agg: epoch 17.
2025-11-03 17:32:38 | id:2,dec time:0.2050333023071289
2025-11-03 17:32:38 | id:1,dec time:0.2015378475189209
2025-11-03 17:32:38 | id:4,dec time:0.20953726768493652
2025-11-03 17:32:38 | id:3,dec time:0.21153593063354492
2025-11-03 17:32:39 | [Converged] round=17, best_acc=98.2900 at round 7
2025-11-03 17:32:39 | server end!
2025-11-03 17:32:39 | [Summary] mode=enc-ckks-topk-0.1 | rounds_run=18 | best_acc=98.2900% (best@8) | time=98.8375s | up=143.4633MB | down=0.0000MB | total=143.4633MB | avg_up/participation=7.9703MB | 
2025-11-03 17:32:40 | Total ciphertext size: 150432210 bytes, size list: [8357391, 8357964, 8357778, 8357666, 8359650, 8357831, 8355706, 8355958, 8356758, 8357746, 8357805, 8358789, 8356578, 8357627, 8356311, 8357648, 8357435, 8355569].
2025-11-03 17:32:40 | Accuracy list: [94.4, 97.29, 97.78, 98.02, 97.86, 98.09, 98.15, 98.29, 98.22, 98.07, 98.11, 98.28, 98.02, 98.16, 98.07, 98.34, 98.21, 98.19]%.
2025-11-03 17:32:40 | Loss list:[0.15, 0.05, 0.04, 0.04, 0.04, 0.03, 0.03, 0.03, 0.03, 0.04, 0.03, 0.03, 0.04, 0.04, 0.04, 0.03, 0.03, 0.04]
2025-11-03 17:32:40 | time list:[19.8, 4.53, 4.69, 4.42, 4.55, 4.71, 4.54, 4.62, 5.06, 4.7, 4.49, 4.91, 4.55, 4.54, 4.38, 4.7, 4.7]s
2025-11-03 17:32:40 | Participate list: [18, 18, 18, 18, 18].
2025-11-03 17:32:40 | tmp_len_clusters:[]
2025-11-03 17:32:41 | id:0,train time:2.978688955307007
2025-11-03 17:32:41 | id:4,train time:2.998685836791992

2025-11-03 17:32:41 | id:2,train time:2.9981868267059326
2025-11-03 17:32:41 | id:1,train time:3.007685661315918
