2025-11-03 17:47:38 | Basic information: device cpu, learning rate 0.001, num clients 5, epochs 100,noniid_method dirichlet,            isEnc True,isBatch True,sparsification topk, client selection False,topk 0.2, enc_batch_size 8192
2025-11-03 17:47:39 | training weights: [0.2, 0.2, 0.2, 0.2, 0.2]
2025-11-03 17:47:39 | testing weights:[0.2, 0.2, 0.2, 0.2, 0.2]
2025-11-03 17:47:39 | client0, train samples 12000,test samples 2000
2025-11-03 17:47:39 | client1, train samples 12000,test samples 2000
2025-11-03 17:47:39 | client2, train samples 12000,test samples 2000
2025-11-03 17:47:39 | client3, train samples 12000,test samples 2000
2025-11-03 17:47:39 | client4, train samples 12000,test samples 2000
2025-11-03 17:47:39 | data split finished!
2025-11-03 17:47:39 | Batch num:6
2025-11-03 17:47:47 | id:0,train time:1.8706953525543213
2025-11-03 17:47:47 | id:0,enc time:0.22301912307739258
2025-11-03 17:47:47 | client 0, mask ones: 2, len: 6
2025-11-03 17:47:50 | id:1,train time:1.7997455596923828
2025-11-03 17:47:50 | id:1,enc time:0.21709847450256348
2025-11-03 17:47:50 | client 1, mask ones: 2, len: 6
2025-11-03 17:47:53 | id:2,train time:1.906076431274414
2025-11-03 17:47:53 | id:2,enc time:0.2165205478668213
2025-11-03 17:47:53 | client 2, mask ones: 2, len: 6
2025-11-03 17:47:56 | id:3,train time:1.8095922470092773
2025-11-03 17:47:56 | id:3,enc time:0.2155146598815918
2025-11-03 17:47:56 | client 3, mask ones: 2, len: 6
2025-11-03 17:47:59 | id:4,train time:1.7932116985321045
2025-11-03 17:47:59 | id:4,enc time:0.22151923179626465
2025-11-03 17:47:59 | client 4, mask ones: 2, len: 6
2025-11-03 17:48:01 | enc=True, isSpars=topk, cipher_count=True
2025-11-03 17:48:01 | server receive: ciphertext size:6685502 bytes
2025-11-03 17:48:01 | server agg: epoch 0.
2025-11-03 17:48:01 | id:0,dec time:0.19284844398498535
2025-11-03 17:48:01 | id:3,dec time:0.19586515426635742
2025-11-03 17:48:01 | id:4,dec time:0.1943492889404297
2025-11-03 17:48:01 | id:2,dec time:0.19484877586364746
2025-11-03 17:48:03 | [E0] acc=94.8100% loss=0.1300 time=20.6100s up=6.3758MB down=0.0000MB cum=6.3758MB (best@1:94.8100%)
2025-11-03 17:48:06 | id:2,train time:4.111790657043457
2025-11-03 17:48:06 | id:3,train time:4.127295255661011
2025-11-03 17:48:06 | id:1,train time:4.123795747756958
2025-11-03 17:48:06 | id:0,train time:4.135794162750244
2025-11-03 17:48:06 | id:4,enc time:0.21001768112182617
2025-11-03 17:48:06 | client 4, mask ones: 2, len: 6
3
2025-11-03 17:48:06 | id:3,enc time:0.20852160453796387
2025-11-03 17:48:06 | client 2, mask ones: 2, len: 6
2025-11-03 17:48:06 | id:0,enc time:0.20751523971557617
2025-11-03 17:48:06 | client 3, mask ones: 2, len: 6
2025-11-03 17:48:06 | client 0, mask ones: 2, len: 6
2025-11-03 17:48:08 | enc=True, isSpars=topk, cipher_count=True
2025-11-03 17:48:08 | server receive: ciphertext size:6683585 bytes
2025-11-03 17:48:08 | server agg: epoch 1.
2025-11-03 17:48:08 | id:4,dec time:0.19400906562805176
2025-11-03 17:48:08 | id:1,dec time:0.19501042366027832
2025-11-03 17:48:08 | id:0,dec time:0.1950089931488037

2025-11-03 17:48:09 | [E1] acc=97.2200% loss=0.0600 time=6.8100s up=6.3740MB down=0.0000MB cum=12.7498MB (best@2:97.2200%)
2025-11-03 17:48:13 | id:0,train time:4.158502101898193
2025-11-03 17:48:13 | id:3,train time:4.177502393722534
2025-11-03 17:48:13 | id:1,train time:4.185502290725708
2025-11-03 17:48:13 | id:2,train time:4.202003479003906
2025-11-03 17:48:13 | id:0,enc time:0.21601057052612305
2025-11-03 17:48:13 | client 0, mask ones: 2, len: 6
8
2025-11-03 17:48:13 | id:3,enc time:0.21701622009277344
2025-11-03 17:48:13 | id:4,enc time:0.20702099800109863
2025-11-03 17:48:13 | id:2,enc time:0.2095174789428711
2025-11-03 17:48:13 | client 4, mask ones: 2, len: 6
2025-11-03 17:48:13 | client 2, mask ones: 2, len: 6
2025-11-03 17:48:14 | enc=True, isSpars=topk, cipher_count=True
2025-11-03 17:48:14 | server receive: ciphertext size:6686958 bytes
2025-11-03 17:48:14 | server agg: epoch 2.
2025-11-03 17:48:14 | id:0,dec time:0.1930232048034668

2025-11-03 17:48:14 | id:3,dec time:0.1930232048034668

2025-11-03 17:48:15 | [E2] acc=97.8500% loss=0.0400 time=5.9900s up=6.3772MB down=0.0000MB cum=19.1269MB (best@3:97.8500%)
2025-11-03 17:48:19 | id:3,train time:4.35490083694458

2025-11-03 17:48:19 | id:1,train time:4.350898504257202
2025-11-03 17:48:19 | id:2,train time:4.264890670776367
2025-11-03 17:48:19 | id:0,train time:4.383405923843384
2025-11-03 17:48:19 | id:2,enc time:0.20601296424865723
2025-11-03 17:48:19 | id:3,enc time:0.21501994132995605
2025-11-03 17:48:19 | id:4,enc time:0.21001410484313965
2025-11-03 17:48:19 | id:1,enc time:0.213517427444458
2025-11-03 17:48:19 | client 2, mask ones: 2, len: 6
2025-11-03 17:48:19 | client 3, mask ones: 2, len: 6
2025-11-03 17:48:19 | client 4, mask ones: 2, len: 6
2025-11-03 17:48:19 | id:0,enc time:0.21001291275024414
2025-11-03 17:48:19 | client 1, mask ones: 2, len: 6
2025-11-03 17:48:19 | client 0, mask ones: 2, len: 6
2025-11-03 17:48:21 | enc=True, isSpars=topk, cipher_count=True
2025-11-03 17:48:21 | server receive: ciphertext size:6684820 bytes
2025-11-03 17:48:21 | server agg: epoch 3.
2025-11-03 17:48:21 | id:3,dec time:0.19600987434387207
2025-11-03 17:48:21 | id:4,dec time:0.193511962890625
2025-11-03 17:48:21 | id:0,dec time:0.19500970840454102
025-11-03 17:48:21 | id:2,dec time:0.19001173973083496
2025-11-03 17:48:22 | [E3] acc=97.9500% loss=0.0400 time=6.9100s up=6.3751MB down=0.0000MB cum=25.5021MB (best@4:97.9500%)
2025-11-03 17:48:25 | id:2,train time:4.025690078735352
2025-11-03 17:48:26 | id:0,train time:4.1366963386535645
2025-11-03 17:48:26 | id:3,train time:4.142695903778076
2025-11-03 17:48:26 | id:4,train time:4.143194675445557
2025-11-03 17:48:26 | id:2,enc time:0.23501086235046387
2025-11-03 17:48:26 | client 2, mask ones: 2, len: 6
2025-11-03 17:48:26 | id:0,enc time:0.2130122184753418

2025-11-03 17:48:26 | id:1,enc time:0.2110130786895752
2025-11-03 17:48:26 | id:4,enc time:0.20601272583007812
2025-11-03 17:48:26 | client 3, mask ones: 2, len: 6
2025-11-03 17:48:26 | client 1, mask ones: 2, len: 6
2025-11-03 17:48:26 | client 0, mask ones: 2, len: 6
2025-11-03 17:48:26 | client 4, mask ones: 2, len: 6
2025-11-03 17:48:28 | enc=True, isSpars=topk, cipher_count=True
2025-11-03 17:48:28 | server receive: ciphertext size:6686185 bytes
2025-11-03 17:48:28 | server agg: epoch 4.
2025-11-03 17:48:28 | id:0,dec time:0.19304156303405762
2025-11-03 17:48:28 | id:2,dec time:0.191542387008667
2025-11-03 17:48:29 | [E4] acc=97.5800% loss=0.0500 time=6.8800s up=6.3764MB down=0.0000MB cum=31.8785MB (best@4:97.9500%)
2025-11-03 17:48:32 | id:1,train time:3.9633355140686035
2025-11-03 17:48:32 | id:3,train time:3.9823343753814697
2025-11-03 17:48:32 | id:2,train time:3.9773356914520264
2025-11-03 17:48:32 | id:0,train time:3.987333297729492
2025-11-03 17:48:32 | id:1,enc time:0.20801377296447754
2025-11-03 17:48:32 | client 1, mask ones: 2, len: 6
2025-11-03 17:48:32 | id:3,enc time:0.21051669120788574
2025-11-03 17:48:32 | client 4, mask ones: 2, len: 6
2025-11-03 17:48:32 | id:2,enc time:0.20951485633850098
2025-11-03 17:48:32 | client 3, mask ones: 2, len: 6
2025-11-03 17:48:32 | id:0,enc time:0.2035198211669922
2025-11-03 17:48:32 | client 2, mask ones: 2, len: 6
2025-11-03 17:48:32 | client 0, mask ones: 2, len: 6
2025-11-03 17:48:35 | enc=True, isSpars=topk, cipher_count=True
2025-11-03 17:48:35 | server receive: ciphertext size:6683286 bytes
2025-11-03 17:48:35 | server agg: epoch 5.
2025-11-03 17:48:35 | id:4,dec time:0.19551396369934082
2025-11-03 17:48:35 | id:0,dec time:0.1940140724182129
2025-11-03 17:48:35 | id:1,dec time:0.19551396369934082
2025-11-03 17:48:35 | id:3,dec time:0.19201397895812988
2025-11-03 17:48:35 | id:2,dec time:0.19551372528076172
2025-11-03 17:48:36 | [E5] acc=98.0100% loss=0.0400 time=6.6900s up=6.3737MB down=0.0000MB cum=38.2522MB (best@4:97.9500%)
2025-11-03 17:48:39 | id:4,train time:4.277887344360352
2025-11-03 17:48:39 | id:3,train time:4.272889137268066
2025-11-03 17:48:39 | id:1,train time:4.308887004852295
2025-11-03 17:48:39 | id:0,train time:4.316886901855469
2025-11-03 17:48:39 | id:2,enc time:0.22251081466674805
2025-11-03 17:48:39 | id:3,enc time:0.22101163864135742
2025-11-03 17:48:39 | client 4, mask ones: 2, len: 6
2025-11-03 17:48:39 | id:1,enc time:0.2045140266418457
2025-11-03 17:48:39 | client 2, mask ones: 2, len: 6
2025-11-03 17:48:39 | id:0,enc time:0.20751214027404785
2025-11-03 17:48:39 | client 3, mask ones: 2, len: 6
2025-11-03 17:48:39 | client 1, mask ones: 2, len: 6
2025-11-03 17:48:39 | client 0, mask ones: 2, len: 6
2025-11-03 17:48:42 | enc=True, isSpars=topk, cipher_count=True
2025-11-03 17:48:42 | server receive: ciphertext size:6684973 bytes
2025-11-03 17:48:42 | server agg: epoch 6.
2025-11-03 17:48:42 | id:2,dec time:0.19601750373840332
2025-11-03 17:48:42 | id:3,dec time:0.19501686096191406
2025-11-03 17:48:42 | id:4,dec time:0.18951940536499023
2025-11-03 17:48:42 | id:0,dec time:0.19351720809936523
2025-11-03 17:48:43 | [E6] acc=97.8400% loss=0.0400 time=6.9500s up=6.3753MB down=0.0000MB cum=44.6275MB (best@4:97.9500%)
2025-11-03 17:48:47 | id:0,train time:4.932911396026611
2025-11-03 17:48:47 | id:4,train time:4.918411493301392
2025-11-03 17:48:47 | id:1,train time:4.934911012649536
2025-11-03 17:48:47 | id:3,train time:4.955434083938599
2025-11-03 17:48:47 | id:1,enc time:0.20703935623168945
2025-11-03 17:48:47 | id:4,enc time:0.21003937721252441
2025-11-03 17:48:47 | client 0, mask ones: 2, len: 6
2025-11-03 17:48:47 | client 4, mask ones: 2, len: 6
2025-11-03 17:48:47 | client 1, mask ones: 2, len: 6
2025-11-03 17:48:47 | id:3,enc time:0.21001648902893066
2025-11-03 17:48:47 | client 3, mask ones: 2, len: 6
2025-11-03 17:48:47 | client 2, mask ones: 2, len: 6
2025-11-03 17:48:48 | enc=True, isSpars=topk, cipher_count=True
2025-11-03 17:48:48 | server receive: ciphertext size:6685869 bytes
2025-11-03 17:48:48 | server agg: epoch 7.
2025-11-03 17:48:48 | id:0,dec time:0.1955106258392334

2025-11-03 17:48:48 | id:4,dec time:0.1930103302001953

2025-11-03 17:48:48 | id:3,dec time:0.19201040267944336
2025-11-03 17:48:50 | [E7] acc=97.8300% loss=0.0400 time=6.6900s up=6.3761MB down=0.0000MB cum=51.0036MB (best@4:97.9500%)
2025-11-03 17:48:53 | id:1,train time:4.378422498703003
2025-11-03 17:48:53 | id:2,train time:4.398927927017212
2025-11-03 17:48:53 | id:4,train time:4.391929864883423
2025-11-03 17:48:53 | id:0,train time:4.418426513671875
2025-11-03 17:48:53 | id:3,train time:4.338929653167725
2025-11-03 17:48:53 | id:1,enc time:0.21451044082641602
2025-11-03 17:48:53 | client 1, mask ones: 2, len: 6
2025-11-03 17:48:53 | id:4,enc time:0.2105116844177246
2025-11-03 17:48:53 | id:2,enc time:0.2105116844177246
2025-11-03 17:48:53 | id:3,enc time:0.20901250839233398
2025-11-03 17:48:53 | id:0,enc time:0.211012601852417
2025-11-03 17:48:53 | client 2, mask ones: 2, len: 6
2025-11-03 17:48:53 | client 3, mask ones: 2, len: 6
2025-11-03 17:48:53 | client 0, mask ones: 2, len: 6
2025-11-03 17:48:55 | enc=True, isSpars=topk, cipher_count=True
2025-11-03 17:48:55 | server receive: ciphertext size:6685945 bytes
2025-11-03 17:48:55 | server agg: epoch 8.
2025-11-03 17:48:56 | id:3,dec time:0.19650983810424805
2025-11-03 17:48:56 | id:1,dec time:0.19451141357421875
2025-11-03 17:48:56 | id:0,dec time:0.19250941276550293
2025-11-03 17:48:56 | id:4,dec time:0.19251012802124023
2025-11-03 17:48:57 | [E8] acc=98.3200% loss=0.0300 time=6.7900s up=6.3762MB down=0.0000MB cum=57.3798MB (best@9:98.3200%)
2025-11-03 17:48:59 | id:4,train time:3.8008294105529785
2025-11-03 17:48:59 | id:2,train time:3.8133363723754883
2025-11-03 17:48:59 | id:1,train time:3.8168370723724365
2025-11-03 17:49:00 | id:0,train time:3.8323371410369873
2025-11-03 17:49:00 | id:4,enc time:0.20902132987976074
2025-11-03 17:49:00 | id:1,enc time:0.20952105522155762
2025-11-03 17:49:00 | client 4, mask ones: 2, len: 6
2025-11-03 17:49:00 | id:2,enc time:0.20652151107788086
2025-11-03 17:49:00 | client 1, mask ones: 2, len: 6
2025-11-03 17:49:00 | id:3,enc time:0.21152162551879883
2025-11-03 17:49:00 | client 2, mask ones: 2, len: 6
2025-11-03 17:49:00 | id:0,enc time:0.20502185821533203
2025-11-03 17:49:00 | client 3, mask ones: 2, len: 6
2025-11-03 17:49:00 | client 0, mask ones: 2, len: 6
2025-11-03 17:49:02 | enc=True, isSpars=topk, cipher_count=True
2025-11-03 17:49:02 | server receive: ciphertext size:6685475 bytes
2025-11-03 17:49:02 | server agg: epoch 9.
2025-11-03 17:49:02 | id:2,dec time:0.19301056861877441
2025-11-03 17:49:02 | id:4,dec time:0.19601035118103027
2025-11-03 17:49:02 | id:3,dec time:0.1915113925933838
2025-11-03 17:49:02 | id:0,dec time:0.19651150703430176
2025-11-03 17:49:03 | [E9] acc=98.1100% loss=0.0400 time=6.5900s up=6.3758MB down=0.0000MB cum=63.7556MB (best@9:98.3200%)
2025-11-03 17:49:06 | id:4,train time:3.436837911605835
2025-11-03 17:49:06 | id:1,train time:3.4738433361053467
2025-11-03 17:49:06 | id:0,train time:3.504843235015869
2025-11-03 17:49:06 | id:3,train time:3.503343105316162
2025-11-03 17:49:06 | id:4,enc time:0.21201515197753906
2025-11-03 17:49:06 | client 4, mask ones: 2, len: 6
2025-11-03 17:49:06 | id:1,enc time:0.20851516723632812
2025-11-03 17:49:06 | client 1, mask ones: 2, len: 6
2025-11-03 17:49:06 | client 2, mask ones: 2, len: 6
2025-11-03 17:49:06 | id:0,enc time:0.2110154628753662
2025-11-03 17:49:06 | id:3,enc time:0.21201515197753906
2025-11-03 17:49:06 | client 0, mask ones: 2, len: 6
2025-11-03 17:49:06 | client 3, mask ones: 2, len: 6
2025-11-03 17:49:07 | enc=True, isSpars=topk, cipher_count=True
2025-11-03 17:49:07 | server receive: ciphertext size:6686881 bytes
2025-11-03 17:49:07 | server agg: epoch 10.
2025-11-03 17:49:07 | id:1,dec time:0.1975111961364746
2025-11-03 17:49:07 | id:0,dec time:0.19701051712036133
2025-11-03 17:49:07 | id:2,dec time:0.19251084327697754
2025-11-03 17:49:07 | id:3,dec time:0.19200944900512695
2025-11-03 17:49:09 | [E10] acc=98.0100% loss=0.0400 time=5.0300s up=6.3771MB down=0.0000MB cum=70.1327MB (best@9:98.3200%)
2025-11-03 17:49:11 | id:3,train time:3.871325731277466

2025-11-03 17:49:11 | id:2,train time:3.88732647895813
2025-11-03 17:49:11 | id:4,train time:3.885326862335205
2025-11-03 17:49:11 | id:1,train time:3.8838257789611816
2025-11-03 17:49:12 | id:3,enc time:0.2065105438232422
2025-11-03 17:49:12 | client 0, mask ones: 2, len: 6

2025-11-03 17:49:12 | client 3, mask ones: 2, len: 6
2025-11-03 17:49:12 | id:2,enc time:0.21001482009887695
2025-11-03 17:49:12 | id:4,enc time:0.21001482009887695
2025-11-03 17:49:12 | client 1, mask ones: 2, len: 6
2025-11-03 17:49:12 | client 2, mask ones: 2, len: 6
2025-11-03 17:49:12 | client 4, mask ones: 2, len: 6
2025-11-03 17:49:13 | enc=True, isSpars=topk, cipher_count=True
2025-11-03 17:49:13 | server receive: ciphertext size:6685995 bytes
2025-11-03 17:49:13 | server agg: epoch 11.
2025-11-03 17:49:13 | id:3,dec time:0.1910114288330078
2025-11-03 17:49:13 | id:0,dec time:0.19651198387145996
2025-11-03 17:49:13 | id:4,dec time:0.19601106643676758
2025-11-03 17:49:14 | [E11] acc=98.0700% loss=0.0400 time=5.5700s up=6.3763MB down=0.0000MB cum=76.5090MB (best@9:98.3200%)
2025-11-03 17:49:18 | id:4,train time:5.046923875808716
2025-11-03 17:49:18 | id:2,train time:5.066423654556274
2025-11-03 17:49:18 | id:3,train time:5.0649237632751465
2025-11-03 17:49:18 | id:0,train time:5.076924562454224
2025-11-03 17:49:18 | id:1,train time:5.089923620223999
2025-11-03 17:49:18 | id:4,enc time:0.20750904083251953
2025-11-03 17:49:18 | client 4, mask ones: 2, len: 6
2025-11-03 17:49:18 | id:0,enc time:0.2060103416442871
2025-11-03 17:49:18 | id:3,enc time:0.21151018142700195
2025-11-03 17:49:18 | id:2,enc time:0.20900988578796387
2025-11-03 17:49:18 | client 3, mask ones: 2, len: 6
2025-11-03 17:49:18 | id:1,enc time:0.20701050758361816
2025-11-03 17:49:18 | client 0, mask ones: 2, len: 6
2025-11-03 17:49:18 | client 2, mask ones: 2, len: 6
2025-11-03 17:49:18 | client 1, mask ones: 2, len: 6
2025-11-03 17:49:19 | enc=True, isSpars=topk, cipher_count=True
2025-11-03 17:49:20 | server receive: ciphertext size:6684993 bytes
2025-11-03 17:49:20 | server agg: epoch 12.
2025-11-03 17:49:20 | id:0,dec time:0.1900177001953125
2025-11-03 17:49:20 | id:2,dec time:0.19652414321899414
2025-11-03 17:49:20 | id:4,dec time:0.19601702690124512
2025-11-03 17:49:20 | id:1,dec time:0.1920170783996582
2025-11-03 17:49:21 | [E12] acc=98.0600% loss=0.0400 time=6.7400s up=6.3753MB down=0.0000MB cum=82.8843MB (best@9:98.3200%)
2025-11-03 17:49:24 | id:4,train time:3.723323345184326
2025-11-03 17:49:24 | id:1,train time:3.848829984664917
2025-11-03 17:49:24 | id:3,train time:3.8433289527893066
2025-11-03 17:49:24 | id:4,enc time:0.22951865196228027
2025-11-03 17:49:24 | client 4, mask ones: 2, len: 6
2025-11-03 17:49:24 | id:1,enc time:0.20550990104675293
2025-11-03 17:49:24 | id:0,enc time:0.20901179313659668
2025-11-03 17:49:24 | id:3,enc time:0.20951056480407715
2025-11-03 17:49:24 | client 2, mask ones: 2, len: 6
2025-11-03 17:49:24 | client 0, mask ones: 2, len: 6
2025-11-03 17:49:24 | client 1, mask ones: 2, len: 6
2025-11-03 17:49:24 | client 3, mask ones: 2, len: 6
2025-11-03 17:49:25 | enc=True, isSpars=topk, cipher_count=True
2025-11-03 17:49:25 | server receive: ciphertext size:6684678 bytes
2025-11-03 17:49:25 | server agg: epoch 13.
2025-11-03 17:49:25 | id:4,dec time:0.19451189041137695
2025-11-03 17:49:25 | id:1,dec time:0.19301080703735352
2025-11-03 17:49:25 | id:2,dec time:0.19301128387451172
2025-11-03 17:49:25 | id:3,dec time:0.19501066207885742
2025-11-03 17:49:25 | id:0,dec time:0.19401121139526367
2025-11-03 17:49:26 | [E13] acc=98.0800% loss=0.0400 time=5.5100s up=6.3750MB down=0.0000MB cum=89.2593MB (best@9:98.3200%)
2025-11-03 17:49:30 | id:4,train time:4.0693933963775635
2025-11-03 17:49:30 | id:3,train time:4.085395336151123
2025-11-03 17:49:30 | id:0,train time:4.1068925857543945
2025-11-03 17:49:30 | id:2,train time:4.100893259048462
2025-11-03 17:49:30 | id:1,train time:4.110891819000244
2025-11-03 17:49:30 | id:4,enc time:0.2085103988647461
2025-11-03 17:49:30 | client 4, mask ones: 2, len: 6
2025-11-03 17:49:30 | id:3,enc time:0.20800995826721191
2025-11-03 17:49:30 | client 3, mask ones: 2, len: 6
2025-11-03 17:49:30 | id:1,enc time:0.2040112018585205
2025-11-03 17:49:30 | id:0,enc time:0.20801115036010742
2025-11-03 17:49:30 | client 2, mask ones: 2, len: 6
2025-11-03 17:49:30 | client 0, mask ones: 2, len: 6
2025-11-03 17:49:30 | client 1, mask ones: 2, len: 6
2025-11-03 17:49:31 | enc=True, isSpars=topk, cipher_count=True
2025-11-03 17:49:31 | server receive: ciphertext size:6685378 bytes
2025-11-03 17:49:31 | server agg: epoch 14.
2025-11-03 17:49:31 | id:2,dec time:0.19350743293762207
2025-11-03 17:49:31 | id:0,dec time:0.19250750541687012
2025-11-03 17:49:31 | id:4,dec time:0.19600749015808105
2025-11-03 17:49:31 | id:3,dec time:0.19600749015808105
2025-11-03 17:49:31 | id:1,dec time:0.1950087547302246
2025-11-03 17:49:33 | [E14] acc=98.1800% loss=0.0400 time=5.7900s up=6.3757MB down=0.0000MB cum=95.6350MB (best@9:98.3200%)
2025-11-03 17:49:36 | id:3,train time:4.520413637161255

2025-11-03 17:49:36 | id:2,train time:4.517913818359375
2025-11-03 17:49:36 | id:1,train time:4.539412975311279
2025-11-03 17:49:36 | id:0,train time:4.533913850784302
2025-11-03 17:49:36 | id:3,enc time:0.2105112075805664

2025-11-03 17:49:36 | id:0,enc time:0.20801520347595215
2025-11-03 17:49:36 | client 4, mask ones: 2, len: 6
2025-11-03 17:49:36 | id:1,enc time:0.2060108184814453
2025-11-03 17:49:36 | client 3, mask ones: 2, len: 6
2025-11-03 17:49:36 | client 2, mask ones: 2, len: 6
2025-11-03 17:49:36 | client 0, mask ones: 2, len: 6
2025-11-03 17:49:36 | client 1, mask ones: 2, len: 6
2025-11-03 17:49:38 | enc=True, isSpars=topk, cipher_count=True
2025-11-03 17:49:38 | server receive: ciphertext size:6685865 bytes
2025-11-03 17:49:38 | server agg: epoch 15.
2025-11-03 17:49:38 | id:3,dec time:0.19451093673706055
2025-11-03 17:49:38 | id:4,dec time:0.1930103302001953
2025-11-03 17:49:38 | id:1,dec time:0.19151091575622559
2025-11-03 17:49:40 | [E15] acc=98.0600% loss=0.0400 time=6.9400s up=6.3761MB down=0.0000MB cum=102.0111MB (best@9:98.3200%)
2025-11-03 17:49:42 | id:3,train time:3.842377185821533
2025-11-03 17:49:42 | id:1,train time:3.859380006790161
2025-11-03 17:49:42 | id:4,train time:3.860379934310913
2025-11-03 17:49:42 | id:2,train time:3.8563809394836426
2025-11-03 17:49:42 | id:3,enc time:0.2070176601409912
2025-11-03 17:49:42 | id:1,enc time:0.20850920677185059
2025-11-03 17:49:42 | client 3, mask ones: 2, len: 6
2025-11-03 17:49:43 | id:2,enc time:0.2130110263824463
2025-11-03 17:49:43 | id:4,enc time:0.21200823783874512
2025-11-03 17:49:43 | client 1, mask ones: 2, len: 6
2025-11-03 17:49:43 | client 2, mask ones: 2, len: 6
2025-11-03 17:49:43 | client 4, mask ones: 2, len: 6
2025-11-03 17:49:44 | enc=True, isSpars=topk, cipher_count=True
2025-11-03 17:49:44 | server receive: ciphertext size:6685381 bytes
2025-11-03 17:49:44 | server agg: epoch 16.
2025-11-03 17:49:44 | id:1,dec time:0.19401168823242188
2025-11-03 17:49:44 | id:0,dec time:0.19101262092590332
2025-11-03 17:49:44 | id:2,dec time:0.19651198387145996
2025-11-03 17:49:45 | [E16] acc=98.0500% loss=0.0400 time=5.4300s up=6.3757MB down=0.0000MB cum=108.3868MB (best@9:98.3200%)
2025-11-03 17:49:49 | id:4,train time:4.699564218521118
2025-11-03 17:49:49 | id:3,train time:4.7255635261535645
2025-11-03 17:49:49 | id:1,train time:4.726063966751099
2025-11-03 17:49:49 | id:2,train time:4.7040674686431885
2025-11-03 17:49:49 | id:4,enc time:0.20551609992980957
2025-11-03 17:49:49 | client 4, mask ones: 2, len: 6
2025-11-03 17:49:49 | id:3,enc time:0.21251440048217773
2025-11-03 17:49:49 | id:1,enc time:0.20701360702514648
2025-11-03 17:49:49 | client 3, mask ones: 2, len: 6
2025-11-03 17:49:49 | id:2,enc time:0.2065107822418213
2025-11-03 17:49:49 | client 0, mask ones: 2, len: 6
2025-11-03 17:49:49 | client 1, mask ones: 2, len: 6
2025-11-03 17:49:49 | client 2, mask ones: 2, len: 6
2025-11-03 17:49:50 | enc=True, isSpars=topk, cipher_count=True
2025-11-03 17:49:50 | server receive: ciphertext size:6686303 bytes
2025-11-03 17:49:50 | server agg: epoch 17.
2025-11-03 17:49:50 | id:2,dec time:0.19451284408569336
2025-11-03 17:49:50 | id:3,dec time:0.19251418113708496
2025-11-03 17:49:50 | id:4,dec time:0.19701480865478516
2025-11-03 17:49:50 | id:0,dec time:0.19351530075073242
2025-11-03 17:49:51 | [E17] acc=98.3100% loss=0.0400 time=6.2200s up=6.3766MB down=0.0000MB cum=114.7633MB (best@9:98.3200%)
2025-11-03 17:49:54 | id:4,train time:3.7367591857910156
2025-11-03 17:49:54 | id:1,train time:3.7522590160369873
2025-11-03 17:49:54 | id:3,train time:3.754258394241333
2025-11-03 17:49:54 | id:2,train time:3.7487587928771973
2025-11-03 17:49:54 | id:0,train time:3.7612595558166504
2025-11-03 17:49:54 | id:4,enc time:0.20900988578796387
2025-11-03 17:49:54 | id:1,enc time:0.2085115909576416

2025-11-03 17:49:54 | client 4, mask ones: 2, len: 6
2025-11-03 17:49:54 | id:2,enc time:0.20951414108276367
2025-11-03 17:49:54 | client 1, mask ones: 2, len: 6
2025-11-03 17:49:54 | id:0,enc time:0.20751237869262695
2025-11-03 17:49:54 | client 3, mask ones: 2, len: 6
2025-11-03 17:49:54 | client 2, mask ones: 2, len: 6
2025-11-03 17:49:54 | client 0, mask ones: 2, len: 6
2025-11-03 17:49:56 | enc=True, isSpars=topk, cipher_count=True
2025-11-03 17:49:56 | server receive: ciphertext size:6686277 bytes
2025-11-03 17:49:56 | server agg: epoch 18.
2025-11-03 17:49:56 | id:2,dec time:0.19650864601135254
2025-11-03 17:49:56 | id:1,dec time:0.19250917434692383
2025-11-03 17:49:56 | id:3,dec time:0.19250917434692383
2025-11-03 17:49:56 | id:4,dec time:0.1935112476348877
2025-11-03 17:49:56 | id:0,dec time:0.19301128387451172
2025-11-03 17:49:57 | [Converged] round=18, best_acc=98.3200 at round 8
2025-11-03 17:49:57 | server end!
2025-11-03 17:49:57 | [Summary] mode=enc-ckks-topk-0.2 | rounds_run=19 | best_acc=98.3200% (best@9) | time=134.9780s | up=121.1399MB | down=0.0000MB | total=121.1399MB | avg_up/participation=6.3757MB | 
2025-11-03 17:49:57 | Total ciphertext size: 127024349 bytes, size list: [6685502, 6683585, 6686958, 6684820, 6686185, 6683286, 6684973, 6685869, 6685945, 6685475, 6686881, 6685995, 6684993, 6684678, 6685378, 6685865, 6685381, 6686303, 6686277].
2025-11-03 17:49:57 | Accuracy list: [94.81, 97.22, 97.85, 97.95, 97.58, 98.01, 97.84, 97.83, 98.32, 98.11, 98.01, 98.07, 98.06, 98.08, 98.18, 98.06, 98.05, 98.31, 98.33]%.
2025-11-03 17:49:57 | Loss list:[0.13, 0.06, 0.04, 0.04, 0.05, 0.04, 0.04, 0.04, 0.03, 0.04, 0.04, 0.04, 0.04, 0.04, 0.04, 0.04, 0.04, 0.04, 0.04]
2025-11-03 17:49:57 | time list:[20.61, 6.81, 5.99, 6.91, 6.88, 6.69, 6.95, 6.69, 6.79, 6.59, 5.03, 5.57, 6.74, 5.51, 5.79, 6.94, 5.43, 6.22]s
2025-11-03 17:49:57 | Participate list: [19, 19, 19, 19, 19].
2025-11-03 17:49:57 | tmp_len_clusters:[]
2025-11-03 17:50:00 | id:4,train time:4.0608837604522705
2025-11-03 17:50:00 | id:3,train time:4.19490122795105
2025-11-03 17:50:00 | id:0,train time:4.204405307769775
2025-11-03 17:50:00 | id:1,train time:4.204406261444092
2025-11-03 17:50:00 | id:2,train time:4.213408470153809
