2025-11-04 10:29:54 | Basic information: device cpu, learning rate 0.001, num clients 5, epochs 100,noniid_method dirichlet,            isEnc False,isBatch True,sparsification topk, client selection False,topk 0.1, enc_batch_size 4096
2025-11-04 10:29:54 | training weights: [0.2, 0.2, 0.2, 0.2, 0.2]
2025-11-04 10:29:54 | testing weights:[0.2, 0.2, 0.2, 0.2, 0.2]
2025-11-04 10:29:54 | client0, train samples 12000,test samples 2000
2025-11-04 10:29:54 | client1, train samples 12000,test samples 2000
2025-11-04 10:29:54 | client2, train samples 12000,test samples 2000
2025-11-04 10:29:54 | client3, train samples 12000,test samples 2000
2025-11-04 10:29:54 | client4, train samples 12000,test samples 2000
2025-11-04 10:29:54 | data split finished!
2025-11-04 10:30:02 | id:0,train time:1.7802796363830566
2025-11-04 10:30:02 | [PT-PackSparse] client 0 uplink ~32768 bytes (packs 1/11, elements 4096)
2025-11-04 10:30:05 | id:1,train time:1.7777464389801025
2025-11-04 10:30:05 | [PT-PackSparse] client 1 uplink ~32768 bytes (packs 1/11, elements 4096)
2025-11-04 10:30:08 | id:2,train time:1.7081143856048584
2025-11-04 10:30:08 | [PT-PackSparse] client 2 uplink ~32768 bytes (packs 1/11, elements 4096)
2025-11-04 10:30:11 | id:3,train time:1.676466941833496
2025-11-04 10:30:11 | [PT-PackSparse] client 3 uplink ~32768 bytes (packs 1/11, elements 4096)
2025-11-04 10:30:14 | id:4,train time:1.7269389629364014
2025-11-04 10:30:14 | [PT-PackSparse] client 4 uplink ~32768 bytes (packs 1/11, elements 4096)
2025-11-04 10:30:15 | enc=False, isSpars=topk, cipher_count=True
2025-11-04 10:30:15 | server receive: plaintext size:163840 bytes
2025-11-04 10:30:15 | server agg: epoch 0.
2025-11-04 10:30:15 | [E0] acc=6.8300% loss=2.3700 time=17.7400s up=0.1562MB down=0.0000MB cum=0.1562MB (best@1:6.8300%)
2025-11-04 10:30:17 | id:4,train time:2.1219818592071533
2025-11-04 10:30:17 | [PT-PackSparse] client 4 uplink ~32768 bytes (packs 1/11, elements 4096)
2025-11-04 10:30:17 | id:0,train time:2.61171293258667
2025-11-04 10:30:17 | id:2,train time:2.628217935562134
2025-11-04 10:30:17 | [PT-PackSparse] client 0 uplink ~32768 bytes (packs 1/11, elements 4096)
2025-11-04 10:30:17 | [PT-PackSparse] client 2 uplink ~32768 bytes (packs 1/11, elements 4096)
2025-11-04 10:30:17 | id:3,train time:2.6582415103912354
2025-11-04 10:30:17 | [PT-PackSparse] client 3 uplink ~32768 bytes (packs 1/11, elements 4096)
2025-11-04 10:30:17 | enc=False, isSpars=topk, cipher_count=True
2025-11-04 10:30:17 | server receive: plaintext size:163840 bytes
2025-11-04 10:30:17 | server agg: epoch 1.
2025-11-04 10:30:18 | [E1] acc=9.5900% loss=2.3500 time=2.6800s up=0.1562MB down=0.0000MB cum=0.3125MB (best@2:9.5900%)
2025-11-04 10:30:20 | id:4,train time:2.8778250217437744
2025-11-04 10:30:20 | [PT-PackSparse] client 4 uplink ~32768 bytes (packs 1/11, elements 4096)
2025-11-04 10:30:20 | id:1,train time:2.9028377532958984
2025-11-04 10:30:20 | id:2,train time:2.899341106414795
2025-11-04 10:30:20 | [PT-PackSparse] client 0 uplink ~32768 bytes (packs 1/11, elements 4096)
2025-11-04 10:30:20 | [PT-PackSparse] client 1 uplink ~32768 bytes (packs 1/11, elements 4096)
2025-11-04 10:30:20 | [PT-PackSparse] client 2 uplink ~32768 bytes (packs 1/11, elements 4096)
2025-11-04 10:30:20 | id:3,train time:2.9138500690460205
2025-11-04 10:30:20 | [PT-PackSparse] client 3 uplink ~32768 bytes (packs 1/11, elements 4096)
2025-11-04 10:30:20 | enc=False, isSpars=topk, cipher_count=True
2025-11-04 10:30:20 | server receive: plaintext size:163840 bytes
2025-11-04 10:30:20 | server agg: epoch 2.
2025-11-04 10:30:21 | [E2] acc=9.6000% loss=2.3530 time=2.8500s up=0.1562MB down=0.0000MB cum=0.4688MB (best@2:9.5900%)
2025-11-04 10:30:23 | id:4,train time:2.4850494861602783
2025-11-04 10:30:23 | [PT-PackSparse] client 2 uplink ~32768 bytes (packs 1/11, elements 4096)
2025-11-04 10:30:23 | [PT-PackSparse] client 4 uplink ~32768 bytes (packs 1/11, elements 4096)
2025-11-04 10:30:23 | id:1,train time:2.499067783355713
2025-11-04 10:30:23 | id:0,train time:2.523578405380249
768 bytes (packs 1/11, elements 4096)
2025-11-04 10:30:23 | id:3,train time:2.5150787830352783
2025-11-04 10:30:23 | [PT-PackSparse] client 0 uplink ~32768 bytes (packs 1/11, elements 4096)
2025-11-04 10:30:23 | [PT-PackSparse] client 3 uplink ~32768 bytes (packs 1/11, elements 4096)
2025-11-04 10:30:23 | enc=False, isSpars=topk, cipher_count=True
2025-11-04 10:30:23 | server receive: plaintext size:163840 bytes
2025-11-04 10:30:23 | server agg: epoch 3.
2025-11-04 10:30:24 | [E3] acc=9.6300% loss=2.3410 time=2.7100s up=0.1562MB down=0.0000MB cum=0.6250MB (best@2:9.5900%)
2025-11-04 10:30:26 | id:4,train time:2.942863941192627
2025-11-04 10:30:26 | [PT-PackSparse] client 4 uplink ~32768 bytes (packs 1/11, elements 4096)
2025-11-04 10:30:26 | id:2,train time:3.106255531311035
2025-11-04 10:30:26 | id:1,train time:3.104750871658325
2025-11-04 10:30:26 | id:3,train time:3.0972542762756348
2025-11-04 10:30:26 | id:0,train time:3.099238872528076
2025-11-04 10:30:26 | [PT-PackSparse] client 2 uplink ~32768 bytes (packs 1/11, elements 4096)
2025-11-04 10:30:26 | [PT-PackSparse] client 0 uplink ~32768 bytes (packs 1/11, elements 4096)
2025-11-04 10:30:26 | [PT-PackSparse] client 3 uplink ~32768 bytes (packs 1/11, elements 4096)
2025-11-04 10:30:26 | enc=False, isSpars=topk, cipher_count=True
2025-11-04 10:30:26 | server receive: plaintext size:163840 bytes
2025-11-04 10:30:26 | server agg: epoch 4.
2025-11-04 10:30:27 | [E4] acc=8.7200% loss=2.3460 time=2.9900s up=0.1562MB down=0.0000MB cum=0.7812MB (best@2:9.5900%)
2025-11-04 10:30:29 | id:4,train time:2.5887627601623535
2025-11-04 10:30:29 | [PT-PackSparse] client 4 uplink ~32768 bytes (packs 1/11, elements 4096)
2025-11-04 10:30:29 | id:0,train time:2.633643627166748
2025-11-04 10:30:29 | id:3,train time:2.6286380290985107
2025-11-04 10:30:29 | [PT-PackSparse] client 0 uplink ~32768 bytes (packs 1/11, elements 4096)
2025-11-04 10:30:29 | [PT-PackSparse] client 1 uplink ~32768 bytes (packs 1/11, elements 4096)
2025-11-04 10:30:29 | id:2,train time:2.637204170227051
2025-11-04 10:30:29 | [PT-PackSparse] client 2 uplink ~32768 bytes (packs 1/11, elements 4096)
2025-11-04 10:30:29 | enc=False, isSpars=topk, cipher_count=True
2025-11-04 10:30:29 | server receive: plaintext size:163840 bytes
2025-11-04 10:30:29 | server agg: epoch 5.
2025-11-04 10:30:29 | [E5] acc=7.1800% loss=2.3540 time=2.7800s up=0.1562MB down=0.0000MB cum=0.9375MB (best@2:9.5900%)
2025-11-04 10:30:32 | id:4,train time:2.9921462535858154
2025-11-04 10:30:32 | [PT-PackSparse] client 4 uplink ~32768 bytes (packs 1/11, elements 4096)
2025-11-04 10:30:32 | id:2,train time:3.029688835144043
2025-11-04 10:30:32 | id:1,train time:3.0246753692626953
2025-11-04 10:30:32 | [PT-PackSparse] client 2 uplink ~32768 bytes (packs 1/11, elements 4096)
2025-11-04 10:30:32 | id:3,train time:3.0527071952819824
2025-11-04 10:30:32 | [PT-PackSparse] client 3 uplink ~32768 bytes (packs 1/11, elements 4096)
2025-11-04 10:30:32 | enc=False, isSpars=topk, cipher_count=True
2025-11-04 10:30:32 | server receive: plaintext size:163840 bytes
2025-11-04 10:30:32 | server agg: epoch 6.
2025-11-04 10:30:33 | [E6] acc=9.0100% loss=2.3470 time=3.1000s up=0.1562MB down=0.0000MB cum=1.0938MB (best@2:9.5900%)
2025-11-04 10:30:35 | id:4,train time:2.555903434753418
2025-11-04 10:30:35 | [PT-PackSparse] client 4 uplink ~32768 bytes (packs 1/11, elements 4096)
2025-11-04 10:30:35 | id:2,train time:2.5724987983703613
2025-11-04 10:30:35 | [PT-PackSparse] client 2 uplink ~32768 bytes (packs 1/11, elements 4096)
2025-11-04 10:30:35 | [PT-PackSparse] client 1 uplink ~32768 bytes (packs 1/11, elements 4096)
2025-11-04 10:30:35 | id:0,train time:2.5840225219726562
2025-11-04 10:30:35 | [PT-PackSparse] client 0 uplink ~32768 bytes (packs 1/11, elements 4096)
2025-11-04 10:30:35 | id:3,train time:2.602537155151367
2025-11-04 10:30:35 | [PT-PackSparse] client 3 uplink ~32768 bytes (packs 1/11, elements 4096)
2025-11-04 10:30:35 | enc=False, isSpars=topk, cipher_count=True
2025-11-04 10:30:35 | server receive: plaintext size:163840 bytes
2025-11-04 10:30:35 | server agg: epoch 7.
2025-11-04 10:30:35 | [E7] acc=7.7700% loss=2.3490 time=2.6500s up=0.1562MB down=0.0000MB cum=1.2500MB (best@2:9.5900%)
2025-11-04 10:30:38 | id:4,train time:2.8976545333862305
2025-11-04 10:30:38 | [PT-PackSparse] client 4 uplink ~32768 bytes (packs 1/11, elements 4096)
2025-11-04 10:30:38 | id:2,train time:2.9281890392303467
2025-11-04 10:30:38 | id:1,train time:2.9201772212982178
2025-11-04 10:30:38 | id:0,train time:2.9406979084014893
68 bytes (packs 1/11, elements 4096)
2025-11-04 10:30:38 | [PT-PackSparse] client 2 uplink ~32768 bytes (packs 1/11, elements 4096)
2025-11-04 10:30:38 | [PT-PackSparse] client 3 uplink ~32768 bytes (packs 1/11, elements 4096)
2025-11-04 10:30:38 | enc=False, isSpars=topk, cipher_count=True
2025-11-04 10:30:38 | server receive: plaintext size:163840 bytes
2025-11-04 10:30:38 | server agg: epoch 8.
2025-11-04 10:30:38 | [E8] acc=8.3700% loss=2.3580 time=3.1000s up=0.1562MB down=0.0000MB cum=1.4062MB (best@2:9.5900%)
2025-11-04 10:30:41 | id:4,train time:2.9443180561065674
2025-11-04 10:30:41 | id:2,train time:2.96083664894104
2025-11-04 10:30:41 | id:1,train time:2.9568283557891846
2025-11-04 10:30:41 | [PT-PackSparse] client 4 uplink ~32768 bytes (packs 1/11, elements 4096)
2025-11-04 10:30:41 | [PT-PackSparse] client 1 uplink ~32768 bytes (packs 1/11, elements 4096)
2025-11-04 10:30:41 | [PT-PackSparse] client 2 uplink ~32768 bytes (packs 1/11, elements 4096)
2025-11-04 10:30:41 | [PT-PackSparse] client 3 uplink ~32768 bytes (packs 1/11, elements 4096)
2025-11-04 10:30:41 | id:0,train time:2.9828505516052246
2025-11-04 10:30:41 | [PT-PackSparse] client 0 uplink ~32768 bytes (packs 1/11, elements 4096)
2025-11-04 10:30:41 | enc=False, isSpars=topk, cipher_count=True
2025-11-04 10:30:41 | server receive: plaintext size:163840 bytes
2025-11-04 10:30:41 | server agg: epoch 9.
2025-11-04 10:30:41 | [E9] acc=8.3200% loss=2.3470 time=3.0000s up=0.1562MB down=0.0000MB cum=1.5625MB (best@2:9.5900%)
2025-11-04 10:30:43 | id:4,train time:2.665430784225464
2025-11-04 10:30:43 | [PT-PackSparse] client 4 uplink ~32768 bytes (packs 1/11, elements 4096)
2025-11-04 10:30:43 | id:1,train time:2.713456392288208
2025-11-04 10:30:43 | [PT-PackSparse] client 1 uplink ~32768 bytes (packs 1/11, elements 4096)
2025-11-04 10:30:43 | id:2,train time:2.7386627197265625
2025-11-04 10:30:43 | id:0,train time:2.7351596355438232
2025-11-04 10:30:43 | [PT-PackSparse] client 2 uplink ~32768 bytes (packs 1/11, elements 4096)
2025-11-04 10:30:43 | [PT-PackSparse] client 0 uplink ~32768 bytes (packs 1/11, elements 4096)
2025-11-04 10:30:43 | id:3,train time:2.7451655864715576
2025-11-04 10:30:43 | [PT-PackSparse] client 3 uplink ~32768 bytes (packs 1/11, elements 4096)
2025-11-04 10:30:43 | enc=False, isSpars=topk, cipher_count=True
2025-11-04 10:30:43 | server receive: plaintext size:163840 bytes
2025-11-04 10:30:43 | server agg: epoch 10.
2025-11-04 10:30:44 | [E10] acc=10.5000% loss=2.3290 time=2.8200s up=0.1562MB down=0.0000MB cum=1.7188MB (best@11:10.5000%)
2025-11-04 10:30:46 | id:1,train time:2.6701557636260986
2025-11-04 10:30:46 | id:4,train time:2.662152051925659
2025-11-04 10:30:46 | id:2,train time:2.680159568786621
2025-11-04 10:30:46 | [PT-PackSparse] client 1 uplink ~32768 bytes (packs 1/11, elements 4096)
2025-11-04 10:30:46 | id:0,train time:2.66766095161438
2025-11-04 10:30:46 | [PT-PackSparse] client 4 uplink ~32768 bytes (packs 1/11, elements 4096)
2025-11-04 10:30:46 | [PT-PackSparse] client 0 uplink ~32768 bytes (packs 1/11, elements 4096)
2025-11-04 10:30:46 | [PT-PackSparse] client 2 uplink ~32768 bytes (packs 1/11, elements 4096)
2025-11-04 10:30:46 | [PT-PackSparse] client 3 uplink ~32768 bytes (packs 1/11, elements 4096)
2025-11-04 10:30:46 | enc=False, isSpars=topk, cipher_count=True
2025-11-04 10:30:46 | server receive: plaintext size:163840 bytes
2025-11-04 10:30:46 | server agg: epoch 11.
2025-11-04 10:30:47 | [E11] acc=6.8800% loss=2.3440 time=2.7400s up=0.1562MB down=0.0000MB cum=1.8750MB (best@11:10.5000%)
2025-11-04 10:30:49 | id:4,train time:2.788925886154175
2025-11-04 10:30:49 | [PT-PackSparse] client 4 uplink ~32768 bytes (packs 1/11, elements 4096)
2025-11-04 10:30:49 | id:1,train time:2.816943883895874
2025-11-04 10:30:49 | [PT-PackSparse] client 1 uplink ~32768 bytes (packs 1/11, elements 4096)
2025-11-04 10:30:49 | id:2,train time:2.840453624725342
2025-11-04 10:30:49 | [PT-PackSparse] client 2 uplink ~32768 bytes (packs 1/11, elements 4096)
2025-11-04 10:30:49 | id:0,train time:2.858458995819092
2025-11-04 10:30:49 | id:3,train time:2.870567798614502
768 bytes (packs 1/11, elements 4096)
2025-11-04 10:30:49 | [PT-PackSparse] client 3 uplink ~32768 bytes (packs 1/11, elements 4096)
2025-11-04 10:30:49 | enc=False, isSpars=topk, cipher_count=True
2025-11-04 10:30:49 | server receive: plaintext size:163840 bytes
2025-11-04 10:30:49 | server agg: epoch 12.
2025-11-04 10:30:50 | [E12] acc=5.5600% loss=2.3520 time=2.8900s up=0.1562MB down=0.0000MB cum=2.0312MB (best@11:10.5000%)
2025-11-04 10:30:52 | id:4,train time:2.9436585903167725
2025-11-04 10:30:52 | id:2,train time:2.961171865463257
768 bytes (packs 1/11, elements 4096)
2025-11-04 10:30:52 | id:1,train time:2.974699020385742
768 bytes (packs 1/11, elements 4096)
2025-11-04 10:30:52 | [PT-PackSparse] client 1 uplink ~32768 bytes (packs 1/11, elements 4096)
2025-11-04 10:30:52 | id:3,train time:2.9817090034484863
2025-11-04 10:30:52 | id:0,train time:2.985212802886963
2025-11-04 10:30:52 | [PT-PackSparse] client 3 uplink ~32768 bytes (packs 1/11, elements 4096)
2025-11-04 10:30:52 | [PT-PackSparse] client 0 uplink ~32768 bytes (packs 1/11, elements 4096)
2025-11-04 10:30:52 | enc=False, isSpars=topk, cipher_count=True
2025-11-04 10:30:52 | server receive: plaintext size:163840 bytes
2025-11-04 10:30:52 | server agg: epoch 13.
2025-11-04 10:30:53 | [E13] acc=9.2300% loss=2.3310 time=2.9500s up=0.1562MB down=0.0000MB cum=2.1875MB (best@11:10.5000%)
2025-11-04 10:30:55 | id:4,train time:2.988837718963623
2025-11-04 10:30:55 | [PT-PackSparse] client 4 uplink ~32768 bytes (packs 1/11, elements 4096)
2025-11-04 10:30:55 | id:1,train time:3.04842209815979

2025-11-04 10:30:55 | id:3,train time:3.046924114227295
2025-11-04 10:30:55 | [PT-PackSparse] client 1 uplink ~32768 bytes (packs 1/11, elements 4096)
2025-11-04 10:30:55 | [PT-PackSparse] client 2 uplink ~32768 bytes (packs 1/11, elements 4096)
2025-11-04 10:30:55 | id:0,train time:3.0639302730560303
2025-11-04 10:30:55 | [PT-PackSparse] client 3 uplink ~32768 bytes (packs 1/11, elements 4096)
2025-11-04 10:30:55 | [PT-PackSparse] client 0 uplink ~32768 bytes (packs 1/11, elements 4096)
2025-11-04 10:30:55 | enc=False, isSpars=topk, cipher_count=True
2025-11-04 10:30:55 | server receive: plaintext size:163840 bytes
2025-11-04 10:30:55 | server agg: epoch 14.
2025-11-04 10:30:56 | [E14] acc=9.8500% loss=2.3210 time=3.2300s up=0.1562MB down=0.0000MB cum=2.3438MB (best@11:10.5000%)
2025-11-04 10:30:58 | id:4,train time:3.0836615562438965
2025-11-04 10:30:58 | [PT-PackSparse] client 4 uplink ~32768 bytes (packs 1/11, elements 4096)
2025-11-04 10:30:58 | id:0,train time:3.1319966316223145
2025-11-04 10:30:58 | id:2,train time:3.1439998149871826
2025-11-04 10:30:58 | id:1,train time:3.1510062217712402
68 bytes (packs 1/11, elements 4096)
2025-11-04 10:30:58 | [PT-PackSparse] client 0 uplink ~32768 bytes (packs 1/11, elements 4096)
2025-11-04 10:30:58 | id:3,train time:3.159008502960205
2025-11-04 10:30:58 | [PT-PackSparse] client 1 uplink ~32768 bytes (packs 1/11, elements 4096)
2025-11-04 10:30:58 | [PT-PackSparse] client 3 uplink ~32768 bytes (packs 1/11, elements 4096)
2025-11-04 10:30:59 | enc=False, isSpars=topk, cipher_count=True
2025-11-04 10:30:59 | server receive: plaintext size:163840 bytes
2025-11-04 10:30:59 | server agg: epoch 15.
2025-11-04 10:30:59 | [E15] acc=6.8700% loss=2.3430 time=3.1400s up=0.1562MB down=0.0000MB cum=2.5000MB (best@11:10.5000%)
2025-11-04 10:31:01 | id:4,train time:2.7095224857330322
2025-11-04 10:31:01 | id:1,train time:2.727529287338257
768 bytes (packs 1/11, elements 4096)
2025-11-04 10:31:01 | [PT-PackSparse] client 1 uplink ~32768 bytes (packs 1/11, elements 4096)
2025-11-04 10:31:01 | [PT-PackSparse] client 3 uplink ~32768 bytes (packs 1/11, elements 4096)
2025-11-04 10:31:01 | id:0,train time:2.7420413494110107
2025-11-04 10:31:01 | [PT-PackSparse] client 0 uplink ~32768 bytes (packs 1/11, elements 4096)
2025-11-04 10:31:01 | id:2,train time:2.7550461292266846
2025-11-04 10:31:01 | [PT-PackSparse] client 2 uplink ~32768 bytes (packs 1/11, elements 4096)
2025-11-04 10:31:01 | enc=False, isSpars=topk, cipher_count=True
2025-11-04 10:31:01 | server receive: plaintext size:163840 bytes
2025-11-04 10:31:01 | server agg: epoch 16.
2025-11-04 10:31:02 | [E16] acc=7.9000% loss=2.3370 time=2.8500s up=0.1562MB down=0.0000MB cum=2.6562MB (best@11:10.5000%)
2025-11-04 10:31:04 | id:4,train time:2.939074754714966
2025-11-04 10:31:04 | [PT-PackSparse] client 4 uplink ~32768 bytes (packs 1/11, elements 4096)
2025-11-04 10:31:04 | id:2,train time:2.9720985889434814
68 bytes (packs 1/11, elements 4096)
2025-11-04 10:31:04 | id:3,train time:2.986111640930176
2025-11-04 10:31:04 | [PT-PackSparse] client 3 uplink ~32768 bytes (packs 1/11, elements 4096)
2025-11-04 10:31:04 | id:0,train time:2.9861106872558594
2025-11-04 10:31:04 | [PT-PackSparse] client 2 uplink ~32768 bytes (packs 1/11, elements 4096)
2025-11-04 10:31:04 | [PT-PackSparse] client 0 uplink ~32768 bytes (packs 1/11, elements 4096)
2025-11-04 10:31:04 | enc=False, isSpars=topk, cipher_count=True
2025-11-04 10:31:04 | server receive: plaintext size:163840 bytes
2025-11-04 10:31:04 | server agg: epoch 17.
2025-11-04 10:31:05 | [E17] acc=6.8000% loss=2.3380 time=3.0700s up=0.1562MB down=0.0000MB cum=2.8125MB (best@11:10.5000%)
2025-11-04 10:31:07 | id:4,train time:2.7251744270324707
2025-11-04 10:31:07 | [PT-PackSparse] client 4 uplink ~32768 bytes (packs 1/11, elements 4096)
2025-11-04 10:31:07 | id:1,train time:2.77821683883667

2025-11-04 10:31:07 | id:0,train time:2.7682173252105713
2025-11-04 10:31:07 | id:3,train time:2.776216506958008
2025-11-04 10:31:07 | [PT-PackSparse] client 1 uplink ~32768 bytes (packs 1/11, elements 4096)
2025-11-04 10:31:07 | [PT-PackSparse] client 0 uplink ~32768 bytes (packs 1/11, elements 4096)
2025-11-04 10:31:07 | [PT-PackSparse] client 2 uplink ~32768 bytes (packs 1/11, elements 4096)
2025-11-04 10:31:07 | [PT-PackSparse] client 3 uplink ~32768 bytes (packs 1/11, elements 4096)
2025-11-04 10:31:07 | enc=False, isSpars=topk, cipher_count=True
2025-11-04 10:31:07 | server receive: plaintext size:163840 bytes
2025-11-04 10:31:07 | server agg: epoch 18.
2025-11-04 10:31:08 | [E18] acc=9.1500% loss=2.3230 time=2.7000s up=0.1562MB down=0.0000MB cum=2.9688MB (best@11:10.5000%)
2025-11-04 10:31:10 | id:4,train time:2.706723928451538
2025-11-04 10:31:10 | [PT-PackSparse] client 4 uplink ~32768 bytes (packs 1/11, elements 4096)
2025-11-04 10:31:10 | id:3,train time:2.7532477378845215
2025-11-04 10:31:10 | [PT-PackSparse] client 1 uplink ~32768 bytes (packs 1/11, elements 4096)
2025-11-04 10:31:10 | [PT-PackSparse] client 3 uplink ~32768 bytes (packs 1/11, elements 4096)
2025-11-04 10:31:10 | [PT-PackSparse] client 0 uplink ~32768 bytes (packs 1/11, elements 4096)
2025-11-04 10:31:10 | [PT-PackSparse] client 2 uplink ~32768 bytes (packs 1/11, elements 4096)
2025-11-04 10:31:10 | enc=False, isSpars=topk, cipher_count=True
2025-11-04 10:31:10 | server receive: plaintext size:163840 bytes
2025-11-04 10:31:10 | server agg: epoch 19.
2025-11-04 10:31:11 | [E19] acc=9.9600% loss=2.3270 time=2.8800s up=0.1562MB down=0.0000MB cum=3.1250MB (best@11:10.5000%)
2025-11-04 10:31:13 | id:4,train time:2.8223788738250732
2025-11-04 10:31:13 | id:2,train time:2.820388078689575
2025-11-04 10:31:13 | id:1,train time:2.8358893394470215
2025-11-04 10:31:13 | [PT-PackSparse] client 4 uplink ~32768 bytes (packs 1/11, elements 4096)
2025-11-04 10:31:13 | [PT-PackSparse] client 3 uplink ~32768 bytes (packs 1/11, elements 4096)
2025-11-04 10:31:13 | [PT-PackSparse] client 1 uplink ~32768 bytes (packs 1/11, elements 4096)
2025-11-04 10:31:13 | id:0,train time:2.8423948287963867
2025-11-04 10:31:13 | [PT-PackSparse] client 0 uplink ~32768 bytes (packs 1/11, elements 4096)
2025-11-04 10:31:13 | enc=False, isSpars=topk, cipher_count=True
2025-11-04 10:31:13 | server receive: plaintext size:163840 bytes
2025-11-04 10:31:13 | server agg: epoch 20.
2025-11-04 10:31:14 | [Converged] round=20, best_acc=10.5000 at round 10
2025-11-04 10:31:14 | server end!
2025-11-04 10:31:14 | [Summary] mode=plain-topk | rounds_run=21 | best_acc=10.5000% (best@11) | time=76.1377s | up=3.2812MB | down=0.0000MB | total=3.2812MB | avg_up/participation=0.1562MB | 
2025-11-04 10:31:14 | Total plaintext uplink: 3440640 bytes
2025-11-04 10:31:14 | Accuracy list: [6.83, 9.59, 9.6, 9.629999999999999, 8.72, 7.180000000000001, 9.01, 7.7700000000000005, 8.37, 8.32, 10.5, 6.88, 5.56, 9.229999999999999, 9.85, 6.87, 7.9, 6.800000000000001, 9.15, 9.959999999999999, 7.91]%.
2025-11-04 10:31:14 | Loss list:[2.37, 2.35, 2.353, 2.341, 2.346, 2.354, 2.347, 2.349, 2.358, 2.347, 2.329, 2.344, 2.352, 2.331, 2.321, 2.343, 2.337, 2.338, 2.323, 2.327, 2.332]
2025-11-04 10:31:14 | time list:[17.74, 2.68, 2.85, 2.71, 2.99, 2.78, 3.1, 2.65, 3.1, 3.0, 2.82, 2.74, 2.89, 2.95, 3.23, 3.14, 2.85, 3.07, 2.7, 2.88]s
2025-11-04 10:31:14 | Participate list: [21, 21, 21, 21, 21].
2025-11-04 10:31:14 | tmp_len_clusters:[]
2025-11-04 10:31:16 | id:4,train time:3.3228039741516113
2025-11-04 10:31:16 | [PT-PackSparse] client 4 uplink ~32768 bytes (packs 1/11, elements 4096)
2025-11-04 10:31:16 | id:0,train time:3.3558359146118164
2025-11-04 10:31:16 | [PT-PackSparse] client 2 uplink ~32768 bytes (packs 1/11, elements 4096)
2025-11-04 10:31:16 | [PT-PackSparse] client 0 uplink ~32768 bytes (packs 1/11, elements 4096)
2025-11-04 10:31:16 | id:1,train time:3.37589168548584
2025-11-04 10:31:16 | [PT-PackSparse] client 1 uplink ~32768 bytes (packs 1/11, elements 4096)
2025-11-04 10:31:16 | id:3,train time:3.392897129058838
2025-11-04 10:31:16 | [PT-PackSparse] client 3 uplink ~32768 bytes (packs 1/11, elements 4096)
