2025-11-03 16:00:31 | Basic information: device cpu, learning rate 0.001, num clients 10, epochs 100,noniid_method dirichlet,            isEnc True,isBatch True,sparsification topk, client selection False,topk 0.1, enc_batch_size 4096
2025-11-03 16:00:31 | training weights: [0.1, 0.1, 0.1, 0.1, 0.1, 0.1, 0.1, 0.1, 0.1, 0.1]
2025-11-03 16:00:31 | testing weights:[0.1, 0.1, 0.1, 0.1, 0.1, 0.1, 0.1, 0.1, 0.1, 0.1]
2025-11-03 16:00:31 | client0, train samples 6000,test samples 1000
2025-11-03 16:00:31 | client1, train samples 6000,test samples 1000
2025-11-03 16:00:31 | client2, train samples 6000,test samples 1000
2025-11-03 16:00:31 | client3, train samples 6000,test samples 1000
2025-11-03 16:00:31 | client4, train samples 6000,test samples 1000
2025-11-03 16:00:31 | client5, train samples 6000,test samples 1000
2025-11-03 16:00:31 | client6, train samples 6000,test samples 1000
2025-11-03 16:00:31 | client7, train samples 6000,test samples 1000
2025-11-03 16:00:31 | client8, train samples 6000,test samples 1000
2025-11-03 16:00:31 | client9, train samples 6000,test samples 1000
2025-11-03 16:00:31 | data split finished!
2025-11-03 16:00:31 | Batch num:11
2025-11-03 16:00:38 | id:0,train time:0.971426248550415
2025-11-03 16:00:38 | id:0,enc time:0.20752263069152832
2025-11-03 16:00:38 | client 0, mask ones: 2, len: 11
2025-11-03 16:00:41 | id:1,train time:0.988142728805542
2025-11-03 16:00:41 | id:1,enc time:0.20451974868774414
2025-11-03 16:00:41 | client 1, mask ones: 2, len: 11
2025-11-03 16:00:44 | id:2,train time:0.9347732067108154
2025-11-03 16:00:44 | id:2,enc time:0.20252513885498047
2025-11-03 16:00:44 | client 2, mask ones: 2, len: 11
2025-11-03 16:00:46 | id:3,train time:0.9536058902740479
2025-11-03 16:00:47 | id:3,enc time:0.20302486419677734
2025-11-03 16:00:47 | client 3, mask ones: 2, len: 11
2025-11-03 16:00:49 | id:4,train time:1.000533103942871
2025-11-03 16:00:50 | id:4,enc time:0.20151996612548828
2025-11-03 16:00:50 | client 4, mask ones: 2, len: 11
2025-11-03 16:00:52 | id:5,train time:1.0208261013031006
2025-11-03 16:00:53 | id:5,enc time:0.20252728462219238
2025-11-03 16:00:53 | client 5, mask ones: 2, len: 11
2025-11-03 16:00:55 | id:6,train time:0.9553565979003906
2025-11-03 16:00:55 | id:6,enc time:0.20502018928527832
2025-11-03 16:00:55 | client 6, mask ones: 2, len: 11
2025-11-03 16:00:58 | id:7,train time:1.0441060066223145
2025-11-03 16:00:58 | id:7,enc time:0.20751357078552246
2025-11-03 16:00:58 | client 7, mask ones: 2, len: 11
2025-11-03 16:01:01 | id:8,train time:0.9411447048187256
2025-11-03 16:01:01 | id:8,enc time:0.21051883697509766
2025-11-03 16:01:01 | client 8, mask ones: 2, len: 11
2025-11-03 16:01:04 | id:9,train time:1.0684659481048584
2025-11-03 16:01:04 | id:9,enc time:0.2140355110168457
2025-11-03 16:01:04 | client 9, mask ones: 2, len: 11
2025-11-03 16:01:07 | enc=True, isSpars=topk, cipher_count=True
2025-11-03 16:01:07 | server receive: ciphertext size:6686637 bytes
2025-11-03 16:01:07 | server agg: epoch 0.
2025-11-03 16:01:08 | id:6,dec time:0.2020111083984375
2025-11-03 16:01:08 | id:2,dec time:0.20351123809814453
2025-11-03 16:01:08 | id:5,dec time:0.18951129913330078
2025-11-03 16:01:08 | id:1,dec time:0.22101187705993652
2025-11-03 16:01:08 | id:0,dec time:0.2190108299255371
2025-11-03 16:01:08 | id:9,dec time:0.21201157569885254
2025-11-03 16:01:08 | id:4,dec time:0.23351120948791504
2025-11-03 16:01:09 | [E0] acc=92.07% loss=0.1300 time=34.69s up=6.38MB down=0.00MB cum=6.38MB
2025-11-03 16:01:37 | id:2,train time:29.494544506072998
2025-11-03 16:01:38 | id:2,enc time:0.6865453720092773
2025-11-03 16:01:38 | client 2, mask ones: 2, len: 11
2025-11-03 16:01:38 | id:7,train time:30.346099138259888
2025-11-03 16:01:38 | id:3,train time:30.303094625473022
2025-11-03 16:01:38 | id:9,train time:30.302597284317017
2025-11-03 16:01:38 | id:0,train time:30.423603057861328
2025-11-03 16:01:38 | id:5,train time:30.661123037338257
2025-11-03 16:01:38 | id:8,train time:30.65012264251709
2025-11-03 16:01:38 | id:7,enc time:0.3146829605102539

2025-11-03 16:01:38 | id:1,train time:30.668286561965942
2025-11-03 16:01:38 | client 7, mask ones: 2, len: 11
2025-11-03 16:01:39 | id:4,train time:30.68129873275757
2025-11-03 16:01:39 | client 9, mask ones: 2, len: 11
2025-11-03 16:01:39 | id:3,enc time:0.3827049732208252
2025-11-03 16:01:39 | client 3, mask ones: 2, len: 11
2025-11-03 16:01:39 | id:0,enc time:0.3447120189666748
2025-11-03 16:01:39 | client 0, mask ones: 2, len: 11
2025-11-03 16:01:39 | id:8,enc time:0.2152106761932373

2025-11-03 16:01:39 | client 5, mask ones: 2, len: 11
2025-11-03 16:01:39 | client 8, mask ones: 2, len: 11

2025-11-03 16:01:39 | client 6, mask ones: 2, len: 11
2025-11-03 16:01:39 | id:1,enc time:0.21354126930236816
2025-11-03 16:01:39 | client 1, mask ones: 2, len: 11
2025-11-03 16:01:39 | id:4,enc time:0.19652485847473145
2025-11-03 16:01:39 | client 4, mask ones: 2, len: 11
2025-11-03 16:01:42 | enc=True, isSpars=topk, cipher_count=True
2025-11-03 16:01:42 | server receive: ciphertext size:6687014 bytes
2025-11-03 16:01:42 | server agg: epoch 1.
2025-11-03 16:01:42 | id:7,dec time:0.19201397895812988
2025-11-03 16:01:42 | id:5,dec time:0.19201397895812988
2025-11-03 16:01:42 | id:3,dec time:0.2285168170928955
2025-11-03 16:01:42 | id:4,dec time:0.22201251983642578
2025-11-03 16:01:42 | id:1,dec time:0.2115156650543213
2025-11-03 16:01:42 | id:0,dec time:0.2240128517150879
2025-11-03 16:01:42 | id:8,dec time:0.21201348304748535
2025-11-03 16:01:42 | id:2,dec time:0.22001433372497559
2025-11-03 16:01:42 | id:9,dec time:0.22601699829101562
2025-11-03 16:01:43 | [E1] acc=94.15% loss=0.0600 time=33.61s up=6.38MB down=0.00MB cum=12.75MB
2025-11-03 16:02:10 | id:6,train time:27.801469564437866
2025-11-03 16:02:10 | id:8,train time:28.473005533218384
2025-11-03 16:02:11 | id:9,train time:28.588013172149658
2025-11-03 16:02:11 | id:6,enc time:1.0885646343231201
2025-11-03 16:02:11 | client 6, mask ones: 2, len: 11
2025-11-03 16:02:11 | id:8,enc time:0.6225411891937256
2025-11-03 16:02:11 | id:9,enc time:0.48152828216552734
2025-11-03 16:02:11 | id:5,train time:29.12805438041687
2025-11-03 16:02:11 | id:2,train time:29.100049018859863
2025-11-03 16:02:11 | client 8, mask ones: 2, len: 11
2025-11-03 16:02:11 | client 9, mask ones: 2, len: 11
2025-11-03 16:02:11 | id:4,train time:29.16154909133911
2025-11-03 16:02:11 | id:3,train time:29.166545152664185
2025-11-03 16:02:11 | id:1,train time:29.173547506332397
2025-11-03 16:02:11 | id:7,train time:29.222060680389404
2025-11-03 16:02:11 | id:0,train time:29.21655821800232
2025-11-03 16:02:11 | id:2,enc time:0.247025728225708

2025-11-03 16:02:11 | client 5, mask ones: 2, len: 11
2025-11-03 16:02:11 | client 2, mask ones: 2, len: 11
2025-11-03 16:02:11 | id:1,enc time:0.20202255249023438
2025-11-03 16:02:11 | id:4,enc time:0.21102285385131836
2025-11-03 16:02:11 | client 1, mask ones: 2, len: 11
2025-11-03 16:02:11 | id:7,enc time:0.2015233039855957

2025-11-03 16:02:11 | client 4, mask ones: 2, len: 11
2025-11-03 16:02:11 | client 7, mask ones: 2, len: 11
2025-11-03 16:02:11 | client 3, mask ones: 2, len: 11
2025-11-03 16:02:11 | id:0,enc time:0.19852232933044434
2025-11-03 16:02:11 | client 0, mask ones: 2, len: 11
2025-11-03 16:02:14 | enc=True, isSpars=topk, cipher_count=True
2025-11-03 16:02:14 | server receive: ciphertext size:6687227 bytes
2025-11-03 16:02:14 | server agg: epoch 2.
2025-11-03 16:02:15 | id:2,dec time:0.19151830673217773
2025-11-03 16:02:15 | id:6,dec time:0.19051814079284668
2025-11-03 16:02:15 | id:7,dec time:0.21802139282226562
2025-11-03 16:02:15 | id:4,dec time:0.2075209617614746
2025-11-03 16:02:15 | id:3,dec time:0.20452213287353516
2025-11-03 16:02:15 | id:1,dec time:0.21052074432373047
2025-11-03 16:02:15 | id:9,dec time:0.21752166748046875
2025-11-03 16:02:15 | id:8,dec time:0.22552084922790527
2025-11-03 16:02:15 | id:0,dec time:0.2595210075378418
2025-11-03 16:02:17 | [E2] acc=94.37% loss=0.0500 time=33.21s up=6.38MB down=0.00MB cum=19.13MB
2025-11-03 16:02:41 | id:1,train time:26.794814586639404
2025-11-03 16:02:42 | id:8,train time:26.718810319900513
2025-11-03 16:02:42 | id:2,train time:26.94431972503662
2025-11-03 16:02:42 | id:1,enc time:0.4130244255065918
2025-11-03 16:02:42 | client 1, mask ones: 2, len: 11
2025-11-03 16:02:42 | id:5,train time:27.34884476661682
2025-11-03 16:02:42 | id:9,train time:27.304845333099365
2025-11-03 16:02:42 | id:7,train time:27.355347394943237
2025-11-03 16:02:42 | id:3,train time:27.370357036590576
2025-11-03 16:02:42 | id:6,train time:27.392356872558594
2025-11-03 16:02:42 | id:8,enc time:0.3925318717956543
2025-11-03 16:02:42 | id:4,train time:27.383358001708984
2025-11-03 16:02:42 | id:0,train time:26.69681406021118
2025-11-03 16:02:42 | client 8, mask ones: 2, len: 11
2025-11-03 16:02:42 | id:2,enc time:0.26202988624572754
2025-11-03 16:02:42 | client 2, mask ones: 2, len: 11
2025-11-03 16:02:42 | id:5,enc time:0.20702385902404785
2025-11-03 16:02:42 | client 9, mask ones: 2, len: 11
2025-11-03 16:02:42 | client 5, mask ones: 2, len: 11

2025-11-03 16:02:42 | client 7, mask ones: 2, len: 11
2025-11-03 16:02:42 | id:6,enc time:0.20302438735961914
2025-11-03 16:02:42 | id:4,enc time:0.20102620124816895
2025-11-03 16:02:42 | id:0,enc time:0.20152640342712402
2025-11-03 16:02:42 | id:3,enc time:0.2115323543548584
2025-11-03 16:02:42 | client 6, mask ones: 2, len: 11
2025-11-03 16:02:42 | client 4, mask ones: 2, len: 11
2025-11-03 16:02:42 | client 0, mask ones: 2, len: 11
2025-11-03 16:02:42 | client 3, mask ones: 2, len: 11
2025-11-03 16:02:45 | enc=True, isSpars=topk, cipher_count=True
2025-11-03 16:02:45 | server receive: ciphertext size:6683769 bytes
2025-11-03 16:02:45 | server agg: epoch 3.
2025-11-03 16:02:46 | id:3,dec time:0.19651103019714355
2025-11-03 16:02:46 | id:0,dec time:0.1910111904144287
2025-11-03 16:02:46 | id:9,dec time:0.1895124912261963
2025-11-03 16:02:46 | id:6,dec time:0.2130129337310791
2025-11-03 16:02:46 | id:4,dec time:0.2195112705230713

2025-11-03 16:02:46 | id:8,dec time:0.22901105880737305
2025-11-03 16:02:46 | id:1,dec time:0.21751093864440918
2025-11-03 16:02:46 | id:5,dec time:0.22901129722595215
2025-11-03 16:02:47 | [E3] acc=94.56% loss=0.0400 time=29.91s up=6.37MB down=0.00MB cum=25.51MB
2025-11-03 16:03:14 | id:3,train time:28.309582471847534
2025-11-03 16:03:15 | id:3,enc time:0.7320346832275391
2025-11-03 16:03:15 | client 3, mask ones: 2, len: 11
2025-11-03 16:03:15 | id:9,train time:29.12812852859497
2025-11-03 16:03:15 | id:0,train time:29.302151203155518
2025-11-03 16:03:15 | id:1,train time:29.282642364501953
2025-11-03 16:03:15 | id:7,train time:29.27213478088379
2025-11-03 16:03:15 | id:4,train time:29.345650672912598
2025-11-03 16:03:15 | id:6,train time:29.350642681121826
2025-11-03 16:03:15 | id:5,train time:29.36264133453369
2025-11-03 16:03:15 | id:8,train time:29.37014102935791
2025-11-03 16:03:15 | id:9,enc time:0.31954407691955566
2025-11-03 16:03:15 | client 9, mask ones: 2, len: 11
2025-11-03 16:03:15 | id:0,enc time:0.2440330982208252
2025-11-03 16:03:15 | client 0, mask ones: 2, len: 11
2025-11-03 16:03:15 | id:7,enc time:0.21453022956848145
2025-11-03 16:03:15 | id:1,enc time:0.21252894401550293
2025-11-03 16:03:15 | client 7, mask ones: 2, len: 11
2025-11-03 16:03:15 | client 1, mask ones: 2, len: 11
2025-11-03 16:03:15 | id:4,enc time:0.20352578163146973
2025-11-03 16:03:15 | client 4, mask ones: 2, len: 11
2025-11-03 16:03:15 | id:2,enc time:0.21602797508239746
2025-11-03 16:03:15 | client 2, mask ones: 2, len: 11
2025-11-03 16:03:15 | id:5,enc time:0.20403003692626953
2025-11-03 16:03:15 | client 6, mask ones: 2, len: 11
2025-11-03 16:03:15 | client 5, mask ones: 2, len: 11
2025-11-03 16:03:15 | id:8,enc time:0.2030346393585205
2025-11-03 16:03:15 | client 8, mask ones: 2, len: 11
2025-11-03 16:03:18 | enc=True, isSpars=topk, cipher_count=True
2025-11-03 16:03:18 | server receive: ciphertext size:6685812 bytes
2025-11-03 16:03:18 | server agg: epoch 4.
2025-11-03 16:03:19 | id:7,dec time:0.20801806449890137
025-11-03 16:03:19 | id:6,dec time:0.19501185417175293
2025-11-03 16:03:19 | id:2,dec time:0.20051121711730957
2025-11-03 16:03:19 | id:4,dec time:0.20651721954345703
2025-11-03 16:03:19 | id:9,dec time:0.22101807594299316
2025-11-03 16:03:19 | id:5,dec time:0.25401782989501953
2025-11-03 16:03:21 | [E4] acc=94.81% loss=0.0400 time=33.97s up=6.38MB down=0.00MB cum=31.88MB
2025-11-03 16:03:47 | id:3,train time:28.684725046157837
2025-11-03 16:03:48 | id:1,train time:29.20175814628601
2025-11-03 16:03:48 | id:4,train time:29.218761444091797
2025-11-03 16:03:48 | id:3,enc time:0.7960536479949951
2025-11-03 16:03:48 | client 3, mask ones: 2, len: 11
2025-11-03 16:03:48 | id:8,train time:29.512784004211426
2025-11-03 16:03:48 | id:6,train time:29.505784034729004
2025-11-03 16:03:48 | id:2,train time:29.52628517150879
2025-11-03 16:03:48 | id:9,train time:29.137256622314453
2025-11-03 16:03:48 | id:7,train time:29.602290153503418
2025-11-03 16:03:48 | id:5,train time:28.42069172859192
2025-11-03 16:03:48 | id:4,enc time:0.3530302047729492
2025-11-03 16:03:48 | client 4, mask ones: 2, len: 11
2025-11-03 16:03:48 | id:1,enc time:0.48154258728027344
2025-11-03 16:03:48 | client 1, mask ones: 2, len: 11
2025-11-03 16:03:48 | id:6,enc time:0.2375171184539795
2025-11-03 16:03:48 | client 6, mask ones: 2, len: 11
2025-11-03 16:03:48 | id:8,enc time:0.26302218437194824
2025-11-03 16:03:48 | client 8, mask ones: 2, len: 11
2025-11-03 16:03:48 | id:2,enc time:0.2235257625579834
2025-11-03 16:03:48 | id:7,enc time:0.22002673149108887
2025-11-03 16:03:48 | client 2, mask ones: 2, len: 11
2025-11-03 16:03:48 | id:0,enc time:0.21452736854553223
2025-11-03 16:03:48 | id:5,enc time:0.22102618217468262
2025-11-03 16:03:48 | id:9,enc time:0.2195277214050293
2025-11-03 16:03:48 | client 0, mask ones: 2, len: 11
2025-11-03 16:03:48 | client 5, mask ones: 2, len: 11
2025-11-03 16:03:48 | client 9, mask ones: 2, len: 11
2025-11-03 16:03:52 | enc=True, isSpars=topk, cipher_count=True
2025-11-03 16:03:52 | server receive: ciphertext size:6686882 bytes
2025-11-03 16:03:52 | server agg: epoch 5.
2025-11-03 16:03:52 | id:6,dec time:0.19651198387145996
2025-11-03 16:03:52 | id:3,dec time:0.19601202011108398
2025-11-03 16:03:52 | id:1,dec time:0.2040119171142578
2025-11-03 16:03:52 | id:2,dec time:0.21001052856445312
2025-11-03 16:03:52 | id:5,dec time:0.2235112190246582
2025-11-03 16:03:52 | id:4,dec time:0.2215132713317871
2025-11-03 16:03:52 | id:8,dec time:0.21301484107971191
2025-11-03 16:03:52 | id:0,dec time:0.21201276779174805
2025-11-03 16:03:52 | id:7,dec time:0.24601125717163086
2025-11-03 16:03:54 | [E5] acc=94.70% loss=0.0400 time=32.53s up=6.38MB down=0.00MB cum=38.26MB
2025-11-03 16:04:22 | id:8,train time:30.078133821487427
2025-11-03 16:04:23 | id:6,train time:30.54465913772583
2025-11-03 16:04:23 | id:5,train time:30.518160820007324
2025-11-03 16:04:23 | id:8,enc time:0.5305294990539551
2025-11-03 16:04:23 | id:3,train time:30.724670886993408
2025-11-03 16:04:23 | id:1,train time:30.712671041488647
2025-11-03 16:04:23 | client 8, mask ones: 2, len: 11


2025-11-03 16:04:23 | id:7,train time:29.989624738693237
2025-11-03 16:04:23 | id:2,train time:30.727672338485718
2025-11-03 16:04:23 | id:6,enc time:0.24551892280578613
2025-11-03 16:04:23 | client 6, mask ones: 2, len: 11
2025-11-03 16:04:23 | id:5,enc time:0.24102354049682617
2025-11-03 16:04:23 | id:1,enc time:0.2415311336517334

2025-11-03 16:04:23 | id:3,enc time:0.23653149604797363
2025-11-03 16:04:23 | client 5, mask ones: 2, len: 11
2025-11-03 16:04:23 | client 0, mask ones: 2, len: 11
2025-11-03 16:04:23 | client 9, mask ones: 2, len: 11
2025-11-03 16:04:23 | id:4,enc time:0.25103235244750977
2025-11-03 16:04:23 | client 3, mask ones: 2, len: 11
2025-11-03 16:04:23 | client 1, mask ones: 2, len: 11
2025-11-03 16:04:23 | client 4, mask ones: 2, len: 11
2025-11-03 16:04:23 | id:2,enc time:0.2390275001525879

2025-11-03 16:04:23 | client 2, mask ones: 2, len: 11
2025-11-03 16:04:23 | client 7, mask ones: 2, len: 11
2025-11-03 16:04:26 | enc=True, isSpars=topk, cipher_count=True
2025-11-03 16:04:26 | server receive: ciphertext size:6686242 bytes
2025-11-03 16:04:26 | server agg: epoch 6.
2025-11-03 16:04:26 | id:8,dec time:0.18800091743469238
2025-11-03 16:04:26 | id:2,dec time:0.18800044059753418
2025-11-03 16:04:26 | id:1,dec time:0.21350574493408203
2025-11-03 16:04:26 | id:3,dec time:0.20250463485717773
2025-11-03 16:04:26 | id:6,dec time:0.21450471878051758
2025-11-03 16:04:26 | id:4,dec time:0.20200276374816895
2025-11-03 16:04:26 | id:5,dec time:0.2315051555633545
2025-11-03 16:04:26 | id:9,dec time:0.22150468826293945
2025-11-03 16:04:26 | id:7,dec time:0.2355053424835205
2025-11-03 16:04:28 | [E6] acc=94.73% loss=0.0400 time=33.87s up=6.38MB down=0.00MB cum=44.64MB
2025-11-03 16:04:40 | id:4,train time:13.440335750579834
2025-11-03 16:04:40 | id:3,train time:13.437335014343262
2025-11-03 16:04:40 | id:0,train time:13.461838722229004
2025-11-03 16:04:40 | id:8,train time:13.484345197677612
2025-11-03 16:04:40 | id:2,train time:13.479839324951172
2025-11-03 16:04:40 | id:6,train time:13.482851028442383
2025-11-03 16:04:40 | id:9,train time:13.466350317001343
2025-11-03 16:04:40 | id:1,train time:13.507850408554077
2025-11-03 16:04:40 | id:5,train time:13.509348392486572
2025-11-03 16:04:40 | id:7,train time:13.301836967468262
2025-11-03 16:04:40 | id:0,enc time:0.2455124855041504
2025-11-03 16:04:40 | id:3,enc time:0.2880268096923828
2025-11-03 16:04:40 | client 0, mask ones: 2, len: 11
2025-11-03 16:04:40 | id:8,enc time:0.2625117301940918
2025-11-03 16:04:40 | id:4,enc time:0.284527063369751
2025-11-03 16:04:40 | id:2,enc time:0.26751279830932617
2025-11-03 16:04:40 | client 3, mask ones: 2, len: 11
2025-11-03 16:04:40 | client 4, mask ones: 2, len: 11
2025-11-03 16:04:40 | id:6,enc time:0.26601314544677734
2025-11-03 16:04:40 | client 8, mask ones: 2, len: 11
2025-11-03 16:04:40 | client 2, mask ones: 2, len: 11
2025-11-03 16:04:40 | id:1,enc time:0.24702048301696777
2025-11-03 16:04:40 | client 6, mask ones: 2, len: 11
2025-11-03 16:04:40 | id:9,enc time:0.25601863861083984
2025-11-03 16:04:40 | client 9, mask ones: 2, len: 11
2025-11-03 16:04:40 | id:5,enc time:0.23201870918273926
2025-11-03 16:04:40 | client 5, mask ones: 2, len: 11
2025-11-03 16:04:40 | id:7,enc time:0.25002026557922363
2025-11-03 16:04:40 | client 7, mask ones: 2, len: 11
2025-11-03 16:04:42 | enc=True, isSpars=topk, cipher_count=True
2025-11-03 16:04:42 | server receive: ciphertext size:6684981 bytes
2025-11-03 16:04:42 | server agg: epoch 7.
2025-11-03 16:04:43 | id:4,dec time:0.1860182285308838
2025-11-03 16:04:43 | id:7,dec time:0.21202921867370605
2025-11-03 16:04:43 | id:1,dec time:0.20952892303466797
2025-11-03 16:04:43 | id:6,dec time:0.2015218734741211
2025-11-03 16:04:43 | id:8,dec time:0.2035219669342041
2025-11-03 16:04:43 | id:2,dec time:0.20802831649780273
2025-11-03 16:04:43 | id:3,dec time:0.2480335235595703
2025-11-03 16:04:43 | id:5,dec time:0.22803378105163574
2025-11-03 16:04:43 | id:0,dec time:0.2505333423614502
2025-11-03 16:04:43 | id:9,dec time:0.24453401565551758
2025-11-03 16:04:44 | [E7] acc=94.84% loss=0.0300 time=15.89s up=6.38MB down=0.00MB cum=51.01MB
2025-11-03 16:04:55 | id:4,train time:12.50661039352417
2025-11-03 16:04:55 | id:6,train time:12.66617727279663
2025-11-03 16:04:55 | id:1,train time:12.683677196502686
2025-11-03 16:04:55 | id:8,train time:12.720177412033081
2025-11-03 16:04:56 | id:5,train time:12.595167398452759
2025-11-03 16:04:56 | id:7,train time:12.774182081222534
2025-11-03 16:04:56 | id:0,train time:12.53617525100708
2025-11-03 16:04:56 | id:3,train time:12.629186391830444
2025-11-03 16:04:56 | id:9,train time:12.549676179885864
2025-11-03 16:04:56 | id:4,enc time:0.35257482528686523
2025-11-03 16:04:56 | client 4, mask ones: 2, len: 11
2025-11-03 16:04:56 | id:1,enc time:0.2645225524902344
2025-11-03 16:04:56 | client 1, mask ones: 2, len: 11
2025-11-03 16:04:56 | client 6, mask ones: 2, len: 11
2025-11-03 16:04:56 | id:8,enc time:0.2580299377441406
2025-11-03 16:04:56 | client 8, mask ones: 2, len: 11
2025-11-03 16:04:56 | id:5,enc time:0.2330160140991211
2025-11-03 16:04:56 | id:9,enc time:0.23501801490783691
2025-11-03 16:04:56 | id:7,enc time:0.24351811408996582
2025-11-03 16:04:56 | client 0, mask ones: 2, len: 11
2025-11-03 16:04:56 | id:2,enc time:0.23001742362976074
2025-11-03 16:04:56 | id:3,enc time:0.23851728439331055
2025-11-03 16:04:56 | client 5, mask ones: 2, len: 11
2025-11-03 16:04:56 | client 9, mask ones: 2, len: 11
2025-11-03 16:04:56 | client 7, mask ones: 2, len: 11
2025-11-03 16:04:56 | client 2, mask ones: 2, len: 11
2025-11-03 16:04:56 | client 3, mask ones: 2, len: 11
2025-11-03 16:04:58 | enc=True, isSpars=topk, cipher_count=True
2025-11-03 16:04:58 | server receive: ciphertext size:6685901 bytes
2025-11-03 16:04:58 | server agg: epoch 8.
2025-11-03 16:04:58 | id:0,dec time:0.19101691246032715
2025-11-03 16:04:58 | id:8,dec time:0.20902013778686523
2025-11-03 16:04:58 | id:9,dec time:0.20351696014404297
2025-11-03 16:04:58 | id:6,dec time:0.24053001403808594
2025-11-03 16:04:58 | id:7,dec time:0.22103428840637207
2025-11-03 16:04:58 | id:1,dec time:0.2650322914123535
2025-11-03 16:05:00 | [E8] acc=94.57% loss=0.0500 time=15.70s up=6.38MB down=0.00MB cum=57.39MB
2025-11-03 16:05:13 | id:8,train time:14.842495203018188
2025-11-03 16:05:13 | id:9,train time:15.100512504577637
2025-11-03 16:05:13 | id:4,train time:15.103512048721313
2025-11-03 16:05:14 | id:7,train time:15.296027898788452
2025-11-03 16:05:14 | id:0,train time:15.312527894973755
2025-11-03 16:05:14 | id:3,train time:15.331029415130615
2025-11-03 16:05:14 | id:2,train time:15.303528785705566
2025-11-03 16:05:14 | id:5,train time:15.3335280418396

2025-11-03 16:05:14 | id:1,train time:14.752645254135132
2025-11-03 16:05:14 | id:8,enc time:0.5410373210906982
2025-11-03 16:05:14 | client 8, mask ones: 2, len: 11
2025-11-03 16:05:14 | id:9,enc time:0.3325309753417969
2025-11-03 16:05:14 | client 9, mask ones: 2, len: 11
2025-11-03 16:05:14 | id:4,enc time:0.3185305595397949
2025-11-03 16:05:14 | client 4, mask ones: 2, len: 11

2025-11-03 16:05:14 | id:0,enc time:0.2560269832611084
2025-11-03 16:05:14 | id:3,enc time:0.24502825736999512
2025-11-03 16:05:14 | client 7, mask ones: 2, len: 11
2025-11-03 16:05:14 | client 0, mask ones: 2, len: 11
2025-11-03 16:05:14 | id:2,enc time:0.23953533172607422
2025-11-03 16:05:14 | client 3, mask ones: 2, len: 11
2025-11-03 16:05:14 | client 2, mask ones: 2, len: 11
2025-11-03 16:05:14 | id:5,enc time:0.23203134536743164
2025-11-03 16:05:14 | client 5, mask ones: 2, len: 11
2025-11-03 16:05:14 | id:6,enc time:0.25403285026550293
2025-11-03 16:05:14 | client 6, mask ones: 2, len: 11
2025-11-03 16:05:14 | id:1,enc time:0.22452712059020996
2025-11-03 16:05:14 | client 1, mask ones: 2, len: 11
2025-11-03 16:05:17 | enc=True, isSpars=topk, cipher_count=True
2025-11-03 16:05:17 | server receive: ciphertext size:6685947 bytes
2025-11-03 16:05:17 | server agg: epoch 9.
2025-11-03 16:05:17 | id:0,dec time:0.19852209091186523
2025-11-03 16:05:17 | id:9,dec time:0.21502208709716797
2025-11-03 16:05:17 | id:5,dec time:0.2120208740234375
2025-11-03 16:05:17 | id:3,dec time:0.2035226821899414
2025-11-03 16:05:17 | id:4,dec time:0.20502281188964844
2025-11-03 16:05:17 | id:2,dec time:0.22852349281311035
2025-11-03 16:05:17 | id:7,dec time:0.22252178192138672
2025-11-03 16:05:17 | id:6,dec time:0.26402974128723145
2025-11-03 16:05:19 | [E9] acc=94.57% loss=0.0500 time=18.64s up=6.38MB down=0.00MB cum=63.76MB
2025-11-03 16:05:30 | id:5,train time:12.562572002410889
2025-11-03 16:05:30 | id:2,train time:12.778579711914062
2025-11-03 16:05:30 | id:1,train time:12.875092267990112
2025-11-03 16:05:30 | id:3,train time:12.86008334159851
2025-11-03 16:05:30 | id:9,train time:12.929591178894043
2025-11-03 16:05:30 | id:0,train time:12.961597681045532
2025-11-03 16:05:30 | id:8,train time:12.580069780349731
2025-11-03 16:05:30 | id:4,train time:13.002097129821777
2025-11-03 16:05:31 | id:6,train time:12.727580547332764
2025-11-03 16:05:31 | id:7,train time:13.076606512069702
2025-11-03 16:05:31 | client 5, mask ones: 2, len: 11
2025-11-03 16:05:31 | id:2,enc time:0.2910342216491699
2025-11-03 16:05:31 | client 2, mask ones: 2, len: 11
2025-11-03 16:05:31 | id:1,enc time:0.29552483558654785
2025-11-03 16:05:31 | id:3,enc time:0.2920241355895996
2025-11-03 16:05:31 | client 1, mask ones: 2, len: 11
2025-11-03 16:05:31 | client 3, mask ones: 2, len: 11

2025-11-03 16:05:31 | client 0, mask ones: 2, len: 11
2025-11-03 16:05:31 | id:9,enc time:0.27053117752075195
2025-11-03 16:05:31 | client 9, mask ones: 2, len: 11
2025-11-03 16:05:31 | id:4,enc time:0.2280280590057373
2025-11-03 16:05:31 | id:8,enc time:0.24802470207214355
2025-11-03 16:05:31 | client 8, mask ones: 2, len: 11
2025-11-03 16:05:31 | client 4, mask ones: 2, len: 11
2025-11-03 16:05:31 | id:6,enc time:0.2235262393951416
2025-11-03 16:05:31 | client 6, mask ones: 2, len: 11
2025-11-03 16:05:31 | id:7,enc time:0.21102142333984375
2025-11-03 16:05:31 | client 7, mask ones: 2, len: 11
2025-11-03 16:05:33 | enc=True, isSpars=topk, cipher_count=True
2025-11-03 16:05:33 | server receive: ciphertext size:6685698 bytes
2025-11-03 16:05:33 | server agg: epoch 10.
2025-11-03 16:05:33 | id:3,dec time:0.19251585006713867
2025-11-03 16:05:33 | id:7,dec time:0.20102715492248535
2025-11-03 16:05:33 | id:4,dec time:0.20852279663085938
2025-11-03 16:05:33 | id:0,dec time:0.23103070259094238
2025-11-03 16:05:33 | id:5,dec time:0.23003196716308594
2025-11-03 16:05:33 | id:2,dec time:0.23153185844421387
2025-11-03 16:05:33 | id:8,dec time:0.22703218460083008
2025-11-03 16:05:33 | id:6,dec time:0.2565310001373291
2025-11-03 16:05:33 | id:1,dec time:0.25953102111816406
2025-11-03 16:05:35 | [E10] acc=94.82% loss=0.0400 time=15.33s up=6.38MB down=0.00MB cum=70.14MB
2025-11-03 16:05:45 | id:3,train time:12.055368423461914
2025-11-03 16:05:46 | id:7,train time:12.466896057128906
2025-11-03 16:05:46 | id:3,enc time:0.7990610599517822
2025-11-03 16:05:46 | id:4,train time:12.856433868408203
2025-11-03 16:05:46 | client 3, mask ones: 2, len: 11
2025-11-03 16:05:46 | id:0,train time:12.894438743591309
2025-11-03 16:05:46 | id:5,train time:12.95645785331726

2025-11-03 16:05:46 | id:2,train time:12.985465049743652
2025-11-03 16:05:46 | id:1,train time:12.916945695877075
2025-11-03 16:05:46 | id:7,enc time:0.5610589981079102
2025-11-03 16:05:46 | client 7, mask ones: 2, len: 11
2025-11-03 16:05:46 | id:6,train time:12.910454511642456
2025-11-03 16:05:46 | id:4,enc time:0.2580451965332031
2025-11-03 16:05:46 | client 4, mask ones: 2, len: 11
2025-11-03 16:05:47 | id:0,enc time:0.23603606224060059
2025-11-03 16:05:47 | client 0, mask ones: 2, len: 11
2025-11-03 16:05:47 | id:5,enc time:0.23603153228759766
2025-11-03 16:05:47 | id:2,enc time:0.2365260124206543
2025-11-03 16:05:47 | id:1,enc time:0.236525297164917
2025-11-03 16:05:47 | id:9,enc time:0.23402857780456543
2025-11-03 16:05:47 | id:8,enc time:0.25453901290893555
2025-11-03 16:05:47 | client 2, mask ones: 2, len: 11
2025-11-03 16:05:47 | client 9, mask ones: 2, len: 11
2025-11-03 16:05:47 | client 8, mask ones: 2, len: 11
2025-11-03 16:05:47 | id:6,enc time:0.2380378246307373
2025-11-03 16:05:47 | client 6, mask ones: 2, len: 11
2025-11-03 16:05:49 | enc=True, isSpars=topk, cipher_count=True
2025-11-03 16:05:49 | server receive: ciphertext size:6687021 bytes
2025-11-03 16:05:49 | server agg: epoch 11.
2025-11-03 16:05:49 | id:0,dec time:0.19951605796813965
2025-11-03 16:05:49 | id:7,dec time:0.22203469276428223
2025-11-03 16:05:49 | id:3,dec time:0.21803951263427734
2025-11-03 16:05:49 | id:1,dec time:0.2345292568206787

2025-11-03 16:05:49 | id:5,dec time:0.23353052139282227
2025-11-03 16:05:49 | id:6,dec time:0.27103137969970703
2025-11-03 16:05:50 | [E11] acc=94.95% loss=0.0400 time=15.84s up=6.38MB down=0.00MB cum=76.52MB
2025-11-03 16:06:01 | id:0,train time:12.036068677902222
2025-11-03 16:06:01 | id:7,train time:12.030569553375244
2025-11-03 16:06:01 | id:2,train time:12.088078498840332
2025-11-03 16:06:01 | id:8,train time:12.217586755752563
2025-11-03 16:06:01 | id:9,train time:12.307589054107666
2025-11-03 16:06:02 | id:3,train time:12.412597417831421
2025-11-03 16:06:02 | id:5,train time:12.375092506408691
2025-11-03 16:06:02 | id:1,train time:12.3905930519104
2025-11-03 16:06:02 | id:0,enc time:0.4585378170013428
2025-11-03 16:06:02 | id:4,train time:12.496105909347534
2025-11-03 16:06:02 | id:6,train time:12.281589984893799
2025-11-03 16:06:02 | id:7,enc time:0.51753830909729
2025-11-03 16:06:02 | id:2,enc time:0.48703718185424805
2025-11-03 16:06:02 | client 7, mask ones: 2, len: 11
2025-11-03 16:06:02 | client 2, mask ones: 2, len: 11
2025-11-03 16:06:02 | id:9,enc time:0.31002259254455566
2025-11-03 16:06:02 | id:8,enc time:0.3230257034301758
2025-11-03 16:06:02 | client 8, mask ones: 2, len: 11
2025-11-03 16:06:02 | client 9, mask ones: 2, len: 11
2025-11-03 16:06:02 | id:1,enc time:0.23501992225646973
2025-11-03 16:06:02 | client 1, mask ones: 2, len: 11
2025-11-03 16:06:02 | client 3, mask ones: 2, len: 11
2025-11-03 16:06:02 | id:5,enc time:0.2625257968902588
2025-11-03 16:06:02 | client 5, mask ones: 2, len: 11
2025-11-03 16:06:02 | id:4,enc time:0.22201132774353027
2025-11-03 16:06:02 | client 4, mask ones: 2, len: 11
2025-11-03 16:06:02 | id:6,enc time:0.2170124053955078
2025-11-03 16:06:02 | client 6, mask ones: 2, len: 11
2025-11-03 16:06:04 | enc=True, isSpars=topk, cipher_count=True
2025-11-03 16:06:04 | server receive: ciphertext size:6687406 bytes
2025-11-03 16:06:04 | server agg: epoch 12.
2025-11-03 16:06:04 | id:2,dec time:0.18651151657104492
2025-11-03 16:06:04 | id:7,dec time:0.21252179145812988
2025-11-03 16:06:04 | id:4,dec time:0.20151400566101074
2025-11-03 16:06:04 | id:1,dec time:0.2160205841064453
2025-11-03 16:06:04 | id:8,dec time:0.21752119064331055
2025-11-03 16:06:04 | id:6,dec time:0.21252036094665527
2025-11-03 16:06:04 | id:3,dec time:0.23502087593078613
2025-11-03 16:06:04 | id:0,dec time:0.23252058029174805
2025-11-03 16:06:06 | [E12] acc=94.99% loss=0.0400 time=15.02s up=6.38MB down=0.00MB cum=82.89MB
2025-11-03 16:06:17 | id:1,train time:12.622135639190674
2025-11-03 16:06:17 | id:2,train time:12.704643487930298
2025-11-03 16:06:17 | id:4,train time:12.669641971588135
2025-11-03 16:06:17 | id:6,train time:12.706144332885742
2025-11-03 16:06:17 | id:8,train time:12.67714262008667
2025-11-03 16:06:17 | id:7,train time:12.769149541854858
2025-11-03 16:06:17 | id:0,train time:12.709646224975586
2025-11-03 16:06:17 | id:5,train time:12.76615023612976
2025-11-03 16:06:17 | id:9,train time:12.765147924423218
2025-11-03 16:06:17 | id:8,enc time:0.26952171325683594
2025-11-03 16:06:17 | client 3, mask ones: 2, len: 11
2025-11-03 16:06:17 | client 2, mask ones: 2, len: 11

2025-11-03 16:06:17 | id:6,enc time:0.2880232334136963
2025-11-03 16:06:17 | client 8, mask ones: 2, len: 11
2025-11-03 16:06:17 | id:4,enc time:0.3155224323272705
2025-11-03 16:06:17 | client 1, mask ones: 2, len: 11
2025-11-03 16:06:17 | client 6, mask ones: 2, len: 11
2025-11-03 16:06:17 | client 4, mask ones: 2, len: 11
2025-11-03 16:06:17 | id:7,enc time:0.24301362037658691
2025-11-03 16:06:17 | id:0,enc time:0.23801660537719727
2025-11-03 16:06:17 | client 0, mask ones: 2, len: 11
2025-11-03 16:06:17 | id:5,enc time:0.25151586532592773
2025-11-03 16:06:17 | client 7, mask ones: 2, len: 11
2025-11-03 16:06:17 | client 5, mask ones: 2, len: 11
2025-11-03 16:06:17 | id:9,enc time:0.22801637649536133
2025-11-03 16:06:17 | client 9, mask ones: 2, len: 11
2025-11-03 16:06:20 | enc=True, isSpars=topk, cipher_count=True
2025-11-03 16:06:20 | server receive: ciphertext size:6686074 bytes
2025-11-03 16:06:20 | server agg: epoch 13.
2025-11-03 16:06:20 | id:5,dec time:0.2125098705291748
2025-11-03 16:06:20 | id:1,dec time:0.1955101490020752
2025-11-03 16:06:20 | id:6,dec time:0.21001124382019043
2025-11-03 16:06:20 | id:3,dec time:0.20501017570495605
2025-11-03 16:06:20 | id:4,dec time:0.2105100154876709
2025-11-03 16:06:20 | id:0,dec time:0.2150106430053711
2025-11-03 16:06:20 | id:8,dec time:0.24551057815551758
2025-11-03 16:06:20 | id:2,dec time:0.2345104217529297
2025-11-03 16:06:20 | id:7,dec time:0.2850229740142822
2025-11-03 16:06:22 | [E13] acc=95.02% loss=0.0400 time=16.17s up=6.38MB down=0.00MB cum=89.27MB
2025-11-03 16:06:34 | id:1,train time:13.658164262771606
2025-11-03 16:06:34 | id:4,train time:13.868183851242065
2025-11-03 16:06:34 | id:3,train time:14.132694005966187
2025-11-03 16:06:34 | id:6,train time:14.267210960388184
2025-11-03 16:06:34 | id:5,train time:14.289711475372314
2025-11-03 16:06:34 | id:9,train time:14.291210412979126
2025-11-03 16:06:34 | id:8,train time:14.029682397842407
2025-11-03 16:06:34 | id:1,enc time:0.658038854598999
5
2025-11-03 16:06:34 | client 1, mask ones: 2, len: 11
2025-11-03 16:06:34 | id:7,train time:13.715150594711304
2025-11-03 16:06:35 | id:4,enc time:0.5590431690216064
2025-11-03 16:06:35 | id:3,enc time:0.3575265407562256
2025-11-03 16:06:35 | client 4, mask ones: 2, len: 11
2025-11-03 16:06:35 | client 3, mask ones: 2, len: 11
2025-11-03 16:06:35 | id:6,enc time:0.2605164051055908
2025-11-03 16:06:35 | id:2,enc time:0.25802040100097656
2025-11-03 16:06:35 | client 6, mask ones: 2, len: 11
2025-11-03 16:06:35 | id:5,enc time:0.25602030754089355
2025-11-03 16:06:35 | client 2, mask ones: 2, len: 11

2025-11-03 16:06:35 | id:8,enc time:0.2555217742919922
2025-11-03 16:06:35 | client 5, mask ones: 2, len: 11
2025-11-03 16:06:35 | client 9, mask ones: 2, len: 11
2025-11-03 16:06:35 | client 8, mask ones: 2, len: 11
2025-11-03 16:06:35 | id:0,enc time:0.26302623748779297
2025-11-03 16:06:35 | client 0, mask ones: 2, len: 11
2025-11-03 16:06:35 | id:7,enc time:0.23053383827209473
2025-11-03 16:06:35 | client 7, mask ones: 2, len: 11
2025-11-03 16:06:37 | enc=True, isSpars=topk, cipher_count=True
2025-11-03 16:06:37 | server receive: ciphertext size:6686555 bytes
2025-11-03 16:06:37 | server agg: epoch 14.
2025-11-03 16:06:37 | id:4,dec time:0.21451616287231445
2025-11-03 16:06:37 | id:1,dec time:0.20951533317565918
2025-11-03 16:06:37 | id:5,dec time:0.2005159854888916
2025-11-03 16:06:37 | id:6,dec time:0.21051692962646484
2025-11-03 16:06:37 | id:2,dec time:0.2090160846710205
2025-11-03 16:06:37 | id:9,dec time:0.21401572227478027
2025-11-03 16:06:37 | id:7,dec time:0.21851634979248047
2025-11-03 16:06:37 | id:0,dec time:0.22801709175109863
2025-11-03 16:06:37 | id:3,dec time:0.27402305603027344
2025-11-03 16:06:37 | id:8,dec time:0.2525162696838379
2025-11-03 16:06:39 | [E14] acc=94.65% loss=0.0500 time=16.58s up=6.38MB down=0.00MB cum=95.65MB
2025-11-03 16:06:50 | id:1,train time:13.114489316940308
2025-11-03 16:06:50 | id:6,train time:13.12949252128601
2025-11-03 16:06:50 | id:5,train time:13.273507356643677
2025-11-03 16:06:50 | id:2,train time:13.290007829666138
2025-11-03 16:06:50 | id:0,train time:13.300503492355347
2025-11-03 16:06:50 | id:7,train time:13.328516960144043
2025-11-03 16:06:50 | id:8,train time:13.226495027542114
2025-11-03 16:06:51 | id:4,enc time:0.3275299072265625
2025-11-03 16:06:51 | client 4, mask ones: 2, len: 11
2025-11-03 16:06:51 | id:9,enc time:0.3470292091369629
2025-11-03 16:06:51 | id:1,enc time:0.35853052139282227
2025-11-03 16:06:51 | client 9, mask ones: 2, len: 11
2025-11-03 16:06:51 | client 1, mask ones: 2, len: 11
2025-11-03 16:06:51 | id:6,enc time:0.3590250015258789
2025-11-03 16:06:51 | client 6, mask ones: 2, len: 11
2025-11-03 16:06:51 | id:5,enc time:0.25852441787719727
2025-11-03 16:06:51 | client 5, mask ones: 2, len: 11
2025-11-03 16:06:51 | id:2,enc time:0.2790238857269287
2025-11-03 16:06:51 | client 2, mask ones: 2, len: 11
2025-11-03 16:06:51 | id:8,enc time:0.21701860427856445
2025-11-03 16:06:51 | id:3,enc time:0.22901415824890137
2025-11-03 16:06:51 | client 8, mask ones: 2, len: 11
2025-11-03 16:06:51 | id:7,enc time:0.23951482772827148
2025-11-03 16:06:51 | client 0, mask ones: 2, len: 11
2025-11-03 16:06:51 | client 3, mask ones: 2, len: 11
2025-11-03 16:06:51 | client 7, mask ones: 2, len: 11
2025-11-03 16:06:53 | enc=True, isSpars=topk, cipher_count=True
2025-11-03 16:06:53 | server receive: ciphertext size:6686613 bytes
2025-11-03 16:06:53 | server agg: epoch 15.
2025-11-03 16:06:53 | id:5,dec time:0.20301365852355957
2025-11-03 16:06:53 | id:2,dec time:0.19501018524169922
2025-11-03 16:06:53 | id:8,dec time:0.19051027297973633
2025-11-03 16:06:53 | id:9,dec time:0.21701741218566895
2025-11-03 16:06:53 | id:1,dec time:0.2180156707763672

2025-11-03 16:06:53 | id:6,dec time:0.23551583290100098
2025-11-03 16:06:53 | id:3,dec time:0.26251935958862305
2025-11-03 16:06:55 | [E15] acc=94.78% loss=0.0400 time=16.02s up=6.38MB down=0.00MB cum=102.02MB
2025-11-03 16:07:05 | id:2,train time:11.991527318954468
2025-11-03 16:07:05 | id:1,train time:12.200040340423584
2025-11-03 16:07:05 | id:7,train time:12.291051149368286
2025-11-03 16:07:06 | id:8,train time:12.347550630569458
2025-11-03 16:07:06 | id:9,train time:12.405561208724976
2025-11-03 16:07:06 | id:2,enc time:0.4190342426300049
2025-11-03 16:07:06 | client 2, mask ones: 2, len: 11
2025-11-03 16:07:06 | id:4,train time:12.496567487716675
2025-11-03 16:07:06 | id:5,train time:12.462060689926147
2025-11-03 16:07:06 | id:6,train time:12.242051124572754
2025-11-03 16:07:06 | id:3,train time:12.239030599594116
2025-11-03 16:07:06 | id:1,enc time:0.36103367805480957
2025-11-03 16:07:06 | client 1, mask ones: 2, len: 11
2025-11-03 16:07:06 | id:8,enc time:0.32252979278564453
2025-11-03 16:07:06 | client 8, mask ones: 2, len: 11
2025-11-03 16:07:06 | id:9,enc time:0.2720205783843994
2025-11-03 16:07:06 | client 7, mask ones: 2, len: 11
2025-11-03 16:07:06 | client 9, mask ones: 2, len: 11
2025-11-03 16:07:06 | id:5,enc time:0.23601460456848145
2025-11-03 16:07:06 | client 5, mask ones: 2, len: 11
2025-11-03 16:07:06 | id:4,enc time:0.24651455879211426
2025-11-03 16:07:06 | client 4, mask ones: 2, len: 11
2025-11-03 16:07:06 | id:6,enc time:0.24751663208007812
2025-11-03 16:07:06 | id:0,enc time:0.2415153980255127
2025-11-03 16:07:06 | client 6, mask ones: 2, len: 11
2025-11-03 16:07:06 | client 0, mask ones: 2, len: 11
2025-11-03 16:07:06 | id:3,enc time:0.2115166187286377
2025-11-03 16:07:06 | client 3, mask ones: 2, len: 11
2025-11-03 16:07:08 | enc=True, isSpars=topk, cipher_count=True
2025-11-03 16:07:08 | server receive: ciphertext size:6683625 bytes
2025-11-03 16:07:08 | server agg: epoch 16.
2025-11-03 16:07:08 | id:9,dec time:0.19950556755065918
2025-11-03 16:07:08 | id:2,dec time:0.19400691986083984
2025-11-03 16:07:08 | id:0,dec time:0.20400547981262207
2025-11-03 16:07:08 | id:7,dec time:0.21950745582580566
2025-11-03 16:07:08 | id:8,dec time:0.21400713920593262
2025-11-03 16:07:08 | id:5,dec time:0.2375185489654541
2025-11-03 16:07:08 | id:1,dec time:0.23701786994934082
2025-11-03 16:07:08 | id:4,dec time:0.233018159866333
2025-11-03 16:07:08 | id:6,dec time:0.2585256099700928
2025-11-03 16:07:10 | [E16] acc=94.91% loss=0.0400 time=15.17s up=6.37MB down=0.00MB cum=108.40MB
2025-11-03 16:07:20 | id:2,train time:11.81622862815857

2025-11-03 16:07:20 | id:3,train time:11.949244022369385
2025-11-03 16:07:20 | id:0,train time:11.920239686965942
2025-11-03 16:07:21 | id:4,train time:12.013769149780273
2025-11-03 16:07:21 | id:8,train time:12.041765451431274
2025-11-03 16:07:21 | id:1,train time:12.021283864974976
2025-11-03 16:07:21 | id:5,train time:12.040798902511597
2025-11-03 16:07:21 | id:6,train time:11.904792070388794
2025-11-03 16:07:21 | id:9,enc time:0.3790891170501709
2025-11-03 16:07:21 | id:2,enc time:0.37708520889282227
2025-11-03 16:07:21 | client 2, mask ones: 2, len: 11
2025-11-03 16:07:21 | client 9, mask ones: 2, len: 11
2025-11-03 16:07:21 | id:3,enc time:0.30608701705932617
2025-11-03 16:07:21 | client 3, mask ones: 2, len: 11
2025-11-03 16:07:21 | id:0,enc time:0.3500864505767822
2025-11-03 16:07:21 | client 0, mask ones: 2, len: 11
2025-11-03 16:07:21 | id:8,enc time:0.23955464363098145
2025-11-03 16:07:21 | id:7,enc time:0.25055456161499023
2025-11-03 16:07:21 | id:4,enc time:0.2470545768737793
2025-11-03 16:07:21 | client 7, mask ones: 2, len: 11
2025-11-03 16:07:21 | client 4, mask ones: 2, len: 11
2025-11-03 16:07:21 | id:1,enc time:0.23203015327453613
2025-11-03 16:07:21 | client 1, mask ones: 2, len: 11
2025-11-03 16:07:21 | client 6, mask ones: 2, len: 11
2025-11-03 16:07:21 | id:5,enc time:0.23752093315124512
2025-11-03 16:07:21 | client 5, mask ones: 2, len: 11
2025-11-03 16:07:23 | enc=True, isSpars=topk, cipher_count=True
2025-11-03 16:07:23 | server receive: ciphertext size:6686246 bytes
2025-11-03 16:07:23 | server agg: epoch 17.
2025-11-03 16:07:23 | id:3,dec time:0.18751287460327148
2025-11-03 16:07:23 | id:0,dec time:0.21001458168029785
2025-11-03 16:07:23 | id:5,dec time:0.19751262664794922
2025-11-03 16:07:23 | id:2,dec time:0.20851397514343262
2025-11-03 16:07:23 | id:8,dec time:0.22451305389404297
2025-11-03 16:07:23 | id:6,dec time:0.24802112579345703
2025-11-03 16:07:23 | id:9,dec time:0.26902103424072266
2025-11-03 16:07:25 | [E17] acc=94.93% loss=0.0500 time=14.69s up=6.38MB down=0.00MB cum=114.77MB
2025-11-03 16:07:36 | id:5,train time:12.040068864822388
2025-11-03 16:07:36 | id:7,train time:12.185084581375122
2025-11-03 16:07:36 | id:0,train time:12.26358437538147
2025-11-03 16:07:36 | id:8,train time:12.49710488319397
2025-11-03 16:07:36 | id:3,train time:12.57511305809021
2025-11-03 16:07:36 | id:1,train time:12.55060362815857
2025-11-03 16:07:36 | id:5,enc time:0.5410439968109131

2025-11-03 16:07:36 | id:2,train time:12.608112573623657
2025-11-03 16:07:36 | client 5, mask ones: 2, len: 11
2025-11-03 16:07:36 | id:6,train time:12.432594060897827
2025-11-03 16:07:36 | id:9,train time:12.4561026096344
2025-11-03 16:07:36 | id:7,enc time:0.4175293445587158
2025-11-03 16:07:36 | client 7, mask ones: 2, len: 11
2025-11-03 16:07:36 | id:0,enc time:0.4215359687805176
2025-11-03 16:07:36 | client 0, mask ones: 2, len: 11
2025-11-03 16:07:36 | id:3,enc time:0.22552728652954102
2025-11-03 16:07:36 | id:8,enc time:0.28653430938720703
2025-11-03 16:07:36 | client 8, mask ones: 2, len: 11
2025-11-03 16:07:36 | id:1,enc time:0.2435312271118164
2025-11-03 16:07:36 | id:2,enc time:0.243025541305542

2025-11-03 16:07:36 | id:6,enc time:0.23152494430541992
2025-11-03 16:07:36 | id:9,enc time:0.22052574157714844
2025-11-03 16:07:36 | client 1, mask ones: 2, len: 11
2025-11-03 16:07:36 | client 4, mask ones: 2, len: 11
2025-11-03 16:07:36 | client 2, mask ones: 2, len: 11
2025-11-03 16:07:36 | client 9, mask ones: 2, len: 11
2025-11-03 16:07:36 | client 6, mask ones: 2, len: 11
2025-11-03 16:07:38 | enc=True, isSpars=topk, cipher_count=True
2025-11-03 16:07:39 | server receive: ciphertext size:6686118 bytes
2025-11-03 16:07:39 | server agg: epoch 18.
2025-11-03 16:07:39 | id:0,dec time:0.21251749992370605
2025-11-03 16:07:39 | id:9,dec time:0.20551800727844238
2025-11-03 16:07:39 | id:2,dec time:0.21401739120483398
2025-11-03 16:07:39 | id:4,dec time:0.19602704048156738
2025-11-03 16:07:39 | id:8,dec time:0.2180182933807373
2025-11-03 16:07:39 | id:7,dec time:0.24003076553344727
2025-11-03 16:07:40 | [E18] acc=94.72% loss=0.0400 time=15.15s up=6.38MB down=0.00MB cum=121.15MB
2025-11-03 16:07:52 | id:4,train time:12.88467264175415
2025-11-03 16:07:52 | id:3,train time:12.783163785934448
2025-11-03 16:07:52 | id:5,train time:12.955694437026978
2025-11-03 16:07:52 | id:8,train time:13.062205791473389
2025-11-03 16:07:52 | id:9,train time:13.253716468811035
2025-11-03 16:07:52 | id:6,train time:13.238211870193481
2025-11-03 16:07:52 | id:2,train time:13.306726455688477
2025-11-03 16:07:52 | id:1,train time:13.074705123901367
2025-11-03 16:07:52 | id:4,enc time:0.4220433235168457
2025-11-03 16:07:52 | id:7,train time:13.176707983016968
2025-11-03 16:07:52 | client 4, mask ones: 2, len: 11
2025-11-03 16:07:52 | id:5,enc time:0.41103410720825195
2025-11-03 16:07:52 | client 5, mask ones: 2, len: 11
2025-11-03 16:07:52 | id:3,enc time:0.5325605869293213
2025-11-03 16:07:52 | client 3, mask ones: 2, len: 11
2025-11-03 16:07:52 | id:8,enc time:0.33002471923828125
2025-11-03 16:07:52 | client 8, mask ones: 2, len: 11
2025-11-03 16:07:52 | id:0,enc time:0.25303149223327637
2025-11-03 16:07:52 | id:9,enc time:0.2465360164642334
2025-11-03 16:07:52 | id:6,enc time:0.2585313320159912
2025-11-03 16:07:52 | client 0, mask ones: 2, len: 11
2025-11-03 16:07:52 | client 9, mask ones: 2, len: 11
2025-11-03 16:07:52 | client 6, mask ones: 2, len: 11
2025-11-03 16:07:52 | id:2,enc time:0.23103070259094238
2025-11-03 16:07:52 | id:1,enc time:0.23952507972717285
2025-11-03 16:07:52 | id:7,enc time:0.22702336311340332
2025-11-03 16:07:52 | client 2, mask ones: 2, len: 11
2025-11-03 16:07:52 | client 1, mask ones: 2, len: 11
2025-11-03 16:07:52 | client 7, mask ones: 2, len: 11
2025-11-03 16:07:55 | enc=True, isSpars=topk, cipher_count=True
2025-11-03 16:07:55 | server receive: ciphertext size:6686746 bytes
2025-11-03 16:07:55 | server agg: epoch 19.
2025-11-03 16:07:55 | id:8,dec time:0.19951772689819336
2025-11-03 16:07:55 | id:2,dec time:0.19951868057250977
2025-11-03 16:07:55 | id:6,dec time:0.19351744651794434
2025-11-03 16:07:55 | id:5,dec time:0.22101926803588867
2025-11-03 16:07:55 | id:9,dec time:0.21401715278625488
2025-11-03 16:07:55 | id:1,dec time:0.2215275764465332
2025-11-03 16:07:55 | id:4,dec time:0.23002052307128906
2025-11-03 16:07:55 | id:0,dec time:0.2505214214324951
2025-11-03 16:07:57 | [E19] acc=94.94% loss=0.0400 time=15.94s up=6.38MB down=0.00MB cum=127.53MB
2025-11-03 16:08:08 | id:8,train time:13.340597152709961
2025-11-03 16:08:08 | id:1,train time:13.457114219665527
2025-11-03 16:08:09 | id:7,train time:13.719168901443481
2025-11-03 16:08:09 | id:2,train time:13.706167697906494
2025-11-03 16:08:09 | id:9,train time:13.77466344833374
2025-11-03 16:08:09 | id:5,train time:13.784165859222412
2025-11-03 16:08:09 | id:6,train time:13.852678060531616
2025-11-03 16:08:09 | id:3,train time:13.875169515609741
2025-11-03 16:08:09 | id:4,train time:13.897675037384033
2025-11-03 16:08:09 | id:8,enc time:0.5840864181518555
2025-11-03 16:08:09 | client 8, mask ones: 2, len: 11
2025-11-03 16:08:09 | id:1,enc time:0.503058910369873
2025-11-03 16:08:09 | id:0,train time:13.72866439819336
2025-11-03 16:08:09 | client 1, mask ones: 2, len: 11
2025-11-03 16:08:09 | id:7,enc time:0.3410327434539795
2025-11-03 16:08:09 | id:2,enc time:0.3245265483856201
2025-11-03 16:08:09 | client 2, mask ones: 2, len: 11
2025-11-03 16:08:09 | client 7, mask ones: 2, len: 11
2025-11-03 16:08:09 | id:5,enc time:0.2770209312438965
2025-11-03 16:08:09 | id:9,enc time:0.2810206413269043
2025-11-03 16:08:09 | client 5, mask ones: 2, len: 11
2025-11-03 16:08:09 | client 9, mask ones: 2, len: 11
2025-11-03 16:08:09 | id:6,enc time:0.2470245361328125
2025-11-03 16:08:09 | client 6, mask ones: 2, len: 11
2025-11-03 16:08:09 | id:4,enc time:0.2330167293548584
2025-11-03 16:08:09 | id:3,enc time:0.25902247428894043
2025-11-03 16:08:09 | client 3, mask ones: 2, len: 11
2025-11-03 16:08:09 | client 4, mask ones: 2, len: 11
2025-11-03 16:08:09 | id:0,enc time:0.20901775360107422
2025-11-03 16:08:09 | client 0, mask ones: 2, len: 11
2025-11-03 16:08:12 | enc=True, isSpars=topk, cipher_count=True
2025-11-03 16:08:12 | server receive: ciphertext size:6687034 bytes
2025-11-03 16:08:12 | server agg: epoch 20.
2025-11-03 16:08:13 | id:9,dec time:0.18851280212402344
2025-11-03 16:08:13 | id:8,dec time:0.21651434898376465
2025-11-03 16:08:13 | id:1,dec time:0.20751261711120605
2025-11-03 16:08:13 | id:7,dec time:0.2195119857788086
2025-11-03 16:08:13 | id:0,dec time:0.23001551628112793
2025-11-03 16:08:13 | id:5,dec time:0.23551726341247559
2025-11-03 16:08:13 | id:6,dec time:0.27102184295654297
2025-11-03 16:08:14 | [E20] acc=94.97% loss=0.0400 time=17.62s up=6.38MB down=0.00MB cum=133.90MB
2025-11-03 16:08:24 | id:9,train time:11.456844329833984
2025-11-03 16:08:25 | id:4,train time:11.860367774963379
2025-11-03 16:08:25 | id:9,enc time:0.5760352611541748
2025-11-03 16:08:25 | client 9, mask ones: 2, len: 11
2025-11-03 16:08:25 | id:1,train time:12.175382614135742
2025-11-03 16:08:25 | id:3,train time:12.175883054733276
2025-11-03 16:08:25 | id:7,train time:12.184886693954468
2025-11-03 16:08:25 | id:2,train time:12.169901371002197
2025-11-03 16:08:25 | id:0,train time:12.164910554885864
2025-11-03 16:08:25 | id:6,train time:11.857362508773804
2025-11-03 16:08:25 | id:4,enc time:0.4375760555267334
2025-11-03 16:08:25 | client 4, mask ones: 2, len: 11
2025-11-03 16:08:25 | id:8,enc time:0.23005294799804688
2025-11-03 16:08:25 | id:3,enc time:0.2380526065826416
2025-11-03 16:08:25 | client 1, mask ones: 2, len: 11

2025-11-03 16:08:25 | client 8, mask ones: 2, len: 11
2025-11-03 16:08:25 | client 3, mask ones: 2, len: 11
2025-11-03 16:08:25 | client 7, mask ones: 2, len: 11
2025-11-03 16:08:25 | id:2,enc time:0.23053312301635742
2025-11-03 16:08:25 | id:0,enc time:0.20903372764587402
2025-11-03 16:08:25 | client 5, mask ones: 2, len: 11
2025-11-03 16:08:25 | client 0, mask ones: 2, len: 11
2025-11-03 16:08:25 | client 2, mask ones: 2, len: 11
2025-11-03 16:08:25 | id:6,enc time:0.21653389930725098
2025-11-03 16:08:25 | client 6, mask ones: 2, len: 11
2025-11-03 16:08:27 | enc=True, isSpars=topk, cipher_count=True
2025-11-03 16:08:27 | server receive: ciphertext size:6686415 bytes
2025-11-03 16:08:27 | server agg: epoch 21.
2025-11-03 16:08:28 | id:8,dec time:0.19651103019714355
2025-11-03 16:08:28 | id:6,dec time:0.19051170349121094
2025-11-03 16:08:28 | id:9,dec time:0.20751500129699707
2025-11-03 16:08:28 | id:0,dec time:0.21901798248291016
2025-11-03 16:08:28 | id:3,dec time:0.2180166244506836
2025-11-03 16:08:28 | id:7,dec time:0.25401759147644043
2025-11-03 16:08:28 | id:4,dec time:0.24351739883422852
2025-11-03 16:08:29 | [E21] acc=95.08% loss=0.0400 time=14.60s up=6.38MB down=0.00MB cum=140.28MB
2025-11-03 16:08:38 | id:8,train time:10.061131954193115
2025-11-03 16:08:38 | id:9,train time:10.285142183303833
2025-11-03 16:08:38 | id:2,train time:10.317151069641113
2025-11-03 16:08:38 | id:1,train time:10.496158838272095
2025-11-03 16:08:38 | id:6,train time:10.494664192199707
2025-11-03 16:08:38 | id:0,train time:10.47616457939148
2025-11-03 16:08:38 | id:5,train time:10.464165210723877
2025-11-03 16:08:38 | id:7,train time:10.478663206100464
2025-11-03 16:08:38 | id:4,train time:10.427162647247314
2025-11-03 16:08:38 | id:8,enc time:0.5070369243621826
2025-11-03 16:08:38 | client 8, mask ones: 2, len: 11
2025-11-03 16:08:38 | id:2,enc time:0.33702564239501953
2025-11-03 16:08:38 | id:9,enc time:0.40003442764282227
2025-11-03 16:08:38 | client 2, mask ones: 2, len: 11
2025-11-03 16:08:38 | client 9, mask ones: 2, len: 11
2025-11-03 16:08:38 | id:1,enc time:0.24152112007141113
2025-11-03 16:08:38 | client 1, mask ones: 2, len: 11
2025-11-03 16:08:38 | id:3,enc time:0.26201963424682617
2025-11-03 16:08:38 | id:6,enc time:0.24751973152160645
2025-11-03 16:08:38 | client 3, mask ones: 2, len: 11
2025-11-03 16:08:38 | client 6, mask ones: 2, len: 11
2025-11-03 16:08:38 | id:0,enc time:0.25052428245544434
2025-11-03 16:08:38 | id:5,enc time:0.25103259086608887
2025-11-03 16:08:38 | client 0, mask ones: 2, len: 11
2025-11-03 16:08:38 | client 5, mask ones: 2, len: 11
2025-11-03 16:08:39 | id:7,enc time:0.21802401542663574
2025-11-03 16:08:39 | id:4,enc time:0.21552419662475586
2025-11-03 16:08:39 | client 7, mask ones: 2, len: 11
2025-11-03 16:08:39 | client 4, mask ones: 2, len: 11
2025-11-03 16:08:41 | enc=True, isSpars=topk, cipher_count=True
2025-11-03 16:08:41 | server receive: ciphertext size:6686577 bytes
2025-11-03 16:08:41 | server agg: epoch 22.
2025-11-03 16:08:41 | id:2,dec time:0.18701648712158203
2025-11-03 16:08:41 | id:3,dec time:0.20151901245117188
2025-11-03 16:08:41 | id:8,dec time:0.2030174732208252
2025-11-03 16:08:41 | id:4,dec time:0.20351648330688477
2025-11-03 16:08:41 | id:0,dec time:0.21351122856140137
2025-11-03 16:08:41 | id:7,dec time:0.24703621864318848
2025-11-03 16:08:41 | id:1,dec time:0.23953700065612793
2025-11-03 16:08:42 | [E22] acc=94.99% loss=0.0400 time=13.04s up=6.38MB down=0.00MB cum=146.66MB
2025-11-03 16:08:53 | id:9,train time:11.783881902694702
2025-11-03 16:08:53 | id:9,enc time:0.6555459499359131
2025-11-03 16:08:53 | client 9, mask ones: 2, len: 11
2025-11-03 16:08:54 | id:3,train time:12.797442436218262
2025-11-03 16:08:54 | id:5,train time:12.699933052062988
2025-11-03 16:08:54 | id:6,train time:12.783939361572266
2025-11-03 16:08:54 | id:0,train time:12.855940580368042
2025-11-03 16:08:54 | id:1,train time:12.821945667266846
2025-11-03 16:08:54 | id:4,train time:12.925949573516846
2025-11-03 16:08:54 | id:7,train time:12.885956048965454
2025-11-03 16:08:54 | id:5,enc time:0.2665390968322754
2025-11-03 16:08:54 | client 5, mask ones: 2, len: 11
2025-11-03 16:08:54 | id:6,enc time:0.2505478858947754
2025-11-03 16:08:54 | id:3,enc time:0.311046838760376
2025-11-03 16:08:54 | client 6, mask ones: 2, len: 11
2025-11-03 16:08:54 | client 3, mask ones: 2, len: 11
2025-11-03 16:08:54 | id:0,enc time:0.2500417232513428
2025-11-03 16:08:54 | client 0, mask ones: 2, len: 11

2025-11-03 16:08:54 | client 1, mask ones: 2, len: 11
2025-11-03 16:08:54 | id:2,enc time:0.27454113960266113
2025-11-03 16:08:54 | client 2, mask ones: 2, len: 11
2025-11-03 16:08:54 | id:4,enc time:0.24303960800170898
2025-11-03 16:08:54 | client 4, mask ones: 2, len: 11
2025-11-03 16:08:54 | client 8, mask ones: 2, len: 11
2025-11-03 16:08:54 | id:7,enc time:0.25054216384887695
2025-11-03 16:08:54 | client 7, mask ones: 2, len: 11
2025-11-03 16:08:56 | enc=True, isSpars=topk, cipher_count=True
2025-11-03 16:08:56 | server receive: ciphertext size:6686993 bytes
2025-11-03 16:08:56 | server agg: epoch 23.
2025-11-03 16:08:56 | id:0,dec time:0.18702435493469238
2025-11-03 16:08:57 | id:8,dec time:0.20052838325500488
2025-11-03 16:08:57 | id:6,dec time:0.20252442359924316
2025-11-03 16:08:57 | id:4,dec time:0.22602534294128418
2025-11-03 16:08:57 | id:5,dec time:0.21802473068237305
2025-11-03 16:08:57 | id:2,dec time:0.2210240364074707
2025-11-03 16:08:57 | id:7,dec time:0.22552752494812012
2025-11-03 16:08:57 | id:1,dec time:0.2490234375
5205
2025-11-03 16:08:57 | id:9,dec time:0.23502564430236816
2025-11-03 16:08:58 | [E23] acc=94.91% loss=0.0500 time=15.42s up=6.38MB down=0.00MB cum=153.04MB
2025-11-03 16:09:08 | id:2,train time:11.600391864776611
2025-11-03 16:09:08 | id:8,train time:11.763912677764893
2025-11-03 16:09:08 | id:6,train time:11.767408847808838
2025-11-03 16:09:08 | id:1,train time:11.717397689819336
2025-11-03 16:09:08 | id:5,train time:11.82441234588623

2025-11-03 16:09:09 | id:9,train time:11.823907852172852
2025-11-03 16:09:09 | id:4,train time:11.857911348342896
2025-11-03 16:09:09 | id:3,train time:11.858408689498901
2025-11-03 16:09:09 | id:2,enc time:0.3605215549468994
2025-11-03 16:09:09 | client 2, mask ones: 2, len: 11
2025-11-03 16:09:09 | id:6,enc time:0.289520263671875
2025-11-03 16:09:09 | id:8,enc time:0.2830212116241455
2025-11-03 16:09:09 | client 6, mask ones: 2, len: 11
2025-11-03 16:09:09 | client 8, mask ones: 2, len: 11
2025-11-03 16:09:09 | id:9,enc time:0.23451447486877441
2025-11-03 16:09:09 | id:1,enc time:0.29452085494995117
2025-11-03 16:09:09 | client 5, mask ones: 2, len: 11
2025-11-03 16:09:09 | client 1, mask ones: 2, len: 11
2025-11-03 16:09:09 | id:0,enc time:0.2630164623260498
2025-11-03 16:09:09 | client 0, mask ones: 2, len: 11
2025-11-03 16:09:09 | id:4,enc time:0.23902368545532227
2025-11-03 16:09:09 | id:7,enc time:0.23652386665344238
2025-11-03 16:09:09 | client 7, mask ones: 2, len: 11
2025-11-03 16:09:09 | client 4, mask ones: 2, len: 11
2025-11-03 16:09:09 | id:3,enc time:0.22501087188720703
2025-11-03 16:09:09 | client 3, mask ones: 2, len: 11
2025-11-03 16:09:11 | enc=True, isSpars=topk, cipher_count=True
2025-11-03 16:09:11 | server receive: ciphertext size:6685940 bytes
2025-11-03 16:09:11 | server agg: epoch 24.
2025-11-03 16:09:11 | id:1,dec time:0.20151162147521973
2025-11-03 16:09:11 | id:2,dec time:0.20701122283935547
2025-11-03 16:09:11 | id:5,dec time:0.20251202583312988
2025-11-03 16:09:11 | id:6,dec time:0.21251249313354492
2025-11-03 16:09:11 | id:3,dec time:0.2385103702545166

2025-11-03 16:09:11 | id:9,dec time:0.2605140209197998
2025-11-03 16:09:13 | [E24] acc=94.86% loss=0.0500 time=14.65s up=6.38MB down=0.00MB cum=159.41MB
2025-11-03 16:09:23 | id:1,train time:11.316853284835815
2025-11-03 16:09:23 | id:4,train time:11.48186731338501

2025-11-03 16:09:23 | id:0,train time:11.479370594024658
2025-11-03 16:09:23 | id:5,train time:11.517892360687256
2025-11-03 16:09:23 | id:7,train time:11.552896499633789
2025-11-03 16:09:23 | id:6,train time:11.574406385421753
2025-11-03 16:09:23 | id:8,train time:11.499399662017822
2025-11-03 16:09:23 | id:2,train time:11.629425287246704
2025-11-03 16:09:23 | id:1,enc time:0.36856698989868164
2025-11-03 16:09:23 | client 1, mask ones: 2, len: 11
2025-11-03 16:09:23 | id:0,enc time:0.29456186294555664
2025-11-03 16:09:23 | id:9,enc time:0.2890615463256836
2025-11-03 16:09:23 | client 0, mask ones: 2, len: 11
2025-11-03 16:09:23 | client 9, mask ones: 2, len: 11

2025-11-03 16:09:23 | client 4, mask ones: 2, len: 11
2025-11-03 16:09:23 | id:5,enc time:0.2835400104522705

2025-11-03 16:09:23 | id:8,enc time:0.2230241298675537
2025-11-03 16:09:23 | client 5, mask ones: 2, len: 11
2025-11-03 16:09:23 | client 7, mask ones: 2, len: 11

2025-11-03 16:09:23 | id:3,enc time:0.23352313041687012
2025-11-03 16:09:23 | client 8, mask ones: 2, len: 11
2025-11-03 16:09:23 | client 6, mask ones: 2, len: 11
2025-11-03 16:09:23 | client 3, mask ones: 2, len: 11
2025-11-03 16:09:23 | id:2,enc time:0.24051403999328613
2025-11-03 16:09:23 | client 2, mask ones: 2, len: 11
2025-11-03 16:09:26 | enc=True, isSpars=topk, cipher_count=True
2025-11-03 16:09:26 | server receive: ciphertext size:6685284 bytes
2025-11-03 16:09:26 | server agg: epoch 25.
2025-11-03 16:09:27 | id:1,dec time:0.20501065254211426
2025-11-03 16:09:27 | id:4,dec time:0.2110128402709961
2025-11-03 16:09:27 | id:2,dec time:0.2085115909576416

2025-11-03 16:09:27 | id:3,dec time:0.22101116180419922
2025-11-03 16:09:27 | id:0,dec time:0.22251057624816895
2025-11-03 16:09:27 | id:8,dec time:0.26552367210388184
2025-11-03 16:09:27 | id:7,dec time:0.24701499938964844
2025-11-03 16:09:28 | [E25] acc=94.85% loss=0.0500 time=15.30s up=6.38MB down=0.00MB cum=165.79MB
2025-11-03 16:09:38 | id:5,train time:11.286818504333496
2025-11-03 16:09:38 | id:4,train time:11.429839372634888
2025-11-03 16:09:38 | id:2,train time:11.414334774017334
2025-11-03 16:09:38 | id:9,train time:11.449837923049927
2025-11-03 16:09:38 | id:0,train time:11.47532844543457
2025-11-03 16:09:38 | id:7,train time:11.403826475143433
2025-11-03 16:09:38 | id:1,train time:11.495837450027466
2025-11-03 16:09:38 | id:8,train time:11.407819271087646
2025-11-03 16:09:38 | id:5,enc time:0.3030247688293457
2025-11-03 16:09:38 | client 5, mask ones: 2, len: 11
2025-11-03 16:09:38 | id:3,enc time:0.25101542472839355
2025-11-03 16:09:38 | id:2,enc time:0.25051403045654297
2025-11-03 16:09:38 | id:9,enc time:0.2350142002105713
2025-11-03 16:09:38 | client 2, mask ones: 2, len: 11
2025-11-03 16:09:38 | client 3, mask ones: 2, len: 11
2025-11-03 16:09:38 | id:1,enc time:0.21451592445373535
2025-11-03 16:09:38 | client 9, mask ones: 2, len: 11
2025-11-03 16:09:38 | client 1, mask ones: 2, len: 11
2025-11-03 16:09:38 | id:4,enc time:0.28902125358581543
2025-11-03 16:09:38 | id:0,enc time:0.22652149200439453
2025-11-03 16:09:38 | client 4, mask ones: 2, len: 11
2025-11-03 16:09:38 | id:6,enc time:0.23851776123046875
2025-11-03 16:09:38 | client 0, mask ones: 2, len: 11
2025-11-03 16:09:39 | id:8,enc time:0.20401406288146973
2025-11-03 16:09:39 | client 6, mask ones: 2, len: 11
2025-11-03 16:09:39 | client 8, mask ones: 2, len: 11
2025-11-03 16:09:39 | id:7,enc time:0.257021427154541
2025-11-03 16:09:39 | client 7, mask ones: 2, len: 11
2025-11-03 16:09:41 | enc=True, isSpars=topk, cipher_count=True
2025-11-03 16:09:41 | server receive: ciphertext size:6687375 bytes
2025-11-03 16:09:41 | server agg: epoch 26.
2025-11-03 16:09:41 | id:7,dec time:0.20502018928527832
2025-11-03 16:09:41 | id:0,dec time:0.19901371002197266
2025-11-03 16:09:41 | id:9,dec time:0.20551586151123047
2025-11-03 16:09:41 | id:4,dec time:0.19851446151733398
2025-11-03 16:09:41 | id:2,dec time:0.21452069282531738
2025-11-03 16:09:41 | id:5,dec time:0.22401881217956543
2025-11-03 16:09:41 | id:3,dec time:0.25852012634277344
2025-11-03 16:09:42 | [E26] acc=95.01% loss=0.0500 time=14.26s up=6.38MB down=0.00MB cum=172.17MB
2025-11-03 16:09:59 | id:7,train time:18.077775955200195
2025-11-03 16:09:59 | id:4,train time:18.140776872634888
2025-11-03 16:09:59 | id:8,train time:18.272292137145996
2025-11-03 16:10:00 | id:0,train time:18.48731279373169
2025-11-03 16:10:00 | id:9,train time:18.50131344795227
2025-11-03 16:10:00 | id:5,train time:18.388309001922607
2025-11-03 16:10:00 | id:6,train time:18.546813249588013
2025-11-03 16:10:00 | id:7,enc time:0.476543664932251
2
2025-11-03 16:10:00 | id:4,enc time:0.39352893829345703
2025-11-03 16:10:00 | client 7, mask ones: 2, len: 11
2025-11-03 16:10:00 | id:3,train time:18.37531542778015
2025-11-03 16:10:00 | client 4, mask ones: 2, len: 11
2025-11-03 16:10:00 | id:8,enc time:0.38854241371154785
2025-11-03 16:10:00 | client 8, mask ones: 2, len: 11
2025-11-03 16:10:00 | id:5,enc time:0.22953200340270996
2025-11-03 16:10:00 | id:0,enc time:0.2545318603515625
2025-11-03 16:10:00 | id:9,enc time:0.23253440856933594
2025-11-03 16:10:00 | client 0, mask ones: 2, len: 11
2025-11-03 16:10:00 | client 5, mask ones: 2, len: 11
2025-11-03 16:10:00 | id:2,enc time:0.23254060745239258
2025-11-03 16:10:00 | client 9, mask ones: 2, len: 11
2025-11-03 16:10:00 | client 6, mask ones: 2, len: 11
2025-11-03 16:10:00 | id:1,enc time:0.2235245704650879
2025-11-03 16:10:00 | id:3,enc time:0.22052454948425293
2025-11-03 16:10:00 | client 1, mask ones: 2, len: 11
2025-11-03 16:10:00 | client 3, mask ones: 2, len: 11
2025-11-03 16:10:03 | enc=True, isSpars=topk, cipher_count=True
2025-11-03 16:10:03 | server receive: ciphertext size:6686868 bytes
2025-11-03 16:10:03 | server agg: epoch 27.
2025-11-03 16:10:03 | id:4,dec time:0.19002008438110352
2025-11-03 16:10:03 | id:1,dec time:0.21402859687805176
2025-11-03 16:10:03 | id:3,dec time:0.2035202980041504
2025-11-03 16:10:03 | id:7,dec time:0.22102761268615723
2025-11-03 16:10:03 | id:2,dec time:0.2195274829864502
2025-11-03 16:10:03 | id:5,dec time:0.22402572631835938
2025-11-03 16:10:03 | id:0,dec time:0.23502635955810547
2025-11-03 16:10:03 | id:8,dec time:0.24552702903747559
2025-11-03 16:10:03 | id:6,dec time:0.25502753257751465
2025-11-03 16:10:05 | [E27] acc=95.06% loss=0.0400 time=22.05s up=6.38MB down=0.00MB cum=178.54MB
2025-11-03 16:10:28 | id:9,train time:25.13644313812256
2025-11-03 16:10:29 | id:7,train time:25.53496742248535
2025-11-03 16:10:29 | id:0,train time:25.622968435287476
2025-11-03 16:10:29 | id:6,train time:25.861491680145264
2025-11-03 16:10:29 | id:4,train time:25.99250078201294
2025-11-03 16:10:29 | id:5,train time:25.916996240615845
2025-11-03 16:10:29 | id:1,train time:26.04949951171875
2025-11-03 16:10:29 | id:2,train time:26.027501583099365
2025-11-03 16:10:29 | id:7,enc time:0.4445316791534424

2025-11-03 16:10:29 | client 7, mask ones: 2, len: 11
2025-11-03 16:10:29 | id:8,train time:26.01749300956726
2025-11-03 16:10:29 | id:9,enc time:0.9715595245361328
2025-11-03 16:10:29 | client 9, mask ones: 2, len: 11
2025-11-03 16:10:30 | id:0,enc time:0.42102646827697754
2025-11-03 16:10:30 | id:4,enc time:0.25301265716552734
2025-11-03 16:10:30 | client 0, mask ones: 2, len: 11
2025-11-03 16:10:30 | client 4, mask ones: 2, len: 11
2025-11-03 16:10:30 | id:5,enc time:0.2780156135559082
2025-11-03 16:10:30 | client 5, mask ones: 2, len: 11

2025-11-03 16:10:30 | client 6, mask ones: 2, len: 11
2025-11-03 16:10:30 | id:1,enc time:0.24352407455444336
2025-11-03 16:10:30 | id:2,enc time:0.2540261745452881
2025-11-03 16:10:30 | client 1, mask ones: 2, len: 11
2025-11-03 16:10:30 | client 2, mask ones: 2, len: 11
2025-11-03 16:10:30 | id:3,enc time:0.2465202808380127
2025-11-03 16:10:30 | client 3, mask ones: 2, len: 11
2025-11-03 16:10:30 | id:8,enc time:0.22903037071228027
2025-11-03 16:10:30 | client 8, mask ones: 2, len: 11
2025-11-03 16:10:32 | enc=True, isSpars=topk, cipher_count=True
2025-11-03 16:10:32 | server receive: ciphertext size:6686233 bytes
2025-11-03 16:10:32 | server agg: epoch 28.
2025-11-03 16:10:32 | id:5,dec time:0.20551824569702148
2025-11-03 16:10:32 | id:7,dec time:0.19951772689819336
2025-11-03 16:10:32 | id:9,dec time:0.19051885604858398
2025-11-03 16:10:32 | id:3,dec time:0.19151759147644043
2025-11-03 16:10:32 | id:2,dec time:0.21101760864257812
2025-11-03 16:10:32 | id:8,dec time:0.21751618385314941
2025-11-03 16:10:32 | id:6,dec time:0.21651721000671387
2025-11-03 16:10:32 | id:1,dec time:0.26451992988586426
2025-11-03 16:10:34 | [E28] acc=94.86% loss=0.0500 time=29.54s up=6.38MB down=0.00MB cum=184.92MB
2025-11-03 16:10:50 | id:7,train time:17.870606184005737
2025-11-03 16:10:50 | id:7,enc time:0.3490469455718994

2025-11-03 16:10:50 | client 7, mask ones: 2, len: 11
2025-11-03 16:10:50 | id:0,train time:18.24116349220276
2025-11-03 16:10:50 | id:2,train time:18.252665758132935
2025-11-03 16:10:50 | id:4,train time:18.338164806365967
2025-11-03 16:10:51 | id:3,train time:18.40267539024353

2025-11-03 16:10:51 | id:9,train time:18.41067147254944
2025-11-03 16:10:51 | id:6,train time:18.39517378807068

2025-11-03 16:10:51 | id:5,enc time:0.30202269554138184
2025-11-03 16:10:51 | client 5, mask ones: 2, len: 11
2025-11-03 16:10:51 | id:2,enc time:0.272519588470459
2025-11-03 16:10:51 | client 2, mask ones: 2, len: 11
2025-11-03 16:10:51 | id:0,enc time:0.3030216693878174
2025-11-03 16:10:51 | client 0, mask ones: 2, len: 11
2025-11-03 16:10:51 | id:4,enc time:0.273512601852417
2025-11-03 16:10:51 | id:8,enc time:0.22701287269592285
2025-11-03 16:10:51 | id:3,enc time:0.22451257705688477
2025-11-03 16:10:51 | id:9,enc time:0.225512504577636722025-11-03 16:10:51 | client 8, mask ones: 2, len: 11
2025-11-03 16:10:51 | client 4, mask ones: 2, len: 11
2025-11-03 16:10:51 | client 3, mask ones: 2, len: 11
2025-11-03 16:10:51 | id:1,enc time:0.23252224922180176
2025-11-03 16:10:51 | client 9, mask ones: 2, len: 11
2025-11-03 16:10:51 | client 6, mask ones: 2, len: 11
2025-11-03 16:10:51 | client 1, mask ones: 2, len: 11
