2025-11-03 17:51:43 | Basic information: device cpu, learning rate 0.001, num clients 5, epochs 100,noniid_method dirichlet,            isEnc True,isBatch True,sparsification topk, client selection False,topk 0.1, enc_batch_size 8192
2025-11-03 17:51:44 | training weights: [0.2, 0.2, 0.2, 0.2, 0.2]
2025-11-03 17:51:44 | testing weights:[0.2, 0.2, 0.2, 0.2, 0.2]
2025-11-03 17:51:44 | client0, train samples 12000,test samples 2000
2025-11-03 17:51:44 | client1, train samples 12000,test samples 2000
2025-11-03 17:51:44 | client2, train samples 12000,test samples 2000
2025-11-03 17:51:44 | client3, train samples 12000,test samples 2000
2025-11-03 17:51:44 | client4, train samples 12000,test samples 2000
2025-11-03 17:51:44 | data split finished!
2025-11-03 17:51:44 | Batch num:6
2025-11-03 17:51:52 | id:0,train time:1.8587336540222168
2025-11-03 17:51:52 | id:0,enc time:0.20902681350708008
2025-11-03 17:51:52 | client 0, mask ones: 1, len: 6
2025-11-03 17:51:55 | id:1,train time:1.7772643566131592
2025-11-03 17:51:55 | id:1,enc time:0.20052099227905273
2025-11-03 17:51:55 | client 1, mask ones: 1, len: 6
2025-11-03 17:51:58 | id:2,train time:1.640195369720459
2025-11-03 17:51:58 | id:2,enc time:0.20502352714538574
2025-11-03 17:51:58 | client 2, mask ones: 1, len: 6
2025-11-03 17:52:01 | id:3,train time:1.7468957901000977
2025-11-03 17:52:01 | id:3,enc time:0.2105250358581543
2025-11-03 17:52:01 | client 3, mask ones: 1, len: 6
2025-11-03 17:52:04 | id:4,train time:1.7674801349639893
2025-11-03 17:52:04 | id:4,enc time:0.21202516555786133
2025-11-03 17:52:04 | client 4, mask ones: 1, len: 6
2025-11-03 17:52:05 | enc=True, isSpars=topk, cipher_count=True
2025-11-03 17:52:05 | server receive: ciphertext size:3342433 bytes
2025-11-03 17:52:05 | server agg: epoch 0.
2025-11-03 17:52:05 | id:0,dec time:0.191515445709228522025-11-03 17:52:05 | id:1,dec time:0.1900157928466797
2025-11-03 17:52:05 | id:3,dec time:0.23101544380187988
2025-11-03 17:52:05 | id:2,dec time:0.2440187931060791
2025-11-03 17:52:07 | [E0] acc=96.1200% loss=0.1000 time=19.7100s up=3.1876MB down=0.0000MB cum=3.1876MB (best@1:96.1200%)
2025-11-03 17:52:08 | id:4,train time:2.543764352798462
2025-11-03 17:52:08 | id:4,enc time:0.27902889251708984
2025-11-03 17:52:08 | client 4, mask ones: 1, len: 6
1
2025-11-03 17:52:08 | id:1,train time:2.7812929153442383
2025-11-03 17:52:08 | id:3,train time:2.760789394378662
2025-11-03 17:52:08 | id:2,train time:2.7642908096313477
2025-11-03 17:52:09 | id:0,enc time:0.20551562309265137
2025-11-03 17:52:09 | client 0, mask ones: 1, len: 6
2025-11-03 17:52:09 | id:1,enc time:0.20851635932922363
2025-11-03 17:52:09 | client 1, mask ones: 1, len: 6
2025-11-03 17:52:09 | id:3,enc time:0.19851160049438477
2025-11-03 17:52:09 | client 3, mask ones: 1, len: 6
2025-11-03 17:52:09 | id:2,enc time:0.1955118179321289
2025-11-03 17:52:09 | client 2, mask ones: 1, len: 6
2025-11-03 17:52:10 | enc=True, isSpars=topk, cipher_count=True
2025-11-03 17:52:10 | server receive: ciphertext size:3342311 bytes
2025-11-03 17:52:10 | server agg: epoch 1.
2025-11-03 17:52:10 | id:4,dec time:0.18700838088989258
2025-11-03 17:52:10 | id:2,dec time:0.20951437950134277
2025-11-03 17:52:10 | id:0,dec time:0.2285137176513672
2025-11-03 17:52:10 | id:1,dec time:0.25051403045654297
2025-11-03 17:52:11 | [E1] acc=97.2900% loss=0.0600 time=4.5600s up=3.1875MB down=0.0000MB cum=6.3751MB (best@2:97.2900%)
2025-11-03 17:52:13 | id:3,train time:2.7947869300842285
2025-11-03 17:52:13 | id:4,train time:2.843289613723755
2025-11-03 17:52:13 | id:2,train time:2.786785364151001
2025-11-03 17:52:13 | id:0,train time:2.765772581100464
2025-11-03 17:52:13 | id:1,train time:2.753274917602539
2025-11-03 17:52:13 | id:3,enc time:0.23302292823791504
2025-11-03 17:52:13 | client 3, mask ones: 1, len: 6
2025-11-03 17:52:13 | id:4,enc time:0.21301555633544922
2025-11-03 17:52:13 | client 4, mask ones: 1, len: 6
2025-11-03 17:52:13 | id:2,enc time:0.2055187225341797
2025-11-03 17:52:13 | id:0,enc time:0.19951772689819336
2025-11-03 17:52:13 | client 0, mask ones: 1, len: 6
2025-11-03 17:52:13 | id:1,enc time:0.19801640510559082
2025-11-03 17:52:13 | client 1, mask ones: 1, len: 6
2025-11-03 17:52:14 | enc=True, isSpars=topk, cipher_count=True
2025-11-03 17:52:14 | server receive: ciphertext size:3343490 bytes
2025-11-03 17:52:14 | server agg: epoch 2.
2025-11-03 17:52:14 | id:4,dec time:0.20001220703125
2025-11-03 17:52:14 | id:3,dec time:0.2000124454498291

2025-11-03 17:52:14 | id:2,dec time:0.19201087951660156
2025-11-03 17:52:14 | id:0,dec time:0.20301127433776855
2025-11-03 17:52:16 | [E2] acc=97.7100% loss=0.0500 time=4.4500s up=3.1886MB down=0.0000MB cum=9.5637MB (best@3:97.7100%)
2025-11-03 17:52:18 | id:4,train time:2.9748339653015137
2025-11-03 17:52:18 | id:2,train time:3.001333475112915
2025-11-03 17:52:18 | id:0,train time:2.951329469680786
2025-11-03 17:52:18 | id:1,train time:2.9848341941833496
2025-11-03 17:52:18 | id:4,enc time:0.20101261138916016
2025-11-03 17:52:18 | id:3,enc time:0.19851231575012207
2025-11-03 17:52:18 | client 4, mask ones: 1, len: 6
2025-11-03 17:52:18 | client 3, mask ones: 1, len: 6
2025-11-03 17:52:18 | id:2,enc time:0.21001219749450684
2025-11-03 17:52:18 | id:0,enc time:0.2085108757019043
2025-11-03 17:52:18 | client 2, mask ones: 1, len: 6
2025-11-03 17:52:18 | client 1, mask ones: 1, len: 6
2025-11-03 17:52:18 | client 0, mask ones: 1, len: 6
2025-11-03 17:52:19 | enc=True, isSpars=topk, cipher_count=True
2025-11-03 17:52:19 | server receive: ciphertext size:3343139 bytes
2025-11-03 17:52:19 | server agg: epoch 3.
2025-11-03 17:52:19 | id:1,dec time:0.19651103019714355
2025-11-03 17:52:19 | id:3,dec time:0.19701194763183594
2025-11-03 17:52:19 | id:4,dec time:0.19201040267944336
2025-11-03 17:52:19 | id:2,dec time:0.19651103019714355
2025-11-03 17:52:20 | [E3] acc=97.4800% loss=0.0500 time=4.5900s up=3.1883MB down=0.0000MB cum=12.7519MB (best@3:97.7100%)
2025-11-03 17:52:22 | id:4,train time:2.9333112239837646
2025-11-03 17:52:22 | id:3,train time:2.9473047256469727
2025-11-03 17:52:22 | id:2,train time:2.9438040256500244
2025-11-03 17:52:22 | id:0,train time:2.9723055362701416
2025-11-03 17:52:22 | id:4,enc time:0.20801162719726562
2025-11-03 17:52:22 | client 4, mask ones: 1, len: 6
2025-11-03 17:52:22 | id:3,enc time:0.21201276779174805
2025-11-03 17:52:22 | client 3, mask ones: 1, len: 6
2025-11-03 17:52:22 | id:1,enc time:0.20401287078857422
2025-11-03 17:52:22 | id:0,enc time:0.20251202583312988
2025-11-03 17:52:22 | client 1, mask ones: 1, len: 6
2025-11-03 17:52:22 | client 0, mask ones: 1, len: 6
2025-11-03 17:52:24 | enc=True, isSpars=topk, cipher_count=True
2025-11-03 17:52:24 | server receive: ciphertext size:3342514 bytes
2025-11-03 17:52:24 | server agg: epoch 4.
2025-11-03 17:52:24 | id:4,dec time:0.1995105743408203

2025-11-03 17:52:24 | id:2,dec time:0.19851040840148926
2025-11-03 17:52:24 | id:0,dec time:0.19151043891906738
2025-11-03 17:52:24 | id:3,dec time:0.19851040840148926
2025-11-03 17:52:25 | [E4] acc=97.9900% loss=0.0400 time=4.6100s up=3.1877MB down=0.0000MB cum=15.9396MB (best@5:97.9900%)
2025-11-03 17:52:27 | id:1,train time:2.7058451175689697
2025-11-03 17:52:27 | id:3,train time:2.724344253540039
2025-11-03 17:52:27 | id:4,train time:2.721344232559204
2025-11-03 17:52:27 | id:2,train time:2.7408432960510254
2025-11-03 17:52:27 | id:0,train time:2.7338454723358154
2025-11-03 17:52:27 | id:1,enc time:0.20701003074645996
2025-11-03 17:52:27 | id:4,enc time:0.20350956916809082
2025-11-03 17:52:27 | id:0,enc time:0.19901084899902344
2025-11-03 17:52:27 | client 1, mask ones: 1, len: 6
2025-11-03 17:52:27 | id:2,enc time:0.19901084899902344
2025-11-03 17:52:27 | client 4, mask ones: 1, len: 6
2025-11-03 17:52:27 | client 3, mask ones: 1, len: 6
2025-11-03 17:52:27 | client 0, mask ones: 1, len: 6
2025-11-03 17:52:27 | client 2, mask ones: 1, len: 6
2025-11-03 17:52:28 | enc=True, isSpars=topk, cipher_count=True
2025-11-03 17:52:28 | server receive: ciphertext size:3342988 bytes
2025-11-03 17:52:28 | server agg: epoch 5.
2025-11-03 17:52:28 | id:4,dec time:0.20401263236999512
2025-11-03 17:52:28 | id:0,dec time:0.19551658630371094
2025-11-03 17:52:28 | id:3,dec time:0.23251891136169434
2025-11-03 17:52:29 | [E5] acc=98.0200% loss=0.0400 time=4.4800s up=3.1881MB down=0.0000MB cum=19.1277MB (best@5:97.9900%)
2025-11-03 17:52:31 | id:4,train time:2.58277845382690432025-11-03 17:52:31 | id:1,train time:2.5537850856781006
2025-11-03 17:52:31 | id:2,train time:2.520275592803955

2025-11-03 17:52:31 | id:0,enc time:0.2015225887298584

2025-11-03 17:52:31 | id:4,enc time:0.20502209663391113
2025-11-03 17:52:31 | client 1, mask ones: 1, len: 6
2025-11-03 17:52:31 | client 4, mask ones: 1, len: 6
2025-11-03 17:52:31 | client 0, mask ones: 1, len: 6
2025-11-03 17:52:31 | id:2,enc time:0.20402193069458008
2025-11-03 17:52:31 | id:3,enc time:0.19852566719055176
2025-11-03 17:52:31 | client 2, mask ones: 1, len: 6
2025-11-03 17:52:31 | client 3, mask ones: 1, len: 6
2025-11-03 17:52:32 | enc=True, isSpars=topk, cipher_count=True
2025-11-03 17:52:32 | server receive: ciphertext size:3342572 bytes
2025-11-03 17:52:32 | server agg: epoch 6.
2025-11-03 17:52:32 | id:4,dec time:0.19701886177062988
2025-11-03 17:52:32 | id:1,dec time:0.19302082061767578
2025-11-03 17:52:32 | id:3,dec time:0.19701862335205078
2025-11-03 17:52:32 | id:2,dec time:0.19352102279663086
2025-11-03 17:52:32 | id:0,dec time:0.1885213851928711
2025-11-03 17:52:34 | [E6] acc=98.0700% loss=0.0400 time=4.1600s up=3.1877MB down=0.0000MB cum=22.3155MB (best@5:97.9900%)
2025-11-03 17:52:35 | id:2,train time:2.624809980392456
2025-11-03 17:52:35 | id:4,train time:2.5833051204681396
2025-11-03 17:52:35 | id:1,train time:2.668316602706909
2025-11-03 17:52:35 | id:0,train time:2.6878175735473633
2025-11-03 17:52:35 | id:2,enc time:0.20902323722839355
2025-11-03 17:52:35 | client 2, mask ones: 1, len: 6
2025-11-03 17:52:35 | id:4,enc time:0.20502257347106934
2025-11-03 17:52:35 | id:3,enc time:0.20502734184265137
2025-11-03 17:52:35 | client 4, mask ones: 1, len: 6
2025-11-03 17:52:35 | id:1,enc time:0.19903206825256348
2025-11-03 17:52:35 | client 3, mask ones: 1, len: 6
2025-11-03 17:52:35 | id:0,enc time:0.20052194595336914
2025-11-03 17:52:35 | client 1, mask ones: 1, len: 6
2025-11-03 17:52:35 | client 0, mask ones: 1, len: 6
2025-11-03 17:52:36 | enc=True, isSpars=topk, cipher_count=True
2025-11-03 17:52:36 | server receive: ciphertext size:3343421 bytes
2025-11-03 17:52:36 | server agg: epoch 7.
2025-11-03 17:52:37 | id:4,dec time:0.1970217227935791
2025-11-03 17:52:37 | id:0,dec time:0.1940174102783203
2025-11-03 17:52:37 | id:2,dec time:0.1965188980102539
2025-11-03 17:52:37 | id:3,dec time:0.1875302791595459
2025-11-03 17:52:38 | [E7] acc=98.1300% loss=0.0300 time=4.2300s up=3.1885MB down=0.0000MB cum=25.5040MB (best@8:98.1300%)
2025-11-03 17:52:40 | id:4,train time:2.699838638305664

2025-11-03 17:52:40 | id:0,train time:2.7168376445770264
2025-11-03 17:52:40 | id:2,train time:2.672339677810669
2025-11-03 17:52:40 | id:1,train time:2.712839126586914
2025-11-03 17:52:40 | id:0,enc time:0.20052242279052734
2025-11-03 17:52:40 | id:4,enc time:0.20802092552185059
2025-11-03 17:52:40 | id:1,enc time:0.20752263069152832
2025-11-03 17:52:40 | id:2,enc time:0.20702314376831055
2025-11-03 17:52:40 | client 0, mask ones: 1, len: 6
2025-11-03 17:52:40 | id:3,enc time:0.21802091598510742
2025-11-03 17:52:40 | client 4, mask ones: 1, len: 6
2025-11-03 17:52:40 | client 1, mask ones: 1, len: 6
2025-11-03 17:52:40 | client 2, mask ones: 1, len: 6
2025-11-03 17:52:40 | client 3, mask ones: 1, len: 6
2025-11-03 17:52:41 | enc=True, isSpars=topk, cipher_count=True
2025-11-03 17:52:41 | server receive: ciphertext size:3342937 bytes
2025-11-03 17:52:41 | server agg: epoch 8.
2025-11-03 17:52:41 | id:3,dec time:0.1920158863067627
2025-11-03 17:52:41 | id:0,dec time:0.19302010536193848
2025-11-03 17:52:41 | id:4,dec time:0.19701337814331055
2025-11-03 17:52:41 | id:1,dec time:0.18802309036254883
2025-11-03 17:52:41 | id:2,dec time:0.1920158863067627
2025-11-03 17:52:42 | [E8] acc=98.1200% loss=0.0300 time=4.3100s up=3.1881MB down=0.0000MB cum=28.6921MB (best@8:98.1300%)
2025-11-03 17:52:44 | id:2,train time:2.867816209793091
2025-11-03 17:52:44 | id:3,train time:2.826824188232422
2025-11-03 17:52:44 | id:1,train time:2.896824359893799

2025-11-03 17:52:44 | id:4,train time:2.837824821472168
2025-11-03 17:52:44 | id:3,enc time:0.20702123641967773
2025-11-03 17:52:44 | id:1,enc time:0.20852112770080566
2025-11-03 17:52:44 | client 2, mask ones: 1, len: 6
2025-11-03 17:52:44 | id:0,enc time:0.2095198631286621

2025-11-03 17:52:44 | client 3, mask ones: 1, len: 6
2025-11-03 17:52:44 | client 1, mask ones: 1, len: 6
2025-11-03 17:52:44 | client 4, mask ones: 1, len: 6
2025-11-03 17:52:44 | client 0, mask ones: 1, len: 6
2025-11-03 17:52:45 | enc=True, isSpars=topk, cipher_count=True
2025-11-03 17:52:45 | server receive: ciphertext size:3343358 bytes
2025-11-03 17:52:45 | server agg: epoch 9.
2025-11-03 17:52:45 | id:1,dec time:0.19551825523376465
2025-11-03 17:52:45 | id:4,dec time:0.19551825523376465
2025-11-03 17:52:45 | id:3,dec time:0.19152355194091797
2025-11-03 17:52:47 | [E9] acc=98.0300% loss=0.0400 time=4.4500s up=3.1885MB down=0.0000MB cum=31.8805MB (best@8:98.1300%)
2025-11-03 17:52:48 | id:0,train time:2.73734188079834
2025-11-03 17:52:48 | id:2,train time:2.7498433589935303
2025-11-03 17:52:48 | id:3,train time:2.747845411300659
2025-11-03 17:52:48 | id:4,train time:2.760850429534912
2025-11-03 17:52:48 | id:1,train time:2.757843494415283
2025-11-03 17:52:49 | id:3,enc time:0.19402766227722168
2025-11-03 17:52:49 | client 3, mask ones: 1, len: 6
2025-11-03 17:52:49 | id:0,enc time:0.2145404815673828
2025-11-03 17:52:49 | client 2, mask ones: 1, len: 6
2025-11-03 17:52:49 | id:1,enc time:0.20952868461608887
2025-11-03 17:52:49 | id:4,enc time:0.2085282802581787
2025-11-03 17:52:49 | client 0, mask ones: 1, len: 6
2025-11-03 17:52:49 | client 1, mask ones: 1, len: 6
2025-11-03 17:52:49 | client 4, mask ones: 1, len: 6
2025-11-03 17:52:50 | enc=True, isSpars=topk, cipher_count=True
2025-11-03 17:52:50 | server receive: ciphertext size:3342714 bytes
2025-11-03 17:52:50 | server agg: epoch 10.
2025-11-03 17:52:50 | id:0,dec time:0.19502735137939453
2025-11-03 17:52:50 | id:1,dec time:0.19302701950073242
2025-11-03 17:52:50 | id:3,dec time:0.19152474403381348
2025-11-03 17:52:50 | id:2,dec time:0.19003081321716309
2025-11-03 17:52:50 | id:4,dec time:0.1950228214263916
2025-11-03 17:52:51 | [E10] acc=98.0000% loss=0.0400 time=4.4300s up=3.1879MB down=0.0000MB cum=35.0684MB (best@8:98.1300%)
2025-11-03 17:52:53 | id:1,train time:2.897832155227661
2025-11-03 17:52:53 | id:3,train time:2.9128453731536865
2025-11-03 17:52:53 | id:2,train time:2.92734432220459
2025-11-03 17:52:53 | id:1,enc time:0.20402121543884277
2025-11-03 17:52:53 | id:0,enc time:0.20052146911621094
2025-11-03 17:52:53 | id:3,enc time:0.1985311508178711
2025-11-03 17:52:53 | client 1, mask ones: 1, len: 6
2025-11-03 17:52:53 | client 4, mask ones: 1, len: 6
2025-11-03 17:52:53 | id:2,enc time:0.2035210132598877
2025-11-03 17:52:53 | client 0, mask ones: 1, len: 6
2025-11-03 17:52:53 | client 3, mask ones: 1, len: 6
2025-11-03 17:52:53 | client 2, mask ones: 1, len: 6
2025-11-03 17:52:54 | enc=True, isSpars=topk, cipher_count=True
2025-11-03 17:52:54 | server receive: ciphertext size:3342481 bytes
2025-11-03 17:52:54 | server agg: epoch 11.
2025-11-03 17:52:54 | id:0,dec time:0.19652152061462402
2025-11-03 17:52:54 | id:2,dec time:0.19502019882202148
2025-11-03 17:52:54 | id:1,dec time:0.19201421737670898
2025-11-03 17:52:54 | id:3,dec time:0.1970200538635254
2025-11-03 17:52:56 | [E11] acc=98.0000% loss=0.0400 time=4.4700s up=3.1876MB down=0.0000MB cum=38.2560MB (best@8:98.1300%)
2025-11-03 17:52:57 | id:3,train time:2.4282987117767334
2025-11-03 17:52:57 | id:4,train time:2.4417953491210938
2025-11-03 17:52:57 | id:2,train time:2.443293333053589
2025-11-03 17:52:57 | id:0,train time:2.4632976055145264
2025-11-03 17:52:57 | id:3,enc time:0.20401549339294434
2025-11-03 17:52:57 | id:2,enc time:0.199021577835083

2025-11-03 17:52:57 | client 3, mask ones: 1, len: 6
2025-11-03 17:52:57 | client 4, mask ones: 1, len: 6
2025-11-03 17:52:57 | id:1,enc time:0.21052241325378418
2025-11-03 17:52:57 | client 2, mask ones: 1, len: 6
2025-11-03 17:52:57 | client 1, mask ones: 1, len: 6
2025-11-03 17:52:57 | id:0,enc time:0.208021879196167
2025-11-03 17:52:57 | client 0, mask ones: 1, len: 6
2025-11-03 17:52:58 | enc=True, isSpars=topk, cipher_count=True
2025-11-03 17:52:58 | server receive: ciphertext size:3343607 bytes
2025-11-03 17:52:58 | server agg: epoch 12.
2025-11-03 17:52:58 | id:0,dec time:0.19500946998596191
2025-11-03 17:52:58 | id:4,dec time:0.1960139274597168
2025-11-03 17:52:58 | id:1,dec time:0.19400954246520996
