2025-11-05 11:18:51 | Basic information: device cpu, learning rate 0.001, num clients 5, epochs 100,noniid_method dirichlet,            isEnc True,isBatch True,sparsification topk, client selection False,topk 0.1, enc_batch_size 8192
2025-11-05 11:18:52 | training weights: [0.2, 0.2, 0.2, 0.2, 0.2]
2025-11-05 11:18:52 | testing weights:[0.2, 0.2, 0.2, 0.2, 0.2]
2025-11-05 11:18:52 | client0, train samples 12000,test samples 2000
2025-11-05 11:18:52 | client1, train samples 12000,test samples 2000
2025-11-05 11:18:52 | client2, train samples 12000,test samples 2000
2025-11-05 11:18:52 | client3, train samples 12000,test samples 2000
2025-11-05 11:18:52 | client4, train samples 12000,test samples 2000
2025-11-05 11:18:52 | data split finished!
2025-11-05 11:18:52 | Batch num:6
2025-11-05 11:19:00 | id:0,train time:1.7492170333862305
2025-11-05 11:19:00 | id:0,enc time:0.21434950828552246
2025-11-05 11:19:00 | client 0, mask ones: 1, len: 6
2025-11-05 11:19:03 | id:1,train time:1.71592378616333
2025-11-05 11:19:03 | id:1,enc time:0.20560312271118164
2025-11-05 11:19:03 | client 1, mask ones: 1, len: 6
2025-11-05 11:19:06 | id:2,train time:1.80385422706604
2025-11-05 11:19:06 | id:2,enc time:0.2092292308807373
2025-11-05 11:19:06 | client 2, mask ones: 1, len: 6
2025-11-05 11:19:09 | id:3,train time:1.7199265956878662
2025-11-05 11:19:09 | id:3,enc time:0.20608854293823242
2025-11-05 11:19:09 | client 3, mask ones: 1, len: 6
2025-11-05 11:19:12 | id:4,train time:1.634695053100586
2025-11-05 11:19:12 | id:4,enc time:0.2066941261291504
2025-11-05 11:19:12 | client 4, mask ones: 1, len: 6
2025-11-05 11:19:13 | enc=True, isSpars=topk, cipher_count=True
2025-11-05 11:19:13 | server receive: ciphertext size:3343332 bytes
2025-11-05 11:19:13 | server agg: epoch 0.
2025-11-05 11:19:14 | id:0,dec time:0.1965627670288086
2025-11-05 11:19:14 | id:4,dec time:0.1965627670288086
2025-11-05 11:19:14 | id:2,dec time:0.1965627670288086
2025-11-05 11:19:14 | id:1,dec time:0.1965627670288086
2025-11-05 11:19:15 | [E0] acc=96.1300% loss=0.0900 time=19.5900s up=3.1884MB down=0.0000MB cum=3.1884MB (best@1:96.1300%)
2025-11-05 11:19:18 | id:4,train time:3.812838315963745
2025-11-05 11:19:18 | id:0,train time:3.8088388442993164
2025-11-05 11:19:18 | id:1,train time:3.820758104324341
2025-11-05 11:19:18 | id:3,train time:3.8346149921417236
2025-11-05 11:19:18 | id:0,enc time:0.20944523811340332
2025-11-05 11:19:18 | id:1,enc time:0.1934049129486084
2025-11-05 11:19:18 | id:2,enc time:0.2032632827758789
2025-11-05 11:19:18 | client 0, mask ones: 1, len: 6
2025-11-05 11:19:18 | id:4,enc time:0.2158198356628418
2025-11-05 11:19:18 | client 1, mask ones: 1, len: 6
2025-11-05 11:19:18 | id:3,enc time:0.20144057273864746
2025-11-05 11:19:18 | client 2, mask ones: 1, len: 6
2025-11-05 11:19:18 | client 4, mask ones: 1, len: 6
2025-11-05 11:19:18 | client 3, mask ones: 1, len: 6
2025-11-05 11:19:19 | enc=True, isSpars=topk, cipher_count=True
2025-11-05 11:19:19 | server receive: ciphertext size:3343162 bytes
2025-11-05 11:19:19 | server agg: epoch 1.
2025-11-05 11:19:19 | id:4,dec time:0.19112658500671387
2025-11-05 11:19:19 | id:1,dec time:0.1969296932220459
2025-11-05 11:19:19 | id:3,dec time:0.1969296932220459

2025-11-05 11:19:20 | [E1] acc=97.1600% loss=0.0600 time=5.4400s up=3.1883MB down=0.0000MB cum=6.3767MB (best@2:97.1600%)
2025-11-05 11:19:22 | id:0,train time:3.0153143405914307
2025-11-05 11:19:22 | id:3,train time:3.0181522369384766
2025-11-05 11:19:22 | id:1,train time:3.0302083492279053
2025-11-05 11:19:22 | id:2,train time:3.0185725688934326
2025-11-05 11:19:22 | id:3,enc time:0.20927858352661133
2025-11-05 11:19:22 | id:4,enc time:0.20927858352661133
2025-11-05 11:19:22 | id:0,enc time:0.1989884376525879
2025-11-05 11:19:22 | client 3, mask ones: 1, len: 6
2025-11-05 11:19:22 | id:1,enc time:0.2121288776397705
2025-11-05 11:19:22 | client 4, mask ones: 1, len: 6
2025-11-05 11:19:22 | client 0, mask ones: 1, len: 6
2025-11-05 11:19:22 | id:2,enc time:0.20520973205566406
2025-11-05 11:19:22 | client 1, mask ones: 1, len: 6
2025-11-05 11:19:22 | client 2, mask ones: 1, len: 6
2025-11-05 11:19:23 | enc=True, isSpars=topk, cipher_count=True
2025-11-05 11:19:23 | server receive: ciphertext size:3343388 bytes
2025-11-05 11:19:23 | server agg: epoch 2.
2025-11-05 11:19:24 | id:3,dec time:0.1944594383239746

2025-11-05 11:19:24 | id:1,dec time:0.19693899154663086
2025-11-05 11:19:24 | id:4,dec time:0.1924421787261963
2025-11-05 11:19:25 | [E2] acc=97.7500% loss=0.0400 time=4.6400s up=3.1885MB down=0.0000MB cum=9.5652MB (best@3:97.7500%)
2025-11-05 11:19:27 | id:2,train time:3.4385199546813965
2025-11-05 11:19:27 | id:3,train time:3.4355976581573486
2025-11-05 11:19:27 | id:0,train time:3.465452194213867
2025-11-05 11:19:27 | id:1,train time:3.4663636684417725
2025-11-05 11:19:27 | id:4,train time:3.465452194213867
2025-11-05 11:19:28 | id:3,enc time:0.21216225624084473
2025-11-05 11:19:28 | id:4,enc time:0.20508384704589844
2025-11-05 11:19:28 | client 3, mask ones: 1, len: 6
2025-11-05 11:19:28 | client 2, mask ones: 1, len: 6
4
2025-11-05 11:19:28 | client 4, mask ones: 1, len: 6

2025-11-05 11:19:28 | client 1, mask ones: 1, len: 6
2025-11-05 11:19:28 | client 0, mask ones: 1, len: 6
2025-11-05 11:19:29 | enc=True, isSpars=topk, cipher_count=True
2025-11-05 11:19:29 | server receive: ciphertext size:3343483 bytes
2025-11-05 11:19:29 | server agg: epoch 3.
2025-11-05 11:19:29 | id:1,dec time:0.19080758094787598
2025-11-05 11:19:29 | id:4,dec time:0.1860332489013672
2025-11-05 11:19:29 | id:0,dec time:0.20173978805541992
2025-11-05 11:19:29 | id:3,dec time:0.2080698013305664
2025-11-05 11:19:29 | id:2,dec time:0.20141339302062988
2025-11-05 11:19:30 | [E3] acc=97.9800% loss=0.0400 time=5.1400s up=3.1886MB down=0.0000MB cum=12.7538MB (best@4:97.9800%)
2025-11-05 11:19:32 | id:0,train time:2.641561508178711
2025-11-05 11:19:32 | id:4,train time:2.722635507583618
2025-11-05 11:19:32 | id:1,train time:2.7328989505767822
2025-11-05 11:19:32 | id:2,train time:2.6706392765045166
2025-11-05 11:19:32 | id:4,enc time:0.19345450401306152
2025-11-05 11:19:32 | id:3,enc time:0.20792508125305176
2025-11-05 11:19:32 | client 3, mask ones: 1, len: 6
2025-11-05 11:19:32 | client 0, mask ones: 1, len: 6
2025-11-05 11:19:32 | id:1,enc time:0.20599627494812012
2025-11-05 11:19:32 | client 4, mask ones: 1, len: 6
2025-11-05 11:19:32 | client 1, mask ones: 1, len: 6
2025-11-05 11:19:32 | id:2,enc time:0.20575451850891113
2025-11-05 11:19:32 | client 2, mask ones: 1, len: 6
2025-11-05 11:19:33 | enc=True, isSpars=topk, cipher_count=True
2025-11-05 11:19:33 | server receive: ciphertext size:3343732 bytes
2025-11-05 11:19:33 | server agg: epoch 4.
2025-11-05 11:19:33 | id:4,dec time:0.1922445297241211
2025-11-05 11:19:33 | id:0,dec time:0.1922445297241211
2025-11-05 11:19:33 | id:1,dec time:0.1922445297241211
2025-11-05 11:19:33 | id:3,dec time:0.18712282180786133
2025-11-05 11:19:34 | [E4] acc=98.0700% loss=0.0400 time=4.2500s up=3.1888MB down=0.0000MB cum=15.9427MB (best@4:97.9800%)
2025-11-05 11:19:36 | id:0,train time:2.56156325340271
2025-11-05 11:19:36 | id:4,train time:2.592026472091675

2025-11-05 11:19:36 | id:3,train time:2.5860016345977783
2025-11-05 11:19:36 | id:1,train time:2.6113991737365723
2025-11-05 11:19:36 | id:0,enc time:0.19872617721557617
2025-11-05 11:19:36 | client 0, mask ones: 1, len: 6
2
2025-11-05 11:19:36 | client 3, mask ones: 1, len: 6
2025-11-05 11:19:36 | id:2,enc time:0.19429373741149902
2025-11-05 11:19:36 | client 2, mask ones: 1, len: 6
2025-11-05 11:19:36 | id:4,enc time:0.22063159942626953
2025-11-05 11:19:36 | id:1,enc time:0.20059680938720703
2025-11-05 11:19:36 | client 1, mask ones: 1, len: 6
2025-11-05 11:19:36 | client 4, mask ones: 1, len: 6
2025-11-05 11:19:37 | enc=True, isSpars=topk, cipher_count=True
2025-11-05 11:19:37 | server receive: ciphertext size:3342753 bytes
2025-11-05 11:19:37 | server agg: epoch 5.
2025-11-05 11:19:37 | id:1,dec time:0.19006586074829102
2025-11-05 11:19:37 | id:0,dec time:0.1911487579345703
2025-11-05 11:19:37 | id:2,dec time:0.2052919864654541

2025-11-05 11:19:39 | [E5] acc=98.0700% loss=0.0300 time=4.2800s up=3.1879MB down=0.0000MB cum=19.1306MB (best@4:97.9800%)
2025-11-05 11:19:40 | id:4,train time:2.6119086742401123
2025-11-05 11:19:40 | id:1,train time:2.6310760974884033
2025-11-05 11:19:40 | id:0,train time:2.6501660346984863
2025-11-05 11:19:40 | id:3,train time:2.5805394649505615
2025-11-05 11:19:40 | id:2,train time:2.5753495693206787
2025-11-05 11:19:40 | id:4,enc time:0.2091522216796875
2025-11-05 11:19:40 | client 4, mask ones: 1, len: 6
2025-11-05 11:19:40 | id:1,enc time:0.20384764671325684
2025-11-05 11:19:40 | client 1, mask ones: 1, len: 6
2025-11-05 11:19:40 | id:0,enc time:0.2015213966369629
2025-11-05 11:19:40 | client 0, mask ones: 1, len: 6
2025-11-05 11:19:40 | id:3,enc time:0.20287346839904785
2025-11-05 11:19:40 | id:2,enc time:0.19232702255249023
2025-11-05 11:19:40 | client 3, mask ones: 1, len: 6
2025-11-05 11:19:40 | client 2, mask ones: 1, len: 6
2025-11-05 11:19:41 | enc=True, isSpars=topk, cipher_count=True
2025-11-05 11:19:41 | server receive: ciphertext size:3341905 bytes
2025-11-05 11:19:41 | server agg: epoch 6.
2025-11-05 11:19:42 | id:2,dec time:0.18522024154663086
2025-11-05 11:19:42 | id:0,dec time:0.18703150749206543
2025-11-05 11:19:42 | id:3,dec time:0.20127439498901367
2025-11-05 11:19:42 | id:1,dec time:0.2021341323852539
2025-11-05 11:19:43 | [E6] acc=98.0700% loss=0.0300 time=4.2000s up=3.1871MB down=0.0000MB cum=22.3177MB (best@4:97.9800%)
2025-11-05 11:19:45 | id:4,train time:3.2116904258728027
2025-11-05 11:19:45 | id:2,train time:3.235274076461792
2025-11-05 11:19:45 | id:0,train time:3.1959478855133057
2025-11-05 11:19:45 | id:1,train time:3.1754469871520996
2025-11-05 11:19:45 | id:3,enc time:0.2044086456298828
2025-11-05 11:19:45 | client 4, mask ones: 1, len: 6
2025-11-05 11:19:45 | id:0,enc time:0.2100965976715088
2025-11-05 11:19:45 | id:1,enc time:0.2100965976715088
2025-11-05 11:19:45 | client 3, mask ones: 1, len: 6
6
2025-11-05 11:19:45 | client 0, mask ones: 1, len: 6
2025-11-05 11:19:45 | client 1, mask ones: 1, len: 6
2025-11-05 11:19:45 | client 2, mask ones: 1, len: 6
2025-11-05 11:19:46 | enc=True, isSpars=topk, cipher_count=True
2025-11-05 11:19:46 | server receive: ciphertext size:3342394 bytes
2025-11-05 11:19:46 | server agg: epoch 7.
2025-11-05 11:19:46 | id:4,dec time:0.1921069622039795
2025-11-05 11:19:46 | id:2,dec time:0.1929912567138672
2025-11-05 11:19:46 | id:3,dec time:0.1921069622039795
2025-11-05 11:19:46 | id:1,dec time:0.18801426887512207
2025-11-05 11:19:48 | [E7] acc=98.2100% loss=0.0300 time=4.8000s up=3.1876MB down=0.0000MB cum=25.5052MB (best@8:98.2100%)
2025-11-05 11:19:49 | id:4,train time:2.8640947341918945
2025-11-05 11:19:49 | id:1,train time:2.819882869720459
2025-11-05 11:19:49 | id:2,train time:2.841921091079712
2025-11-05 11:19:50 | id:3,enc time:0.2052450180053711
2025-11-05 11:19:50 | id:1,enc time:0.20561599731445312
2025-11-05 11:19:50 | client 0, mask ones: 1, len: 6
2025-11-05 11:19:50 | client 3, mask ones: 1, len: 6
2025-11-05 11:19:50 | id:2,enc time:0.19751811027526855
2025-11-05 11:19:50 | client 4, mask ones: 1, len: 6
2025-11-05 11:19:50 | client 1, mask ones: 1, len: 6
2025-11-05 11:19:50 | client 2, mask ones: 1, len: 6
2025-11-05 11:19:51 | enc=True, isSpars=topk, cipher_count=True
2025-11-05 11:19:51 | server receive: ciphertext size:3341549 bytes
2025-11-05 11:19:51 | server agg: epoch 8.
2025-11-05 11:19:51 | id:0,dec time:0.19656729698181152
2025-11-05 11:19:51 | id:1,dec time:0.1958162784576416
2025-11-05 11:19:51 | id:4,dec time:0.19381022453308105
2025-11-05 11:19:52 | [E8] acc=98.0800% loss=0.0300 time=4.4500s up=3.1867MB down=0.0000MB cum=28.6920MB (best@8:98.2100%)
2025-11-05 11:19:54 | id:0,train time:2.8293232917785645
2025-11-05 11:19:54 | id:4,train time:2.83660888671875

2025-11-05 11:19:54 | id:1,train time:2.8459129333496094
2025-11-05 11:19:54 | id:0,enc time:0.21645641326904297
2025-11-05 11:19:54 | id:3,enc time:0.20885705947875977
2025-11-05 11:19:54 | client 3, mask ones: 1, len: 6
2025-11-05 11:19:54 | id:4,enc time:0.19932293891906738
2025-11-05 11:19:54 | client 0, mask ones: 1, len: 6
2025-11-05 11:19:54 | id:2,enc time:0.2003326416015625
2025-11-05 11:19:54 | client 4, mask ones: 1, len: 6
2025-11-05 11:19:54 | client 2, mask ones: 1, len: 6
2025-11-05 11:19:54 | id:1,enc time:0.19501900672912598
2025-11-05 11:19:54 | client 1, mask ones: 1, len: 6
2025-11-05 11:19:55 | enc=True, isSpars=topk, cipher_count=True
2025-11-05 11:19:55 | server receive: ciphertext size:3342506 bytes
2025-11-05 11:19:55 | server agg: epoch 9.
2025-11-05 11:19:55 | id:3,dec time:0.19039177894592285
2025-11-05 11:19:55 | id:2,dec time:0.1913912296295166
2025-11-05 11:19:55 | id:1,dec time:0.1959536075592041
2025-11-05 11:19:55 | id:4,dec time:0.1893925666809082
2025-11-05 11:19:57 | [E9] acc=97.8000% loss=0.0400 time=4.4400s up=3.1877MB down=0.0000MB cum=31.8796MB (best@8:98.2100%)
2025-11-05 11:19:58 | id:1,train time:2.5999608039855957
2025-11-05 11:19:58 | id:3,train time:2.6093060970306396
2025-11-05 11:19:58 | id:0,train time:2.638024091720581
2025-11-05 11:19:58 | id:2,train time:2.6201746463775635
2025-11-05 11:19:58 | id:4,enc time:0.21103644371032715
2025-11-05 11:19:58 | id:0,enc time:0.19534778594970703
2025-11-05 11:19:58 | id:3,enc time:0.20492243766784668
2025-11-05 11:19:58 | client 1, mask ones: 1, len: 6
2025-11-05 11:19:58 | id:2,enc time:0.19534778594970703
2025-11-05 11:19:58 | client 4, mask ones: 1, len: 6
2025-11-05 11:19:58 | client 0, mask ones: 1, len: 6
2025-11-05 11:19:58 | client 3, mask ones: 1, len: 6
2025-11-05 11:19:58 | client 2, mask ones: 1, len: 6
2025-11-05 11:19:59 | enc=True, isSpars=topk, cipher_count=True
2025-11-05 11:19:59 | server receive: ciphertext size:3342939 bytes
2025-11-05 11:19:59 | server agg: epoch 10.
2025-11-05 11:20:00 | id:0,dec time:0.19728636741638184
2025-11-05 11:20:00 | id:2,dec time:0.1875300407409668
2025-11-05 11:20:00 | id:1,dec time:0.1875300407409668
2025-11-05 11:20:00 | id:3,dec time:0.1875300407409668
2025-11-05 11:20:00 | id:4,dec time:0.1875300407409668
2025-11-05 11:20:01 | [E10] acc=98.2400% loss=0.0300 time=4.2200s up=3.1881MB down=0.0000MB cum=35.0677MB (best@8:98.2100%)
2025-11-05 11:20:02 | id:1,train time:2.545527696609497

2025-11-05 11:20:02 | id:3,train time:2.5293774604797363
2025-11-05 11:20:02 | id:0,train time:2.569927215576172
2025-11-05 11:20:02 | id:4,enc time:0.21843934059143066
2025-11-05 11:20:02 | id:1,enc time:0.19956469535827637
2025-11-05 11:20:02 | client 4, mask ones: 1, len: 6
2025-11-05 11:20:02 | id:0,enc time:0.2020432949066162
2025-11-05 11:20:02 | id:3,enc time:0.20403552055358887
2025-11-05 11:20:02 | client 1, mask ones: 1, len: 6
2025-11-05 11:20:02 | id:2,enc time:0.2010793685913086
2025-11-05 11:20:02 | client 3, mask ones: 1, len: 6
2025-11-05 11:20:02 | client 0, mask ones: 1, len: 6
2025-11-05 11:20:02 | client 2, mask ones: 1, len: 6
2025-11-05 11:20:03 | enc=True, isSpars=topk, cipher_count=True
2025-11-05 11:20:03 | server receive: ciphertext size:3343781 bytes
2025-11-05 11:20:03 | server agg: epoch 11.
2025-11-05 11:20:04 | id:3,dec time:0.2209930419921875
2025-11-05 11:20:04 | id:2,dec time:0.21317195892333984
2025-11-05 11:20:04 | id:0,dec time:0.20105409622192383
2025-11-05 11:20:04 | id:4,dec time:0.2209930419921875
2025-11-05 11:20:04 | id:1,dec time:0.2209930419921875
2025-11-05 11:20:05 | [E11] acc=98.0900% loss=0.0400 time=4.1800s up=3.1889MB down=0.0000MB cum=38.2566MB (best@8:98.2100%)
2025-11-05 11:20:07 | id:2,train time:2.8456215858459473
2025-11-05 11:20:07 | id:4,train time:2.775907039642334

2025-11-05 11:20:07 | id:3,train time:2.8553402423858643
2025-11-05 11:20:07 | id:0,enc time:0.20270276069641113
2025-11-05 11:20:07 | id:4,enc time:0.1980881690979004
2025-11-05 11:20:07 | client 1, mask ones: 1, len: 6
2025-11-05 11:20:07 | id:2,enc time:0.20589375495910645
2025-11-05 11:20:07 | client 4, mask ones: 1, len: 6
2025-11-05 11:20:07 | client 0, mask ones: 1, len: 6
2025-11-05 11:20:07 | client 3, mask ones: 1, len: 6
2025-11-05 11:20:07 | client 2, mask ones: 1, len: 6
2025-11-05 11:20:08 | enc=True, isSpars=topk, cipher_count=True
2025-11-05 11:20:08 | server receive: ciphertext size:3343264 bytes
2025-11-05 11:20:08 | server agg: epoch 12.
2025-11-05 11:20:08 | id:2,dec time:0.19491791725158691
2025-11-05 11:20:08 | id:3,dec time:0.18657922744750977
2025-11-05 11:20:08 | id:4,dec time:0.18657922744750977
2025-11-05 11:20:08 | id:1,dec time:0.18657922744750977
2025-11-05 11:20:09 | [E12] acc=98.1400% loss=0.0300 time=4.4100s up=3.1884MB down=0.0000MB cum=41.4450MB (best@8:98.2100%)
2025-11-05 11:20:12 | id:4,train time:3.2593700885772705
2025-11-05 11:20:12 | id:2,train time:3.2847249507904053
2025-11-05 11:20:12 | id:1,train time:3.285245895385742
2025-11-05 11:20:12 | id:3,train time:3.2390923500061035
2025-11-05 11:20:12 | id:0,train time:3.2951090335845947
2025-11-05 11:20:12 | id:4,enc time:0.20011544227600098
2025-11-05 11:20:12 | client 4, mask ones: 1, len: 6
8
2025-11-05 11:20:12 | id:2,enc time:0.20172619819641113
2025-11-05 11:20:12 | id:0,enc time:0.20109319686889648
2025-11-05 11:20:12 | id:3,enc time:0.19968605041503906
2025-11-05 11:20:12 | client 0, mask ones: 1, len: 6
2025-11-05 11:20:12 | client 2, mask ones: 1, len: 6
2025-11-05 11:20:12 | client 3, mask ones: 1, len: 6
2025-11-05 11:20:13 | enc=True, isSpars=topk, cipher_count=True
2025-11-05 11:20:13 | server receive: ciphertext size:3342277 bytes
2025-11-05 11:20:13 | server agg: epoch 13.
2025-11-05 11:20:13 | id:3,dec time:0.1931309700012207
2025-11-05 11:20:13 | id:1,dec time:0.19094419479370117
2025-11-05 11:20:13 | id:2,dec time:0.19094419479370117
2025-11-05 11:20:13 | id:0,dec time:0.19094419479370117
2025-11-05 11:20:14 | [E13] acc=98.1300% loss=0.0400 time=4.8400s up=3.1874MB down=0.0000MB cum=44.6324MB (best@8:98.2100%)
2025-11-05 11:20:16 | id:3,train time:2.681131601333618
2025-11-05 11:20:16 | id:2,train time:2.6718342304229736
2025-11-05 11:20:16 | id:4,train time:2.6641738414764404
2025-11-05 11:20:16 | id:1,train time:2.6717753410339355
2025-11-05 11:20:16 | id:0,train time:2.7101378440856934
2025-11-05 11:20:16 | id:3,enc time:0.21637415885925293
2025-11-05 11:20:16 | client 3, mask ones: 1, len: 6
2025-11-05 11:20:16 | id:4,enc time:0.20152544975280762
2025-11-05 11:20:16 | client 2, mask ones: 1, len: 6
2025-11-05 11:20:16 | id:1,enc time:0.20610618591308594
2025-11-05 11:20:16 | client 4, mask ones: 1, len: 6
2025-11-05 11:20:16 | id:0,enc time:0.20203137397766113
2025-11-05 11:20:16 | client 1, mask ones: 1, len: 6
2025-11-05 11:20:16 | client 0, mask ones: 1, len: 6
2025-11-05 11:20:17 | enc=True, isSpars=topk, cipher_count=True
2025-11-05 11:20:17 | server receive: ciphertext size:3343748 bytes
2025-11-05 11:20:17 | server agg: epoch 14.
2025-11-05 11:20:17 | id:4,dec time:0.19303297996520996
2025-11-05 11:20:17 | id:0,dec time:0.19303297996520996
2025-11-05 11:20:17 | id:3,dec time:0.18387484550476074
2025-11-05 11:20:17 | id:1,dec time:0.18387484550476074
2025-11-05 11:20:19 | [E14] acc=98.0200% loss=0.0400 time=4.3000s up=3.1888MB down=0.0000MB cum=47.8212MB (best@8:98.2100%)
2025-11-05 11:20:20 | id:4,train time:2.8440725803375244
2025-11-05 11:20:20 | id:2,train time:2.872575283050537
2025-11-05 11:20:20 | id:0,train time:2.9045770168304443
2025-11-05 11:20:20 | id:1,train time:2.8985884189605713
2025-11-05 11:20:21 | id:3,enc time:0.21013641357421875
2025-11-05 11:20:21 | id:4,enc time:0.21013641357421875
2025-11-05 11:20:21 | id:2,enc time:0.20100808143615723
2025-11-05 11:20:21 | client 3, mask ones: 1, len: 6
2025-11-05 11:20:21 | id:0,enc time:0.202772855758667
2025-11-05 11:20:21 | id:1,enc time:0.20172834396362305
2025-11-05 11:20:21 | client 4, mask ones: 1, len: 6
2025-11-05 11:20:21 | client 2, mask ones: 1, len: 6
2025-11-05 11:20:21 | client 1, mask ones: 1, len: 6
2025-11-05 11:20:21 | client 0, mask ones: 1, len: 6
2025-11-05 11:20:22 | enc=True, isSpars=topk, cipher_count=True
2025-11-05 11:20:22 | server receive: ciphertext size:3342888 bytes
2025-11-05 11:20:22 | server agg: epoch 15.
2025-11-05 11:20:22 | id:4,dec time:0.1984567642211914

2025-11-05 11:20:22 | id:1,dec time:0.20047235488891602
2025-11-05 11:20:22 | id:0,dec time:0.1964566707611084
2025-11-05 11:20:22 | id:2,dec time:0.20732903480529785
2025-11-05 11:20:23 | [E15] acc=98.0900% loss=0.0400 time=4.5300s up=3.1880MB down=0.0000MB cum=51.0093MB (best@8:98.2100%)
2025-11-05 11:20:25 | id:4,train time:2.7532687187194824
2025-11-05 11:20:25 | id:1,train time:2.7129573822021484
2025-11-05 11:20:25 | id:2,train time:2.7825119495391846
2025-11-05 11:20:25 | id:3,train time:2.8001656532287598
2025-11-05 11:20:25 | id:0,train time:2.801729917526245
2025-11-05 11:20:25 | id:4,enc time:0.20769667625427246
2025-11-05 11:20:25 | client 4, mask ones: 1, len: 6
2025-11-05 11:20:25 | id:1,enc time:0.20244169235229492
2025-11-05 11:20:25 | id:3,enc time:0.19356179237365723
2025-11-05 11:20:25 | client 1, mask ones: 1, len: 6
2025-11-05 11:20:25 | client 2, mask ones: 1, len: 6
2025-11-05 11:20:25 | id:0,enc time:0.19922137260437012
2025-11-05 11:20:25 | client 3, mask ones: 1, len: 6
2025-11-05 11:20:25 | client 0, mask ones: 1, len: 6
2025-11-05 11:20:26 | enc=True, isSpars=topk, cipher_count=True
2025-11-05 11:20:26 | server receive: ciphertext size:3343197 bytes
2025-11-05 11:20:26 | server agg: epoch 16.
2025-11-05 11:20:26 | id:0,dec time:0.19359564781188965
2025-11-05 11:20:26 | id:4,dec time:0.19149065017700195
2025-11-05 11:20:26 | id:2,dec time:0.1904923915863037
2025-11-05 11:20:26 | id:3,dec time:0.18949246406555176
2025-11-05 11:20:26 | id:1,dec time:0.18949246406555176
2025-11-05 11:20:27 | [E16] acc=98.1200% loss=0.0400 time=4.3400s up=3.1883MB down=0.0000MB cum=54.1976MB (best@8:98.2100%)
2025-11-05 11:20:29 | id:2,train time:2.601393699645996

2025-11-05 11:20:29 | id:1,train time:2.597151756286621
2025-11-05 11:20:29 | id:3,train time:2.6074090003967285
2025-11-05 11:20:29 | id:4,train time:2.6433944702148438
2025-11-05 11:20:29 | id:0,enc time:0.20798492431640625
2025-11-05 11:20:29 | client 1, mask ones: 1, len: 6
2025-11-05 11:20:29 | id:3,enc time:0.19772815704345703
2025-11-05 11:20:29 | id:4,enc time:0.19833779335021973
2025-11-05 11:20:29 | client 2, mask ones: 1, len: 6
2025-11-05 11:20:29 | client 0, mask ones: 1, len: 6
2025-11-05 11:20:29 | client 3, mask ones: 1, len: 6
2025-11-05 11:20:29 | client 4, mask ones: 1, len: 6
2025-11-05 11:20:30 | enc=True, isSpars=topk, cipher_count=True
2025-11-05 11:20:30 | server receive: ciphertext size:3342271 bytes
2025-11-05 11:20:30 | server agg: epoch 17.
2025-11-05 11:20:30 | id:1,dec time:0.195892333984375

2025-11-05 11:20:30 | id:2,dec time:0.195892333984375
2025-11-05 11:20:30 | id:0,dec time:0.195892333984375
2025-11-05 11:20:30 | id:3,dec time:0.195892333984375
2025-11-05 11:20:32 | [Converged] round=17, best_acc=98.2100 at round 7
2025-11-05 11:20:32 | server end!
2025-11-05 11:20:32 | [Summary] mode=enc-ckks-topk-0.1 | rounds_run=18 | best_acc=98.2100% (best@8) | time=96.5402s | up=57.3850MB | down=0.0000MB | total=57.3850MB | avg_up/participation=3.1881MB | 
2025-11-05 11:20:32 | Total ciphertext size: 60172569 bytes, size list: [3343332, 3343162, 3343388, 3343483, 3343732, 3342753, 3341905, 3342394, 3341549, 3342506, 3342939, 3343781, 3343264, 3342277, 3343748, 3342888, 3343197, 3342271].
2025-11-05 11:20:32 | Accuracy list: [96.13, 97.16, 97.75, 97.98, 98.07, 98.07, 98.07, 98.21, 98.08, 97.8, 98.24, 98.09, 98.14, 98.13, 98.02, 98.09, 98.12, 98.18]%.
2025-11-05 11:20:32 | Loss list:[0.09, 0.06, 0.04, 0.04, 0.04, 0.03, 0.03, 0.03, 0.03, 0.04, 0.03, 0.04, 0.03, 0.04, 0.04, 0.04, 0.04, 0.04]
2025-11-05 11:20:32 | time list:[19.59, 5.44, 4.64, 5.14, 4.25, 4.28, 4.2, 4.8, 4.45, 4.44, 4.22, 4.18, 4.41, 4.84, 4.3, 4.53, 4.34]s
2025-11-05 11:20:32 | Participate list: [18, 18, 18, 18, 18].
2025-11-05 11:20:32 | tmp_len_clusters:[]
2025-11-05 11:20:33 | id:1,train time:2.727271556854248
2025-11-05 11:20:33 | id:4,train time:2.7397780418395996
2025-11-05 11:20:33 | id:0,train time:2.677919626235962
2025-11-05 11:20:33 | id:2,train time:2.7620022296905518
