2025-11-03 17:51:43 | Basic information: device cpu, learning rate 0.001, num clients 5, epochs 100,noniid_method dirichlet,            isEnc True,isBatch True,sparsification topk, client selection False,topk 0.1, enc_batch_size 8192
2025-11-03 17:51:44 | training weights: [0.2, 0.2, 0.2, 0.2, 0.2]
2025-11-03 17:51:44 | testing weights:[0.2, 0.2, 0.2, 0.2, 0.2]
2025-11-03 17:51:44 | client0, train samples 12000,test samples 2000
2025-11-03 17:51:44 | client1, train samples 12000,test samples 2000
2025-11-03 17:51:44 | client2, train samples 12000,test samples 2000
2025-11-03 17:51:44 | client3, train samples 12000,test samples 2000
2025-11-03 17:51:44 | client4, train samples 12000,test samples 2000
2025-11-03 17:51:44 | data split finished!
2025-11-03 17:51:44 | Batch num:6
2025-11-03 17:51:52 | id:0,train time:1.8587336540222168
2025-11-03 17:51:52 | id:0,enc time:0.20902681350708008
2025-11-03 17:51:52 | client 0, mask ones: 1, len: 6
2025-11-03 17:51:55 | id:1,train time:1.7772643566131592
2025-11-03 17:51:55 | id:1,enc time:0.20052099227905273
2025-11-03 17:51:55 | client 1, mask ones: 1, len: 6
2025-11-03 17:51:58 | id:2,train time:1.640195369720459
2025-11-03 17:51:58 | id:2,enc time:0.20502352714538574
2025-11-03 17:51:58 | client 2, mask ones: 1, len: 6
2025-11-03 17:52:01 | id:3,train time:1.7468957901000977
2025-11-03 17:52:01 | id:3,enc time:0.2105250358581543
2025-11-03 17:52:01 | client 3, mask ones: 1, len: 6
2025-11-03 17:52:04 | id:4,train time:1.7674801349639893
2025-11-03 17:52:04 | id:4,enc time:0.21202516555786133
2025-11-03 17:52:04 | client 4, mask ones: 1, len: 6
2025-11-03 17:52:05 | enc=True, isSpars=topk, cipher_count=True
2025-11-03 17:52:05 | server receive: ciphertext size:3342433 bytes
2025-11-03 17:52:05 | server agg: epoch 0.
2025-11-03 17:52:05 | id:0,dec time:0.191515445709228522025-11-03 17:52:05 | id:1,dec time:0.1900157928466797
2025-11-03 17:52:05 | id:3,dec time:0.23101544380187988
2025-11-03 17:52:05 | id:2,dec time:0.2440187931060791
2025-11-03 17:52:07 | [E0] acc=96.1200% loss=0.1000 time=19.7100s up=3.1876MB down=0.0000MB cum=3.1876MB (best@1:96.1200%)
2025-11-03 17:52:08 | id:4,train time:2.543764352798462
2025-11-03 17:52:08 | id:4,enc time:0.27902889251708984
2025-11-03 17:52:08 | client 4, mask ones: 1, len: 6
1
2025-11-03 17:52:08 | id:1,train time:2.7812929153442383
2025-11-03 17:52:08 | id:3,train time:2.760789394378662
2025-11-03 17:52:08 | id:2,train time:2.7642908096313477
2025-11-03 17:52:09 | id:0,enc time:0.20551562309265137
2025-11-03 17:52:09 | client 0, mask ones: 1, len: 6
2025-11-03 17:52:09 | id:1,enc time:0.20851635932922363
2025-11-03 17:52:09 | client 1, mask ones: 1, len: 6
2025-11-03 17:52:09 | id:3,enc time:0.19851160049438477
2025-11-03 17:52:09 | client 3, mask ones: 1, len: 6
2025-11-03 17:52:09 | id:2,enc time:0.1955118179321289
2025-11-03 17:52:09 | client 2, mask ones: 1, len: 6
2025-11-03 17:52:10 | enc=True, isSpars=topk, cipher_count=True
2025-11-03 17:52:10 | server receive: ciphertext size:3342311 bytes
2025-11-03 17:52:10 | server agg: epoch 1.
2025-11-03 17:52:10 | id:4,dec time:0.18700838088989258
2025-11-03 17:52:10 | id:2,dec time:0.20951437950134277
2025-11-03 17:52:10 | id:0,dec time:0.2285137176513672
2025-11-03 17:52:10 | id:1,dec time:0.25051403045654297
2025-11-03 17:52:11 | [E1] acc=97.2900% loss=0.0600 time=4.5600s up=3.1875MB down=0.0000MB cum=6.3751MB (best@2:97.2900%)
2025-11-03 17:52:13 | id:3,train time:2.7947869300842285
2025-11-03 17:52:13 | id:4,train time:2.843289613723755
2025-11-03 17:52:13 | id:2,train time:2.786785364151001
2025-11-03 17:52:13 | id:0,train time:2.765772581100464
2025-11-03 17:52:13 | id:1,train time:2.753274917602539
2025-11-03 17:52:13 | id:3,enc time:0.23302292823791504
2025-11-03 17:52:13 | client 3, mask ones: 1, len: 6
2025-11-03 17:52:13 | id:4,enc time:0.21301555633544922
2025-11-03 17:52:13 | client 4, mask ones: 1, len: 6
2025-11-03 17:52:13 | id:2,enc time:0.2055187225341797
2025-11-03 17:52:13 | id:0,enc time:0.19951772689819336
2025-11-03 17:52:13 | client 0, mask ones: 1, len: 6
2025-11-03 17:52:13 | id:1,enc time:0.19801640510559082
2025-11-03 17:52:13 | client 1, mask ones: 1, len: 6
2025-11-03 17:52:14 | enc=True, isSpars=topk, cipher_count=True
2025-11-03 17:52:14 | server receive: ciphertext size:3343490 bytes
2025-11-03 17:52:14 | server agg: epoch 2.
2025-11-03 17:52:14 | id:4,dec time:0.20001220703125
2025-11-03 17:52:14 | id:3,dec time:0.2000124454498291

2025-11-03 17:52:14 | id:2,dec time:0.19201087951660156
2025-11-03 17:52:14 | id:0,dec time:0.20301127433776855
2025-11-03 17:52:16 | [E2] acc=97.7100% loss=0.0500 time=4.4500s up=3.1886MB down=0.0000MB cum=9.5637MB (best@3:97.7100%)
2025-11-03 17:52:18 | id:4,train time:2.9748339653015137
2025-11-03 17:52:18 | id:2,train time:3.001333475112915
2025-11-03 17:52:18 | id:0,train time:2.951329469680786
2025-11-03 17:52:18 | id:1,train time:2.9848341941833496
2025-11-03 17:52:18 | id:4,enc time:0.20101261138916016
2025-11-03 17:52:18 | id:3,enc time:0.19851231575012207
2025-11-03 17:52:18 | client 4, mask ones: 1, len: 6
2025-11-03 17:52:18 | client 3, mask ones: 1, len: 6
2025-11-03 17:52:18 | id:2,enc time:0.21001219749450684
2025-11-03 17:52:18 | id:0,enc time:0.2085108757019043
2025-11-03 17:52:18 | client 2, mask ones: 1, len: 6
2025-11-03 17:52:18 | client 1, mask ones: 1, len: 6
2025-11-03 17:52:18 | client 0, mask ones: 1, len: 6
2025-11-03 17:52:19 | enc=True, isSpars=topk, cipher_count=True
2025-11-03 17:52:19 | server receive: ciphertext size:3343139 bytes
2025-11-03 17:52:19 | server agg: epoch 3.
2025-11-03 17:52:19 | id:1,dec time:0.19651103019714355
2025-11-03 17:52:19 | id:3,dec time:0.19701194763183594
2025-11-03 17:52:19 | id:4,dec time:0.19201040267944336
2025-11-03 17:52:19 | id:2,dec time:0.19651103019714355
2025-11-03 17:52:20 | [E3] acc=97.4800% loss=0.0500 time=4.5900s up=3.1883MB down=0.0000MB cum=12.7519MB (best@3:97.7100%)
2025-11-03 17:52:22 | id:4,train time:2.9333112239837646
2025-11-03 17:52:22 | id:3,train time:2.9473047256469727
2025-11-03 17:52:22 | id:2,train time:2.9438040256500244
2025-11-03 17:52:22 | id:0,train time:2.9723055362701416
2025-11-03 17:52:22 | id:4,enc time:0.20801162719726562
2025-11-03 17:52:22 | client 4, mask ones: 1, len: 6
2025-11-03 17:52:22 | id:3,enc time:0.21201276779174805
2025-11-03 17:52:22 | client 3, mask ones: 1, len: 6
2025-11-03 17:52:22 | id:1,enc time:0.20401287078857422
2025-11-03 17:52:22 | id:0,enc time:0.20251202583312988
2025-11-03 17:52:22 | client 1, mask ones: 1, len: 6
2025-11-03 17:52:22 | client 0, mask ones: 1, len: 6
2025-11-03 17:52:24 | enc=True, isSpars=topk, cipher_count=True
2025-11-03 17:52:24 | server receive: ciphertext size:3342514 bytes
2025-11-03 17:52:24 | server agg: epoch 4.
2025-11-03 17:52:24 | id:4,dec time:0.1995105743408203

2025-11-03 17:52:24 | id:2,dec time:0.19851040840148926
2025-11-03 17:52:24 | id:0,dec time:0.19151043891906738
2025-11-03 17:52:24 | id:3,dec time:0.19851040840148926
2025-11-03 17:52:25 | [E4] acc=97.9900% loss=0.0400 time=4.6100s up=3.1877MB down=0.0000MB cum=15.9396MB (best@5:97.9900%)
2025-11-03 17:52:27 | id:1,train time:2.7058451175689697
2025-11-03 17:52:27 | id:3,train time:2.724344253540039
2025-11-03 17:52:27 | id:4,train time:2.721344232559204
2025-11-03 17:52:27 | id:2,train time:2.7408432960510254
2025-11-03 17:52:27 | id:0,train time:2.7338454723358154
2025-11-03 17:52:27 | id:1,enc time:0.20701003074645996
2025-11-03 17:52:27 | id:4,enc time:0.20350956916809082
2025-11-03 17:52:27 | id:0,enc time:0.19901084899902344
2025-11-03 17:52:27 | client 1, mask ones: 1, len: 6
2025-11-03 17:52:27 | id:2,enc time:0.19901084899902344
2025-11-03 17:52:27 | client 4, mask ones: 1, len: 6
2025-11-03 17:52:27 | client 3, mask ones: 1, len: 6
2025-11-03 17:52:27 | client 0, mask ones: 1, len: 6
2025-11-03 17:52:27 | client 2, mask ones: 1, len: 6
2025-11-03 17:52:28 | enc=True, isSpars=topk, cipher_count=True
2025-11-03 17:52:28 | server receive: ciphertext size:3342988 bytes
2025-11-03 17:52:28 | server agg: epoch 5.
2025-11-03 17:52:28 | id:4,dec time:0.20401263236999512
2025-11-03 17:52:28 | id:0,dec time:0.19551658630371094
2025-11-03 17:52:28 | id:3,dec time:0.23251891136169434
2025-11-03 17:52:29 | [E5] acc=98.0200% loss=0.0400 time=4.4800s up=3.1881MB down=0.0000MB cum=19.1277MB (best@5:97.9900%)
2025-11-03 17:52:31 | id:4,train time:2.58277845382690432025-11-03 17:52:31 | id:1,train time:2.5537850856781006
2025-11-03 17:52:31 | id:2,train time:2.520275592803955

2025-11-03 17:52:31 | id:0,enc time:0.2015225887298584

2025-11-03 17:52:31 | id:4,enc time:0.20502209663391113
2025-11-03 17:52:31 | client 1, mask ones: 1, len: 6
2025-11-03 17:52:31 | client 4, mask ones: 1, len: 6
2025-11-03 17:52:31 | client 0, mask ones: 1, len: 6
2025-11-03 17:52:31 | id:2,enc time:0.20402193069458008
2025-11-03 17:52:31 | id:3,enc time:0.19852566719055176
2025-11-03 17:52:31 | client 2, mask ones: 1, len: 6
2025-11-03 17:52:31 | client 3, mask ones: 1, len: 6
2025-11-03 17:52:32 | enc=True, isSpars=topk, cipher_count=True
2025-11-03 17:52:32 | server receive: ciphertext size:3342572 bytes
2025-11-03 17:52:32 | server agg: epoch 6.
2025-11-03 17:52:32 | id:4,dec time:0.19701886177062988
2025-11-03 17:52:32 | id:1,dec time:0.19302082061767578
2025-11-03 17:52:32 | id:3,dec time:0.19701862335205078
2025-11-03 17:52:32 | id:2,dec time:0.19352102279663086
2025-11-03 17:52:32 | id:0,dec time:0.1885213851928711
2025-11-03 17:52:34 | [E6] acc=98.0700% loss=0.0400 time=4.1600s up=3.1877MB down=0.0000MB cum=22.3155MB (best@5:97.9900%)
2025-11-03 17:52:35 | id:2,train time:2.624809980392456
2025-11-03 17:52:35 | id:4,train time:2.5833051204681396
2025-11-03 17:52:35 | id:1,train time:2.668316602706909
2025-11-03 17:52:35 | id:0,train time:2.6878175735473633
2025-11-03 17:52:35 | id:2,enc time:0.20902323722839355
2025-11-03 17:52:35 | client 2, mask ones: 1, len: 6
2025-11-03 17:52:35 | id:4,enc time:0.20502257347106934
2025-11-03 17:52:35 | id:3,enc time:0.20502734184265137
2025-11-03 17:52:35 | client 4, mask ones: 1, len: 6
2025-11-03 17:52:35 | id:1,enc time:0.19903206825256348
2025-11-03 17:52:35 | client 3, mask ones: 1, len: 6
2025-11-03 17:52:35 | id:0,enc time:0.20052194595336914
2025-11-03 17:52:35 | client 1, mask ones: 1, len: 6
2025-11-03 17:52:35 | client 0, mask ones: 1, len: 6
2025-11-03 17:52:36 | enc=True, isSpars=topk, cipher_count=True
2025-11-03 17:52:36 | server receive: ciphertext size:3343421 bytes
2025-11-03 17:52:36 | server agg: epoch 7.
2025-11-03 17:52:37 | id:4,dec time:0.1970217227935791
2025-11-03 17:52:37 | id:0,dec time:0.1940174102783203
2025-11-03 17:52:37 | id:2,dec time:0.1965188980102539
2025-11-03 17:52:37 | id:3,dec time:0.1875302791595459
2025-11-03 17:52:38 | [E7] acc=98.1300% loss=0.0300 time=4.2300s up=3.1885MB down=0.0000MB cum=25.5040MB (best@8:98.1300%)
2025-11-03 17:52:40 | id:4,train time:2.699838638305664

2025-11-03 17:52:40 | id:0,train time:2.7168376445770264
2025-11-03 17:52:40 | id:2,train time:2.672339677810669
2025-11-03 17:52:40 | id:1,train time:2.712839126586914
2025-11-03 17:52:40 | id:0,enc time:0.20052242279052734
2025-11-03 17:52:40 | id:4,enc time:0.20802092552185059
2025-11-03 17:52:40 | id:1,enc time:0.20752263069152832
2025-11-03 17:52:40 | id:2,enc time:0.20702314376831055
2025-11-03 17:52:40 | client 0, mask ones: 1, len: 6
2025-11-03 17:52:40 | id:3,enc time:0.21802091598510742
2025-11-03 17:52:40 | client 4, mask ones: 1, len: 6
2025-11-03 17:52:40 | client 1, mask ones: 1, len: 6
2025-11-03 17:52:40 | client 2, mask ones: 1, len: 6
2025-11-03 17:52:40 | client 3, mask ones: 1, len: 6
2025-11-03 17:52:41 | enc=True, isSpars=topk, cipher_count=True
2025-11-03 17:52:41 | server receive: ciphertext size:3342937 bytes
2025-11-03 17:52:41 | server agg: epoch 8.
2025-11-03 17:52:41 | id:3,dec time:0.1920158863067627
2025-11-03 17:52:41 | id:0,dec time:0.19302010536193848
2025-11-03 17:52:41 | id:4,dec time:0.19701337814331055
2025-11-03 17:52:41 | id:1,dec time:0.18802309036254883
2025-11-03 17:52:41 | id:2,dec time:0.1920158863067627
2025-11-03 17:52:42 | [E8] acc=98.1200% loss=0.0300 time=4.3100s up=3.1881MB down=0.0000MB cum=28.6921MB (best@8:98.1300%)
2025-11-03 17:52:44 | id:2,train time:2.867816209793091
2025-11-03 17:52:44 | id:3,train time:2.826824188232422
2025-11-03 17:52:44 | id:1,train time:2.896824359893799

2025-11-03 17:52:44 | id:4,train time:2.837824821472168
2025-11-03 17:52:44 | id:3,enc time:0.20702123641967773
2025-11-03 17:52:44 | id:1,enc time:0.20852112770080566
2025-11-03 17:52:44 | client 2, mask ones: 1, len: 6
2025-11-03 17:52:44 | id:0,enc time:0.2095198631286621

2025-11-03 17:52:44 | client 3, mask ones: 1, len: 6
2025-11-03 17:52:44 | client 1, mask ones: 1, len: 6
2025-11-03 17:52:44 | client 4, mask ones: 1, len: 6
2025-11-03 17:52:44 | client 0, mask ones: 1, len: 6
2025-11-03 17:52:45 | enc=True, isSpars=topk, cipher_count=True
2025-11-03 17:52:45 | server receive: ciphertext size:3343358 bytes
2025-11-03 17:52:45 | server agg: epoch 9.
2025-11-03 17:52:45 | id:1,dec time:0.19551825523376465
2025-11-03 17:52:45 | id:4,dec time:0.19551825523376465
2025-11-03 17:52:45 | id:3,dec time:0.19152355194091797
2025-11-03 17:52:47 | [E9] acc=98.0300% loss=0.0400 time=4.4500s up=3.1885MB down=0.0000MB cum=31.8805MB (best@8:98.1300%)
2025-11-03 17:52:48 | id:0,train time:2.73734188079834
2025-11-03 17:52:48 | id:2,train time:2.7498433589935303
2025-11-03 17:52:48 | id:3,train time:2.747845411300659
2025-11-03 17:52:48 | id:4,train time:2.760850429534912
2025-11-03 17:52:48 | id:1,train time:2.757843494415283
2025-11-03 17:52:49 | id:3,enc time:0.19402766227722168
2025-11-03 17:52:49 | client 3, mask ones: 1, len: 6
2025-11-03 17:52:49 | id:0,enc time:0.2145404815673828
2025-11-03 17:52:49 | client 2, mask ones: 1, len: 6
2025-11-03 17:52:49 | id:1,enc time:0.20952868461608887
2025-11-03 17:52:49 | id:4,enc time:0.2085282802581787
2025-11-03 17:52:49 | client 0, mask ones: 1, len: 6
2025-11-03 17:52:49 | client 1, mask ones: 1, len: 6
2025-11-03 17:52:49 | client 4, mask ones: 1, len: 6
2025-11-03 17:52:50 | enc=True, isSpars=topk, cipher_count=True
2025-11-03 17:52:50 | server receive: ciphertext size:3342714 bytes
2025-11-03 17:52:50 | server agg: epoch 10.
2025-11-03 17:52:50 | id:0,dec time:0.19502735137939453
2025-11-03 17:52:50 | id:1,dec time:0.19302701950073242
2025-11-03 17:52:50 | id:3,dec time:0.19152474403381348
2025-11-03 17:52:50 | id:2,dec time:0.19003081321716309
2025-11-03 17:52:50 | id:4,dec time:0.1950228214263916
2025-11-03 17:52:51 | [E10] acc=98.0000% loss=0.0400 time=4.4300s up=3.1879MB down=0.0000MB cum=35.0684MB (best@8:98.1300%)
2025-11-03 17:52:53 | id:1,train time:2.897832155227661
2025-11-03 17:52:53 | id:3,train time:2.9128453731536865
2025-11-03 17:52:53 | id:2,train time:2.92734432220459
2025-11-03 17:52:53 | id:1,enc time:0.20402121543884277
2025-11-03 17:52:53 | id:0,enc time:0.20052146911621094
2025-11-03 17:52:53 | id:3,enc time:0.1985311508178711
2025-11-03 17:52:53 | client 1, mask ones: 1, len: 6
2025-11-03 17:52:53 | client 4, mask ones: 1, len: 6
2025-11-03 17:52:53 | id:2,enc time:0.2035210132598877
2025-11-03 17:52:53 | client 0, mask ones: 1, len: 6
2025-11-03 17:52:53 | client 3, mask ones: 1, len: 6
2025-11-03 17:52:53 | client 2, mask ones: 1, len: 6
2025-11-03 17:52:54 | enc=True, isSpars=topk, cipher_count=True
2025-11-03 17:52:54 | server receive: ciphertext size:3342481 bytes
2025-11-03 17:52:54 | server agg: epoch 11.
2025-11-03 17:52:54 | id:0,dec time:0.19652152061462402
2025-11-03 17:52:54 | id:2,dec time:0.19502019882202148
2025-11-03 17:52:54 | id:1,dec time:0.19201421737670898
2025-11-03 17:52:54 | id:3,dec time:0.1970200538635254
2025-11-03 17:52:56 | [E11] acc=98.0000% loss=0.0400 time=4.4700s up=3.1876MB down=0.0000MB cum=38.2560MB (best@8:98.1300%)
2025-11-03 17:52:57 | id:3,train time:2.4282987117767334
2025-11-03 17:52:57 | id:4,train time:2.4417953491210938
2025-11-03 17:52:57 | id:2,train time:2.443293333053589
2025-11-03 17:52:57 | id:0,train time:2.4632976055145264
2025-11-03 17:52:57 | id:3,enc time:0.20401549339294434
2025-11-03 17:52:57 | id:2,enc time:0.199021577835083

2025-11-03 17:52:57 | client 3, mask ones: 1, len: 6
2025-11-03 17:52:57 | client 4, mask ones: 1, len: 6
2025-11-03 17:52:57 | id:1,enc time:0.21052241325378418
2025-11-03 17:52:57 | client 2, mask ones: 1, len: 6
2025-11-03 17:52:57 | client 1, mask ones: 1, len: 6
2025-11-03 17:52:57 | id:0,enc time:0.208021879196167
2025-11-03 17:52:57 | client 0, mask ones: 1, len: 6
2025-11-03 17:52:58 | enc=True, isSpars=topk, cipher_count=True
2025-11-03 17:52:58 | server receive: ciphertext size:3343607 bytes
2025-11-03 17:52:58 | server agg: epoch 12.
2025-11-03 17:52:58 | id:0,dec time:0.19500946998596191
2025-11-03 17:52:58 | id:4,dec time:0.1960139274597168
2025-11-03 17:52:58 | id:1,dec time:0.19400954246520996
2025-11-03 17:53:00 | [E12] acc=97.9500% loss=0.0500 time=4.0900s up=3.1887MB down=0.0000MB cum=41.4447MB (best@8:98.1300%)
2025-11-03 17:53:01 | id:2,train time:2.660281181335449
2025-11-03 17:53:01 | id:4,train time:2.6572742462158203
2025-11-03 17:53:01 | id:3,train time:2.690781354904175
2025-11-03 17:53:01 | id:0,train time:2.684779405593872
2025-11-03 17:53:02 | id:2,enc time:0.20501470565795898
2025-11-03 17:53:02 | client 2, mask ones: 1, len: 6
3
2025-11-03 17:53:02 | client 4, mask ones: 1, len: 6
7
2025-11-03 17:53:02 | id:1,enc time:0.2110147476196289
2025-11-03 17:53:02 | client 3, mask ones: 1, len: 6
2025-11-03 17:53:02 | id:0,enc time:0.20201468467712402
2025-11-03 17:53:02 | client 1, mask ones: 1, len: 6
2025-11-03 17:53:02 | client 0, mask ones: 1, len: 6
2025-11-03 17:53:03 | enc=True, isSpars=topk, cipher_count=True
2025-11-03 17:53:03 | server receive: ciphertext size:3342114 bytes
2025-11-03 17:53:03 | server agg: epoch 13.
2025-11-03 17:53:03 | id:4,dec time:0.19501042366027832
2025-11-03 17:53:03 | id:1,dec time:0.19301176071166992
2025-11-03 17:53:04 | [E13] acc=98.0700% loss=0.0400 time=4.3500s up=3.1873MB down=0.0000MB cum=44.6320MB (best@8:98.1300%)
2025-11-03 17:53:06 | id:4,train time:2.508303642272949

2025-11-03 17:53:06 | id:3,train time:2.515803098678589

2025-11-03 17:53:06 | id:1,train time:2.5223028659820557
2025-11-03 17:53:06 | id:4,enc time:0.20301175117492676
2025-11-03 17:53:06 | client 0, mask ones: 1, len: 6
2025-11-03 17:53:06 | id:3,enc time:0.2000131607055664
2025-11-03 17:53:06 | id:1,enc time:0.20251226425170898
2025-11-03 17:53:06 | id:2,enc time:0.20101284980773926
2025-11-03 17:53:06 | client 4, mask ones: 1, len: 6
2025-11-03 17:53:06 | client 3, mask ones: 1, len: 6
2025-11-03 17:53:06 | client 1, mask ones: 1, len: 6
2025-11-03 17:53:06 | client 2, mask ones: 1, len: 6
2025-11-03 17:53:07 | enc=True, isSpars=topk, cipher_count=True
2025-11-03 17:53:07 | server receive: ciphertext size:3343239 bytes
2025-11-03 17:53:07 | server agg: epoch 14.
2025-11-03 17:53:07 | id:1,dec time:0.19601035118103027
2025-11-03 17:53:07 | id:3,dec time:0.191509962081909182025-11-03 17:53:07 | id:4,dec time:0.19401121139526367
2025-11-03 17:53:07 | id:2,dec time:0.19251132011413574
2025-11-03 17:53:08 | [E14] acc=97.9200% loss=0.0500 time=4.1100s up=3.1884MB down=0.0000MB cum=47.8204MB (best@8:98.1300%)
2025-11-03 17:53:10 | id:1,train time:2.6988322734832764
2025-11-03 17:53:10 | id:0,train time:2.7138428688049316
2025-11-03 17:53:10 | id:4,train time:2.717839241027832
2025-11-03 17:53:10 | id:2,train time:2.714838743209839
2025-11-03 17:53:10 | id:4,enc time:0.2000138759613037

2025-11-03 17:53:10 | id:1,enc time:0.21001148223876953
2025-11-03 17:53:10 | id:0,enc time:0.20751237869262695
2025-11-03 17:53:10 | client 3, mask ones: 1, len: 6
2025-11-03 17:53:10 | id:2,enc time:0.21351170539855957
2025-11-03 17:53:10 | client 1, mask ones: 1, len: 6
2025-11-03 17:53:10 | client 4, mask ones: 1, len: 6
2025-11-03 17:53:10 | client 0, mask ones: 1, len: 6
2025-11-03 17:53:10 | client 2, mask ones: 1, len: 6
2025-11-03 17:53:11 | enc=True, isSpars=topk, cipher_count=True
2025-11-03 17:53:11 | server receive: ciphertext size:3343440 bytes
2025-11-03 17:53:11 | server agg: epoch 15.
2025-11-03 17:53:11 | id:2,dec time:0.19651412963867188
2025-11-03 17:53:11 | id:0,dec time:0.19451427459716797
2025-11-03 17:53:11 | id:3,dec time:0.19551658630371094
2025-11-03 17:53:11 | id:4,dec time:0.19251441955566406
2025-11-03 17:53:13 | [E15] acc=98.0600% loss=0.0400 time=4.3700s up=3.1886MB down=0.0000MB cum=51.0089MB (best@8:98.1300%)
2025-11-03 17:53:14 | id:0,train time:2.842327833175659
2025-11-03 17:53:14 | id:1,train time:2.8548243045806885
2025-11-03 17:53:14 | id:4,train time:2.8098223209381104
2025-11-03 17:53:14 | id:2,train time:2.8563270568847656
2025-11-03 17:53:15 | id:3,enc time:0.2145099639892578

2025-11-03 17:53:15 | id:0,enc time:0.20550870895385742
2025-11-03 17:53:15 | id:1,enc time:0.21151113510131836
2025-11-03 17:53:15 | client 4, mask ones: 1, len: 6
2025-11-03 17:53:15 | id:2,enc time:0.21101093292236328
2025-11-03 17:53:15 | client 0, mask ones: 1, len: 6
2025-11-03 17:53:15 | client 3, mask ones: 1, len: 6
2025-11-03 17:53:15 | client 1, mask ones: 1, len: 6
2025-11-03 17:53:15 | client 2, mask ones: 1, len: 6
2025-11-03 17:53:16 | enc=True, isSpars=topk, cipher_count=True
2025-11-03 17:53:16 | server receive: ciphertext size:3343594 bytes
2025-11-03 17:53:16 | server agg: epoch 16.
2025-11-03 17:53:16 | id:2,dec time:0.19350838661193848
2025-11-03 17:53:16 | id:4,dec time:0.19550824165344238
2025-11-03 17:53:16 | id:0,dec time:0.19550824165344238
2025-11-03 17:53:16 | id:3,dec time:0.19600844383239746
2025-11-03 17:53:16 | id:1,dec time:0.18900775909423828
2025-11-03 17:53:17 | [E16] acc=98.0100% loss=0.0600 time=4.4500s up=3.1887MB down=0.0000MB cum=54.1976MB (best@8:98.1300%)
2025-11-03 17:53:19 | id:2,train time:2.5653018951416016
2025-11-03 17:53:19 | id:4,train time:2.5708019733428955
2025-11-03 17:53:19 | id:1,train time:2.5878026485443115
2025-11-03 17:53:19 | id:3,train time:2.606804132461548
2025-11-03 17:53:19 | id:2,enc time:0.21051239967346191
2025-11-03 17:53:19 | id:4,enc time:0.20501279830932617
2025-11-03 17:53:19 | id:1,enc time:0.19851207733154297
2025-11-03 17:53:19 | client 2, mask ones: 1, len: 6
2025-11-03 17:53:19 | client 1, mask ones: 1, len: 6
2025-11-03 17:53:19 | id:3,enc time:0.202012300491333
2025-11-03 17:53:19 | client 4, mask ones: 1, len: 6
2025-11-03 17:53:19 | client 3, mask ones: 1, len: 6
2025-11-03 17:53:19 | id:0,enc time:0.20401597023010254
2025-11-03 17:53:19 | client 0, mask ones: 1, len: 6
2025-11-03 17:53:20 | enc=True, isSpars=topk, cipher_count=True
2025-11-03 17:53:20 | server receive: ciphertext size:3342944 bytes
2025-11-03 17:53:20 | server agg: epoch 17.
2025-11-03 17:53:20 | id:1,dec time:0.19350886344909668
2025-11-03 17:53:20 | id:4,dec time:0.19800686836242676
2025-11-03 17:53:20 | id:2,dec time:0.19350981712341309
2025-11-03 17:53:20 | id:0,dec time:0.18801140785217285
2025-11-03 17:53:20 | id:3,dec time:0.19350981712341309
2025-11-03 17:53:21 | [E17] acc=98.2900% loss=0.0400 time=4.2500s up=3.1881MB down=0.0000MB cum=57.3857MB (best@18:98.2900%)
2025-11-03 17:53:23 | id:2,train time:3.052853584289551

2025-11-03 17:53:23 | id:3,train time:3.0453526973724365
2025-11-03 17:53:23 | id:0,train time:3.0653529167175293
2025-11-03 17:53:24 | id:1,enc time:0.19901180267333984
2025-11-03 17:53:24 | id:2,enc time:0.21051502227783203
2025-11-03 17:53:24 | client 1, mask ones: 1, len: 6
2025-11-03 17:53:24 | id:3,enc time:0.2090013027191162
2025-11-03 17:53:24 | id:0,enc time:0.2045128345489502
2025-11-03 17:53:24 | client 4, mask ones: 1, len: 6
2025-11-03 17:53:24 | client 2, mask ones: 1, len: 6
2025-11-03 17:53:24 | client 3, mask ones: 1, len: 6
2025-11-03 17:53:24 | client 0, mask ones: 1, len: 6
2025-11-03 17:53:25 | enc=True, isSpars=topk, cipher_count=True
2025-11-03 17:53:25 | server receive: ciphertext size:3343007 bytes
2025-11-03 17:53:25 | server agg: epoch 18.
2025-11-03 17:53:25 | id:4,dec time:0.19101190567016602
2025-11-03 17:53:25 | id:2,dec time:0.1955106258392334
2025-11-03 17:53:25 | id:1,dec time:0.21001076698303223
2025-11-03 17:53:26 | [E18] acc=98.2200% loss=0.0400 time=4.7500s up=3.1881MB down=0.0000MB cum=60.5739MB (best@18:98.2900%)
2025-11-03 17:53:27 | id:2,train time:2.4692845344543457
2025-11-03 17:53:28 | id:3,train time:2.417280673980713
2025-11-03 17:53:28 | id:4,train time:2.4752931594848633
2025-11-03 17:53:28 | id:1,train time:2.4342806339263916
2025-11-03 17:53:28 | id:4,enc time:0.207008361816406252025-11-03 17:53:28 | id:2,enc time:0.21150970458984375
2025-11-03 17:53:28 | client 4, mask ones: 1, len: 6
2025-11-03 17:53:28 | client 2, mask ones: 1, len: 6
2025-11-03 17:53:28 | id:0,enc time:0.20450997352600098
2025-11-03 17:53:28 | id:1,enc time:0.20550918579101562
2025-11-03 17:53:28 | client 3, mask ones: 1, len: 6
2025-11-03 17:53:28 | client 0, mask ones: 1, len: 6
2025-11-03 17:53:28 | client 1, mask ones: 1, len: 6
2025-11-03 17:53:29 | enc=True, isSpars=topk, cipher_count=True
2025-11-03 17:53:29 | server receive: ciphertext size:3342206 bytes
2025-11-03 17:53:29 | server agg: epoch 19.
2025-11-03 17:53:29 | id:3,dec time:0.19451308250427246
2025-11-03 17:53:29 | id:4,dec time:0.19001102447509766
2025-11-03 17:53:29 | id:0,dec time:0.19401288032531738
2025-11-03 17:53:29 | id:2,dec time:0.19251275062561035
2025-11-03 17:53:30 | [E19] acc=98.1700% loss=0.0500 time=4.0600s up=3.1874MB down=0.0000MB cum=63.7612MB (best@18:98.2900%)
2025-11-03 17:53:32 | id:4,train time:2.757967472076416
2025-11-03 17:53:32 | id:2,train time:2.7874670028686523
2025-11-03 17:53:32 | id:3,train time:2.780468225479126
2025-11-03 17:53:32 | id:1,train time:2.78596830368042
2025-11-03 17:53:32 | id:0,train time:2.783468008041382
2025-11-03 17:53:32 | id:4,enc time:0.20051836967468262
2025-11-03 17:53:32 | id:2,enc time:0.19951891899108887
2025-11-03 17:53:32 | id:3,enc time:0.1990187168121338
2025-11-03 17:53:32 | client 4, mask ones: 1, len: 6
2025-11-03 17:53:32 | id:1,enc time:0.196519136428833

2025-11-03 17:53:32 | client 2, mask ones: 1, len: 6
2025-11-03 17:53:32 | client 3, mask ones: 1, len: 6
2025-11-03 17:53:32 | client 0, mask ones: 1, len: 6
2025-11-03 17:53:32 | client 1, mask ones: 1, len: 6
2025-11-03 17:53:33 | enc=True, isSpars=topk, cipher_count=True
2025-11-03 17:53:33 | server receive: ciphertext size:3343022 bytes
2025-11-03 17:53:33 | server agg: epoch 20.
2025-11-03 17:53:33 | id:1,dec time:0.1910092830657959

2025-11-03 17:53:33 | id:3,dec time:0.1930098533630371
2025-11-03 17:53:33 | id:0,dec time:0.19450974464416504
2025-11-03 17:53:35 | [E20] acc=97.9800% loss=0.0600 time=4.3800s up=3.1882MB down=0.0000MB cum=66.9494MB (best@18:98.2900%)
2025-11-03 17:53:36 | id:3,train time:2.904818058013916

2025-11-03 17:53:36 | id:2,train time:2.895814895629883
2025-11-03 17:53:36 | id:1,train time:2.9138166904449463
2025-11-03 17:53:36 | id:0,train time:2.9163191318511963
2025-11-03 17:53:37 | id:3,enc time:0.19951200485229492
2025-11-03 17:53:37 | id:1,enc time:0.20351314544677734
2025-11-03 17:53:37 | client 3, mask ones: 1, len: 6
8
2025-11-03 17:53:37 | client 1, mask ones: 1, len: 6
2025-11-03 17:53:37 | client 4, mask ones: 1, len: 6
2025-11-03 17:53:37 | id:0,enc time:0.20651793479919434
2025-11-03 17:53:37 | client 2, mask ones: 1, len: 6
2025-11-03 17:53:37 | client 0, mask ones: 1, len: 6
2025-11-03 17:53:38 | enc=True, isSpars=topk, cipher_count=True
2025-11-03 17:53:38 | server receive: ciphertext size:3343306 bytes
2025-11-03 17:53:38 | server agg: epoch 21.
2025-11-03 17:53:38 | id:1,dec time:0.19401144981384277
2025-11-03 17:53:38 | id:2,dec time:0.1935105323791504
2025-11-03 17:53:38 | id:4,dec time:0.19451141357421875
2025-11-03 17:53:38 | id:3,dec time:0.19101166725158691
2025-11-03 17:53:39 | [E21] acc=98.0600% loss=0.0500 time=4.4800s up=3.1884MB down=0.0000MB cum=70.1378MB (best@18:98.2900%)
2025-11-03 17:53:41 | id:4,train time:2.483814239501953
2025-11-03 17:53:41 | id:1,train time:2.496817111968994
2025-11-03 17:53:41 | id:0,train time:2.502819538116455
2025-11-03 17:53:41 | id:3,train time:2.4973182678222656
2025-11-03 17:53:41 | id:1,enc time:0.19852089881896973
2025-11-03 17:53:41 | id:2,enc time:0.19802069664001465
2025-11-03 17:53:41 | client 1, mask ones: 1, len: 6

2025-11-03 17:53:41 | id:0,enc time:0.205521821975708
2025-11-03 17:53:41 | id:3,enc time:0.1990211009979248
2025-11-03 17:53:41 | client 2, mask ones: 1, len: 6
2025-11-03 17:53:41 | client 4, mask ones: 1, len: 6
2025-11-03 17:53:41 | client 0, mask ones: 1, len: 6
2025-11-03 17:53:41 | client 3, mask ones: 1, len: 6
2025-11-03 17:53:42 | enc=True, isSpars=topk, cipher_count=True
2025-11-03 17:53:42 | server receive: ciphertext size:3343536 bytes
2025-11-03 17:53:42 | server agg: epoch 22.
2025-11-03 17:53:42 | id:3,dec time:0.1945178508758545
2025-11-03 17:53:42 | id:4,dec time:0.19151854515075684
2025-11-03 17:53:42 | id:0,dec time:0.193017721176147462025-11-03 17:53:42 | id:1,dec time:0.19501852989196777
2025-11-03 17:53:43 | [E22] acc=98.2300% loss=0.0500 time=4.0500s up=3.1886MB down=0.0000MB cum=73.3265MB (best@18:98.2900%)
2025-11-03 17:53:45 | id:4,train time:2.713520050048828
2025-11-03 17:53:45 | id:1,train time:2.7260210514068604
2025-11-03 17:53:45 | id:2,train time:2.732020378112793
2025-11-03 17:53:45 | id:3,train time:2.7335197925567627
2025-11-03 17:53:45 | id:0,train time:2.7460198402404785
2025-11-03 17:53:45 | id:4,enc time:0.19951939582824707
2025-11-03 17:53:45 | id:1,enc time:0.20251917839050293
2025-11-03 17:53:45 | id:2,enc time:0.20002007484436035
2025-11-03 17:53:45 | client 4, mask ones: 1, len: 6
2025-11-03 17:53:45 | client 1, mask ones: 1, len: 6
2025-11-03 17:53:45 | client 3, mask ones: 1, len: 6
2025-11-03 17:53:45 | id:0,enc time:0.19802021980285645
2025-11-03 17:53:45 | client 2, mask ones: 1, len: 6
2025-11-03 17:53:45 | client 0, mask ones: 1, len: 6
2025-11-03 17:53:46 | enc=True, isSpars=topk, cipher_count=True
2025-11-03 17:53:46 | server receive: ciphertext size:3341316 bytes
2025-11-03 17:53:46 | server agg: epoch 23.
2025-11-03 17:53:46 | id:3,dec time:0.19502019882202148
2025-11-03 17:53:46 | id:4,dec time:0.19001460075378418
2025-11-03 17:53:48 | [E23] acc=98.0100% loss=0.0600 time=4.3500s up=3.1865MB down=0.0000MB cum=76.5130MB (best@18:98.2900%)
2025-11-03 17:53:49 | id:4,train time:2.4323816299438477
2025-11-03 17:53:49 | id:2,train time:2.4328813552856445
2025-11-03 17:53:49 | id:3,train time:2.416379451751709
2025-11-03 17:53:49 | id:0,train time:2.4398818016052246
2025-11-03 17:53:49 | id:1,enc time:0.20201969146728516
2025-11-03 17:53:49 | id:3,enc time:0.20401859283447266
2025-11-03 17:53:49 | client 0, mask ones: 1, len: 6
2025-11-03 17:53:49 | client 1, mask ones: 1, len: 6
2025-11-03 17:53:49 | client 4, mask ones: 1, len: 6
2025-11-03 17:53:49 | client 2, mask ones: 1, len: 6
2025-11-03 17:53:49 | client 3, mask ones: 1, len: 6
2025-11-03 17:53:50 | enc=True, isSpars=topk, cipher_count=True
2025-11-03 17:53:50 | server receive: ciphertext size:3342987 bytes
2025-11-03 17:53:50 | server agg: epoch 24.
2025-11-03 17:53:50 | id:1,dec time:0.19351816177368164
2025-11-03 17:53:50 | id:0,dec time:0.1920180320739746
2025-11-03 17:53:50 | id:4,dec time:0.19051814079284668
2025-11-03 17:53:50 | id:3,dec time:0.19201874732971191
2025-11-03 17:53:52 | [E24] acc=98.0300% loss=0.0600 time=4.0500s up=3.1881MB down=0.0000MB cum=79.7011MB (best@18:98.2900%)
2025-11-03 17:53:53 | id:3,train time:2.3773887157440186
2025-11-03 17:53:53 | id:0,train time:2.3723883628845215
2025-11-03 17:53:53 | id:2,train time:2.3718881607055664
2025-11-03 17:53:53 | id:1,train time:2.399388074874878
2025-11-03 17:53:53 | id:3,enc time:0.20502972602844238
2025-11-03 17:53:53 | id:4,enc time:0.20202875137329102
2025-11-03 17:53:53 | client 3, mask ones: 1, len: 6
2025-11-03 17:53:53 | id:2,enc time:0.1985330581665039
2025-11-03 17:53:53 | client 0, mask ones: 1, len: 6
2025-11-03 17:53:53 | id:1,enc time:0.19953203201293945
2025-11-03 17:53:53 | client 4, mask ones: 1, len: 6
2025-11-03 17:53:53 | client 2, mask ones: 1, len: 6
2025-11-03 17:53:53 | client 1, mask ones: 1, len: 6
2025-11-03 17:53:54 | enc=True, isSpars=topk, cipher_count=True
2025-11-03 17:53:54 | server receive: ciphertext size:3341656 bytes
2025-11-03 17:53:54 | server agg: epoch 25.
2025-11-03 17:53:54 | id:2,dec time:0.19201922416687012
2025-11-03 17:53:54 | id:1,dec time:0.19151735305786133
2025-11-03 17:53:54 | id:3,dec time:0.1925191879272461

2025-11-03 17:53:56 | [E25] acc=98.0100% loss=0.0500 time=3.9800s up=3.1869MB down=0.0000MB cum=82.8880MB (best@18:98.2900%)
2025-11-03 17:53:57 | id:4,train time:2.6963560581207275
2025-11-03 17:53:57 | id:0,train time:2.718355655670166
2025-11-03 17:53:57 | id:3,train time:2.7213563919067383
2025-11-03 17:53:58 | id:4,enc time:0.1980304718017578
2025-11-03 17:53:58 | id:1,enc time:0.20853543281555176
2025-11-03 17:53:58 | client 1, mask ones: 1, len: 6
2025-11-03 17:53:58 | id:3,enc time:0.20354199409484863
2025-11-03 17:53:58 | id:0,enc time:0.19903802871704102
2025-11-03 17:53:58 | client 0, mask ones: 1, len: 6
2025-11-03 17:53:58 | id:2,enc time:0.2065446376800537
2025-11-03 17:53:58 | client 3, mask ones: 1, len: 6
2025-11-03 17:53:58 | client 2, mask ones: 1, len: 6
2025-11-03 17:53:59 | enc=True, isSpars=topk, cipher_count=True
2025-11-03 17:53:59 | server receive: ciphertext size:3343363 bytes
2025-11-03 17:53:59 | server agg: epoch 26.
2025-11-03 17:53:59 | id:1,dec time:0.19601678848266602
2025-11-03 17:53:59 | id:0,dec time:0.1940174102783203
2025-11-03 17:53:59 | id:3,dec time:0.19351863861083984
2025-11-03 17:53:59 | id:4,dec time:0.18951702117919922
2025-11-03 17:53:59 | id:2,dec time:0.1920173168182373
2025-11-03 17:54:00 | [E26] acc=98.1500% loss=0.0500 time=4.3100s up=3.1885MB down=0.0000MB cum=86.0764MB (best@18:98.2900%)
2025-11-03 17:54:02 | id:4,train time:2.605926036834717
2025-11-03 17:54:02 | id:0,train time:2.630927085876465
2025-11-03 17:54:02 | id:3,train time:2.6389260292053223
2025-11-03 17:54:02 | id:2,enc time:0.19953036308288574
2025-11-03 17:54:02 | client 4, mask ones: 1, len: 6
4
2025-11-03 17:54:02 | id:0,enc time:0.20602965354919434
2025-11-03 17:54:02 | client 2, mask ones: 1, len: 6
2025-11-03 17:54:02 | client 1, mask ones: 1, len: 6
2025-11-03 17:54:02 | client 0, mask ones: 1, len: 6
8
2025-11-03 17:54:02 | client 3, mask ones: 1, len: 6
2025-11-03 17:54:03 | enc=True, isSpars=topk, cipher_count=True
2025-11-03 17:54:03 | server receive: ciphertext size:3343471 bytes
2025-11-03 17:54:03 | server agg: epoch 27.
2025-11-03 17:54:03 | id:0,dec time:0.19701886177062988
2025-11-03 17:54:03 | id:2,dec time:0.19501662254333496
2025-11-03 17:54:03 | id:4,dec time:0.19251656532287598
2025-11-03 17:54:03 | id:1,dec time:0.18951725959777832
2025-11-03 17:54:04 | [Converged] round=27, best_acc=98.2900 at round 17
2025-11-03 17:54:04 | server end!
2025-11-03 17:54:04 | [Summary] mode=enc-ckks-topk-0.1 | rounds_run=28 | best_acc=98.2900% (best@18) | time=137.3903s | up=89.2650MB | down=0.0000MB | total=89.2650MB | avg_up/participation=3.1880MB | 
2025-11-03 17:54:05 | Total ciphertext size: 93601166 bytes, size list: [3342433, 3342311, 3343490, 3343139, 3342514, 3342988, 3342572, 3343421, 3342937, 3343358, 3342714, 3342481, 3343607, 3342114, 3343239, 3343440, 3343594, 3342944, 3343007, 3342206, 3343022, 3343306, 3343536, 3341316, 3342987, 3341656, 3343363, 3343471].
2025-11-03 17:54:05 | Accuracy list: [96.12, 97.29, 97.71, 97.48, 97.99, 98.02, 98.07, 98.13, 98.12, 98.03, 98.0, 98.0, 97.95, 98.07, 97.92, 98.06, 98.01, 98.29, 98.22, 98.17, 97.98, 98.06, 98.23, 98.01, 98.03, 98.01, 98.15, 98.08]%.
2025-11-03 17:54:05 | Loss list:[0.1, 0.06, 0.05, 0.05, 0.04, 0.04, 0.04, 0.03, 0.03, 0.04, 0.04, 0.04, 0.05, 0.04, 0.05, 0.04, 0.06, 0.04, 0.04, 0.05, 0.06, 0.05, 0.05, 0.06, 0.06, 0.05, 0.05, 0.06]
2025-11-03 17:54:05 | time list:[19.71, 4.56, 4.45, 4.59, 4.61, 4.48, 4.16, 4.23, 4.31, 4.45, 4.43, 4.47, 4.09, 4.35, 4.11, 4.37, 4.45, 4.25, 4.75, 4.06, 4.38, 4.48, 4.05, 4.35, 4.05, 3.98, 4.31]s
2025-11-03 17:54:05 | Participate list: [28, 28, 28, 28, 28].
2025-11-03 17:54:05 | tmp_len_clusters:[]
2025-11-03 17:54:06 | id:4,train time:2.9839138984680176
2025-11-03 17:54:06 | id:1,train time:3.019418716430664
2025-11-03 17:54:06 | id:2,train time:3.012418746948242
2025-11-03 17:54:06 | id:0,train time:3.0249202251434326
2025-11-03 17:54:06 | id:3,train time:3.0289201736450195
