2025-11-03 17:23:54 | Basic information: device cpu, learning rate 0.001, num clients 5, epochs 100,noniid_method dirichlet,            isEnc True,isBatch True,sparsification topk, client selection False,topk 0.1, enc_batch_size 4096
2025-11-03 17:23:54 | training weights: [0.2, 0.2, 0.2, 0.2, 0.2]
2025-11-03 17:23:54 | testing weights:[0.2, 0.2, 0.2, 0.2, 0.2]
2025-11-03 17:23:54 | client0, train samples 12000,test samples 2000
2025-11-03 17:23:54 | client1, train samples 12000,test samples 2000
2025-11-03 17:23:54 | client2, train samples 12000,test samples 2000
2025-11-03 17:23:54 | client3, train samples 12000,test samples 2000
2025-11-03 17:23:54 | client4, train samples 12000,test samples 2000
2025-11-03 17:23:54 | data split finished!
2025-11-03 17:23:54 | Batch num:11
2025-11-03 17:24:02 | id:0,train time:1.8587024211883545
2025-11-03 17:24:02 | id:0,enc time:0.2115187644958496
2025-11-03 17:24:02 | client 0, mask ones: 2, len: 11
2025-11-03 17:24:05 | id:1,train time:1.8161780834197998
2025-11-03 17:24:05 | id:1,enc time:0.20651650428771973
2025-11-03 17:24:05 | client 1, mask ones: 2, len: 11
2025-11-03 17:24:08 | id:2,train time:1.8293237686157227
2025-11-03 17:24:09 | id:2,enc time:0.20551466941833496
2025-11-03 17:24:09 | client 2, mask ones: 2, len: 11
2025-11-03 17:24:11 | id:3,train time:1.717970371246338
2025-11-03 17:24:12 | id:3,enc time:0.2030200958251953
2025-11-03 17:24:12 | client 3, mask ones: 2, len: 11
2025-11-03 17:24:14 | id:4,train time:1.7850053310394287
2025-11-03 17:24:15 | id:4,enc time:0.2050187587738037
2025-11-03 17:24:15 | client 4, mask ones: 2, len: 11
2025-11-03 17:24:17 | enc=True, isSpars=topk, cipher_count=True
2025-11-03 17:24:17 | server receive: ciphertext size:3343644 bytes
2025-11-03 17:24:17 | server agg: epoch 0.
2025-11-03 17:24:17 | id:0,dec time:0.19101166725158691
2025-11-03 17:24:17 | id:3,dec time:0.20151090621948242
2025-11-03 17:24:17 | id:2,dec time:0.20401287078857422
2025-11-03 17:24:18 | [E0] acc=94.7300% loss=0.1300 time=20.6700s up=3.1887MB down=0.0000MB cum=3.1887MB (best@1:94.7300%)
2025-11-03 17:24:20 | id:4,train time:2.827216625213623
2025-11-03 17:24:20 | id:0,train time:2.9552485942840576
2025-11-03 17:24:20 | id:1,train time:2.905245780944824
2025-11-03 17:24:20 | id:2,train time:2.8717498779296875
2025-11-03 17:24:20 | id:3,train time:2.8557510375976562
2025-11-03 17:24:20 | id:4,enc time:0.24654579162597656
2025-11-03 17:24:20 | client 4, mask ones: 2, len: 11
2025-11-03 17:24:20 | id:1,enc time:0.2025132179260254

2025-11-03 17:24:20 | client 1, mask ones: 2, len: 11
2025-11-03 17:24:20 | id:3,enc time:0.1980142593383789
2025-11-03 17:24:20 | id:2,enc time:0.2065110206604004
2025-11-03 17:24:20 | client 3, mask ones: 2, len: 11
2025-11-03 17:24:20 | client 2, mask ones: 2, len: 11
2025-11-03 17:24:21 | enc=True, isSpars=topk, cipher_count=True
2025-11-03 17:24:21 | server receive: ciphertext size:3341324 bytes
2025-11-03 17:24:21 | server agg: epoch 1.
2025-11-03 17:24:21 | id:2,dec time:0.19350981712341309
2025-11-03 17:24:21 | id:4,dec time:0.2000105381011963
2025-11-03 17:24:21 | id:3,dec time:0.19301223754882812
2025-11-03 17:24:21 | id:0,dec time:0.19301199913024902
2025-11-03 17:24:23 | [E1] acc=97.2400% loss=0.0600 time=4.5500s up=3.1865MB down=0.0000MB cum=6.3753MB (best@2:97.2400%)
2025-11-03 17:24:25 | id:4,train time:3.160853624343872

2025-11-03 17:24:25 | id:1,train time:3.166857957839966

2025-11-03 17:24:25 | id:2,enc time:0.20851397514343262
2025-11-03 17:24:25 | id:1,enc time:0.2090144157409668

2025-11-03 17:24:25 | client 4, mask ones: 2, len: 11
2025-11-03 17:24:25 | client 2, mask ones: 2, len: 11
2025-11-03 17:24:25 | client 0, mask ones: 2, len: 11
2025-11-03 17:24:25 | client 3, mask ones: 2, len: 11
2025-11-03 17:24:25 | client 1, mask ones: 2, len: 11
2025-11-03 17:24:26 | enc=True, isSpars=topk, cipher_count=True
2025-11-03 17:24:26 | server receive: ciphertext size:3343446 bytes
2025-11-03 17:24:26 | server agg: epoch 2.
2025-11-03 17:24:26 | id:0,dec time:0.19801545143127441
2025-11-03 17:24:26 | id:4,dec time:0.19651389122009277
2025-11-03 17:24:26 | id:1,dec time:0.19251179695129395
2025-11-03 17:24:27 | [E2] acc=97.8700% loss=0.0400 time=4.8000s up=3.1886MB down=0.0000MB cum=9.5638MB (best@3:97.8700%)
2025-11-03 17:24:30 | id:3,train time:3.084343910217285
2025-11-03 17:24:30 | id:2,train time:3.0743441581726074
2025-11-03 17:24:30 | id:1,train time:3.0808444023132324
2025-11-03 17:24:30 | id:4,train time:3.078843355178833
2025-11-03 17:24:30 | id:0,train time:3.0878446102142334
2025-11-03 17:24:30 | id:4,enc time:0.2035214900970459

2025-11-03 17:24:30 | id:0,enc time:0.20102262496948242
2025-11-03 17:24:30 | id:2,enc time:0.2125236988067627
2025-11-03 17:24:30 | client 3, mask ones: 2, len: 11

2025-11-03 17:24:30 | client 4, mask ones: 2, len: 11
2025-11-03 17:24:30 | client 2, mask ones: 2, len: 11
2025-11-03 17:24:30 | client 0, mask ones: 2, len: 11
2025-11-03 17:24:30 | client 1, mask ones: 2, len: 11
2025-11-03 17:24:31 | enc=True, isSpars=topk, cipher_count=True
2025-11-03 17:24:31 | server receive: ciphertext size:3343369 bytes
2025-11-03 17:24:31 | server agg: epoch 3.
2025-11-03 17:24:31 | id:4,dec time:0.19152235984802246
2025-11-03 17:24:31 | id:3,dec time:0.19452142715454102
2025-11-03 17:24:31 | id:2,dec time:0.19102215766906738
2025-11-03 17:24:31 | id:1,dec time:0.19252538681030273
2025-11-03 17:24:31 | id:0,dec time:0.1945183277130127
2025-11-03 17:24:32 | [E3] acc=97.9600% loss=0.0400 time=4.7200s up=3.1885MB down=0.0000MB cum=12.7523MB (best@3:97.8700%)
2025-11-03 17:24:34 | id:4,train time:2.94482684135437

2025-11-03 17:24:34 | id:3,train time:2.9473161697387695
2025-11-03 17:24:34 | id:2,train time:2.945317506790161
2025-11-03 17:24:34 | id:4,enc time:0.20052742958068848
2025-11-03 17:24:34 | client 4, mask ones: 2, len: 11
2025-11-03 17:24:34 | id:1,enc time:0.21951913833618164
2025-11-03 17:24:34 | id:3,enc time:0.20702075958251953
2025-11-03 17:24:34 | id:0,enc time:0.20651912689208984
2025-11-03 17:24:34 | client 3, mask ones: 2, len: 11
2025-11-03 17:24:34 | client 1, mask ones: 2, len: 11
2025-11-03 17:24:34 | id:2,enc time:0.20701837539672852
2025-11-03 17:24:34 | client 0, mask ones: 2, len: 11
2025-11-03 17:24:34 | client 2, mask ones: 2, len: 11
2025-11-03 17:24:35 | enc=True, isSpars=topk, cipher_count=True
2025-11-03 17:24:35 | server receive: ciphertext size:3342998 bytes
2025-11-03 17:24:35 | server agg: epoch 4.
2025-11-03 17:24:36 | id:1,dec time:0.1980113983154297
2025-11-03 17:24:36 | id:0,dec time:0.19850873947143555
2025-11-03 17:24:36 | id:2,dec time:0.1910104751586914

2025-11-03 17:24:37 | [E4] acc=97.9700% loss=0.0400 time=4.6700s up=3.1881MB down=0.0000MB cum=15.9405MB (best@3:97.8700%)
2025-11-03 17:24:38 | id:1,train time:2.528318166732788
2025-11-03 17:24:38 | id:3,train time:2.500316858291626
2025-11-03 17:24:38 | id:0,train time:2.5563220977783203
2025-11-03 17:24:38 | id:4,train time:2.574826955795288
2025-11-03 17:24:39 | id:2,enc time:0.19951224327087402
2025-11-03 17:24:39 | id:1,enc time:0.20501303672790527
2025-11-03 17:24:39 | id:3,enc time:0.20601153373718262
2025-11-03 17:24:39 | client 0, mask ones: 2, len: 11
2025-11-03 17:24:39 | id:4,enc time:0.19701385498046875
2025-11-03 17:24:39 | client 2, mask ones: 2, len: 11
2025-11-03 17:24:39 | client 1, mask ones: 2, len: 11
2025-11-03 17:24:39 | client 3, mask ones: 2, len: 11
2025-11-03 17:24:39 | client 4, mask ones: 2, len: 11
2025-11-03 17:24:40 | enc=True, isSpars=topk, cipher_count=True
2025-11-03 17:24:40 | server receive: ciphertext size:3343171 bytes
2025-11-03 17:24:40 | server agg: epoch 5.
2025-11-03 17:24:40 | id:0,dec time:0.19401216506958008
2025-11-03 17:24:40 | id:3,dec time:0.19201231002807617
2025-11-03 17:24:40 | id:4,dec time:0.1910092830657959

2025-11-03 17:24:41 | [E5] acc=98.2100% loss=0.0300 time=4.1700s up=3.1883MB down=0.0000MB cum=19.1288MB (best@6:98.2100%)
2025-11-03 17:24:43 | id:1,train time:2.869316339492798
2025-11-03 17:24:43 | id:0,train time:2.87831711769104

2025-11-03 17:24:43 | id:4,train time:2.8713152408599854
2025-11-03 17:24:43 | id:3,train time:2.893817186355591
2025-11-03 17:24:43 | id:1,enc time:0.2050168514251709
2025-11-03 17:24:43 | client 0, mask ones: 2, len: 11
2025-11-03 17:24:43 | id:2,enc time:0.21551823616027832
2025-11-03 17:24:43 | id:4,enc time:0.2075204849243164
2025-11-03 17:24:43 | client 1, mask ones: 2, len: 11
2025-11-03 17:24:43 | client 4, mask ones: 2, len: 11
2025-11-03 17:24:43 | client 2, mask ones: 2, len: 11
2025-11-03 17:24:43 | id:3,enc time:0.20202279090881348
2025-11-03 17:24:43 | client 3, mask ones: 2, len: 11
2025-11-03 17:24:44 | enc=True, isSpars=topk, cipher_count=True
2025-11-03 17:24:44 | server receive: ciphertext size:3343182 bytes
2025-11-03 17:24:44 | server agg: epoch 6.
2025-11-03 17:24:44 | id:3,dec time:0.19851303100585938
2025-11-03 17:24:44 | id:2,dec time:0.19851303100585938
2025-11-03 17:24:44 | id:1,dec time:0.19501352310180664
2025-11-03 17:24:44 | id:0,dec time:0.19401311874389648
2025-11-03 17:24:46 | [E6] acc=98.2100% loss=0.0300 time=4.5800s up=3.1883MB down=0.0000MB cum=22.3171MB (best@6:98.2100%)
2025-11-03 17:24:47 | id:1,train time:2.7047762870788574
2025-11-03 17:24:47 | id:2,train time:2.7177820205688477
2025-11-03 17:24:47 | id:3,train time:2.7087764739990234
2025-11-03 17:24:47 | id:4,train time:2.7257888317108154
2025-11-03 17:24:47 | id:0,train time:2.734788417816162
2025-11-03 17:24:48 | id:1,enc time:0.2030162811279297
2025-11-03 17:24:48 | client 1, mask ones: 2, len: 11
2025-11-03 17:24:48 | id:2,enc time:0.21251368522644043
2025-11-03 17:24:48 | id:4,enc time:0.19951677322387695
2025-11-03 17:24:48 | id:0,enc time:0.1955118179321289
2025-11-03 17:24:48 | client 3, mask ones: 2, len: 11
2025-11-03 17:24:48 | client 4, mask ones: 2, len: 11
2025-11-03 17:24:48 | client 2, mask ones: 2, len: 11
2025-11-03 17:24:48 | client 0, mask ones: 2, len: 11
2025-11-03 17:24:49 | enc=True, isSpars=topk, cipher_count=True
2025-11-03 17:24:49 | server receive: ciphertext size:3342213 bytes
2025-11-03 17:24:49 | server agg: epoch 7.
2025-11-03 17:24:49 | id:3,dec time:0.19651269912719727
2025-11-03 17:24:49 | id:4,dec time:0.19150924682617188
2025-11-03 17:24:49 | id:0,dec time:0.19501113891601562
2025-11-03 17:24:49 | id:1,dec time:0.19251179695129395
2025-11-03 17:24:50 | [E7] acc=98.2700% loss=0.0300 time=4.3700s up=3.1874MB down=0.0000MB cum=25.5044MB (best@6:98.2100%)
2025-11-03 17:24:52 | id:1,train time:2.6162912845611572
2025-11-03 17:24:52 | id:3,train time:2.627293109893799
2025-11-03 17:24:52 | id:4,train time:2.6287930011749268
2025-11-03 17:24:52 | id:0,train time:2.6252927780151367
2025-11-03 17:24:52 | id:1,enc time:0.20501255989074707
2025-11-03 17:24:52 | id:2,enc time:0.20401287078857422
2025-11-03 17:24:52 | id:0,enc time:0.20451927185058594
2025-11-03 17:24:52 | client 4, mask ones: 2, len: 11
2025-11-03 17:24:52 | client 1, mask ones: 2, len: 11
2025-11-03 17:24:52 | client 2, mask ones: 2, len: 11
2025-11-03 17:24:52 | client 3, mask ones: 2, len: 11
2025-11-03 17:24:52 | client 0, mask ones: 2, len: 11
2025-11-03 17:24:53 | enc=True, isSpars=topk, cipher_count=True
2025-11-03 17:24:53 | server receive: ciphertext size:3342040 bytes
2025-11-03 17:24:53 | server agg: epoch 8.
2025-11-03 17:24:53 | id:0,dec time:0.19401025772094727
2025-11-03 17:24:53 | id:4,dec time:0.1955113410949707
2025-11-03 17:24:53 | id:3,dec time:0.18951034545898438
2025-11-03 17:24:54 | [E8] acc=98.1300% loss=0.0300 time=4.3400s up=3.1872MB down=0.0000MB cum=28.6917MB (best@6:98.2100%)
2025-11-03 17:24:57 | id:1,train time:3.2443478107452393
2025-11-03 17:24:57 | id:0,train time:3.2388412952423096
2025-11-03 17:24:57 | id:3,train time:3.2403476238250732
2025-11-03 17:24:57 | id:2,train time:3.240344285964966

2025-11-03 17:24:57 | id:0,enc time:0.2180171012878418
2025-11-03 17:24:57 | id:3,enc time:0.19951486587524414
2025-11-03 17:24:57 | id:1,enc time:0.21201682090759277
2025-11-03 17:24:57 | client 0, mask ones: 2, len: 11
2025-11-03 17:24:57 | id:4,enc time:0.20401716232299805
2025-11-03 17:24:57 | client 3, mask ones: 2, len: 11
2025-11-03 17:24:57 | client 1, mask ones: 2, len: 11
2025-11-03 17:24:57 | client 4, mask ones: 2, len: 11
2025-11-03 17:24:57 | client 2, mask ones: 2, len: 11
2025-11-03 17:24:58 | enc=True, isSpars=topk, cipher_count=True
2025-11-03 17:24:58 | server receive: ciphertext size:3343211 bytes
2025-11-03 17:24:58 | server agg: epoch 9.
2025-11-03 17:24:58 | id:2,dec time:0.19056463241577148
2025-11-03 17:24:58 | id:0,dec time:0.20056533813476562
2025-11-03 17:24:58 | id:1,dec time:0.1970653533935547
2025-11-03 17:24:58 | id:3,dec time:0.19306492805480957
2025-11-03 17:24:59 | [E9] acc=98.0600% loss=0.0400 time=4.8400s up=3.1883MB down=0.0000MB cum=31.8800MB (best@6:98.2100%)
2025-11-03 17:25:01 | id:4,train time:2.6862881183624268
2025-11-03 17:25:01 | id:1,train time:2.673288345336914
2025-11-03 17:25:01 | id:3,train time:2.714294910430908
2025-11-03 17:25:01 | id:0,train time:2.721794605255127
2025-11-03 17:25:01 | id:1,enc time:0.20601367950439453
2025-11-03 17:25:01 | client 4, mask ones: 2, len: 11
2025-11-03 17:25:01 | client 1, mask ones: 2, len: 11
2025-11-03 17:25:01 | client 2, mask ones: 2, len: 11

2025-11-03 17:25:01 | client 3, mask ones: 2, len: 11
2025-11-03 17:25:01 | id:0,enc time:0.20301365852355957
2025-11-03 17:25:01 | client 0, mask ones: 2, len: 11
2025-11-03 17:25:02 | enc=True, isSpars=topk, cipher_count=True
2025-11-03 17:25:02 | server receive: ciphertext size:3343782 bytes
2025-11-03 17:25:02 | server agg: epoch 10.
2025-11-03 17:25:03 | id:4,dec time:0.19451212882995605
2025-11-03 17:25:03 | id:3,dec time:0.18951201438903809
2025-11-03 17:25:03 | id:0,dec time:0.18951201438903809
2025-11-03 17:25:04 | [E10] acc=98.0300% loss=0.0400 time=4.4200s up=3.1889MB down=0.0000MB cum=35.0689MB (best@6:98.2100%)
2025-11-03 17:25:06 | id:1,train time:2.837324380874634
2025-11-03 17:25:06 | id:2,train time:2.854825735092163
2025-11-03 17:25:06 | id:3,train time:2.859825849533081
2025-11-03 17:25:06 | id:4,train time:2.8318259716033936
2025-11-03 17:25:06 | id:1,enc time:0.19701385498046875
2025-11-03 17:25:06 | client 1, mask ones: 2, len: 11
2025-11-03 17:25:06 | client 3, mask ones: 2, len: 11
2025-11-03 17:25:06 | id:2,enc time:0.2120225429534912
2025-11-03 17:25:06 | id:0,enc time:0.21152281761169434
2025-11-03 17:25:06 | id:4,enc time:0.20951485633850098
2025-11-03 17:25:06 | client 2, mask ones: 2, len: 11
2025-11-03 17:25:06 | client 0, mask ones: 2, len: 11
2025-11-03 17:25:06 | client 4, mask ones: 2, len: 11
2025-11-03 17:25:07 | enc=True, isSpars=topk, cipher_count=True
2025-11-03 17:25:07 | server receive: ciphertext size:3343283 bytes
2025-11-03 17:25:07 | server agg: epoch 11.
2025-11-03 17:25:07 | id:3,dec time:0.19451403617858887
2025-11-03 17:25:07 | id:1,dec time:0.18851470947265625
2025-11-03 17:25:07 | id:0,dec time:0.19301390647888184
2025-11-03 17:25:07 | id:4,dec time:0.19251227378845215
2025-11-03 17:25:08 | [E11] acc=98.1600% loss=0.0300 time=4.5900s up=3.1884MB down=0.0000MB cum=38.2573MB (best@6:98.2100%)
2025-11-03 17:25:10 | id:2,train time:2.8503074645996094
2025-11-03 17:25:10 | id:1,train time:2.8127968311309814
2025-11-03 17:25:10 | id:0,train time:2.8628082275390625
2025-11-03 17:25:10 | id:3,train time:2.8648107051849365
2025-11-03 17:25:10 | id:4,enc time:0.21201348304748535
2025-11-03 17:25:10 | id:3,enc time:0.20451140403747559
2025-11-03 17:25:10 | id:2,enc time:0.20851373672485352
2025-11-03 17:25:10 | id:0,enc time:0.21001076698303223
2025-11-03 17:25:10 | client 4, mask ones: 2, len: 11
2025-11-03 17:25:10 | client 2, mask ones: 2, len: 11
2025-11-03 17:25:10 | client 3, mask ones: 2, len: 11
2025-11-03 17:25:10 | client 1, mask ones: 2, len: 11
2025-11-03 17:25:10 | client 0, mask ones: 2, len: 11
2025-11-03 17:25:11 | enc=True, isSpars=topk, cipher_count=True
2025-11-03 17:25:11 | server receive: ciphertext size:3343053 bytes
2025-11-03 17:25:11 | server agg: epoch 12.
2025-11-03 17:25:12 | id:2,dec time:0.18851494789123535
2025-11-03 17:25:12 | id:0,dec time:0.19252729415893555
2025-11-03 17:25:12 | id:1,dec time:0.19252729415893555
2025-11-03 17:25:13 | [E12] acc=98.1400% loss=0.0400 time=4.5600s up=3.1882MB down=0.0000MB cum=41.4455MB (best@6:98.2100%)
2025-11-03 17:25:14 | id:3,train time:2.578322172164917
2025-11-03 17:25:14 | id:0,train time:2.6008238792419434
2025-11-03 17:25:14 | id:2,train time:2.5508172512054443
2025-11-03 17:25:14 | id:1,train time:2.6118223667144775
2025-11-03 17:25:15 | id:3,enc time:0.20101046562194824
2025-11-03 17:25:15 | client 3, mask ones: 2, len: 11
2025-11-03 17:25:15 | id:4,enc time:0.2000107765197754
2025-11-03 17:25:15 | id:1,enc time:0.20151209831237793
2025-11-03 17:25:15 | client 4, mask ones: 2, len: 11
2025-11-03 17:25:15 | id:2,enc time:0.19851160049438477
2025-11-03 17:25:15 | client 0, mask ones: 2, len: 11
2025-11-03 17:25:15 | client 1, mask ones: 2, len: 11
2025-11-03 17:25:15 | client 2, mask ones: 2, len: 11
2025-11-03 17:25:16 | enc=True, isSpars=topk, cipher_count=True
2025-11-03 17:25:16 | server receive: ciphertext size:3343261 bytes
2025-11-03 17:25:16 | server agg: epoch 13.
2025-11-03 17:25:16 | id:2,dec time:0.19403338432312012
2025-11-03 17:25:16 | id:0,dec time:0.19453215599060059
2025-11-03 17:25:16 | id:3,dec time:0.19353318214416504
2025-11-03 17:25:16 | id:4,dec time:0.19303154945373535
2025-11-03 17:25:16 | id:1,dec time:0.19253134727478027
2025-11-03 17:25:17 | [E13] acc=98.1800% loss=0.0400 time=4.3000s up=3.1884MB down=0.0000MB cum=44.6338MB (best@6:98.2100%)
2025-11-03 17:25:19 | id:1,train time:2.395277976989746
2025-11-03 17:25:19 | id:2,train time:2.3847787380218506
2025-11-03 17:25:19 | id:4,train time:2.342272996902466
2025-11-03 17:25:19 | id:0,train time:2.3992791175842285
2025-11-03 17:25:19 | id:4,enc time:0.19551920890808105
2025-11-03 17:25:19 | client 4, mask ones: 2, len: 11
2025-11-03 17:25:19 | id:3,enc time:0.2055191993713379
2025-11-03 17:25:19 | id:1,enc time:0.20701909065246582
2025-11-03 17:25:19 | id:0,enc time:0.20252156257629395
2025-11-03 17:25:19 | client 3, mask ones: 2, len: 11
2025-11-03 17:25:19 | id:2,enc time:0.21151995658874512
2025-11-03 17:25:19 | client 1, mask ones: 2, len: 11
2025-11-03 17:25:19 | client 0, mask ones: 2, len: 11
2025-11-03 17:25:19 | client 2, mask ones: 2, len: 11
2025-11-03 17:25:20 | enc=True, isSpars=topk, cipher_count=True
2025-11-03 17:25:20 | server receive: ciphertext size:3343635 bytes
2025-11-03 17:25:20 | server agg: epoch 14.
2025-11-03 17:25:20 | id:0,dec time:0.19151902198791504
2025-11-03 17:25:20 | id:1,dec time:0.19601893424987793
2025-11-03 17:25:20 | id:2,dec time:0.1925191879272461
2025-11-03 17:25:20 | id:3,dec time:0.19601941108703613
2025-11-03 17:25:20 | id:4,dec time:0.19101905822753906
2025-11-03 17:25:21 | [E14] acc=98.0900% loss=0.0400 time=4.0500s up=3.1887MB down=0.0000MB cum=47.8226MB (best@6:98.2100%)
2025-11-03 17:25:23 | id:1,train time:2.8133676052093506
2025-11-03 17:25:23 | id:2,train time:2.8013625144958496
2025-11-03 17:25:23 | id:4,train time:2.8223674297332764
2025-11-03 17:25:23 | id:0,enc time:0.19602012634277344
2025-11-03 17:25:23 | id:2,enc time:0.20952320098876953
2025-11-03 17:25:23 | id:1,enc time:0.2080228328704834
2025-11-03 17:25:23 | client 2, mask ones: 2, len: 11
2025-11-03 17:25:23 | client 0, mask ones: 2, len: 11
2025-11-03 17:25:23 | id:4,enc time:0.21152019500732422
2025-11-03 17:25:23 | client 3, mask ones: 2, len: 11
2025-11-03 17:25:23 | client 1, mask ones: 2, len: 11
2025-11-03 17:25:23 | client 4, mask ones: 2, len: 11
2025-11-03 17:25:24 | enc=True, isSpars=topk, cipher_count=True
2025-11-03 17:25:24 | server receive: ciphertext size:3343249 bytes
2025-11-03 17:25:24 | server agg: epoch 15.
2025-11-03 17:25:25 | id:3,dec time:0.19403767585754395
2025-11-03 17:25:25 | id:1,dec time:0.19403767585754395
2025-11-03 17:25:25 | id:0,dec time:0.19103765487670898
2025-11-03 17:25:26 | [Converged] round=15, best_acc=98.2100 at round 5
2025-11-03 17:25:26 | server end!
2025-11-03 17:25:26 | [Summary] mode=enc-ckks-topk-0.1 | rounds_run=16 | best_acc=98.2100% (best@6) | time=88.5059s | up=51.0110MB | down=0.0000MB | total=51.0110MB | avg_up/participation=3.1882MB | 
2025-11-03 17:25:26 | Total ciphertext size: 53488861 bytes, size list: [3343644, 3341324, 3343446, 3343369, 3342998, 3343171, 3343182, 3342213, 3342040, 3343211, 3343782, 3343283, 3343053, 3343261, 3343635, 3343249].
2025-11-03 17:25:26 | Accuracy list: [94.73, 97.24, 97.87, 97.96, 97.97, 98.21, 98.21, 98.27, 98.13, 98.06, 98.03, 98.16, 98.14, 98.18, 98.09, 98.21]%.
2025-11-03 17:25:26 | Loss list:[0.13, 0.06, 0.04, 0.04, 0.04, 0.03, 0.03, 0.03, 0.03, 0.04, 0.04, 0.03, 0.04, 0.04, 0.04, 0.04]
2025-11-03 17:25:26 | time list:[20.67, 4.55, 4.8, 4.72, 4.67, 4.17, 4.58, 4.37, 4.34, 4.84, 4.42, 4.59, 4.56, 4.3, 4.05]s
2025-11-03 17:25:26 | Participate list: [16, 16, 16, 16, 16].
2025-11-03 17:25:26 | tmp_len_clusters:[]
2025-11-03 17:25:28 | id:3,train time:3.0950496196746826
2025-11-03 17:25:28 | id:1,train time:3.118560552597046

2025-11-03 17:25:28 | id:4,train time:3.1090614795684814
2025-11-03 17:25:28 | id:0,train time:3.1100568771362305
