2025-11-03 17:27:07 | Basic information: device cpu, learning rate 0.001, num clients 5, epochs 100,noniid_method dirichlet,            isEnc True,isBatch True,sparsification topk, client selection False,topk 0.1, enc_batch_size 2048
2025-11-03 17:27:08 | training weights: [0.2, 0.2, 0.2, 0.2, 0.2]
2025-11-03 17:27:08 | testing weights:[0.2, 0.2, 0.2, 0.2, 0.2]
2025-11-03 17:27:08 | client0, train samples 12000,test samples 2000
2025-11-03 17:27:08 | client1, train samples 12000,test samples 2000
2025-11-03 17:27:08 | client2, train samples 12000,test samples 2000
2025-11-03 17:27:08 | client3, train samples 12000,test samples 2000
2025-11-03 17:27:08 | client4, train samples 12000,test samples 2000
2025-11-03 17:27:08 | data split finished!
2025-11-03 17:27:08 | Batch num:22
2025-11-03 17:27:16 | id:0,train time:1.681837797164917
2025-11-03 17:27:16 | id:0,enc time:0.21302390098571777
2025-11-03 17:27:16 | client 0, mask ones: 3, len: 22
2025-11-03 17:27:19 | id:1,train time:1.776885747909546
2025-11-03 17:27:19 | id:1,enc time:0.21253037452697754
2025-11-03 17:27:19 | client 1, mask ones: 3, len: 22
2025-11-03 17:27:22 | id:2,train time:1.7916018962860107
2025-11-03 17:27:22 | id:2,enc time:0.21152353286743164
2025-11-03 17:27:22 | client 2, mask ones: 3, len: 22
2025-11-03 17:27:25 | id:3,train time:1.7428064346313477
2025-11-03 17:27:25 | id:3,enc time:0.2120223045349121
2025-11-03 17:27:25 | client 3, mask ones: 3, len: 22
2025-11-03 17:27:28 | id:4,train time:1.7889680862426758
2025-11-03 17:27:28 | id:4,enc time:0.20901942253112793
2025-11-03 17:27:28 | client 4, mask ones: 3, len: 22
2025-11-03 17:27:29 | enc=True, isSpars=topk, cipher_count=True
2025-11-03 17:27:29 | server receive: ciphertext size:5015528 bytes
2025-11-03 17:27:29 | server agg: epoch 0.
2025-11-03 17:27:30 | id:2,dec time:0.208514690399169922025-11-03 17:27:30 | id:0,dec time:0.20751476287841797
2025-11-03 17:27:30 | id:1,dec time:0.2240145206451416

2025-11-03 17:27:31 | [E0] acc=95.1400% loss=0.1200 time=19.7500s up=4.7832MB down=0.0000MB cum=4.7832MB (best@1:95.1400%)
2025-11-03 17:27:32 | id:4,train time:2.459749460220337
2025-11-03 17:27:33 | id:4,enc time:0.2815256118774414
2025-11-03 17:27:33 | client 4, mask ones: 3, len: 22
2025-11-03 17:27:33 | id:0,train time:2.751272201538086
2025-11-03 17:27:33 | id:3,train time:2.7452785968780518
2025-11-03 17:27:33 | id:2,train time:2.7567739486694336
2025-11-03 17:27:33 | id:0,enc time:0.20151877403259277
2025-11-03 17:27:33 | id:2,enc time:0.202512502670288092025-11-03 17:27:33 | id:1,enc time:0.2140209674835205
2025-11-03 17:27:33 | client 0, mask ones: 3, len: 22
2025-11-03 17:27:33 | client 3, mask ones: 3, len: 22
2025-11-03 17:27:33 | client 2, mask ones: 3, len: 22
2025-11-03 17:27:33 | client 1, mask ones: 3, len: 22
2025-11-03 17:27:34 | enc=True, isSpars=topk, cipher_count=True
2025-11-03 17:27:34 | server receive: ciphertext size:5015013 bytes
2025-11-03 17:27:34 | server agg: epoch 1.
2025-11-03 17:27:34 | id:3,dec time:0.19601106643676758
2025-11-03 17:27:34 | id:2,dec time:0.1910104751586914
2025-11-03 17:27:34 | id:0,dec time:0.1955108642578125
2025-11-03 17:27:34 | id:1,dec time:0.2020101547241211
2025-11-03 17:27:35 | [E1] acc=97.3600% loss=0.0600 time=4.4600s up=4.7827MB down=0.0000MB cum=9.5659MB (best@2:97.3600%)
2025-11-03 17:27:37 | id:1,train time:2.8553078174591064
2025-11-03 17:27:37 | id:0,train time:2.8808112144470215
2025-11-03 17:27:37 | id:3,train time:2.890819549560547
2025-11-03 17:27:37 | id:2,train time:2.903820037841797
2025-11-03 17:27:37 | id:0,enc time:0.2020115852355957

2025-11-03 17:27:37 | id:4,enc time:0.20351171493530273
2025-11-03 17:27:37 | client 1, mask ones: 3, len: 22
2025-11-03 17:27:37 | client 0, mask ones: 3, len: 22

2025-11-03 17:27:37 | client 4, mask ones: 3, len: 22
2025-11-03 17:27:37 | client 3, mask ones: 3, len: 22
2025-11-03 17:27:37 | id:2,enc time:0.20601105690002441
2025-11-03 17:27:37 | client 2, mask ones: 3, len: 22
2025-11-03 17:27:39 | enc=True, isSpars=topk, cipher_count=True
2025-11-03 17:27:39 | server receive: ciphertext size:5014305 bytes
2025-11-03 17:27:39 | server agg: epoch 2.
2025-11-03 17:27:39 | id:4,dec time:0.1955089569091797
2025-11-03 17:27:39 | id:0,dec time:0.188513994216918952025-11-03 17:27:39 | id:3,dec time:0.1930100917816162
2025-11-03 17:27:39 | id:2,dec time:0.19850921630859375
2025-11-03 17:27:40 | [E2] acc=97.5100% loss=0.0500 time=4.6100s up=4.7820MB down=0.0000MB cum=14.3479MB (best@3:97.5100%)
2025-11-03 17:27:42 | id:4,train time:2.881286144256592
2025-11-03 17:27:42 | id:1,train time:2.9517908096313477
2025-11-03 17:27:42 | id:0,train time:2.9422924518585205
2025-11-03 17:27:42 | id:4,enc time:0.2210242748260498
2025-11-03 17:27:42 | client 4, mask ones: 3, len: 22
2025-11-03 17:27:42 | id:0,enc time:0.20352792739868164
2025-11-03 17:27:42 | id:2,enc time:0.2130286693572998

2025-11-03 17:27:42 | client 0, mask ones: 3, len: 22
2025-11-03 17:27:42 | id:3,enc time:0.21202874183654785
2025-11-03 17:27:42 | client 1, mask ones: 3, len: 22
2025-11-03 17:27:42 | client 2, mask ones: 3, len: 22
2025-11-03 17:27:42 | client 3, mask ones: 3, len: 22
2025-11-03 17:27:43 | enc=True, isSpars=topk, cipher_count=True
2025-11-03 17:27:43 | server receive: ciphertext size:5014592 bytes
2025-11-03 17:27:43 | server agg: epoch 3.
2025-11-03 17:27:43 | id:4,dec time:0.19851231575012207
2025-11-03 17:27:43 | id:2,dec time:0.1975109577178955
2025-11-03 17:27:43 | id:1,dec time:0.18951082229614258
2025-11-03 17:27:43 | id:0,dec time:0.19201064109802246
2025-11-03 17:27:45 | [E3] acc=97.8500% loss=0.0400 time=4.7200s up=4.7823MB down=0.0000MB cum=19.1302MB (best@4:97.8500%)
2025-11-03 17:27:47 | id:4,train time:2.877321720123291
2025-11-03 17:27:47 | id:3,train time:2.8913283348083496
2025-11-03 17:27:47 | id:2,train time:2.9083282947540283
2025-11-03 17:27:47 | id:0,train time:2.9123289585113525
2025-11-03 17:27:47 | id:1,train time:2.836822986602783
2025-11-03 17:27:47 | id:4,enc time:0.21401071548461914
2025-11-03 17:27:47 | id:3,enc time:0.21351075172424316
2025-11-03 17:27:47 | client 4, mask ones: 3, len: 22
2025-11-03 17:27:47 | client 3, mask ones: 3, len: 22
2025-11-03 17:27:47 | id:2,enc time:0.2090132236480713

2025-11-03 17:27:47 | id:0,enc time:0.2085127830505371
2025-11-03 17:27:47 | client 1, mask ones: 3, len: 22
2025-11-03 17:27:47 | client 2, mask ones: 3, len: 22
2025-11-03 17:27:47 | client 0, mask ones: 3, len: 22
2025-11-03 17:27:48 | enc=True, isSpars=topk, cipher_count=True
2025-11-03 17:27:48 | server receive: ciphertext size:5014265 bytes
2025-11-03 17:27:48 | server agg: epoch 4.
2025-11-03 17:27:48 | id:3,dec time:0.19600963592529297
2025-11-03 17:27:48 | id:0,dec time:0.19401097297668457
2025-11-03 17:27:48 | id:1,dec time:0.19101285934448242
2025-11-03 17:27:49 | [E4] acc=97.8700% loss=0.0400 time=4.5700s up=4.7820MB down=0.0000MB cum=23.9121MB (best@4:97.8500%)
2025-11-03 17:27:52 | id:4,train time:3.253842353820801
2025-11-03 17:27:52 | id:1,train time:3.279844045639038
2025-11-03 17:27:52 | id:3,train time:3.3033416271209717
2025-11-03 17:27:52 | id:0,train time:3.306342840194702
2025-11-03 17:27:52 | id:2,train time:3.299842357635498
2025-11-03 17:27:52 | id:4,enc time:0.22151398658752441
2025-11-03 17:27:52 | client 4, mask ones: 3, len: 22
2025-11-03 17:27:52 | id:1,enc time:0.22201299667358398
2025-11-03 17:27:52 | client 3, mask ones: 3, len: 22
2025-11-03 17:27:52 | id:0,enc time:0.20101284980773926
2025-11-03 17:27:52 | id:2,enc time:0.2090163230895996
2025-11-03 17:27:52 | client 1, mask ones: 3, len: 22
2025-11-03 17:27:52 | client 0, mask ones: 3, len: 22
2025-11-03 17:27:52 | client 2, mask ones: 3, len: 22
2025-11-03 17:27:53 | enc=True, isSpars=topk, cipher_count=True
2025-11-03 17:27:53 | server receive: ciphertext size:5014191 bytes
2025-11-03 17:27:53 | server agg: epoch 5.
2025-11-03 17:27:53 | id:0,dec time:0.19001007080078125
2025-11-03 17:27:53 | id:2,dec time:0.1915113925933838
2025-11-03 17:27:53 | id:3,dec time:0.19051003456115723
2025-11-03 17:27:53 | id:1,dec time:0.1995105743408203
2025-11-03 17:27:54 | [E5] acc=98.0700% loss=0.0400 time=5.0700s up=4.7819MB down=0.0000MB cum=28.6941MB (best@6:98.0700%)
2025-11-03 17:27:56 | id:2,train time:2.77482008934021

2025-11-03 17:27:56 | id:3,train time:2.7718212604522705
2025-11-03 17:27:56 | id:4,train time:2.787320375442505
2025-11-03 17:27:56 | id:1,enc time:0.20501160621643066
2025-11-03 17:27:56 | client 2, mask ones: 3, len: 22
2025-11-03 17:27:56 | id:4,enc time:0.20601201057434082
2025-11-03 17:27:56 | id:3,enc time:0.2195138931274414
2025-11-03 17:27:56 | client 0, mask ones: 3, len: 22
2025-11-03 17:27:56 | client 1, mask ones: 3, len: 22
2025-11-03 17:27:56 | client 4, mask ones: 3, len: 22
2025-11-03 17:27:56 | client 3, mask ones: 3, len: 22
2025-11-03 17:27:57 | enc=True, isSpars=topk, cipher_count=True
2025-11-03 17:27:57 | server receive: ciphertext size:5015198 bytes
2025-11-03 17:27:57 | server agg: epoch 6.
2025-11-03 17:27:58 | id:3,dec time:0.19901037216186523
2025-11-03 17:27:58 | id:2,dec time:0.2000102996826172
2025-11-03 17:27:58 | id:0,dec time:0.19201087951660156
2025-11-03 17:27:59 | [E6] acc=98.0600% loss=0.0300 time=4.4500s up=4.7829MB down=0.0000MB cum=33.4769MB (best@6:98.0700%)
2025-11-03 17:28:01 | id:3,train time:2.7833175659179688
2025-11-03 17:28:01 | id:4,train time:2.75131893157959
2025-11-03 17:28:01 | id:2,train time:2.8183395862579346
2025-11-03 17:28:01 | id:0,train time:2.7833282947540283
2025-11-03 17:28:01 | id:1,train time:2.7798259258270264
2025-11-03 17:28:01 | id:3,enc time:0.21453261375427246
2025-11-03 17:28:01 | client 3, mask ones: 3, len: 22
2025-11-03 17:28:01 | id:0,enc time:0.2060258388519287
2025-11-03 17:28:01 | id:1,enc time:0.21102094650268555
2025-11-03 17:28:01 | client 2, mask ones: 3, len: 22
2025-11-03 17:28:01 | client 1, mask ones: 3, len: 22
2025-11-03 17:28:01 | client 0, mask ones: 3, len: 22
2025-11-03 17:28:02 | enc=True, isSpars=topk, cipher_count=True
2025-11-03 17:28:02 | server receive: ciphertext size:5015734 bytes
2025-11-03 17:28:02 | server agg: epoch 7.
2025-11-03 17:28:02 | id:2,dec time:0.18902277946472168
2025-11-03 17:28:02 | id:3,dec time:0.19352149963378906
2025-11-03 17:28:02 | id:1,dec time:0.19501948356628418
2025-11-03 17:28:03 | [E7] acc=98.2000% loss=0.0300 time=4.5400s up=4.7834MB down=0.0000MB cum=38.2603MB (best@8:98.2000%)
2025-11-03 17:28:05 | id:3,train time:2.7012860774993896
2025-11-03 17:28:05 | id:1,train time:2.7187812328338623
2025-11-03 17:28:05 | id:2,train time:2.710283041000366
2025-11-03 17:28:05 | id:0,train time:2.708282470703125
2025-11-03 17:28:05 | id:1,enc time:0.21402382850646973
2025-11-03 17:28:05 | id:4,enc time:0.2125248908996582
2025-11-03 17:28:05 | id:3,enc time:0.21052336692810059
2025-11-03 17:28:05 | client 4, mask ones: 3, len: 22
2025-11-03 17:28:05 | client 1, mask ones: 3, len: 22
2025-11-03 17:28:05 | client 3, mask ones: 3, len: 22
2025-11-03 17:28:05 | id:2,enc time:0.21154379844665527
2025-11-03 17:28:05 | client 2, mask ones: 3, len: 22
2025-11-03 17:28:05 | id:0,enc time:0.20004916191101074
2025-11-03 17:28:05 | client 0, mask ones: 3, len: 22
2025-11-03 17:28:07 | enc=True, isSpars=topk, cipher_count=True
2025-11-03 17:28:07 | server receive: ciphertext size:5013389 bytes
2025-11-03 17:28:07 | server agg: epoch 8.
2025-11-03 17:28:07 | id:3,dec time:0.19251680374145508
2025-11-03 17:28:07 | id:4,dec time:0.19352102279663086
2025-11-03 17:28:07 | id:2,dec time:0.19301724433898926
2025-11-03 17:28:08 | [E8] acc=98.1600% loss=0.0300 time=4.4800s up=4.7811MB down=0.0000MB cum=43.0414MB (best@8:98.2000%)
2025-11-03 17:28:10 | id:4,train time:2.977848768234253
2025-11-03 17:28:10 | id:2,train time:2.9678430557250977
2025-11-03 17:28:10 | id:0,train time:3.0103471279144287
2025-11-03 17:28:10 | id:4,enc time:0.21603798866271973
2025-11-03 17:28:10 | client 4, mask ones: 3, len: 22
2025-11-03 17:28:10 | id:2,enc time:0.20654535293579102
2025-11-03 17:28:10 | id:0,enc time:0.20654702186584473
2025-11-03 17:28:10 | id:3,enc time:0.20804691314697266
2025-11-03 17:28:10 | client 2, mask ones: 3, len: 22
2025-11-03 17:28:10 | client 1, mask ones: 3, len: 22
2025-11-03 17:28:10 | client 0, mask ones: 3, len: 22
2025-11-03 17:28:10 | client 3, mask ones: 3, len: 22
2025-11-03 17:28:11 | enc=True, isSpars=topk, cipher_count=True
2025-11-03 17:28:11 | server receive: ciphertext size:5015011 bytes
2025-11-03 17:28:11 | server agg: epoch 9.
2025-11-03 17:28:11 | id:1,dec time:0.1970212459564209

2025-11-03 17:28:11 | id:3,dec time:0.1970212459564209

2025-11-03 17:28:11 | id:2,dec time:0.1890239715576172
2025-11-03 17:28:13 | [E9] acc=98.0100% loss=0.0400 time=4.7000s up=4.7827MB down=0.0000MB cum=47.8241MB (best@8:98.2000%)
2025-11-03 17:28:14 | id:0,train time:2.340268135070801
2025-11-03 17:28:14 | id:1,train time:2.3357672691345215
2025-11-03 17:28:14 | id:4,train time:2.336268424987793
2025-11-03 17:28:14 | id:3,train time:2.3432700634002686
2025-11-03 17:28:14 | id:3,enc time:0.1995220184326172
2025-11-03 17:28:14 | id:1,enc time:0.2050180435180664
2025-11-03 17:28:14 | id:2,enc time:0.2035200595855713

2025-11-03 17:28:14 | id:0,enc time:0.20201992988586426
2025-11-03 17:28:14 | client 1, mask ones: 3, len: 22
2025-11-03 17:28:14 | client 3, mask ones: 3, len: 22
2025-11-03 17:28:14 | client 4, mask ones: 3, len: 22
2025-11-03 17:28:14 | client 2, mask ones: 3, len: 22
2025-11-03 17:28:14 | client 0, mask ones: 3, len: 22
2025-11-03 17:28:15 | enc=True, isSpars=topk, cipher_count=True
2025-11-03 17:28:15 | server receive: ciphertext size:5014486 bytes
2025-11-03 17:28:15 | server agg: epoch 10.
2025-11-03 17:28:16 | id:2,dec time:0.19704580307006836
2025-11-03 17:28:16 | id:0,dec time:0.19354462623596191
2025-11-03 17:28:16 | id:1,dec time:0.19554543495178223
2025-11-03 17:28:16 | id:4,dec time:0.19204449653625488
2025-11-03 17:28:17 | [E10] acc=98.1800% loss=0.0400 time=4.0900s up=4.7822MB down=0.0000MB cum=52.6063MB (best@8:98.2000%)
2025-11-03 17:28:18 | id:3,train time:2.5427842140197754
2025-11-03 17:28:18 | id:0,train time:2.546292543411255
2025-11-03 17:28:18 | id:1,train time:2.5607926845550537
2025-11-03 17:28:19 | id:3,enc time:0.21551895141601562
2025-11-03 17:28:19 | id:4,enc time:0.20902419090270996
2025-11-03 17:28:19 | id:0,enc time:0.2160181999206543
2025-11-03 17:28:19 | client 3, mask ones: 3, len: 22
2025-11-03 17:28:19 | id:2,enc time:0.20801663398742676
2025-11-03 17:28:19 | client 4, mask ones: 3, len: 22
2025-11-03 17:28:19 | id:1,enc time:0.21651458740234375
2025-11-03 17:28:19 | client 0, mask ones: 3, len: 22
2025-11-03 17:28:19 | client 2, mask ones: 3, len: 22
2025-11-03 17:28:19 | client 1, mask ones: 3, len: 22
2025-11-03 17:28:20 | enc=True, isSpars=topk, cipher_count=True
2025-11-03 17:28:20 | server receive: ciphertext size:5013194 bytes
2025-11-03 17:28:20 | server agg: epoch 11.
2025-11-03 17:28:20 | id:0,dec time:0.19501757621765137
2025-11-03 17:28:20 | id:2,dec time:0.1965165138244629
2025-11-03 17:28:20 | id:4,dec time:0.196017503738403322025-11-03 17:28:20 | id:3,dec time:0.19201231002807617
2025-11-03 17:28:21 | [E11] acc=98.1700% loss=0.0400 time=4.3000s up=4.7810MB down=0.0000MB cum=57.3873MB (best@8:98.2000%)
2025-11-03 17:28:23 | id:3,train time:2.694300889968872

2025-11-03 17:28:23 | id:2,train time:2.699803352355957

2025-11-03 17:28:23 | id:0,train time:2.711801290512085
2025-11-03 17:28:23 | id:4,enc time:0.22202110290527344
2025-11-03 17:28:23 | id:1,enc time:0.20702409744262695
2025-11-03 17:28:23 | id:2,enc time:0.20502376556396484
2025-11-03 17:28:23 | client 0, mask ones: 3, len: 22
2025-11-03 17:28:23 | client 1, mask ones: 3, len: 22
2025-11-03 17:28:23 | client 4, mask ones: 3, len: 22
2025-11-03 17:28:23 | client 2, mask ones: 3, len: 22
2025-11-03 17:28:23 | client 3, mask ones: 3, len: 22
2025-11-03 17:28:24 | enc=True, isSpars=topk, cipher_count=True
2025-11-03 17:28:24 | server receive: ciphertext size:5014425 bytes
2025-11-03 17:28:24 | server agg: epoch 12.
2025-11-03 17:28:24 | id:1,dec time:0.19204354286193848
2025-11-03 17:28:24 | id:0,dec time:0.19104456901550293
2025-11-03 17:28:24 | id:4,dec time:0.19103360176086426
2025-11-03 17:28:26 | [E12] acc=97.9900% loss=0.0500 time=4.4300s up=4.7821MB down=0.0000MB cum=62.1694MB (best@8:98.2000%)
2025-11-03 17:28:27 | id:4,train time:2.8226840496063232
2025-11-03 17:28:27 | id:3,train time:2.8316869735717773
2025-11-03 17:28:27 | id:2,train time:2.8366851806640625
2025-11-03 17:28:28 | id:1,enc time:0.21152639389038086
2025-11-03 17:28:28 | id:4,enc time:0.2125246524810791
2025-11-03 17:28:28 | client 3, mask ones: 3, len: 22

2025-11-03 17:28:28 | id:2,enc time:0.2080223560333252
2025-11-03 17:28:28 | client 4, mask ones: 3, len: 22
2025-11-03 17:28:28 | client 1, mask ones: 3, len: 22
2025-11-03 17:28:28 | client 0, mask ones: 3, len: 22
2025-11-03 17:28:28 | client 2, mask ones: 3, len: 22
2025-11-03 17:28:29 | enc=True, isSpars=topk, cipher_count=True
2025-11-03 17:28:29 | server receive: ciphertext size:5013473 bytes
2025-11-03 17:28:29 | server agg: epoch 13.
2025-11-03 17:28:29 | id:4,dec time:0.18803119659423828
2025-11-03 17:28:29 | id:2,dec time:0.19252777099609375
2025-11-03 17:28:29 | id:0,dec time:0.18952250480651855
2025-11-03 17:28:29 | id:3,dec time:0.19151830673217773
2025-11-03 17:28:29 | id:1,dec time:0.20051813125610352
2025-11-03 17:28:30 | [E13] acc=98.2900% loss=0.0300 time=4.5600s up=4.7812MB down=0.0000MB cum=66.9506MB (best@8:98.2000%)
2025-11-03 17:28:32 | id:4,train time:2.6523475646972656
2025-11-03 17:28:32 | id:3,train time:2.6698496341705322
2025-11-03 17:28:32 | id:1,train time:2.6548542976379395
2025-11-03 17:28:32 | id:0,train time:2.6848549842834473
2025-11-03 17:28:32 | id:4,enc time:0.21104001998901367
2025-11-03 17:28:32 | id:3,enc time:0.20804405212402344
2025-11-03 17:28:32 | client 4, mask ones: 3, len: 22
2025-11-03 17:28:32 | client 3, mask ones: 3, len: 22
2025-11-03 17:28:32 | id:1,enc time:0.21202874183654785
2025-11-03 17:28:32 | id:2,enc time:0.2095320224761963
2025-11-03 17:28:32 | id:0,enc time:0.20602774620056152
2025-11-03 17:28:32 | client 1, mask ones: 3, len: 22
2025-11-03 17:28:32 | client 2, mask ones: 3, len: 22
2025-11-03 17:28:32 | client 0, mask ones: 3, len: 22
2025-11-03 17:28:33 | enc=True, isSpars=topk, cipher_count=True
2025-11-03 17:28:33 | server receive: ciphertext size:5013936 bytes
2025-11-03 17:28:33 | server agg: epoch 14.
2025-11-03 17:28:33 | id:2,dec time:0.19451308250427246
2025-11-03 17:28:33 | id:1,dec time:0.1935124397277832

2025-11-03 17:28:33 | id:0,dec time:0.1905064582824707
2025-11-03 17:28:35 | [E14] acc=98.1100% loss=0.0400 time=4.3700s up=4.7817MB down=0.0000MB cum=71.7323MB (best@8:98.2000%)
2025-11-03 17:28:36 | id:1,train time:2.949807643890381

2025-11-03 17:28:36 | id:0,train time:2.9898087978363037
2025-11-03 17:28:37 | id:1,enc time:0.2110147476196289

2025-11-03 17:28:37 | id:3,enc time:0.20751380920410156
2025-11-03 17:28:37 | client 4, mask ones: 3, len: 22
2025-11-03 17:28:37 | client 1, mask ones: 3, len: 22
2025-11-03 17:28:37 | id:2,enc time:0.2040114402770996
2025-11-03 17:28:37 | client 3, mask ones: 3, len: 22
2025-11-03 17:28:37 | id:0,enc time:0.20101189613342285
2025-11-03 17:28:37 | client 2, mask ones: 3, len: 22
2025-11-03 17:28:37 | client 0, mask ones: 3, len: 22
2025-11-03 17:28:38 | enc=True, isSpars=topk, cipher_count=True
2025-11-03 17:28:38 | server receive: ciphertext size:5014511 bytes
2025-11-03 17:28:38 | server agg: epoch 15.
2025-11-03 17:28:38 | id:4,dec time:0.19451069831848145
2025-11-03 17:28:38 | id:1,dec time:0.19501042366027832
2025-11-03 17:28:38 | id:0,dec time:0.1890115737915039
2025-11-03 17:28:38 | id:3,dec time:0.19451069831848145
2025-11-03 17:28:39 | [E15] acc=98.1800% loss=0.0400 time=4.6700s up=4.7822MB down=0.0000MB cum=76.5145MB (best@8:98.2000%)
2025-11-03 17:28:41 | id:1,train time:2.7657957077026367
2025-11-03 17:28:41 | id:3,train time:2.777794122695923
2025-11-03 17:28:41 | id:2,train time:2.775796413421631
2025-11-03 17:28:41 | id:0,train time:2.784792423248291
2025-11-03 17:28:41 | id:3,enc time:0.21102285385131836
2025-11-03 17:28:41 | id:1,enc time:0.2225203514099121
2025-11-03 17:28:41 | client 4, mask ones: 3, len: 22
2025-11-03 17:28:41 | id:2,enc time:0.22052574157714844
2025-11-03 17:28:41 | id:0,enc time:0.21302509307861328
2025-11-03 17:28:41 | client 3, mask ones: 3, len: 22
2025-11-03 17:28:41 | client 1, mask ones: 3, len: 22
2025-11-03 17:28:41 | client 2, mask ones: 3, len: 22
2025-11-03 17:28:41 | client 0, mask ones: 3, len: 22
2025-11-03 17:28:42 | enc=True, isSpars=topk, cipher_count=True
2025-11-03 17:28:42 | server receive: ciphertext size:5014162 bytes
2025-11-03 17:28:42 | server agg: epoch 16.
2025-11-03 17:28:42 | id:4,dec time:0.19701766967773438
2025-11-03 17:28:42 | id:2,dec time:0.19551849365234375
2025-11-03 17:28:42 | id:3,dec time:0.19351744651794434
2025-11-03 17:28:44 | [E16] acc=98.2000% loss=0.0400 time=4.5100s up=4.7819MB down=0.0000MB cum=81.2964MB (best@8:98.2000%)
2025-11-03 17:28:45 | id:0,train time:2.621781826019287

2025-11-03 17:28:45 | id:2,train time:2.6272823810577393
2025-11-03 17:28:45 | id:1,train time:2.6542816162109375
2025-11-03 17:28:46 | id:2,enc time:0.20701122283935547
2025-11-03 17:28:46 | id:3,enc time:0.20801019668579102
2025-11-03 17:28:46 | client 2, mask ones: 3, len: 22
2025-11-03 17:28:46 | id:0,enc time:0.21851062774658203
2025-11-03 17:28:46 | client 4, mask ones: 3, len: 22
2025-11-03 17:28:46 | client 3, mask ones: 3, len: 22
2025-11-03 17:28:46 | client 0, mask ones: 3, len: 22
2025-11-03 17:28:46 | id:1,enc time:0.20551037788391113
2025-11-03 17:28:46 | client 1, mask ones: 3, len: 22
2025-11-03 17:28:47 | enc=True, isSpars=topk, cipher_count=True
2025-11-03 17:28:47 | server receive: ciphertext size:5014708 bytes
2025-11-03 17:28:47 | server agg: epoch 17.
2025-11-03 17:28:47 | id:3,dec time:0.1920156478881836
2025-11-03 17:28:47 | id:2,dec time:0.1940162181854248
2025-11-03 17:28:47 | id:0,dec time:0.19451570510864258
2025-11-03 17:28:47 | id:1,dec time:0.20552372932434082
2025-11-03 17:28:47 | id:4,dec time:0.205521821975708
2025-11-03 17:28:48 | [Converged] round=17, best_acc=98.2000 at round 7
2025-11-03 17:28:48 | server end!
2025-11-03 17:28:48 | [Summary] mode=enc-ckks-topk-0.1 | rounds_run=18 | best_acc=98.2000% (best@8) | time=96.9479s | up=86.0788MB | down=0.0000MB | total=86.0788MB | avg_up/participation=4.7821MB | 
2025-11-03 17:28:49 | Total ciphertext size: 90260121 bytes, size list: [5015528, 5015013, 5014305, 5014592, 5014265, 5014191, 5015198, 5015734, 5013389, 5015011, 5014486, 5013194, 5014425, 5013473, 5013936, 5014511, 5014162, 5014708].
2025-11-03 17:28:49 | Accuracy list: [95.14, 97.36, 97.51, 97.85, 97.87, 98.07, 98.06, 98.2, 98.16, 98.01, 98.18, 98.17, 97.99, 98.29, 98.11, 98.18, 98.2, 98.08]%.
2025-11-03 17:28:49 | Loss list:[0.12, 0.06, 0.05, 0.04, 0.04, 0.04, 0.03, 0.03, 0.03, 0.04, 0.04, 0.04, 0.05, 0.03, 0.04, 0.04, 0.04, 0.05]
2025-11-03 17:28:49 | time list:[19.75, 4.46, 4.61, 4.72, 4.57, 5.07, 4.45, 4.54, 4.48, 4.7, 4.09, 4.3, 4.43, 4.56, 4.37, 4.67, 4.51]s
2025-11-03 17:28:49 | Participate list: [18, 18, 18, 18, 18].
2025-11-03 17:28:49 | tmp_len_clusters:[]
2025-11-03 17:28:50 | id:3,train time:2.7242958545684814
2025-11-03 17:28:50 | id:2,train time:2.7508044242858887
2025-11-03 17:28:50 | id:1,train time:2.6987993717193604
2025-11-03 17:28:50 | id:4,train time:2.7072997093200684
