2025-11-03 17:37:53 | Basic information: device cpu, learning rate 0.001, num clients 5, epochs 100,noniid_method dirichlet,            isEnc True,isBatch True,sparsification topk, client selection False,topk 0.2, enc_batch_size 4096
2025-11-03 17:37:53 | training weights: [0.2, 0.2, 0.2, 0.2, 0.2]
2025-11-03 17:37:53 | testing weights:[0.2, 0.2, 0.2, 0.2, 0.2]
2025-11-03 17:37:53 | client0, train samples 12000,test samples 2000
2025-11-03 17:37:53 | client1, train samples 12000,test samples 2000
2025-11-03 17:37:53 | client2, train samples 12000,test samples 2000
2025-11-03 17:37:53 | client3, train samples 12000,test samples 2000
2025-11-03 17:37:53 | client4, train samples 12000,test samples 2000
2025-11-03 17:37:53 | data split finished!
2025-11-03 17:37:53 | Batch num:11
2025-11-03 17:38:01 | id:0,train time:1.8104803562164307
2025-11-03 17:38:01 | id:0,enc time:0.2160203456878662
2025-11-03 17:38:01 | client 0, mask ones: 3, len: 11
2025-11-03 17:38:04 | id:1,train time:1.8187170028686523
2025-11-03 17:38:04 | id:1,enc time:0.21353578567504883
2025-11-03 17:38:04 | client 1, mask ones: 3, len: 11
2025-11-03 17:38:07 | id:2,train time:1.789309024810791
2025-11-03 17:38:07 | id:2,enc time:0.21052026748657227
2025-11-03 17:38:07 | client 2, mask ones: 3, len: 11
2025-11-03 17:38:10 | id:3,train time:1.839820146560669
2025-11-03 17:38:10 | id:3,enc time:0.21154332160949707
2025-11-03 17:38:10 | client 3, mask ones: 3, len: 11
2025-11-03 17:38:13 | id:4,train time:1.7395174503326416
2025-11-03 17:38:13 | id:4,enc time:0.21151995658874512
2025-11-03 17:38:13 | client 4, mask ones: 3, len: 11
2025-11-03 17:38:15 | enc=True, isSpars=topk, cipher_count=True
2025-11-03 17:38:15 | server receive: ciphertext size:5014926 bytes
2025-11-03 17:38:15 | server agg: epoch 0.
2025-11-03 17:38:15 | id:0,dec time:0.19852471351623535
2025-11-03 17:38:15 | id:2,dec time:0.1975247859954834
2025-11-03 17:38:15 | id:4,dec time:0.1950232982635498
2025-11-03 17:38:15 | id:1,dec time:0.19452476501464844
2025-11-03 17:38:15 | id:3,dec time:0.19402503967285156
2025-11-03 17:38:16 | [E0] acc=95.2400% loss=0.1200 time=19.6600s up=4.7826MB down=0.0000MB cum=4.7826MB (best@1:95.2400%)
2025-11-03 17:38:18 | id:4,train time:2.8802649974823
2025-11-03 17:38:18 | id:0,train time:3.0702779293060303
2025-11-03 17:38:18 | id:3,train time:3.102285861968994
2025-11-03 17:38:18 | id:1,train time:3.1197855472564697
2025-11-03 17:38:18 | id:4,enc time:0.2965223789215088
2025-11-03 17:38:18 | client 4, mask ones: 3, len: 11
2025-11-03 17:38:18 | id:0,enc time:0.21651554107666016
2025-11-03 17:38:18 | client 0, mask ones: 3, len: 11
2025-11-03 17:38:18 | id:1,enc time:0.20351648330688477
2025-11-03 17:38:18 | id:2,enc time:0.20851564407348633
2025-11-03 17:38:18 | client 3, mask ones: 3, len: 11
2025-11-03 17:38:18 | client 1, mask ones: 3, len: 11
2025-11-03 17:38:18 | client 2, mask ones: 3, len: 11
2025-11-03 17:38:19 | enc=True, isSpars=topk, cipher_count=True
2025-11-03 17:38:19 | server receive: ciphertext size:5014450 bytes
2025-11-03 17:38:20 | server agg: epoch 1.
2025-11-03 17:38:20 | id:3,dec time:0.20201635360717773
2025-11-03 17:38:20 | id:1,dec time:0.20151615142822266
2025-11-03 17:38:20 | id:0,dec time:0.19801688194274902
2025-11-03 17:38:20 | id:2,dec time:0.19601655006408691
2025-11-03 17:38:21 | [E1] acc=97.2900% loss=0.0600 time=4.8500s up=4.7822MB down=0.0000MB cum=9.5648MB (best@2:97.2900%)
2025-11-03 17:38:23 | id:3,train time:2.7457756996154785
2025-11-03 17:38:23 | id:4,train time:2.7602765560150146
2025-11-03 17:38:23 | id:0,train time:2.7592761516571045
2025-11-03 17:38:23 | id:2,train time:2.7642767429351807
2025-11-03 17:38:23 | id:3,enc time:0.20501112937927246
2025-11-03 17:38:23 | id:1,enc time:0.21451091766357422
2025-11-03 17:38:23 | client 3, mask ones: 3, len: 11
2025-11-03 17:38:23 | id:4,enc time:0.21351385116577148
2025-11-03 17:38:23 | client 1, mask ones: 3, len: 11

2025-11-03 17:38:23 | id:2,enc time:0.2065114974975586
2025-11-03 17:38:23 | client 4, mask ones: 3, len: 11
2025-11-03 17:38:23 | client 0, mask ones: 3, len: 11
2025-11-03 17:38:23 | client 2, mask ones: 3, len: 11
2025-11-03 17:38:24 | enc=True, isSpars=topk, cipher_count=True
2025-11-03 17:38:24 | server receive: ciphertext size:5013272 bytes
2025-11-03 17:38:24 | server agg: epoch 2.
2025-11-03 17:38:24 | id:2,dec time:0.1975090503692627
2025-11-03 17:38:24 | id:3,dec time:0.19651317596435547
2025-11-03 17:38:24 | id:4,dec time:0.19450879096984863
2025-11-03 17:38:24 | id:1,dec time:0.19301176071166992
2025-11-03 17:38:25 | [E2] acc=97.7300% loss=0.0400 time=4.5100s up=4.7810MB down=0.0000MB cum=14.3458MB (best@3:97.7300%)
2025-11-03 17:38:27 | id:2,train time:2.572279691696167
2025-11-03 17:38:27 | id:1,train time:2.6012816429138184
2025-11-03 17:38:27 | id:4,train time:2.6192808151245117
2025-11-03 17:38:27 | id:1,enc time:0.20801138877868652
2025-11-03 17:38:27 | id:3,enc time:0.19951295852661133
2025-11-03 17:38:27 | id:4,enc time:0.20251679420471191
2025-11-03 17:38:27 | client 1, mask ones: 3, len: 11

2025-11-03 17:38:27 | client 3, mask ones: 3, len: 11
2025-11-03 17:38:27 | id:0,enc time:0.21051549911499023
2025-11-03 17:38:27 | client 4, mask ones: 3, len: 11
2025-11-03 17:38:27 | client 2, mask ones: 3, len: 11
2025-11-03 17:38:27 | client 0, mask ones: 3, len: 11
2025-11-03 17:38:28 | enc=True, isSpars=topk, cipher_count=True
2025-11-03 17:38:28 | server receive: ciphertext size:5014498 bytes
2025-11-03 17:38:28 | server agg: epoch 3.
2025-11-03 17:38:29 | id:2,dec time:0.19157671928405762
2025-11-03 17:38:29 | id:3,dec time:0.18857979774475098
2025-11-03 17:38:29 | id:4,dec time:0.2025773525238037

2025-11-03 17:38:30 | [E3] acc=97.9700% loss=0.0400 time=4.4200s up=4.7822MB down=0.0000MB cum=19.1280MB (best@4:97.9700%)
2025-11-03 17:38:31 | id:2,train time:2.602266550064087
2025-11-03 17:38:31 | id:4,train time:2.486757278442383
2025-11-03 17:38:31 | id:1,train time:2.5417637825012207
2025-11-03 17:38:31 | id:3,train time:2.622267961502075
2025-11-03 17:38:31 | id:0,train time:2.6427674293518066
2025-11-03 17:38:32 | id:2,enc time:0.2185361385345459
2025-11-03 17:38:32 | id:4,enc time:0.2115187644958496
2025-11-03 17:38:32 | client 2, mask ones: 3, len: 11
2025-11-03 17:38:32 | id:1,enc time:0.21651697158813477
2025-11-03 17:38:32 | client 4, mask ones: 3, len: 11
2025-11-03 17:38:32 | id:0,enc time:0.20202064514160156
2025-11-03 17:38:32 | client 1, mask ones: 3, len: 11
2025-11-03 17:38:32 | client 3, mask ones: 3, len: 11
2025-11-03 17:38:32 | client 0, mask ones: 3, len: 11
2025-11-03 17:38:33 | enc=True, isSpars=topk, cipher_count=True
2025-11-03 17:38:33 | server receive: ciphertext size:5015197 bytes
2025-11-03 17:38:33 | server agg: epoch 4.
2025-11-03 17:38:33 | id:0,dec time:0.19501709938049316
2025-11-03 17:38:33 | id:3,dec time:0.19152045249938965
2025-11-03 17:38:33 | id:2,dec time:0.19152045249938965
2025-11-03 17:38:34 | [E4] acc=97.7300% loss=0.0400 time=4.2700s up=4.7829MB down=0.0000MB cum=23.9108MB (best@4:97.9700%)
2025-11-03 17:38:36 | id:4,train time:2.8657729625701904
2025-11-03 17:38:36 | id:0,train time:2.825779676437378
2025-11-03 17:38:36 | id:2,train time:2.8877782821655273
2025-11-03 17:38:36 | id:1,train time:2.845777988433838
2025-11-03 17:38:36 | id:0,enc time:0.21451544761657715
2025-11-03 17:38:36 | id:4,enc time:0.20851397514343262
2025-11-03 17:38:36 | id:3,enc time:0.22101664543151855
2025-11-03 17:38:36 | client 4, mask ones: 3, len: 11
2025-11-03 17:38:36 | id:2,enc time:0.21251630783081055
2025-11-03 17:38:36 | client 0, mask ones: 3, len: 11
2025-11-03 17:38:36 | client 3, mask ones: 3, len: 11
2025-11-03 17:38:36 | client 2, mask ones: 3, len: 11
2025-11-03 17:38:36 | id:1,enc time:0.20651745796203613
2025-11-03 17:38:36 | client 1, mask ones: 3, len: 11
2025-11-03 17:38:37 | enc=True, isSpars=topk, cipher_count=True
2025-11-03 17:38:37 | server receive: ciphertext size:5015779 bytes
2025-11-03 17:38:37 | server agg: epoch 5.
2025-11-03 17:38:38 | id:1,dec time:0.19511747360229492
2025-11-03 17:38:38 | id:3,dec time:0.19462156295776367
2025-11-03 17:38:38 | id:2,dec time:0.1911172866821289
2025-11-03 17:38:38 | id:4,dec time:0.1901247501373291
2025-11-03 17:38:39 | [E5] acc=97.9800% loss=0.0400 time=4.5400s up=4.7834MB down=0.0000MB cum=28.6943MB (best@4:97.9700%)
2025-11-03 17:38:40 | id:3,train time:2.591768741607666

2025-11-03 17:38:40 | id:1,train time:2.602768659591675
2025-11-03 17:38:40 | id:2,train time:2.601769208908081
2025-11-03 17:38:40 | id:3,enc time:0.2060718536376953
2025-11-03 17:38:40 | id:4,enc time:0.20902514457702637
2025-11-03 17:38:40 | client 3, mask ones: 3, len: 11

2025-11-03 17:38:41 | id:2,enc time:0.20653247833251953
2025-11-03 17:38:41 | id:0,enc time:0.20603513717651367
2025-11-03 17:38:41 | client 4, mask ones: 3, len: 11
2025-11-03 17:38:41 | client 1, mask ones: 3, len: 11
2025-11-03 17:38:41 | client 2, mask ones: 3, len: 11
2025-11-03 17:38:41 | client 0, mask ones: 3, len: 11
2025-11-03 17:38:42 | enc=True, isSpars=topk, cipher_count=True
2025-11-03 17:38:42 | server receive: ciphertext size:5014377 bytes
2025-11-03 17:38:42 | server agg: epoch 6.
2025-11-03 17:38:42 | id:0,dec time:0.19501376152038574
2025-11-03 17:38:42 | id:3,dec time:0.19251656532287598
2025-11-03 17:38:42 | id:2,dec time:0.19351601600646973
2025-11-03 17:38:42 | id:1,dec time:0.19601702690124512
2025-11-03 17:38:43 | [E6] acc=98.1600% loss=0.0300 time=4.3300s up=4.7821MB down=0.0000MB cum=33.4764MB (best@7:98.1600%)
2025-11-03 17:38:45 | id:2,train time:2.539795398712158
2025-11-03 17:38:45 | id:3,train time:2.5837998390197754
2025-11-03 17:38:45 | id:0,train time:2.574298620223999
2025-11-03 17:38:45 | id:1,train time:2.5577945709228516
2025-11-03 17:38:45 | id:4,enc time:0.20401668548583984
2025-11-03 17:38:45 | id:2,enc time:0.20351862907409668
2025-11-03 17:38:45 | client 4, mask ones: 3, len: 11
2025-11-03 17:38:45 | id:3,enc time:0.20102500915527344
2025-11-03 17:38:45 | client 2, mask ones: 3, len: 11
2025-11-03 17:38:45 | client 3, mask ones: 3, len: 11
2025-11-03 17:38:45 | id:0,enc time:0.21352624893188477
2025-11-03 17:38:45 | id:1,enc time:0.20902562141418457
2025-11-03 17:38:45 | client 1, mask ones: 3, len: 11
2025-11-03 17:38:45 | client 0, mask ones: 3, len: 11
2025-11-03 17:38:46 | enc=True, isSpars=topk, cipher_count=True
2025-11-03 17:38:46 | server receive: ciphertext size:5014564 bytes
2025-11-03 17:38:46 | server agg: epoch 7.
2025-11-03 17:38:46 | id:1,dec time:0.19551324844360352
2025-11-03 17:38:46 | id:0,dec time:0.19501376152038574
2025-11-03 17:38:46 | id:3,dec time:0.1935133934020996
2025-11-03 17:38:46 | id:4,dec time:0.19251489639282227
2025-11-03 17:38:46 | id:2,dec time:0.19351530075073242
2025-11-03 17:38:47 | [E7] acc=98.1800% loss=0.0300 time=4.3200s up=4.7823MB down=0.0000MB cum=38.2586MB (best@7:98.1600%)
2025-11-03 17:38:49 | id:1,train time:2.805316925048828
2025-11-03 17:38:49 | id:3,train time:2.812324047088623

2025-11-03 17:38:49 | id:0,train time:2.833326578140259

2025-11-03 17:38:49 | id:1,enc time:0.21550989151000977
2025-11-03 17:38:49 | id:0,enc time:0.2105109691619873
2025-11-03 17:38:49 | client 1, mask ones: 3, len: 11
2025-11-03 17:38:49 | id:4,enc time:0.21650958061218262
2025-11-03 17:38:49 | client 3, mask ones: 3, len: 11
2025-11-03 17:38:49 | id:2,enc time:0.2150113582611084
2025-11-03 17:38:49 | client 0, mask ones: 3, len: 11
2025-11-03 17:38:49 | client 4, mask ones: 3, len: 11
2025-11-03 17:38:49 | client 2, mask ones: 3, len: 11
2025-11-03 17:38:50 | enc=True, isSpars=topk, cipher_count=True
2025-11-03 17:38:50 | server receive: ciphertext size:5015706 bytes
2025-11-03 17:38:50 | server agg: epoch 8.
2025-11-03 17:38:51 | id:1,dec time:0.19450950622558594
2025-11-03 17:38:51 | id:0,dec time:0.19051003456115723
2025-11-03 17:38:51 | id:4,dec time:0.19150924682617188
2025-11-03 17:38:52 | [E8] acc=98.1600% loss=0.0300 time=4.4900s up=4.7833MB down=0.0000MB cum=43.0420MB (best@7:98.1600%)
2025-11-03 17:38:54 | id:3,train time:2.8898494243621826
2025-11-03 17:38:54 | id:1,train time:2.9053494930267334
2025-11-03 17:38:54 | id:0,train time:2.9308485984802246
2025-11-03 17:38:54 | id:2,enc time:0.2150120735168457

2025-11-03 17:38:54 | id:3,enc time:0.21301054954528809
2025-11-03 17:38:54 | id:4,enc time:0.21351194381713867
2025-11-03 17:38:54 | client 1, mask ones: 3, len: 11
2025-11-03 17:38:54 | client 3, mask ones: 3, len: 11
2025-11-03 17:38:54 | id:0,enc time:0.20550966262817383
2025-11-03 17:38:54 | client 2, mask ones: 3, len: 11
2025-11-03 17:38:54 | client 4, mask ones: 3, len: 11
2025-11-03 17:38:54 | client 0, mask ones: 3, len: 11
2025-11-03 17:38:55 | enc=True, isSpars=topk, cipher_count=True
2025-11-03 17:38:55 | server receive: ciphertext size:5013490 bytes
2025-11-03 17:38:55 | server agg: epoch 9.
2025-11-03 17:38:55 | id:4,dec time:0.19200992584228516
2025-11-03 17:38:55 | id:2,dec time:0.19450950622558594
2025-11-03 17:38:55 | id:3,dec time:0.19401144981384277
2025-11-03 17:38:55 | id:1,dec time:0.1935107707977295
2025-11-03 17:38:57 | [E9] acc=97.9800% loss=0.0400 time=4.5700s up=4.7812MB down=0.0000MB cum=47.8232MB (best@7:98.1600%)
2025-11-03 17:38:59 | id:3,train time:2.9872915744781494
2025-11-03 17:38:59 | id:2,train time:3.006293296813965

2025-11-03 17:38:59 | id:0,train time:2.9967916011810303
2025-11-03 17:38:59 | id:1,train time:3.014791965484619
2025-11-03 17:38:59 | id:0,enc time:0.21002459526062012
2025-11-03 17:38:59 | id:4,enc time:0.2035233974456787
2025-11-03 17:38:59 | id:2,enc time:0.2080235481262207

2025-11-03 17:38:59 | client 0, mask ones: 3, len: 11
2025-11-03 17:38:59 | client 4, mask ones: 3, len: 11
2025-11-03 17:38:59 | id:1,enc time:0.210526704788208
2025-11-03 17:38:59 | client 3, mask ones: 3, len: 11
2025-11-03 17:38:59 | client 2, mask ones: 3, len: 11
2025-11-03 17:38:59 | client 1, mask ones: 3, len: 11
2025-11-03 17:39:00 | enc=True, isSpars=topk, cipher_count=True
2025-11-03 17:39:00 | server receive: ciphertext size:5015157 bytes
2025-11-03 17:39:00 | server agg: epoch 10.
2025-11-03 17:39:00 | id:2,dec time:0.19152116775512695
2025-11-03 17:39:00 | id:1,dec time:0.195021390914917
2025-11-03 17:39:00 | id:3,dec time:0.19352078437805176
2025-11-03 17:39:00 | id:0,dec time:0.19501829147338867
2025-11-03 17:39:00 | id:4,dec time:0.19202065467834473
2025-11-03 17:39:01 | [E10] acc=98.1000% loss=0.0400 time=4.7600s up=4.7828MB down=0.0000MB cum=52.6060MB (best@7:98.1600%)
2025-11-03 17:39:03 | id:2,train time:2.7002999782562256
2025-11-03 17:39:03 | id:3,train time:2.6928000450134277
2025-11-03 17:39:03 | id:4,train time:2.6987998485565186
2025-11-03 17:39:03 | id:1,train time:2.7113006114959717
2025-11-03 17:39:03 | id:0,train time:2.711300849914551
2025-11-03 17:39:03 | id:4,enc time:0.20152020454406738
2025-11-03 17:39:03 | id:3,enc time:0.21502423286437988
2025-11-03 17:39:03 | id:2,enc time:0.214522123336792
2025-11-03 17:39:03 | client 4, mask ones: 3, len: 11
2025-11-03 17:39:03 | id:0,enc time:0.21302342414855957
2025-11-03 17:39:03 | id:1,enc time:0.21352243423461914
2025-11-03 17:39:03 | client 2, mask ones: 3, len: 11
2025-11-03 17:39:03 | client 0, mask ones: 3, len: 11
2025-11-03 17:39:03 | client 1, mask ones: 3, len: 11
2025-11-03 17:39:04 | enc=True, isSpars=topk, cipher_count=True
2025-11-03 17:39:04 | server receive: ciphertext size:5014753 bytes
2025-11-03 17:39:04 | server agg: epoch 11.
2025-11-03 17:39:05 | id:4,dec time:0.197016954421997072025-11-03 17:39:05 | id:3,dec time:0.1985173225402832
2025-11-03 17:39:05 | id:2,dec time:0.18903160095214844
2025-11-03 17:39:05 | id:0,dec time:0.19601726531982422
2025-11-03 17:39:06 | [E11] acc=98.0800% loss=0.0400 time=4.4500s up=4.7824MB down=0.0000MB cum=57.3885MB (best@7:98.1600%)
2025-11-03 17:39:08 | id:0,train time:2.7692830562591553
2025-11-03 17:39:08 | id:2,train time:2.764286994934082
2025-11-03 17:39:08 | id:4,train time:2.7552852630615234
2025-11-03 17:39:08 | id:1,train time:2.7527883052825928
2025-11-03 17:39:08 | id:1,enc time:0.20153117179870605
2025-11-03 17:39:08 | id:2,enc time:0.2065377235412597722025-11-03 17:39:08 | id:4,enc time:0.2060377597808838
2025-11-03 17:39:08 | client 1, mask ones: 3, len: 11
2025-11-03 17:39:08 | client 0, mask ones: 3, len: 11
2025-11-03 17:39:08 | client 2, mask ones: 3, len: 11
2025-11-03 17:39:08 | client 3, mask ones: 3, len: 11
2025-11-03 17:39:08 | client 4, mask ones: 3, len: 11
2025-11-03 17:39:09 | enc=True, isSpars=topk, cipher_count=True
2025-11-03 17:39:09 | server receive: ciphertext size:5014144 bytes
2025-11-03 17:39:09 | server agg: epoch 12.
2025-11-03 17:39:09 | id:4,dec time:0.1915276050567627

2025-11-03 17:39:09 | id:3,dec time:0.19301891326904297
2025-11-03 17:39:09 | id:0,dec time:0.19651412963867188
2025-11-03 17:39:10 | [E12] acc=97.8700% loss=0.0500 time=4.4500s up=4.7819MB down=0.0000MB cum=62.1703MB (best@7:98.1600%)
2025-11-03 17:39:12 | id:3,train time:2.830838680267334
2025-11-03 17:39:12 | id:2,train time:2.8593504428863525
2025-11-03 17:39:12 | id:0,train time:2.8753502368927
2025-11-03 17:39:12 | id:1,train time:2.8848495483398438
2025-11-03 17:39:12 | id:3,enc time:0.21755075454711914
2025-11-03 17:39:12 | id:2,enc time:0.20304131507873535
2025-11-03 17:39:12 | client 3, mask ones: 3, len: 11
2025-11-03 17:39:12 | client 4, mask ones: 3, len: 11
2025-11-03 17:39:12 | client 2, mask ones: 3, len: 11
2025-11-03 17:39:12 | id:0,enc time:0.20354223251342773
2025-11-03 17:39:12 | client 0, mask ones: 3, len: 11
2025-11-03 17:39:12 | id:1,enc time:0.20554208755493164
2025-11-03 17:39:12 | client 1, mask ones: 3, len: 11
2025-11-03 17:39:14 | enc=True, isSpars=topk, cipher_count=True
2025-11-03 17:39:14 | server receive: ciphertext size:5013253 bytes
2025-11-03 17:39:14 | server agg: epoch 13.
2025-11-03 17:39:14 | id:3,dec time:0.1965172290802002

2025-11-03 17:39:14 | id:2,dec time:0.19151949882507324
2025-11-03 17:39:14 | id:0,dec time:0.1920163631439209
2025-11-03 17:39:14 | id:1,dec time:0.19152426719665527
2025-11-03 17:39:15 | [E13] acc=97.9900% loss=0.0400 time=4.6200s up=4.7810MB down=0.0000MB cum=66.9513MB (best@7:98.1600%)
2025-11-03 17:39:17 | id:2,train time:2.7482948303222656
2025-11-03 17:39:17 | id:4,train time:2.767796039581299
2025-11-03 17:39:17 | id:1,train time:2.757293701171875
2025-11-03 17:39:17 | id:2,enc time:0.20602035522460938
2025-11-03 17:39:17 | id:3,enc time:0.20502018928527832
2025-11-03 17:39:17 | client 0, mask ones: 3, len: 11
2025-11-03 17:39:17 | id:1,enc time:0.20251965522766113
2025-11-03 17:39:17 | id:4,enc time:0.21202731132507324
2025-11-03 17:39:17 | client 2, mask ones: 3, len: 11
2025-11-03 17:39:17 | client 3, mask ones: 3, len: 11
2025-11-03 17:39:17 | client 1, mask ones: 3, len: 11
2025-11-03 17:39:17 | client 4, mask ones: 3, len: 11
2025-11-03 17:39:18 | enc=True, isSpars=topk, cipher_count=True
2025-11-03 17:39:18 | server receive: ciphertext size:5014802 bytes
2025-11-03 17:39:18 | server agg: epoch 14.
2025-11-03 17:39:18 | id:1,dec time:0.19601154327392578
2025-11-03 17:39:18 | id:3,dec time:0.1975107192993164
2025-11-03 17:39:18 | id:4,dec time:0.19651174545288086
2025-11-03 17:39:19 | [E14] acc=98.1600% loss=0.0400 time=4.4900s up=4.7825MB down=0.0000MB cum=71.7338MB (best@7:98.1600%)
2025-11-03 17:39:22 | id:1,train time:3.13584470748901372025-11-03 17:39:22 | id:4,train time:3.125345230102539
2025-11-03 17:39:22 | id:0,train time:3.1473429203033447
2025-11-03 17:39:22 | id:1,enc time:0.20351076126098633
2025-11-03 17:39:22 | id:4,enc time:0.21001100540161133
2025-11-03 17:39:22 | client 3, mask ones: 3, len: 11
2025-11-03 17:39:22 | id:0,enc time:0.2105095386505127
2025-11-03 17:39:22 | client 1, mask ones: 3, len: 11
2025-11-03 17:39:22 | id:2,enc time:0.20951366424560547
2025-11-03 17:39:22 | client 4, mask ones: 3, len: 11
2025-11-03 17:39:22 | client 0, mask ones: 3, len: 11
2025-11-03 17:39:22 | client 2, mask ones: 3, len: 11
2025-11-03 17:39:23 | enc=True, isSpars=topk, cipher_count=True
2025-11-03 17:39:23 | server receive: ciphertext size:5013635 bytes
2025-11-03 17:39:23 | server agg: epoch 15.
2025-11-03 17:39:23 | id:1,dec time:0.19401049613952637
2025-11-03 17:39:23 | id:2,dec time:0.19001078605651855
2025-11-03 17:39:23 | id:4,dec time:0.19251012802124023
2025-11-03 17:39:23 | id:0,dec time:0.19301056861877441
2025-11-03 17:39:24 | [E15] acc=98.1300% loss=0.0400 time=4.9500s up=4.7814MB down=0.0000MB cum=76.5152MB (best@7:98.1600%)
2025-11-03 17:39:26 | id:3,train time:2.7048542499542236
2025-11-03 17:39:26 | id:2,train time:2.7053539752960205
2025-11-03 17:39:26 | id:4,train time:2.723353385925293
2025-11-03 17:39:26 | id:0,train time:2.720353841781616
2025-11-03 17:39:26 | id:3,enc time:0.2150113582611084

2025-11-03 17:39:26 | id:2,enc time:0.21001386642456055
2025-11-03 17:39:26 | client 1, mask ones: 3, len: 11
2025-11-03 17:39:26 | client 3, mask ones: 3, len: 11
2025-11-03 17:39:26 | id:4,enc time:0.21451187133789062
2025-11-03 17:39:26 | id:0,enc time:0.21351075172424316
2025-11-03 17:39:26 | client 2, mask ones: 3, len: 11
2025-11-03 17:39:26 | client 4, mask ones: 3, len: 11
2025-11-03 17:39:26 | client 0, mask ones: 3, len: 11
2025-11-03 17:39:27 | enc=True, isSpars=topk, cipher_count=True
2025-11-03 17:39:27 | server receive: ciphertext size:5013822 bytes
2025-11-03 17:39:27 | server agg: epoch 16.
2025-11-03 17:39:28 | id:0,dec time:0.1975100040435791
2025-11-03 17:39:28 | id:3,dec time:0.19800996780395508
2025-11-03 17:39:28 | id:4,dec time:0.19451117515563965
2025-11-03 17:39:28 | id:1,dec time:0.18951153755187988
2025-11-03 17:39:29 | [Converged] round=16, best_acc=98.1600 at round 6
2025-11-03 17:39:29 | server end!
2025-11-03 17:39:29 | [Summary] mode=enc-ckks-topk-0.2 | rounds_run=17 | best_acc=98.1600% (best@7) | time=92.5197s | up=81.2968MB | down=0.0000MB | total=81.2968MB | avg_up/participation=4.7822MB | 
2025-11-03 17:39:29 | Total ciphertext size: 85245825 bytes, size list: [5014926, 5014450, 5013272, 5014498, 5015197, 5015779, 5014377, 5014564, 5015706, 5013490, 5015157, 5014753, 5014144, 5013253, 5014802, 5013635, 5013822].
2025-11-03 17:39:29 | Accuracy list: [95.24, 97.29, 97.73, 97.97, 97.73, 97.98, 98.16, 98.18, 98.16, 97.98, 98.1, 98.08, 97.87, 97.99, 98.16, 98.13, 98.12]%.
2025-11-03 17:39:29 | Loss list:[0.12, 0.06, 0.04, 0.04, 0.04, 0.04, 0.03, 0.03, 0.03, 0.04, 0.04, 0.04, 0.05, 0.04, 0.04, 0.04, 0.04]
2025-11-03 17:39:29 | time list:[19.66, 4.85, 4.51, 4.42, 4.27, 4.54, 4.33, 4.32, 4.49, 4.57, 4.76, 4.45, 4.45, 4.62, 4.49, 4.95]s
2025-11-03 17:39:29 | Participate list: [17, 17, 17, 17, 17].
2025-11-03 17:39:29 | tmp_len_clusters:[]
2025-11-03 17:39:31 | id:4,train time:2.9173405170440674
2025-11-03 17:39:31 | id:3,train time:2.9393410682678223
2025-11-03 17:39:31 | id:0,train time:2.941842555999756
2025-11-03 17:39:31 | id:1,train time:2.933840274810791
